[2024-01-31 13:41:50,281] {taskinstance.py:1159} INFO - Dependencies all met for <TaskInstance: project_6_4.insert_into_table scheduled__2024-01-30T13:41:36.518453+00:00 [queued]>
[2024-01-31 13:41:50,301] {taskinstance.py:1159} INFO - Dependencies all met for <TaskInstance: project_6_4.insert_into_table scheduled__2024-01-30T13:41:36.518453+00:00 [queued]>
[2024-01-31 13:41:50,302] {taskinstance.py:1356} INFO - 
--------------------------------------------------------------------------------
[2024-01-31 13:41:50,302] {taskinstance.py:1357} INFO - Starting attempt 1 of 2
[2024-01-31 13:41:50,302] {taskinstance.py:1358} INFO - 
--------------------------------------------------------------------------------
[2024-01-31 13:41:50,341] {taskinstance.py:1377} INFO - Executing <Task(PostgresOperator): insert_into_table> on 2024-01-30 13:41:36.518453+00:00
[2024-01-31 13:41:50,357] {standard_task_runner.py:52} INFO - Started process 4010 to run task
[2024-01-31 13:41:50,367] {standard_task_runner.py:79} INFO - Running: ['***', 'tasks', 'run', 'project_6_4', 'insert_into_table', 'scheduled__2024-01-30T13:41:36.518453+00:00', '--job-id', '83', '--raw', '--subdir', 'DAGS_FOLDER/main.py', '--cfg-path', '/tmp/tmpr46tx7o2', '--error-file', '/tmp/tmp95g_s6_3']
[2024-01-31 13:41:50,370] {standard_task_runner.py:80} INFO - Job 83: Subtask insert_into_table
[2024-01-31 13:41:50,718] {task_command.py:369} INFO - Running <TaskInstance: project_6_4.insert_into_table scheduled__2024-01-30T13:41:36.518453+00:00 [running]> on host 8ebb6ccf62d7
[2024-01-31 13:41:51,132] {taskinstance.py:1571} INFO - Exporting the following env vars:
AIRFLOW_CTX_DAG_OWNER=***
AIRFLOW_CTX_DAG_ID=project_6_4
AIRFLOW_CTX_TASK_ID=insert_into_table
AIRFLOW_CTX_EXECUTION_DATE=2024-01-30T13:41:36.518453+00:00
AIRFLOW_CTX_TRY_NUMBER=1
AIRFLOW_CTX_DAG_RUN_ID=scheduled__2024-01-30T13:41:36.518453+00:00
[2024-01-31 13:41:51,232] {base.py:68} INFO - Using connection ID 'postgres_dwh' for task execution.
[2024-01-31 13:41:51,310] {dbapi.py:208} INFO - Running statement: 
                insert into test_1 (dt, dag_id) values ('2024-01-30', 'project_6_4')
        , parameters: None
[2024-01-31 13:41:51,351] {dbapi.py:216} INFO - Rows affected: 1
[2024-01-31 13:41:51,467] {taskinstance.py:1400} INFO - Marking task as SUCCESS. dag_id=project_6_4, task_id=insert_into_table, execution_date=20240130T134136, start_date=20240131T134150, end_date=20240131T134151
[2024-01-31 13:41:51,558] {local_task_job.py:156} INFO - Task exited with return code 0
[2024-01-31 13:41:51,807] {local_task_job.py:273} INFO - 1 downstream tasks scheduled from follow-on schedule check
