[2024-02-02 08:09:52,747] {taskinstance.py:1159} INFO - Dependencies all met for <TaskInstance: project_6_28.api_url_request manual__2024-02-02T06:43:07.744045+00:00 [queued]>
[2024-02-02 08:09:52,763] {taskinstance.py:1159} INFO - Dependencies all met for <TaskInstance: project_6_28.api_url_request manual__2024-02-02T06:43:07.744045+00:00 [queued]>
[2024-02-02 08:09:52,763] {taskinstance.py:1356} INFO - 
--------------------------------------------------------------------------------
[2024-02-02 08:09:52,763] {taskinstance.py:1357} INFO - Starting attempt 2 of 3
[2024-02-02 08:09:52,763] {taskinstance.py:1358} INFO - 
--------------------------------------------------------------------------------
[2024-02-02 08:09:52,787] {taskinstance.py:1377} INFO - Executing <Task(PythonOperator): api_url_request> on 2024-02-02 06:43:07.744045+00:00
[2024-02-02 08:09:52,797] {standard_task_runner.py:52} INFO - Started process 8400 to run task
[2024-02-02 08:09:52,801] {standard_task_runner.py:79} INFO - Running: ['***', 'tasks', 'run', 'project_6_28', 'api_url_request', 'manual__2024-02-02T06:43:07.744045+00:00', '--job-id', '452', '--raw', '--subdir', 'DAGS_FOLDER/main.py', '--cfg-path', '/tmp/tmp2anhtyek', '--error-file', '/tmp/tmpipubz2uk']
[2024-02-02 08:09:52,802] {standard_task_runner.py:80} INFO - Job 452: Subtask api_url_request
[2024-02-02 08:09:52,990] {task_command.py:369} INFO - Running <TaskInstance: project_6_28.api_url_request manual__2024-02-02T06:43:07.744045+00:00 [running]> on host 20775c919683
[2024-02-02 08:09:53,230] {taskinstance.py:1571} INFO - Exporting the following env vars:
AIRFLOW_CTX_DAG_OWNER=***
AIRFLOW_CTX_DAG_ID=project_6_28
AIRFLOW_CTX_TASK_ID=api_url_request
AIRFLOW_CTX_EXECUTION_DATE=2024-02-02T06:43:07.744045+00:00
AIRFLOW_CTX_TRY_NUMBER=2
AIRFLOW_CTX_DAG_RUN_ID=manual__2024-02-02T06:43:07.744045+00:00
[2024-02-02 08:09:53,255] {logging_mixin.py:115} INFO - Connect Engine MySQL
[2024-02-02 08:09:53,590] {logging_mixin.py:115} INFO - DataFrame inserted into MySQL
[2024-02-02 08:09:53,591] {python.py:173} INFO - Done. Returned value was: True
[2024-02-02 08:09:53,730] {taskinstance.py:1400} INFO - Marking task as SUCCESS. dag_id=project_6_28, task_id=api_url_request, execution_date=20240202T064307, start_date=20240202T080952, end_date=20240202T080953
[2024-02-02 08:09:53,785] {local_task_job.py:156} INFO - Task exited with return code 0
[2024-02-02 08:09:53,931] {local_task_job.py:273} INFO - 1 downstream tasks scheduled from follow-on schedule check
