[2024-02-01 16:21:35,966] {taskinstance.py:1159} INFO - Dependencies all met for <TaskInstance: project_6_20.dim_table_creation manual__2024-02-01T16:15:23.940128+00:00 [queued]>
[2024-02-01 16:21:35,978] {taskinstance.py:1159} INFO - Dependencies all met for <TaskInstance: project_6_20.dim_table_creation manual__2024-02-01T16:15:23.940128+00:00 [queued]>
[2024-02-01 16:21:35,978] {taskinstance.py:1356} INFO - 
--------------------------------------------------------------------------------
[2024-02-01 16:21:35,978] {taskinstance.py:1357} INFO - Starting attempt 6 of 6
[2024-02-01 16:21:35,979] {taskinstance.py:1358} INFO - 
--------------------------------------------------------------------------------
[2024-02-01 16:21:36,001] {taskinstance.py:1377} INFO - Executing <Task(PythonOperator): dim_table_creation> on 2024-02-01 16:15:23.940128+00:00
[2024-02-01 16:21:36,008] {standard_task_runner.py:52} INFO - Started process 7067 to run task
[2024-02-01 16:21:36,012] {standard_task_runner.py:79} INFO - Running: ['***', 'tasks', 'run', 'project_6_20', 'dim_table_creation', 'manual__2024-02-01T16:15:23.940128+00:00', '--job-id', '300', '--raw', '--subdir', 'DAGS_FOLDER/main.py', '--cfg-path', '/tmp/tmpa31s_8gr', '--error-file', '/tmp/tmpw00ey3um']
[2024-02-01 16:21:36,012] {standard_task_runner.py:80} INFO - Job 300: Subtask dim_table_creation
[2024-02-01 16:21:36,193] {task_command.py:369} INFO - Running <TaskInstance: project_6_20.dim_table_creation manual__2024-02-01T16:15:23.940128+00:00 [running]> on host 1fafaef2f352
[2024-02-01 16:21:36,417] {taskinstance.py:1571} INFO - Exporting the following env vars:
AIRFLOW_CTX_DAG_OWNER=***
AIRFLOW_CTX_DAG_ID=project_6_20
AIRFLOW_CTX_TASK_ID=dim_table_creation
AIRFLOW_CTX_EXECUTION_DATE=2024-02-01T16:15:23.940128+00:00
AIRFLOW_CTX_TRY_NUMBER=6
AIRFLOW_CTX_DAG_RUN_ID=manual__2024-02-01T16:15:23.940128+00:00
[2024-02-01 16:21:36,468] {logging_mixin.py:115} INFO -    province_id   nama_prov
0            1  Jawa Barat
[2024-02-01 16:21:36,473] {logging_mixin.py:115} INFO -    district_id  province_id           nama_kab
0            1            1  Kabupaten Bandung
[2024-02-01 16:21:36,478] {logging_mixin.py:115} INFO -    case_id   status_name status_detail
0        1  closecontact   dikarantina
1        2  closecontact     discarded
2        3  closecontact     meninggal
3        4      probable     diisolasi
4        5      probable     discarded
[2024-02-01 16:21:36,516] {logging_mixin.py:115} INFO - Connect PostgreSQL using psycopg2
[2024-02-01 16:21:36,517] {taskinstance.py:1889} ERROR - Task failed with exception
Traceback (most recent call last):
  File "/home/airflow/.local/lib/python3.7/site-packages/airflow/operators/python.py", line 171, in execute
    return_value = self.execute_callable()
  File "/home/airflow/.local/lib/python3.7/site-packages/airflow/operators/python.py", line 189, in execute_callable
    return self.python_callable(*self.op_args, **self.op_kwargs)
  File "/opt/airflow/dags/main.py", line 130, in dim_table_creation
    insert_into_postgres(conn_postgres, 'province_table', df_province)
NameError: name 'insert_into_postgres' is not defined
[2024-02-01 16:21:36,572] {taskinstance.py:1400} INFO - Marking task as FAILED. dag_id=project_6_20, task_id=dim_table_creation, execution_date=20240201T161523, start_date=20240201T162135, end_date=20240201T162136
[2024-02-01 16:21:36,599] {standard_task_runner.py:97} ERROR - Failed to execute job 300 for task dim_table_creation (name 'insert_into_postgres' is not defined; 7067)
[2024-02-01 16:21:36,628] {local_task_job.py:156} INFO - Task exited with return code 1
[2024-02-01 16:21:36,769] {local_task_job.py:273} INFO - 0 downstream tasks scheduled from follow-on schedule check
