[2024-02-01 17:49:49,102] {taskinstance.py:1159} INFO - Dependencies all met for <TaskInstance: project_6_23.dim_table_creation manual__2024-02-01T17:46:53.127611+00:00 [queued]>
[2024-02-01 17:49:49,138] {taskinstance.py:1159} INFO - Dependencies all met for <TaskInstance: project_6_23.dim_table_creation manual__2024-02-01T17:46:53.127611+00:00 [queued]>
[2024-02-01 17:49:49,139] {taskinstance.py:1356} INFO - 
--------------------------------------------------------------------------------
[2024-02-01 17:49:49,140] {taskinstance.py:1357} INFO - Starting attempt 3 of 4
[2024-02-01 17:49:49,140] {taskinstance.py:1358} INFO - 
--------------------------------------------------------------------------------
[2024-02-01 17:49:49,238] {taskinstance.py:1377} INFO - Executing <Task(PythonOperator): dim_table_creation> on 2024-02-01 17:46:53.127611+00:00
[2024-02-01 17:49:49,306] {standard_task_runner.py:52} INFO - Started process 10140 to run task
[2024-02-01 17:49:49,360] {standard_task_runner.py:79} INFO - Running: ['***', 'tasks', 'run', 'project_6_23', 'dim_table_creation', 'manual__2024-02-01T17:46:53.127611+00:00', '--job-id', '373', '--raw', '--subdir', 'DAGS_FOLDER/main.py', '--cfg-path', '/tmp/tmphkq_f79j', '--error-file', '/tmp/tmpoyoypp41']
[2024-02-01 17:49:49,364] {standard_task_runner.py:80} INFO - Job 373: Subtask dim_table_creation
[2024-02-01 17:49:50,009] {task_command.py:369} INFO - Running <TaskInstance: project_6_23.dim_table_creation manual__2024-02-01T17:46:53.127611+00:00 [running]> on host 1fafaef2f352
[2024-02-01 17:49:50,841] {taskinstance.py:1571} INFO - Exporting the following env vars:
AIRFLOW_CTX_DAG_OWNER=***
AIRFLOW_CTX_DAG_ID=project_6_23
AIRFLOW_CTX_TASK_ID=dim_table_creation
AIRFLOW_CTX_EXECUTION_DATE=2024-02-01T17:46:53.127611+00:00
AIRFLOW_CTX_TRY_NUMBER=3
AIRFLOW_CTX_DAG_RUN_ID=manual__2024-02-01T17:46:53.127611+00:00
[2024-02-01 17:49:51,009] {logging_mixin.py:115} INFO -    kode_prov   nama_prov
0         32  Jawa Barat
[2024-02-01 17:49:51,024] {logging_mixin.py:115} INFO -    kode_kab  kode_prov         nama_kab
0      3201         32  Kabupaten Bogor
[2024-02-01 17:49:51,046] {logging_mixin.py:115} INFO -    case_id   status_name             status_detail
0        1  closecontact  closecontact_dikarantina
1        2  closecontact    closecontact_discarded
2        3  closecontact    closecontact_meninggal
3        4      probable        probable_diisolasi
4        5      probable        probable_discarded
[2024-02-01 17:49:51,128] {logging_mixin.py:115} INFO - Connect PostgreSQL using psycopg2
[2024-02-01 17:49:51,275] {logging_mixin.py:115} INFO - Connect Engine MySQL
[2024-02-01 17:49:51,542] {python.py:173} INFO - Done. Returned value was: None
[2024-02-01 17:49:51,788] {taskinstance.py:1400} INFO - Marking task as SUCCESS. dag_id=project_6_23, task_id=dim_table_creation, execution_date=20240201T174653, start_date=20240201T174949, end_date=20240201T174951
[2024-02-01 17:49:51,934] {local_task_job.py:156} INFO - Task exited with return code 0
[2024-02-01 17:49:52,514] {local_task_job.py:273} INFO - 1 downstream tasks scheduled from follow-on schedule check
