[2024-02-01 17:49:39,858] {taskinstance.py:1159} INFO - Dependencies all met for <TaskInstance: project_6_23.api_url_request manual__2024-02-01T17:46:53.127611+00:00 [queued]>
[2024-02-01 17:49:39,888] {taskinstance.py:1159} INFO - Dependencies all met for <TaskInstance: project_6_23.api_url_request manual__2024-02-01T17:46:53.127611+00:00 [queued]>
[2024-02-01 17:49:39,889] {taskinstance.py:1356} INFO - 
--------------------------------------------------------------------------------
[2024-02-01 17:49:39,889] {taskinstance.py:1357} INFO - Starting attempt 3 of 4
[2024-02-01 17:49:39,889] {taskinstance.py:1358} INFO - 
--------------------------------------------------------------------------------
[2024-02-01 17:49:39,941] {taskinstance.py:1377} INFO - Executing <Task(PythonOperator): api_url_request> on 2024-02-01 17:46:53.127611+00:00
[2024-02-01 17:49:39,956] {standard_task_runner.py:52} INFO - Started process 10116 to run task
[2024-02-01 17:49:39,964] {standard_task_runner.py:79} INFO - Running: ['***', 'tasks', 'run', 'project_6_23', 'api_url_request', 'manual__2024-02-01T17:46:53.127611+00:00', '--job-id', '366', '--raw', '--subdir', 'DAGS_FOLDER/main.py', '--cfg-path', '/tmp/tmpuxvvtxrl', '--error-file', '/tmp/tmp_zkdx6wt']
[2024-02-01 17:49:39,966] {standard_task_runner.py:80} INFO - Job 366: Subtask api_url_request
[2024-02-01 17:49:40,404] {task_command.py:369} INFO - Running <TaskInstance: project_6_23.api_url_request manual__2024-02-01T17:46:53.127611+00:00 [running]> on host 1fafaef2f352
[2024-02-01 17:49:40,822] {taskinstance.py:1571} INFO - Exporting the following env vars:
AIRFLOW_CTX_DAG_OWNER=***
AIRFLOW_CTX_DAG_ID=project_6_23
AIRFLOW_CTX_TASK_ID=api_url_request
AIRFLOW_CTX_EXECUTION_DATE=2024-02-01T17:46:53.127611+00:00
AIRFLOW_CTX_TRY_NUMBER=3
AIRFLOW_CTX_DAG_RUN_ID=manual__2024-02-01T17:46:53.127611+00:00
[2024-02-01 17:49:40,865] {logging_mixin.py:115} INFO - Connect Engine MySQL
[2024-02-01 17:49:41,236] {logging_mixin.py:115} INFO - DataFrame inserted into MySQL
[2024-02-01 17:49:41,237] {python.py:173} INFO - Done. Returned value was: True
[2024-02-01 17:49:41,463] {taskinstance.py:1400} INFO - Marking task as SUCCESS. dag_id=project_6_23, task_id=api_url_request, execution_date=20240201T174653, start_date=20240201T174939, end_date=20240201T174941
[2024-02-01 17:49:41,522] {local_task_job.py:156} INFO - Task exited with return code 0
[2024-02-01 17:49:41,791] {local_task_job.py:273} INFO - 1 downstream tasks scheduled from follow-on schedule check
