[2024-02-01 17:47:09,848] {taskinstance.py:1159} INFO - Dependencies all met for <TaskInstance: project_6_23.api_url_request manual__2024-02-01T17:46:53.127611+00:00 [queued]>
[2024-02-01 17:47:09,869] {taskinstance.py:1159} INFO - Dependencies all met for <TaskInstance: project_6_23.api_url_request manual__2024-02-01T17:46:53.127611+00:00 [queued]>
[2024-02-01 17:47:09,870] {taskinstance.py:1356} INFO - 
--------------------------------------------------------------------------------
[2024-02-01 17:47:09,870] {taskinstance.py:1357} INFO - Starting attempt 2 of 2
[2024-02-01 17:47:09,870] {taskinstance.py:1358} INFO - 
--------------------------------------------------------------------------------
[2024-02-01 17:47:09,922] {taskinstance.py:1377} INFO - Executing <Task(PythonOperator): api_url_request> on 2024-02-01 17:46:53.127611+00:00
[2024-02-01 17:47:09,939] {standard_task_runner.py:52} INFO - Started process 10013 to run task
[2024-02-01 17:47:09,945] {standard_task_runner.py:79} INFO - Running: ['***', 'tasks', 'run', 'project_6_23', 'api_url_request', 'manual__2024-02-01T17:46:53.127611+00:00', '--job-id', '360', '--raw', '--subdir', 'DAGS_FOLDER/main.py', '--cfg-path', '/tmp/tmphvgxcs2p', '--error-file', '/tmp/tmp58fdf5l6']
[2024-02-01 17:47:09,946] {standard_task_runner.py:80} INFO - Job 360: Subtask api_url_request
[2024-02-01 17:47:10,248] {task_command.py:369} INFO - Running <TaskInstance: project_6_23.api_url_request manual__2024-02-01T17:46:53.127611+00:00 [running]> on host 1fafaef2f352
[2024-02-01 17:47:10,622] {taskinstance.py:1571} INFO - Exporting the following env vars:
AIRFLOW_CTX_DAG_OWNER=***
AIRFLOW_CTX_DAG_ID=project_6_23
AIRFLOW_CTX_TASK_ID=api_url_request
AIRFLOW_CTX_EXECUTION_DATE=2024-02-01T17:46:53.127611+00:00
AIRFLOW_CTX_TRY_NUMBER=2
AIRFLOW_CTX_DAG_RUN_ID=manual__2024-02-01T17:46:53.127611+00:00
[2024-02-01 17:47:10,648] {logging_mixin.py:115} INFO - Connect Engine MySQL
[2024-02-01 17:47:10,953] {logging_mixin.py:115} INFO - DataFrame inserted into MySQL
[2024-02-01 17:47:10,954] {python.py:173} INFO - Done. Returned value was: True
[2024-02-01 17:47:11,164] {taskinstance.py:1400} INFO - Marking task as SUCCESS. dag_id=project_6_23, task_id=api_url_request, execution_date=20240201T174653, start_date=20240201T174709, end_date=20240201T174711
[2024-02-01 17:47:11,224] {local_task_job.py:156} INFO - Task exited with return code 0
[2024-02-01 17:47:11,472] {local_task_job.py:273} INFO - 1 downstream tasks scheduled from follow-on schedule check
