[2024-02-01 15:42:17,799] {taskinstance.py:1159} INFO - Dependencies all met for <TaskInstance: project_6_16.dim_district manual__2024-02-01T15:42:07.334532+00:00 [queued]>
[2024-02-01 15:42:17,812] {taskinstance.py:1159} INFO - Dependencies all met for <TaskInstance: project_6_16.dim_district manual__2024-02-01T15:42:07.334532+00:00 [queued]>
[2024-02-01 15:42:17,812] {taskinstance.py:1356} INFO - 
--------------------------------------------------------------------------------
[2024-02-01 15:42:17,812] {taskinstance.py:1357} INFO - Starting attempt 1 of 2
[2024-02-01 15:42:17,812] {taskinstance.py:1358} INFO - 
--------------------------------------------------------------------------------
[2024-02-01 15:42:17,834] {taskinstance.py:1377} INFO - Executing <Task(PostgresOperator): dim_district> on 2024-02-01 15:42:07.334532+00:00
[2024-02-01 15:42:17,841] {standard_task_runner.py:52} INFO - Started process 5560 to run task
[2024-02-01 15:42:17,844] {standard_task_runner.py:79} INFO - Running: ['***', 'tasks', 'run', 'project_6_16', 'dim_district', 'manual__2024-02-01T15:42:07.334532+00:00', '--job-id', '234', '--raw', '--subdir', 'DAGS_FOLDER/main.py', '--cfg-path', '/tmp/tmp9kkn24pf', '--error-file', '/tmp/tmp53v8j_gw']
[2024-02-01 15:42:17,845] {standard_task_runner.py:80} INFO - Job 234: Subtask dim_district
[2024-02-01 15:42:18,046] {task_command.py:369} INFO - Running <TaskInstance: project_6_16.dim_district manual__2024-02-01T15:42:07.334532+00:00 [running]> on host 1fafaef2f352
[2024-02-01 15:42:18,305] {taskinstance.py:1571} INFO - Exporting the following env vars:
AIRFLOW_CTX_DAG_OWNER=***
AIRFLOW_CTX_DAG_ID=project_6_16
AIRFLOW_CTX_TASK_ID=dim_district
AIRFLOW_CTX_EXECUTION_DATE=2024-02-01T15:42:07.334532+00:00
AIRFLOW_CTX_TRY_NUMBER=1
AIRFLOW_CTX_DAG_RUN_ID=manual__2024-02-01T15:42:07.334532+00:00
[2024-02-01 15:42:18,370] {base.py:68} INFO - Using connection ID 'postgres_dwh' for task execution.
[2024-02-01 15:42:18,442] {dbapi.py:208} INFO - Running statement: CREATE TABLE IF NOT EXISTS district_table (
    district_id INTEGER PRIMARY KEY,
    province_id INTEGER REFERENCES province_table(province_id),
    district_name VARCHAR(255) NOT NULL
);, parameters: None
[2024-02-01 15:42:18,450] {postgres.py:94} INFO - NOTICE:  relation "district_table" already exists, skipping

[2024-02-01 15:42:18,518] {taskinstance.py:1400} INFO - Marking task as SUCCESS. dag_id=project_6_16, task_id=dim_district, execution_date=20240201T154207, start_date=20240201T154217, end_date=20240201T154218
[2024-02-01 15:42:18,590] {local_task_job.py:156} INFO - Task exited with return code 0
[2024-02-01 15:42:18,821] {local_task_job.py:273} INFO - 1 downstream tasks scheduled from follow-on schedule check
