[2024-02-01 16:15:29,878] {taskinstance.py:1159} INFO - Dependencies all met for <TaskInstance: project_6_20.dim_mysql scheduled__2024-01-31T16:15:14.970011+00:00 [queued]>
[2024-02-01 16:15:29,900] {taskinstance.py:1159} INFO - Dependencies all met for <TaskInstance: project_6_20.dim_mysql scheduled__2024-01-31T16:15:14.970011+00:00 [queued]>
[2024-02-01 16:15:29,900] {taskinstance.py:1356} INFO - 
--------------------------------------------------------------------------------
[2024-02-01 16:15:29,900] {taskinstance.py:1357} INFO - Starting attempt 1 of 2
[2024-02-01 16:15:29,901] {taskinstance.py:1358} INFO - 
--------------------------------------------------------------------------------
[2024-02-01 16:15:29,930] {taskinstance.py:1377} INFO - Executing <Task(MySqlOperator): dim_mysql> on 2024-01-31 16:15:14.970011+00:00
[2024-02-01 16:15:29,939] {standard_task_runner.py:52} INFO - Started process 6814 to run task
[2024-02-01 16:15:29,945] {standard_task_runner.py:79} INFO - Running: ['***', 'tasks', 'run', 'project_6_20', 'dim_mysql', 'scheduled__2024-01-31T16:15:14.970011+00:00', '--job-id', '281', '--raw', '--subdir', 'DAGS_FOLDER/main.py', '--cfg-path', '/tmp/tmpzv4is67u', '--error-file', '/tmp/tmpi55muq8w']
[2024-02-01 16:15:29,946] {standard_task_runner.py:80} INFO - Job 281: Subtask dim_mysql
[2024-02-01 16:15:30,170] {task_command.py:369} INFO - Running <TaskInstance: project_6_20.dim_mysql scheduled__2024-01-31T16:15:14.970011+00:00 [running]> on host 1fafaef2f352
[2024-02-01 16:15:30,516] {taskinstance.py:1571} INFO - Exporting the following env vars:
AIRFLOW_CTX_DAG_OWNER=***
AIRFLOW_CTX_DAG_ID=project_6_20
AIRFLOW_CTX_TASK_ID=dim_mysql
AIRFLOW_CTX_EXECUTION_DATE=2024-01-31T16:15:14.970011+00:00
AIRFLOW_CTX_TRY_NUMBER=1
AIRFLOW_CTX_DAG_RUN_ID=scheduled__2024-01-31T16:15:14.970011+00:00
[2024-02-01 16:15:30,519] {mysql.py:82} INFO - Executing: CREATE TABLE IF NOT EXISTS case_table (
    id INT PRIMARY KEY,
    status_name VARCHAR(255) NOT NULL,
    status_detail VARCHAR(255) NOT NULL
);


CREATE TABLE IF NOT EXISTS province_table (
    province_id INT PRIMARY KEY,
    province_name VARCHAR(255) NOT NULL
);

CREATE TABLE IF NOT EXISTS district_table (
    district_id INT PRIMARY KEY,
    province_id INT,
    district_name VARCHAR(255) NOT NULL,
    FOREIGN KEY (province_id) REFERENCES province_table(province_id)
);
[2024-02-01 16:15:30,618] {base.py:68} INFO - Using connection ID 'mysql_data_staging' for task execution.
[2024-02-01 16:15:30,753] {dbapi.py:208} INFO - Running statement: CREATE TABLE IF NOT EXISTS case_table (
    id INT PRIMARY KEY,
    status_name VARCHAR(255) NOT NULL,
    status_detail VARCHAR(255) NOT NULL
);


CREATE TABLE IF NOT EXISTS province_table (
    province_id INT PRIMARY KEY,
    province_name VARCHAR(255) NOT NULL
);

CREATE TABLE IF NOT EXISTS district_table (
    district_id INT PRIMARY KEY,
    province_id INT,
    district_name VARCHAR(255) NOT NULL,
    FOREIGN KEY (province_id) REFERENCES province_table(province_id)
);, parameters: None
[2024-02-01 16:15:30,758] {dbapi.py:216} INFO - Rows affected: 0
[2024-02-01 16:15:30,853] {taskinstance.py:1400} INFO - Marking task as SUCCESS. dag_id=project_6_20, task_id=dim_mysql, execution_date=20240131T161514, start_date=20240201T161529, end_date=20240201T161530
[2024-02-01 16:15:30,925] {local_task_job.py:156} INFO - Task exited with return code 0
[2024-02-01 16:15:31,203] {local_task_job.py:273} INFO - 0 downstream tasks scheduled from follow-on schedule check
