[2024-02-02 06:40:02,940] {taskinstance.py:1159} INFO - Dependencies all met for <TaskInstance: project_6_27.dim_postgres manual__2024-02-02T06:39:57.544086+00:00 [queued]>
[2024-02-02 06:40:02,962] {taskinstance.py:1159} INFO - Dependencies all met for <TaskInstance: project_6_27.dim_postgres manual__2024-02-02T06:39:57.544086+00:00 [queued]>
[2024-02-02 06:40:02,963] {taskinstance.py:1356} INFO - 
--------------------------------------------------------------------------------
[2024-02-02 06:40:02,963] {taskinstance.py:1357} INFO - Starting attempt 1 of 2
[2024-02-02 06:40:02,963] {taskinstance.py:1358} INFO - 
--------------------------------------------------------------------------------
[2024-02-02 06:40:02,993] {taskinstance.py:1377} INFO - Executing <Task(PostgresOperator): dim_postgres> on 2024-02-02 06:39:57.544086+00:00
[2024-02-02 06:40:03,003] {standard_task_runner.py:52} INFO - Started process 5391 to run task
[2024-02-02 06:40:03,038] {standard_task_runner.py:79} INFO - Running: ['***', 'tasks', 'run', 'project_6_27', 'dim_postgres', 'manual__2024-02-02T06:39:57.544086+00:00', '--job-id', '428', '--raw', '--subdir', 'DAGS_FOLDER/main.py', '--cfg-path', '/tmp/tmpds5rlad5', '--error-file', '/tmp/tmps2s_7l_u']
[2024-02-02 06:40:03,044] {standard_task_runner.py:80} INFO - Job 428: Subtask dim_postgres
[2024-02-02 06:40:03,297] {task_command.py:369} INFO - Running <TaskInstance: project_6_27.dim_postgres manual__2024-02-02T06:39:57.544086+00:00 [running]> on host 20775c919683
[2024-02-02 06:40:03,641] {taskinstance.py:1571} INFO - Exporting the following env vars:
AIRFLOW_CTX_DAG_OWNER=***
AIRFLOW_CTX_DAG_ID=project_6_27
AIRFLOW_CTX_TASK_ID=dim_postgres
AIRFLOW_CTX_EXECUTION_DATE=2024-02-02T06:39:57.544086+00:00
AIRFLOW_CTX_TRY_NUMBER=1
AIRFLOW_CTX_DAG_RUN_ID=manual__2024-02-02T06:39:57.544086+00:00
[2024-02-02 06:40:03,724] {base.py:68} INFO - Using connection ID 'postgres_dwh' for task execution.
[2024-02-02 06:40:03,784] {dbapi.py:208} INFO - Running statement: CREATE TABLE IF NOT EXISTS case_table (
    id INTEGER,
    status_name VARCHAR(255) NOT NULL,
    status_detail VARCHAR(255) NOT NULL
);

CREATE TABLE IF NOT EXISTS province_table (
    province_id INTEGER PRIMARY KEY,
    province_name VARCHAR(255) NOT NULL
);

CREATE TABLE IF NOT EXISTS district_table (
    district_id INTEGER PRIMARY KEY,
    province_id INTEGER,
    district_name VARCHAR(255) NOT NULL
);
, parameters: None
[2024-02-02 06:40:03,793] {postgres.py:94} INFO - NOTICE:  relation "case_table" already exists, skipping

[2024-02-02 06:40:03,794] {postgres.py:94} INFO - NOTICE:  relation "province_table" already exists, skipping

[2024-02-02 06:40:03,794] {postgres.py:94} INFO - NOTICE:  relation "district_table" already exists, skipping

[2024-02-02 06:40:03,974] {taskinstance.py:1400} INFO - Marking task as SUCCESS. dag_id=project_6_27, task_id=dim_postgres, execution_date=20240202T063957, start_date=20240202T064002, end_date=20240202T064003
[2024-02-02 06:40:04,038] {local_task_job.py:156} INFO - Task exited with return code 0
[2024-02-02 06:40:04,256] {local_task_job.py:273} INFO - 1 downstream tasks scheduled from follow-on schedule check
