[2024-02-01 15:27:07,681] {taskinstance.py:1159} INFO - Dependencies all met for <TaskInstance: project_6_14.dim_district manual__2024-02-01T15:24:27.664070+00:00 [queued]>
[2024-02-01 15:27:07,697] {taskinstance.py:1159} INFO - Dependencies all met for <TaskInstance: project_6_14.dim_district manual__2024-02-01T15:24:27.664070+00:00 [queued]>
[2024-02-01 15:27:07,697] {taskinstance.py:1356} INFO - 
--------------------------------------------------------------------------------
[2024-02-01 15:27:07,697] {taskinstance.py:1357} INFO - Starting attempt 2 of 3
[2024-02-01 15:27:07,698] {taskinstance.py:1358} INFO - 
--------------------------------------------------------------------------------
[2024-02-01 15:27:07,726] {taskinstance.py:1377} INFO - Executing <Task(PostgresOperator): dim_district> on 2024-02-01 15:24:27.664070+00:00
[2024-02-01 15:27:07,733] {standard_task_runner.py:52} INFO - Started process 4960 to run task
[2024-02-01 15:27:07,739] {standard_task_runner.py:79} INFO - Running: ['***', 'tasks', 'run', 'project_6_14', 'dim_district', 'manual__2024-02-01T15:24:27.664070+00:00', '--job-id', '199', '--raw', '--subdir', 'DAGS_FOLDER/main.py', '--cfg-path', '/tmp/tmpc95hwvck', '--error-file', '/tmp/tmplapbji8q']
[2024-02-01 15:27:07,740] {standard_task_runner.py:80} INFO - Job 199: Subtask dim_district
[2024-02-01 15:27:07,954] {task_command.py:369} INFO - Running <TaskInstance: project_6_14.dim_district manual__2024-02-01T15:24:27.664070+00:00 [running]> on host 1fafaef2f352
[2024-02-01 15:27:08,204] {taskinstance.py:1571} INFO - Exporting the following env vars:
AIRFLOW_CTX_DAG_OWNER=***
AIRFLOW_CTX_DAG_ID=project_6_14
AIRFLOW_CTX_TASK_ID=dim_district
AIRFLOW_CTX_EXECUTION_DATE=2024-02-01T15:24:27.664070+00:00
AIRFLOW_CTX_TRY_NUMBER=2
AIRFLOW_CTX_DAG_RUN_ID=manual__2024-02-01T15:24:27.664070+00:00
[2024-02-01 15:27:08,290] {base.py:68} INFO - Using connection ID 'postgres_dwh' for task execution.
[2024-02-01 15:27:08,328] {dbapi.py:208} INFO - Running statement: CREATE TABLE IF NOT EXISTS district_table (
    district_id INTEGER PRIMARY KEY,
    province_id INTEGER REFERENCES province_table(province_id),
    district_name VARCHAR(255) NOT NULL
);, parameters: None
[2024-02-01 15:27:08,447] {taskinstance.py:1400} INFO - Marking task as SUCCESS. dag_id=project_6_14, task_id=dim_district, execution_date=20240201T152427, start_date=20240201T152707, end_date=20240201T152708
[2024-02-01 15:27:08,515] {local_task_job.py:156} INFO - Task exited with return code 0
[2024-02-01 15:27:08,685] {local_task_job.py:273} INFO - 0 downstream tasks scheduled from follow-on schedule check
