[2024-02-01 16:03:25,079] {taskinstance.py:1159} INFO - Dependencies all met for <TaskInstance: project_6_18.dim_mysql manual__2024-02-01T16:01:52.354781+00:00 [queued]>
[2024-02-01 16:03:25,095] {taskinstance.py:1159} INFO - Dependencies all met for <TaskInstance: project_6_18.dim_mysql manual__2024-02-01T16:01:52.354781+00:00 [queued]>
[2024-02-01 16:03:25,095] {taskinstance.py:1356} INFO - 
--------------------------------------------------------------------------------
[2024-02-01 16:03:25,096] {taskinstance.py:1357} INFO - Starting attempt 3 of 4
[2024-02-01 16:03:25,096] {taskinstance.py:1358} INFO - 
--------------------------------------------------------------------------------
[2024-02-01 16:03:25,121] {taskinstance.py:1377} INFO - Executing <Task(MySqlOperator): dim_mysql> on 2024-02-01 16:01:52.354781+00:00
[2024-02-01 16:03:25,127] {standard_task_runner.py:52} INFO - Started process 6341 to run task
[2024-02-01 16:03:25,131] {standard_task_runner.py:79} INFO - Running: ['***', 'tasks', 'run', 'project_6_18', 'dim_mysql', 'manual__2024-02-01T16:01:52.354781+00:00', '--job-id', '259', '--raw', '--subdir', 'DAGS_FOLDER/main.py', '--cfg-path', '/tmp/tmp2goe_7l7', '--error-file', '/tmp/tmp69vz9lfl']
[2024-02-01 16:03:25,132] {standard_task_runner.py:80} INFO - Job 259: Subtask dim_mysql
[2024-02-01 16:03:25,382] {task_command.py:369} INFO - Running <TaskInstance: project_6_18.dim_mysql manual__2024-02-01T16:01:52.354781+00:00 [running]> on host 1fafaef2f352
[2024-02-01 16:03:25,660] {taskinstance.py:1571} INFO - Exporting the following env vars:
AIRFLOW_CTX_DAG_OWNER=***
AIRFLOW_CTX_DAG_ID=project_6_18
AIRFLOW_CTX_TASK_ID=dim_mysql
AIRFLOW_CTX_EXECUTION_DATE=2024-02-01T16:01:52.354781+00:00
AIRFLOW_CTX_TRY_NUMBER=3
AIRFLOW_CTX_DAG_RUN_ID=manual__2024-02-01T16:01:52.354781+00:00
[2024-02-01 16:03:25,667] {mysql.py:82} INFO - Executing: CREATE TABLE IF NOT EXISTS case_table (
    id INT PRIMARY KEY,
    status_name VARCHAR(255) NOT NULL,
    status_detail VARCHAR(255) NOT NULL
);


CREATE TABLE IF NOT EXISTS province_table (
    province_id INT PRIMARY KEY,
    province_name VARCHAR(255) NOT NULL
);

CREATE TABLE IF NOT EXISTS district_table (
    district_id INT PRIMARY KEY,
    province_id INT,
    district_name VARCHAR(255) NOT NULL,
    FOREIGN KEY (province_id) REFERENCES province_table(province_id)
);
[2024-02-01 16:03:25,767] {base.py:68} INFO - Using connection ID 'mysql_data_staging' for task execution.
[2024-02-01 16:03:25,852] {dbapi.py:208} INFO - Running statement: CREATE TABLE IF NOT EXISTS case_table (
    id INT PRIMARY KEY,
    status_name VARCHAR(255) NOT NULL,
    status_detail VARCHAR(255) NOT NULL
);


CREATE TABLE IF NOT EXISTS province_table (
    province_id INT PRIMARY KEY,
    province_name VARCHAR(255) NOT NULL
);

CREATE TABLE IF NOT EXISTS district_table (
    district_id INT PRIMARY KEY,
    province_id INT,
    district_name VARCHAR(255) NOT NULL,
    FOREIGN KEY (province_id) REFERENCES province_table(province_id)
);, parameters: None
[2024-02-01 16:03:25,866] {dbapi.py:216} INFO - Rows affected: 0
[2024-02-01 16:03:25,988] {taskinstance.py:1400} INFO - Marking task as SUCCESS. dag_id=project_6_18, task_id=dim_mysql, execution_date=20240201T160152, start_date=20240201T160325, end_date=20240201T160325
[2024-02-01 16:03:26,030] {local_task_job.py:156} INFO - Task exited with return code 0
[2024-02-01 16:03:26,189] {local_task_job.py:273} INFO - 0 downstream tasks scheduled from follow-on schedule check
