[2024-02-01 15:24:45,797] {taskinstance.py:1159} INFO - Dependencies all met for <TaskInstance: project_6_14.dim_prov scheduled__2024-01-31T15:24:09.798868+00:00 [queued]>
[2024-02-01 15:24:45,810] {taskinstance.py:1159} INFO - Dependencies all met for <TaskInstance: project_6_14.dim_prov scheduled__2024-01-31T15:24:09.798868+00:00 [queued]>
[2024-02-01 15:24:45,810] {taskinstance.py:1356} INFO - 
--------------------------------------------------------------------------------
[2024-02-01 15:24:45,811] {taskinstance.py:1357} INFO - Starting attempt 1 of 2
[2024-02-01 15:24:45,811] {taskinstance.py:1358} INFO - 
--------------------------------------------------------------------------------
[2024-02-01 15:24:45,833] {taskinstance.py:1377} INFO - Executing <Task(PostgresOperator): dim_prov> on 2024-01-31 15:24:09.798868+00:00
[2024-02-01 15:24:45,842] {standard_task_runner.py:52} INFO - Started process 4861 to run task
[2024-02-01 15:24:45,845] {standard_task_runner.py:79} INFO - Running: ['***', 'tasks', 'run', 'project_6_14', 'dim_prov', 'scheduled__2024-01-31T15:24:09.798868+00:00', '--job-id', '194', '--raw', '--subdir', 'DAGS_FOLDER/main.py', '--cfg-path', '/tmp/tmpmv5qbed8', '--error-file', '/tmp/tmpjhhjz8_t']
[2024-02-01 15:24:45,846] {standard_task_runner.py:80} INFO - Job 194: Subtask dim_prov
[2024-02-01 15:24:46,067] {task_command.py:369} INFO - Running <TaskInstance: project_6_14.dim_prov scheduled__2024-01-31T15:24:09.798868+00:00 [running]> on host 1fafaef2f352
[2024-02-01 15:24:46,372] {taskinstance.py:1571} INFO - Exporting the following env vars:
AIRFLOW_CTX_DAG_OWNER=***
AIRFLOW_CTX_DAG_ID=project_6_14
AIRFLOW_CTX_TASK_ID=dim_prov
AIRFLOW_CTX_EXECUTION_DATE=2024-01-31T15:24:09.798868+00:00
AIRFLOW_CTX_TRY_NUMBER=1
AIRFLOW_CTX_DAG_RUN_ID=scheduled__2024-01-31T15:24:09.798868+00:00
[2024-02-01 15:24:46,444] {base.py:68} INFO - Using connection ID 'postgres_dwh' for task execution.
[2024-02-01 15:24:46,492] {dbapi.py:208} INFO - Running statement: CREATE TABLE IF NOT EXISTS province_table (
    province_id SERIAL PRIMARY KEY,
    province_name VARCHAR(255) NOT NULL
);, parameters: None
[2024-02-01 15:24:46,500] {postgres.py:94} INFO - NOTICE:  relation "province_table" already exists, skipping

[2024-02-01 15:24:46,565] {taskinstance.py:1400} INFO - Marking task as SUCCESS. dag_id=project_6_14, task_id=dim_prov, execution_date=20240131T152409, start_date=20240201T152445, end_date=20240201T152446
[2024-02-01 15:24:46,622] {local_task_job.py:156} INFO - Task exited with return code 0
[2024-02-01 15:24:46,791] {local_task_job.py:273} INFO - 1 downstream tasks scheduled from follow-on schedule check
