[2024-02-01 16:35:59,384] {taskinstance.py:1159} INFO - Dependencies all met for <TaskInstance: project_6_21.dim_table_creation manual__2024-02-01T16:29:53.727571+00:00 [queued]>
[2024-02-01 16:35:59,400] {taskinstance.py:1159} INFO - Dependencies all met for <TaskInstance: project_6_21.dim_table_creation manual__2024-02-01T16:29:53.727571+00:00 [queued]>
[2024-02-01 16:35:59,401] {taskinstance.py:1356} INFO - 
--------------------------------------------------------------------------------
[2024-02-01 16:35:59,401] {taskinstance.py:1357} INFO - Starting attempt 3 of 4
[2024-02-01 16:35:59,401] {taskinstance.py:1358} INFO - 
--------------------------------------------------------------------------------
[2024-02-01 16:35:59,432] {taskinstance.py:1377} INFO - Executing <Task(PythonOperator): dim_table_creation> on 2024-02-01 16:29:53.727571+00:00
[2024-02-01 16:35:59,442] {standard_task_runner.py:52} INFO - Started process 7663 to run task
[2024-02-01 16:35:59,449] {standard_task_runner.py:79} INFO - Running: ['***', 'tasks', 'run', 'project_6_21', 'dim_table_creation', 'manual__2024-02-01T16:29:53.727571+00:00', '--job-id', '341', '--raw', '--subdir', 'DAGS_FOLDER/main.py', '--cfg-path', '/tmp/tmpsalyanqn', '--error-file', '/tmp/tmpwl36rn9q']
[2024-02-01 16:35:59,450] {standard_task_runner.py:80} INFO - Job 341: Subtask dim_table_creation
[2024-02-01 16:35:59,674] {task_command.py:369} INFO - Running <TaskInstance: project_6_21.dim_table_creation manual__2024-02-01T16:29:53.727571+00:00 [running]> on host 1fafaef2f352
[2024-02-01 16:35:59,922] {taskinstance.py:1571} INFO - Exporting the following env vars:
AIRFLOW_CTX_DAG_OWNER=***
AIRFLOW_CTX_DAG_ID=project_6_21
AIRFLOW_CTX_TASK_ID=dim_table_creation
AIRFLOW_CTX_EXECUTION_DATE=2024-02-01T16:29:53.727571+00:00
AIRFLOW_CTX_TRY_NUMBER=3
AIRFLOW_CTX_DAG_RUN_ID=manual__2024-02-01T16:29:53.727571+00:00
[2024-02-01 16:35:59,980] {logging_mixin.py:115} INFO -    province_id   nama_prov
0            1  Jawa Barat
[2024-02-01 16:35:59,988] {logging_mixin.py:115} INFO -    district_id  province_id           nama_kab
0            1            1  Kabupaten Bandung
[2024-02-01 16:35:59,997] {logging_mixin.py:115} INFO -    case_id   status_name status_detail
0        1  closecontact   dikarantina
1        2  closecontact     discarded
2        3  closecontact     meninggal
3        4      probable     diisolasi
4        5      probable     discarded
[2024-02-01 16:36:00,042] {logging_mixin.py:115} INFO - Connect PostgreSQL using psycopg2
[2024-02-01 16:36:00,116] {logging_mixin.py:115} INFO - Connect Engine MySQL
[2024-02-01 16:36:00,256] {python.py:173} INFO - Done. Returned value was: None
[2024-02-01 16:36:00,321] {taskinstance.py:1400} INFO - Marking task as SUCCESS. dag_id=project_6_21, task_id=dim_table_creation, execution_date=20240201T162953, start_date=20240201T163559, end_date=20240201T163600
[2024-02-01 16:36:00,389] {local_task_job.py:156} INFO - Task exited with return code 0
[2024-02-01 16:36:00,527] {local_task_job.py:273} INFO - 0 downstream tasks scheduled from follow-on schedule check
