[2024-02-01 15:20:02,710] {taskinstance.py:1159} INFO - Dependencies all met for <TaskInstance: project_6_13.api_url_request scheduled__2024-01-31T15:19:38.505849+00:00 [queued]>
[2024-02-01 15:20:02,723] {taskinstance.py:1159} INFO - Dependencies all met for <TaskInstance: project_6_13.api_url_request scheduled__2024-01-31T15:19:38.505849+00:00 [queued]>
[2024-02-01 15:20:02,723] {taskinstance.py:1356} INFO - 
--------------------------------------------------------------------------------
[2024-02-01 15:20:02,723] {taskinstance.py:1357} INFO - Starting attempt 2 of 2
[2024-02-01 15:20:02,723] {taskinstance.py:1358} INFO - 
--------------------------------------------------------------------------------
[2024-02-01 15:20:02,746] {taskinstance.py:1377} INFO - Executing <Task(PythonOperator): api_url_request> on 2024-01-31 15:19:38.505849+00:00
[2024-02-01 15:20:02,753] {standard_task_runner.py:52} INFO - Started process 4602 to run task
[2024-02-01 15:20:02,758] {standard_task_runner.py:79} INFO - Running: ['***', 'tasks', 'run', 'project_6_13', 'api_url_request', 'scheduled__2024-01-31T15:19:38.505849+00:00', '--job-id', '164', '--raw', '--subdir', 'DAGS_FOLDER/main.py', '--cfg-path', '/tmp/tmpjytw_gf_', '--error-file', '/tmp/tmplg9l1izx']
[2024-02-01 15:20:02,758] {standard_task_runner.py:80} INFO - Job 164: Subtask api_url_request
[2024-02-01 15:20:02,944] {task_command.py:369} INFO - Running <TaskInstance: project_6_13.api_url_request scheduled__2024-01-31T15:19:38.505849+00:00 [running]> on host 1fafaef2f352
[2024-02-01 15:20:03,166] {taskinstance.py:1571} INFO - Exporting the following env vars:
AIRFLOW_CTX_DAG_OWNER=***
AIRFLOW_CTX_DAG_ID=project_6_13
AIRFLOW_CTX_TASK_ID=api_url_request
AIRFLOW_CTX_EXECUTION_DATE=2024-01-31T15:19:38.505849+00:00
AIRFLOW_CTX_TRY_NUMBER=2
AIRFLOW_CTX_DAG_RUN_ID=scheduled__2024-01-31T15:19:38.505849+00:00
[2024-02-01 15:20:03,187] {logging_mixin.py:115} INFO - Connect Engine MySQL
[2024-02-01 15:20:03,393] {logging_mixin.py:115} INFO - DataFrame inserted into MySQL
[2024-02-01 15:20:03,394] {python.py:173} INFO - Done. Returned value was: True
[2024-02-01 15:20:03,533] {taskinstance.py:1400} INFO - Marking task as SUCCESS. dag_id=project_6_13, task_id=api_url_request, execution_date=20240131T151938, start_date=20240201T152002, end_date=20240201T152003
[2024-02-01 15:20:03,587] {local_task_job.py:156} INFO - Task exited with return code 0
[2024-02-01 15:20:03,747] {local_task_job.py:273} INFO - 1 downstream tasks scheduled from follow-on schedule check
