[2024-02-02 08:19:12,069] {taskinstance.py:1159} INFO - Dependencies all met for <TaskInstance: project_6_29.dim_table_creation manual__2024-02-02T08:15:18.483577+00:00 [queued]>
[2024-02-02 08:19:12,081] {taskinstance.py:1159} INFO - Dependencies all met for <TaskInstance: project_6_29.dim_table_creation manual__2024-02-02T08:15:18.483577+00:00 [queued]>
[2024-02-02 08:19:12,082] {taskinstance.py:1356} INFO - 
--------------------------------------------------------------------------------
[2024-02-02 08:19:12,082] {taskinstance.py:1357} INFO - Starting attempt 3 of 4
[2024-02-02 08:19:12,082] {taskinstance.py:1358} INFO - 
--------------------------------------------------------------------------------
[2024-02-02 08:19:12,104] {taskinstance.py:1377} INFO - Executing <Task(PythonOperator): dim_table_creation> on 2024-02-02 08:15:18.483577+00:00
[2024-02-02 08:19:12,113] {standard_task_runner.py:52} INFO - Started process 8816 to run task
[2024-02-02 08:19:12,117] {standard_task_runner.py:79} INFO - Running: ['***', 'tasks', 'run', 'project_6_29', 'dim_table_creation', 'manual__2024-02-02T08:15:18.483577+00:00', '--job-id', '485', '--raw', '--subdir', 'DAGS_FOLDER/main.py', '--cfg-path', '/tmp/tmp4c2fr2ku', '--error-file', '/tmp/tmpbdw4bddc']
[2024-02-02 08:19:12,118] {standard_task_runner.py:80} INFO - Job 485: Subtask dim_table_creation
[2024-02-02 08:19:12,335] {task_command.py:369} INFO - Running <TaskInstance: project_6_29.dim_table_creation manual__2024-02-02T08:15:18.483577+00:00 [running]> on host 20775c919683
[2024-02-02 08:19:12,592] {taskinstance.py:1571} INFO - Exporting the following env vars:
AIRFLOW_CTX_DAG_OWNER=***
AIRFLOW_CTX_DAG_ID=project_6_29
AIRFLOW_CTX_TASK_ID=dim_table_creation
AIRFLOW_CTX_EXECUTION_DATE=2024-02-02T08:15:18.483577+00:00
AIRFLOW_CTX_TRY_NUMBER=3
AIRFLOW_CTX_DAG_RUN_ID=manual__2024-02-02T08:15:18.483577+00:00
[2024-02-02 08:19:12,681] {logging_mixin.py:115} INFO -    kode_prov   nama_prov
0         32  Jawa Barat
[2024-02-02 08:19:12,703] {logging_mixin.py:115} INFO -    kode_kab  kode_prov         nama_kab
0      3201         32  Kabupaten Bogor
[2024-02-02 08:19:12,714] {logging_mixin.py:115} INFO -    case_id   status_name             status_detail
0        1  closecontact  closecontact_dikarantina
1        2  closecontact    closecontact_discarded
2        3  closecontact    closecontact_meninggal
3        4      probable        probable_diisolasi
4        5      probable        probable_discarded
[2024-02-02 08:19:12,756] {logging_mixin.py:115} INFO - Connect PostgreSQL using psycopg2
[2024-02-02 08:19:12,824] {logging_mixin.py:115} INFO - Connect Engine MySQL
[2024-02-02 08:19:12,900] {python.py:173} INFO - Done. Returned value was: None
[2024-02-02 08:19:12,972] {taskinstance.py:1400} INFO - Marking task as SUCCESS. dag_id=project_6_29, task_id=dim_table_creation, execution_date=20240202T081518, start_date=20240202T081912, end_date=20240202T081912
[2024-02-02 08:19:13,023] {local_task_job.py:156} INFO - Task exited with return code 0
[2024-02-02 08:19:13,166] {local_task_job.py:273} INFO - 0 downstream tasks scheduled from follow-on schedule check
