[2024-02-02 08:18:27,509] {taskinstance.py:1159} INFO - Dependencies all met for <TaskInstance: project_6_29.dim_table_creation manual__2024-02-02T08:15:18.483577+00:00 [queued]>
[2024-02-02 08:18:27,527] {taskinstance.py:1159} INFO - Dependencies all met for <TaskInstance: project_6_29.dim_table_creation manual__2024-02-02T08:15:18.483577+00:00 [queued]>
[2024-02-02 08:18:27,527] {taskinstance.py:1356} INFO - 
--------------------------------------------------------------------------------
[2024-02-02 08:18:27,527] {taskinstance.py:1357} INFO - Starting attempt 2 of 3
[2024-02-02 08:18:27,528] {taskinstance.py:1358} INFO - 
--------------------------------------------------------------------------------
[2024-02-02 08:18:27,553] {taskinstance.py:1377} INFO - Executing <Task(PythonOperator): dim_table_creation> on 2024-02-02 08:15:18.483577+00:00
[2024-02-02 08:18:27,560] {standard_task_runner.py:52} INFO - Started process 8762 to run task
[2024-02-02 08:18:27,564] {standard_task_runner.py:79} INFO - Running: ['***', 'tasks', 'run', 'project_6_29', 'dim_table_creation', 'manual__2024-02-02T08:15:18.483577+00:00', '--job-id', '477', '--raw', '--subdir', 'DAGS_FOLDER/main.py', '--cfg-path', '/tmp/tmp82op409o', '--error-file', '/tmp/tmp71wxyyze']
[2024-02-02 08:18:27,565] {standard_task_runner.py:80} INFO - Job 477: Subtask dim_table_creation
[2024-02-02 08:18:27,768] {task_command.py:369} INFO - Running <TaskInstance: project_6_29.dim_table_creation manual__2024-02-02T08:15:18.483577+00:00 [running]> on host 20775c919683
[2024-02-02 08:18:28,013] {taskinstance.py:1571} INFO - Exporting the following env vars:
AIRFLOW_CTX_DAG_OWNER=***
AIRFLOW_CTX_DAG_ID=project_6_29
AIRFLOW_CTX_TASK_ID=dim_table_creation
AIRFLOW_CTX_EXECUTION_DATE=2024-02-02T08:15:18.483577+00:00
AIRFLOW_CTX_TRY_NUMBER=2
AIRFLOW_CTX_DAG_RUN_ID=manual__2024-02-02T08:15:18.483577+00:00
[2024-02-02 08:18:28,079] {logging_mixin.py:115} INFO -    kode_prov   nama_prov
0         32  Jawa Barat
[2024-02-02 08:18:28,086] {logging_mixin.py:115} INFO -    kode_kab  kode_prov         nama_kab
0      3201         32  Kabupaten Bogor
[2024-02-02 08:18:28,097] {logging_mixin.py:115} INFO -    case_id   status_name             status_detail
0        1  closecontact  closecontact_dikarantina
1        2  closecontact    closecontact_discarded
2        3  closecontact    closecontact_meninggal
3        4      probable        probable_diisolasi
4        5      probable        probable_discarded
[2024-02-02 08:18:28,134] {logging_mixin.py:115} INFO - Connect PostgreSQL using psycopg2
[2024-02-02 08:18:28,183] {logging_mixin.py:115} INFO - Connect Engine MySQL
[2024-02-02 08:18:28,250] {python.py:173} INFO - Done. Returned value was: None
[2024-02-02 08:18:28,309] {taskinstance.py:1400} INFO - Marking task as SUCCESS. dag_id=project_6_29, task_id=dim_table_creation, execution_date=20240202T081518, start_date=20240202T081827, end_date=20240202T081828
[2024-02-02 08:18:28,345] {local_task_job.py:156} INFO - Task exited with return code 0
[2024-02-02 08:18:28,501] {local_task_job.py:273} INFO - 0 downstream tasks scheduled from follow-on schedule check
