[2024-02-01 16:28:54,589] {taskinstance.py:1159} INFO - Dependencies all met for <TaskInstance: project_6_21.api_url_request manual__2024-02-01T16:28:51.921767+00:00 [queued]>
[2024-02-01 16:28:54,602] {taskinstance.py:1159} INFO - Dependencies all met for <TaskInstance: project_6_21.api_url_request manual__2024-02-01T16:28:51.921767+00:00 [queued]>
[2024-02-01 16:28:54,602] {taskinstance.py:1356} INFO - 
--------------------------------------------------------------------------------
[2024-02-01 16:28:54,603] {taskinstance.py:1357} INFO - Starting attempt 1 of 2
[2024-02-01 16:28:54,603] {taskinstance.py:1358} INFO - 
--------------------------------------------------------------------------------
[2024-02-01 16:28:54,628] {taskinstance.py:1377} INFO - Executing <Task(PythonOperator): api_url_request> on 2024-02-01 16:28:51.921767+00:00
[2024-02-01 16:28:54,639] {standard_task_runner.py:52} INFO - Started process 7350 to run task
[2024-02-01 16:28:54,647] {standard_task_runner.py:79} INFO - Running: ['***', 'tasks', 'run', 'project_6_21', 'api_url_request', 'manual__2024-02-01T16:28:51.921767+00:00', '--job-id', '313', '--raw', '--subdir', 'DAGS_FOLDER/main.py', '--cfg-path', '/tmp/tmprxlqlya_', '--error-file', '/tmp/tmpeq7nsofi']
[2024-02-01 16:28:54,648] {standard_task_runner.py:80} INFO - Job 313: Subtask api_url_request
[2024-02-01 16:28:54,883] {task_command.py:369} INFO - Running <TaskInstance: project_6_21.api_url_request manual__2024-02-01T16:28:51.921767+00:00 [running]> on host 1fafaef2f352
[2024-02-01 16:28:55,130] {taskinstance.py:1571} INFO - Exporting the following env vars:
AIRFLOW_CTX_DAG_OWNER=***
AIRFLOW_CTX_DAG_ID=project_6_21
AIRFLOW_CTX_TASK_ID=api_url_request
AIRFLOW_CTX_EXECUTION_DATE=2024-02-01T16:28:51.921767+00:00
AIRFLOW_CTX_TRY_NUMBER=1
AIRFLOW_CTX_DAG_RUN_ID=manual__2024-02-01T16:28:51.921767+00:00
[2024-02-01 16:28:55,149] {logging_mixin.py:115} INFO - Connect Engine MySQL
[2024-02-01 16:28:55,454] {logging_mixin.py:115} INFO - DataFrame inserted into MySQL
[2024-02-01 16:28:55,456] {python.py:173} INFO - Done. Returned value was: True
[2024-02-01 16:28:55,643] {taskinstance.py:1400} INFO - Marking task as SUCCESS. dag_id=project_6_21, task_id=api_url_request, execution_date=20240201T162851, start_date=20240201T162854, end_date=20240201T162855
[2024-02-01 16:28:55,706] {local_task_job.py:156} INFO - Task exited with return code 0
[2024-02-01 16:28:55,865] {local_task_job.py:273} INFO - 1 downstream tasks scheduled from follow-on schedule check
