[2024-02-01 15:20:04,916] {taskinstance.py:1159} INFO - Dependencies all met for <TaskInstance: project_6_13.dim_prov scheduled__2024-01-31T15:19:38.505849+00:00 [queued]>
[2024-02-01 15:20:04,932] {taskinstance.py:1159} INFO - Dependencies all met for <TaskInstance: project_6_13.dim_prov scheduled__2024-01-31T15:19:38.505849+00:00 [queued]>
[2024-02-01 15:20:04,933] {taskinstance.py:1356} INFO - 
--------------------------------------------------------------------------------
[2024-02-01 15:20:04,933] {taskinstance.py:1357} INFO - Starting attempt 1 of 2
[2024-02-01 15:20:04,933] {taskinstance.py:1358} INFO - 
--------------------------------------------------------------------------------
[2024-02-01 15:20:04,957] {taskinstance.py:1377} INFO - Executing <Task(PostgresOperator): dim_prov> on 2024-01-31 15:19:38.505849+00:00
[2024-02-01 15:20:04,965] {standard_task_runner.py:52} INFO - Started process 4611 to run task
[2024-02-01 15:20:04,969] {standard_task_runner.py:79} INFO - Running: ['***', 'tasks', 'run', 'project_6_13', 'dim_prov', 'scheduled__2024-01-31T15:19:38.505849+00:00', '--job-id', '165', '--raw', '--subdir', 'DAGS_FOLDER/main.py', '--cfg-path', '/tmp/tmp3q9fgmgz', '--error-file', '/tmp/tmphr1cfens']
[2024-02-01 15:20:04,971] {standard_task_runner.py:80} INFO - Job 165: Subtask dim_prov
[2024-02-01 15:20:05,199] {task_command.py:369} INFO - Running <TaskInstance: project_6_13.dim_prov scheduled__2024-01-31T15:19:38.505849+00:00 [running]> on host 1fafaef2f352
[2024-02-01 15:20:05,464] {taskinstance.py:1571} INFO - Exporting the following env vars:
AIRFLOW_CTX_DAG_OWNER=***
AIRFLOW_CTX_DAG_ID=project_6_13
AIRFLOW_CTX_TASK_ID=dim_prov
AIRFLOW_CTX_EXECUTION_DATE=2024-01-31T15:19:38.505849+00:00
AIRFLOW_CTX_TRY_NUMBER=1
AIRFLOW_CTX_DAG_RUN_ID=scheduled__2024-01-31T15:19:38.505849+00:00
[2024-02-01 15:20:05,524] {base.py:68} INFO - Using connection ID 'postgres_dwh' for task execution.
[2024-02-01 15:20:05,563] {dbapi.py:208} INFO - Running statement: CREATE TABLE IF NOT EXISTS province_table (
    province_id SERIAL PRIMARY KEY,
    province_name VARCHAR(255) NOT NULL
);, parameters: None
[2024-02-01 15:20:05,569] {postgres.py:94} INFO - NOTICE:  relation "province_table" already exists, skipping

[2024-02-01 15:20:05,644] {taskinstance.py:1400} INFO - Marking task as SUCCESS. dag_id=project_6_13, task_id=dim_prov, execution_date=20240131T151938, start_date=20240201T152004, end_date=20240201T152005
[2024-02-01 15:20:05,707] {local_task_job.py:156} INFO - Task exited with return code 0
[2024-02-01 15:20:05,873] {local_task_job.py:273} INFO - 0 downstream tasks scheduled from follow-on schedule check
