[2024-02-02 06:40:05,538] {taskinstance.py:1159} INFO - Dependencies all met for <TaskInstance: project_6_27.dim_table_creation manual__2024-02-02T06:39:57.544086+00:00 [queued]>
[2024-02-02 06:40:05,557] {taskinstance.py:1159} INFO - Dependencies all met for <TaskInstance: project_6_27.dim_table_creation manual__2024-02-02T06:39:57.544086+00:00 [queued]>
[2024-02-02 06:40:05,558] {taskinstance.py:1356} INFO - 
--------------------------------------------------------------------------------
[2024-02-02 06:40:05,558] {taskinstance.py:1357} INFO - Starting attempt 1 of 2
[2024-02-02 06:40:05,558] {taskinstance.py:1358} INFO - 
--------------------------------------------------------------------------------
[2024-02-02 06:40:05,595] {taskinstance.py:1377} INFO - Executing <Task(PythonOperator): dim_table_creation> on 2024-02-02 06:39:57.544086+00:00
[2024-02-02 06:40:05,606] {standard_task_runner.py:52} INFO - Started process 5399 to run task
[2024-02-02 06:40:05,614] {standard_task_runner.py:79} INFO - Running: ['***', 'tasks', 'run', 'project_6_27', 'dim_table_creation', 'manual__2024-02-02T06:39:57.544086+00:00', '--job-id', '432', '--raw', '--subdir', 'DAGS_FOLDER/main.py', '--cfg-path', '/tmp/tmp25od0yth', '--error-file', '/tmp/tmptv9zzxop']
[2024-02-02 06:40:05,615] {standard_task_runner.py:80} INFO - Job 432: Subtask dim_table_creation
[2024-02-02 06:40:05,873] {task_command.py:369} INFO - Running <TaskInstance: project_6_27.dim_table_creation manual__2024-02-02T06:39:57.544086+00:00 [running]> on host 20775c919683
[2024-02-02 06:40:06,210] {taskinstance.py:1571} INFO - Exporting the following env vars:
AIRFLOW_CTX_DAG_OWNER=***
AIRFLOW_CTX_DAG_ID=project_6_27
AIRFLOW_CTX_TASK_ID=dim_table_creation
AIRFLOW_CTX_EXECUTION_DATE=2024-02-02T06:39:57.544086+00:00
AIRFLOW_CTX_TRY_NUMBER=1
AIRFLOW_CTX_DAG_RUN_ID=manual__2024-02-02T06:39:57.544086+00:00
[2024-02-02 06:40:06,305] {logging_mixin.py:115} INFO -    kode_prov   nama_prov
0         32  Jawa Barat
[2024-02-02 06:40:06,313] {logging_mixin.py:115} INFO -    kode_kab  kode_prov         nama_kab
0      3201         32  Kabupaten Bogor
[2024-02-02 06:40:06,327] {logging_mixin.py:115} INFO -    case_id   status_name             status_detail
0        1  closecontact  closecontact_dikarantina
1        2  closecontact    closecontact_discarded
2        3  closecontact    closecontact_meninggal
3        4      probable        probable_diisolasi
4        5      probable        probable_discarded
[2024-02-02 06:40:06,382] {logging_mixin.py:115} INFO - Connect PostgreSQL using psycopg2
[2024-02-02 06:40:06,434] {logging_mixin.py:115} INFO - Connect Engine MySQL
[2024-02-02 06:40:06,522] {python.py:173} INFO - Done. Returned value was: None
[2024-02-02 06:40:06,627] {taskinstance.py:1400} INFO - Marking task as SUCCESS. dag_id=project_6_27, task_id=dim_table_creation, execution_date=20240202T063957, start_date=20240202T064005, end_date=20240202T064006
[2024-02-02 06:40:06,676] {local_task_job.py:156} INFO - Task exited with return code 0
[2024-02-02 06:40:06,901] {local_task_job.py:273} INFO - 0 downstream tasks scheduled from follow-on schedule check
