[2024-02-02 08:18:29,586] {taskinstance.py:1159} INFO - Dependencies all met for <TaskInstance: project_6_29.aggregation_district manual__2024-02-02T08:15:18.483577+00:00 [queued]>
[2024-02-02 08:18:29,600] {taskinstance.py:1159} INFO - Dependencies all met for <TaskInstance: project_6_29.aggregation_district manual__2024-02-02T08:15:18.483577+00:00 [queued]>
[2024-02-02 08:18:29,600] {taskinstance.py:1356} INFO - 
--------------------------------------------------------------------------------
[2024-02-02 08:18:29,600] {taskinstance.py:1357} INFO - Starting attempt 2 of 3
[2024-02-02 08:18:29,601] {taskinstance.py:1358} INFO - 
--------------------------------------------------------------------------------
[2024-02-02 08:18:29,625] {taskinstance.py:1377} INFO - Executing <Task(PythonOperator): aggregation_district> on 2024-02-02 08:15:18.483577+00:00
[2024-02-02 08:18:29,648] {standard_task_runner.py:52} INFO - Started process 8767 to run task
[2024-02-02 08:18:29,657] {standard_task_runner.py:79} INFO - Running: ['***', 'tasks', 'run', 'project_6_29', 'aggregation_district', 'manual__2024-02-02T08:15:18.483577+00:00', '--job-id', '480', '--raw', '--subdir', 'DAGS_FOLDER/main.py', '--cfg-path', '/tmp/tmp7cz54itv', '--error-file', '/tmp/tmp924p3xar']
[2024-02-02 08:18:29,658] {standard_task_runner.py:80} INFO - Job 480: Subtask aggregation_district
[2024-02-02 08:18:29,882] {task_command.py:369} INFO - Running <TaskInstance: project_6_29.aggregation_district manual__2024-02-02T08:15:18.483577+00:00 [running]> on host 20775c919683
[2024-02-02 08:18:30,138] {taskinstance.py:1571} INFO - Exporting the following env vars:
AIRFLOW_CTX_DAG_OWNER=***
AIRFLOW_CTX_DAG_ID=project_6_29
AIRFLOW_CTX_TASK_ID=aggregation_district
AIRFLOW_CTX_EXECUTION_DATE=2024-02-02T08:15:18.483577+00:00
AIRFLOW_CTX_TRY_NUMBER=2
AIRFLOW_CTX_DAG_RUN_ID=manual__2024-02-02T08:15:18.483577+00:00
[2024-02-02 08:18:30,250] {logging_mixin.py:115} INFO -    id  kode_kab  case_id year_month  total
0   1      3201        1    2020-08      0
[2024-02-02 08:18:30,252] {logging_mixin.py:115} INFO - [   0  986  229 3790  491  332    3  125    4 4717   32  105   31    1
  170 1055   91   85  274  156   51 2200  117  134 2250 2647 2877    6
   49 1563    5 1292   18 2075   20   37  467 1687 1963   28  198  255
    9  300   55  345  160   35   15  660   17  991 1093  220  441  367
 1315   64   50  446   57    2 5787   68  500    7   11  693   33  120
 1371  342   27 6098   62  235 2042  192 4017 5532  253   72  462   42
  773   53  537  573   10  100  845   83 2231  145  115 1477  329   16
 3547 6780 6694  154  195    8  371   36 1613  201  376 2745  428 5682
  118  318 3608  330  526   19  685  230   25 1364  187  475  583]
[2024-02-02 08:18:30,267] {logging_mixin.py:115} INFO -    id  kode_kab  case_id  year  total
0   1      3201        1  2020      0
[2024-02-02 08:18:30,297] {logging_mixin.py:115} INFO - Connect PostgreSQL using psycopg2
[2024-02-02 08:18:30,397] {python.py:173} INFO - Done. Returned value was: None
[2024-02-02 08:18:30,464] {taskinstance.py:1400} INFO - Marking task as SUCCESS. dag_id=project_6_29, task_id=aggregation_district, execution_date=20240202T081518, start_date=20240202T081829, end_date=20240202T081830
[2024-02-02 08:18:30,519] {local_task_job.py:156} INFO - Task exited with return code 0
[2024-02-02 08:18:30,655] {local_task_job.py:273} INFO - 0 downstream tasks scheduled from follow-on schedule check
