[2024-02-01 16:15:24,306] {taskinstance.py:1159} INFO - Dependencies all met for <TaskInstance: project_6_20.api_url_request scheduled__2024-01-31T16:15:14.970011+00:00 [queued]>
[2024-02-01 16:15:24,320] {taskinstance.py:1159} INFO - Dependencies all met for <TaskInstance: project_6_20.api_url_request scheduled__2024-01-31T16:15:14.970011+00:00 [queued]>
[2024-02-01 16:15:24,320] {taskinstance.py:1356} INFO - 
--------------------------------------------------------------------------------
[2024-02-01 16:15:24,321] {taskinstance.py:1357} INFO - Starting attempt 1 of 2
[2024-02-01 16:15:24,321] {taskinstance.py:1358} INFO - 
--------------------------------------------------------------------------------
[2024-02-01 16:15:24,349] {taskinstance.py:1377} INFO - Executing <Task(PythonOperator): api_url_request> on 2024-01-31 16:15:14.970011+00:00
[2024-02-01 16:15:24,363] {standard_task_runner.py:52} INFO - Started process 6794 to run task
[2024-02-01 16:15:24,368] {standard_task_runner.py:79} INFO - Running: ['***', 'tasks', 'run', 'project_6_20', 'api_url_request', 'scheduled__2024-01-31T16:15:14.970011+00:00', '--job-id', '277', '--raw', '--subdir', 'DAGS_FOLDER/main.py', '--cfg-path', '/tmp/tmpq6fpymo9', '--error-file', '/tmp/tmpbrv5czqg']
[2024-02-01 16:15:24,369] {standard_task_runner.py:80} INFO - Job 277: Subtask api_url_request
[2024-02-01 16:15:24,572] {task_command.py:369} INFO - Running <TaskInstance: project_6_20.api_url_request scheduled__2024-01-31T16:15:14.970011+00:00 [running]> on host 1fafaef2f352
[2024-02-01 16:15:24,818] {taskinstance.py:1571} INFO - Exporting the following env vars:
AIRFLOW_CTX_DAG_OWNER=***
AIRFLOW_CTX_DAG_ID=project_6_20
AIRFLOW_CTX_TASK_ID=api_url_request
AIRFLOW_CTX_EXECUTION_DATE=2024-01-31T16:15:14.970011+00:00
AIRFLOW_CTX_TRY_NUMBER=1
AIRFLOW_CTX_DAG_RUN_ID=scheduled__2024-01-31T16:15:14.970011+00:00
[2024-02-01 16:15:24,858] {logging_mixin.py:115} INFO - Connect Engine MySQL
[2024-02-01 16:15:25,120] {logging_mixin.py:115} INFO - DataFrame inserted into MySQL
[2024-02-01 16:15:25,121] {python.py:173} INFO - Done. Returned value was: True
[2024-02-01 16:15:25,255] {taskinstance.py:1400} INFO - Marking task as SUCCESS. dag_id=project_6_20, task_id=api_url_request, execution_date=20240131T161514, start_date=20240201T161524, end_date=20240201T161525
[2024-02-01 16:15:25,319] {local_task_job.py:156} INFO - Task exited with return code 0
[2024-02-01 16:15:25,523] {local_task_job.py:273} INFO - 0 downstream tasks scheduled from follow-on schedule check
