[2024-01-31 15:50:57,012] {taskinstance.py:1159} INFO - Dependencies all met for <TaskInstance: project_6_10.api_url_request manual__2024-01-31T15:49:07.986872+00:00 [queued]>
[2024-01-31 15:50:57,024] {taskinstance.py:1159} INFO - Dependencies all met for <TaskInstance: project_6_10.api_url_request manual__2024-01-31T15:49:07.986872+00:00 [queued]>
[2024-01-31 15:50:57,024] {taskinstance.py:1356} INFO - 
--------------------------------------------------------------------------------
[2024-01-31 15:50:57,024] {taskinstance.py:1357} INFO - Starting attempt 2 of 3
[2024-01-31 15:50:57,024] {taskinstance.py:1358} INFO - 
--------------------------------------------------------------------------------
[2024-01-31 15:50:57,045] {taskinstance.py:1377} INFO - Executing <Task(PythonOperator): api_url_request> on 2024-01-31 15:49:07.986872+00:00
[2024-01-31 15:50:57,052] {standard_task_runner.py:52} INFO - Started process 8376 to run task
[2024-01-31 15:50:57,055] {standard_task_runner.py:79} INFO - Running: ['***', 'tasks', 'run', 'project_6_10', 'api_url_request', 'manual__2024-01-31T15:49:07.986872+00:00', '--job-id', '129', '--raw', '--subdir', 'DAGS_FOLDER/main.py', '--cfg-path', '/tmp/tmp2v9aolzk', '--error-file', '/tmp/tmpiaola1qu']
[2024-01-31 15:50:57,056] {standard_task_runner.py:80} INFO - Job 129: Subtask api_url_request
[2024-01-31 15:50:57,265] {task_command.py:369} INFO - Running <TaskInstance: project_6_10.api_url_request manual__2024-01-31T15:49:07.986872+00:00 [running]> on host 8ebb6ccf62d7
[2024-01-31 15:50:57,501] {taskinstance.py:1571} INFO - Exporting the following env vars:
AIRFLOW_CTX_DAG_OWNER=***
AIRFLOW_CTX_DAG_ID=project_6_10
AIRFLOW_CTX_TASK_ID=api_url_request
AIRFLOW_CTX_EXECUTION_DATE=2024-01-31T15:49:07.986872+00:00
AIRFLOW_CTX_TRY_NUMBER=2
AIRFLOW_CTX_DAG_RUN_ID=manual__2024-01-31T15:49:07.986872+00:00
[2024-01-31 15:50:57,522] {logging_mixin.py:115} INFO - Connect Engine MySQL
[2024-01-31 15:50:57,961] {logging_mixin.py:115} INFO - DataFrame inserted into MySQL
[2024-01-31 15:50:57,963] {python.py:173} INFO - Done. Returned value was: True
[2024-01-31 15:50:58,180] {taskinstance.py:1400} INFO - Marking task as SUCCESS. dag_id=project_6_10, task_id=api_url_request, execution_date=20240131T154907, start_date=20240131T155057, end_date=20240131T155058
[2024-01-31 15:50:58,246] {local_task_job.py:156} INFO - Task exited with return code 0
[2024-01-31 15:50:58,473] {local_task_job.py:273} INFO - 1 downstream tasks scheduled from follow-on schedule check
