[2024-01-31 15:51:00,380] {taskinstance.py:1159} INFO - Dependencies all met for <TaskInstance: project_6_10.dim_district manual__2024-01-31T15:49:07.986872+00:00 [queued]>
[2024-01-31 15:51:00,393] {taskinstance.py:1159} INFO - Dependencies all met for <TaskInstance: project_6_10.dim_district manual__2024-01-31T15:49:07.986872+00:00 [queued]>
[2024-01-31 15:51:00,394] {taskinstance.py:1356} INFO - 
--------------------------------------------------------------------------------
[2024-01-31 15:51:00,394] {taskinstance.py:1357} INFO - Starting attempt 2 of 3
[2024-01-31 15:51:00,395] {taskinstance.py:1358} INFO - 
--------------------------------------------------------------------------------
[2024-01-31 15:51:00,423] {taskinstance.py:1377} INFO - Executing <Task(PostgresOperator): dim_district> on 2024-01-31 15:49:07.986872+00:00
[2024-01-31 15:51:00,436] {standard_task_runner.py:52} INFO - Started process 8389 to run task
[2024-01-31 15:51:00,440] {standard_task_runner.py:79} INFO - Running: ['***', 'tasks', 'run', 'project_6_10', 'dim_district', 'manual__2024-01-31T15:49:07.986872+00:00', '--job-id', '130', '--raw', '--subdir', 'DAGS_FOLDER/main.py', '--cfg-path', '/tmp/tmp3mm6mjo6', '--error-file', '/tmp/tmpqjwspfft']
[2024-01-31 15:51:00,441] {standard_task_runner.py:80} INFO - Job 130: Subtask dim_district
[2024-01-31 15:51:00,724] {task_command.py:369} INFO - Running <TaskInstance: project_6_10.dim_district manual__2024-01-31T15:49:07.986872+00:00 [running]> on host 8ebb6ccf62d7
[2024-01-31 15:51:01,111] {taskinstance.py:1571} INFO - Exporting the following env vars:
AIRFLOW_CTX_DAG_OWNER=***
AIRFLOW_CTX_DAG_ID=project_6_10
AIRFLOW_CTX_TASK_ID=dim_district
AIRFLOW_CTX_EXECUTION_DATE=2024-01-31T15:49:07.986872+00:00
AIRFLOW_CTX_TRY_NUMBER=2
AIRFLOW_CTX_DAG_RUN_ID=manual__2024-01-31T15:49:07.986872+00:00
[2024-01-31 15:51:01,203] {base.py:68} INFO - Using connection ID 'postgres_dwh' for task execution.
[2024-01-31 15:51:01,303] {dbapi.py:208} INFO - Running statement: CREATE TABLE IF NOT EXISTS district_table (
    district_id SERIAL PRIMARY KEY,
    province_id INTEGER REFERENCES province_table(province_id),
    district_name VARCHAR(255) NOT NULL
);, parameters: None
[2024-01-31 15:51:01,363] {taskinstance.py:1889} ERROR - Task failed with exception
Traceback (most recent call last):
  File "/home/airflow/.local/lib/python3.7/site-packages/airflow/providers/postgres/operators/postgres.py", line 92, in execute
    self.hook.run(self.sql, self.autocommit, parameters=self.parameters)
  File "/home/airflow/.local/lib/python3.7/site-packages/airflow/hooks/dbapi.py", line 188, in run
    self._run_command(cur, sql_statement, parameters)
  File "/home/airflow/.local/lib/python3.7/site-packages/airflow/hooks/dbapi.py", line 212, in _run_command
    cur.execute(sql_statement)
psycopg2.errors.UndefinedTable: relation "province_table" does not exist

[2024-01-31 15:51:01,437] {taskinstance.py:1400} INFO - Marking task as UP_FOR_RETRY. dag_id=project_6_10, task_id=dim_district, execution_date=20240131T154907, start_date=20240131T155100, end_date=20240131T155101
[2024-01-31 15:51:01,513] {standard_task_runner.py:97} ERROR - Failed to execute job 130 for task dim_district (relation "province_table" does not exist
; 8389)
[2024-01-31 15:51:01,544] {local_task_job.py:156} INFO - Task exited with return code 1
[2024-01-31 15:51:01,737] {local_task_job.py:273} INFO - 0 downstream tasks scheduled from follow-on schedule check
