[2024-02-01 16:23:56,606] {taskinstance.py:1159} INFO - Dependencies all met for <TaskInstance: project_6_21.dim_mysql scheduled__2024-01-31T16:23:43.066336+00:00 [queued]>
[2024-02-01 16:23:56,628] {taskinstance.py:1159} INFO - Dependencies all met for <TaskInstance: project_6_21.dim_mysql scheduled__2024-01-31T16:23:43.066336+00:00 [queued]>
[2024-02-01 16:23:56,628] {taskinstance.py:1356} INFO - 
--------------------------------------------------------------------------------
[2024-02-01 16:23:56,629] {taskinstance.py:1357} INFO - Starting attempt 1 of 2
[2024-02-01 16:23:56,629] {taskinstance.py:1358} INFO - 
--------------------------------------------------------------------------------
[2024-02-01 16:23:56,669] {taskinstance.py:1377} INFO - Executing <Task(MySqlOperator): dim_mysql> on 2024-01-31 16:23:43.066336+00:00
[2024-02-01 16:23:56,708] {standard_task_runner.py:52} INFO - Started process 7169 to run task
[2024-02-01 16:23:56,717] {standard_task_runner.py:79} INFO - Running: ['***', 'tasks', 'run', 'project_6_21', 'dim_mysql', 'scheduled__2024-01-31T16:23:43.066336+00:00', '--job-id', '306', '--raw', '--subdir', 'DAGS_FOLDER/main.py', '--cfg-path', '/tmp/tmpm6tvn9i2', '--error-file', '/tmp/tmp_torywo6']
[2024-02-01 16:23:56,726] {standard_task_runner.py:80} INFO - Job 306: Subtask dim_mysql
[2024-02-01 16:23:57,066] {task_command.py:369} INFO - Running <TaskInstance: project_6_21.dim_mysql scheduled__2024-01-31T16:23:43.066336+00:00 [running]> on host 1fafaef2f352
[2024-02-01 16:23:57,438] {taskinstance.py:1571} INFO - Exporting the following env vars:
AIRFLOW_CTX_DAG_OWNER=***
AIRFLOW_CTX_DAG_ID=project_6_21
AIRFLOW_CTX_TASK_ID=dim_mysql
AIRFLOW_CTX_EXECUTION_DATE=2024-01-31T16:23:43.066336+00:00
AIRFLOW_CTX_TRY_NUMBER=1
AIRFLOW_CTX_DAG_RUN_ID=scheduled__2024-01-31T16:23:43.066336+00:00
[2024-02-01 16:23:57,443] {mysql.py:82} INFO - Executing: CREATE TABLE IF NOT EXISTS case_table (
    id INT PRIMARY KEY,
    status_name VARCHAR(255) NOT NULL,
    status_detail VARCHAR(255) NOT NULL
);


CREATE TABLE IF NOT EXISTS province_table (
    province_id INT PRIMARY KEY,
    province_name VARCHAR(255) NOT NULL
);

CREATE TABLE IF NOT EXISTS district_table (
    district_id INT PRIMARY KEY,
    province_id INT,
    district_name VARCHAR(255) NOT NULL,
    FOREIGN KEY (province_id) REFERENCES province_table(province_id)
);
[2024-02-01 16:23:57,526] {base.py:68} INFO - Using connection ID 'mysql_data_staging' for task execution.
[2024-02-01 16:23:57,656] {dbapi.py:208} INFO - Running statement: CREATE TABLE IF NOT EXISTS case_table (
    id INT PRIMARY KEY,
    status_name VARCHAR(255) NOT NULL,
    status_detail VARCHAR(255) NOT NULL
);


CREATE TABLE IF NOT EXISTS province_table (
    province_id INT PRIMARY KEY,
    province_name VARCHAR(255) NOT NULL
);

CREATE TABLE IF NOT EXISTS district_table (
    district_id INT PRIMARY KEY,
    province_id INT,
    district_name VARCHAR(255) NOT NULL,
    FOREIGN KEY (province_id) REFERENCES province_table(province_id)
);, parameters: None
[2024-02-01 16:23:57,661] {dbapi.py:216} INFO - Rows affected: 0
[2024-02-01 16:23:57,811] {taskinstance.py:1400} INFO - Marking task as SUCCESS. dag_id=project_6_21, task_id=dim_mysql, execution_date=20240131T162343, start_date=20240201T162356, end_date=20240201T162357
[2024-02-01 16:23:57,918] {local_task_job.py:156} INFO - Task exited with return code 0
[2024-02-01 16:23:58,169] {local_task_job.py:273} INFO - 1 downstream tasks scheduled from follow-on schedule check
