[2024-01-31 13:25:45,610] {taskinstance.py:1159} INFO - Dependencies all met for <TaskInstance: project_6_2.create_agg_table manual__2024-01-31T13:25:34.309287+00:00 [queued]>
[2024-01-31 13:25:45,697] {taskinstance.py:1159} INFO - Dependencies all met for <TaskInstance: project_6_2.create_agg_table manual__2024-01-31T13:25:34.309287+00:00 [queued]>
[2024-01-31 13:25:45,699] {taskinstance.py:1356} INFO - 
--------------------------------------------------------------------------------
[2024-01-31 13:25:45,700] {taskinstance.py:1357} INFO - Starting attempt 1 of 2
[2024-01-31 13:25:45,702] {taskinstance.py:1358} INFO - 
--------------------------------------------------------------------------------
[2024-01-31 13:25:45,860] {taskinstance.py:1377} INFO - Executing <Task(PostgresOperator): create_agg_table> on 2024-01-31 13:25:34.309287+00:00
[2024-01-31 13:25:45,911] {standard_task_runner.py:52} INFO - Started process 3379 to run task
[2024-01-31 13:25:45,932] {standard_task_runner.py:79} INFO - Running: ['***', 'tasks', 'run', 'project_6_2', 'create_agg_table', 'manual__2024-01-31T13:25:34.309287+00:00', '--job-id', '51', '--raw', '--subdir', 'DAGS_FOLDER/main.py', '--cfg-path', '/tmp/tmpp_ixhut3', '--error-file', '/tmp/tmpr80cevv4']
[2024-01-31 13:25:45,949] {standard_task_runner.py:80} INFO - Job 51: Subtask create_agg_table
[2024-01-31 13:25:47,293] {task_command.py:369} INFO - Running <TaskInstance: project_6_2.create_agg_table manual__2024-01-31T13:25:34.309287+00:00 [running]> on host 8ebb6ccf62d7
[2024-01-31 13:25:49,424] {taskinstance.py:1571} INFO - Exporting the following env vars:
AIRFLOW_CTX_DAG_OWNER=***
AIRFLOW_CTX_DAG_ID=project_6_2
AIRFLOW_CTX_TASK_ID=create_agg_table
AIRFLOW_CTX_EXECUTION_DATE=2024-01-31T13:25:34.309287+00:00
AIRFLOW_CTX_TRY_NUMBER=1
AIRFLOW_CTX_DAG_RUN_ID=manual__2024-01-31T13:25:34.309287+00:00
[2024-01-31 13:25:49,635] {base.py:68} INFO - Using connection ID 'postgres_dwh' for task execution.
[2024-01-31 13:25:57,678] {taskinstance.py:1889} ERROR - Task failed with exception
Traceback (most recent call last):
  File "/home/airflow/.local/lib/python3.7/site-packages/airflow/providers/postgres/operators/postgres.py", line 92, in execute
    self.hook.run(self.sql, self.autocommit, parameters=self.parameters)
  File "/home/airflow/.local/lib/python3.7/site-packages/airflow/hooks/dbapi.py", line 181, in run
    with closing(self.get_conn()) as conn:
  File "/home/airflow/.local/lib/python3.7/site-packages/airflow/providers/postgres/hooks/postgres.py", line 113, in get_conn
    self.conn = psycopg2.connect(**conn_args)
  File "/home/airflow/.local/lib/python3.7/site-packages/psycopg2/__init__.py", line 122, in connect
    conn = _connect(dsn, connection_factory=connection_factory, **kwasync)
psycopg2.OperationalError: could not translate host name "host.docker.local" to address: Temporary failure in name resolution

[2024-01-31 13:25:57,810] {taskinstance.py:1400} INFO - Marking task as UP_FOR_RETRY. dag_id=project_6_2, task_id=create_agg_table, execution_date=20240131T132534, start_date=20240131T132545, end_date=20240131T132557
[2024-01-31 13:25:57,872] {standard_task_runner.py:97} ERROR - Failed to execute job 51 for task create_agg_table (could not translate host name "host.docker.local" to address: Temporary failure in name resolution
; 3379)
[2024-01-31 13:25:57,928] {local_task_job.py:156} INFO - Task exited with return code 1
[2024-01-31 13:25:58,145] {local_task_job.py:273} INFO - 0 downstream tasks scheduled from follow-on schedule check
