[2024-02-02 06:43:20,755] {taskinstance.py:1159} INFO - Dependencies all met for <TaskInstance: project_6_28.aggregation_district manual__2024-02-02T06:43:07.744045+00:00 [queued]>
[2024-02-02 06:43:20,779] {taskinstance.py:1159} INFO - Dependencies all met for <TaskInstance: project_6_28.aggregation_district manual__2024-02-02T06:43:07.744045+00:00 [queued]>
[2024-02-02 06:43:20,780] {taskinstance.py:1356} INFO - 
--------------------------------------------------------------------------------
[2024-02-02 06:43:20,780] {taskinstance.py:1357} INFO - Starting attempt 1 of 2
[2024-02-02 06:43:20,780] {taskinstance.py:1358} INFO - 
--------------------------------------------------------------------------------
[2024-02-02 06:43:20,811] {taskinstance.py:1377} INFO - Executing <Task(PythonOperator): aggregation_district> on 2024-02-02 06:43:07.744045+00:00
[2024-02-02 06:43:20,828] {standard_task_runner.py:52} INFO - Started process 5570 to run task
[2024-02-02 06:43:20,833] {standard_task_runner.py:79} INFO - Running: ['***', 'tasks', 'run', 'project_6_28', 'aggregation_district', 'manual__2024-02-02T06:43:07.744045+00:00', '--job-id', '451', '--raw', '--subdir', 'DAGS_FOLDER/main.py', '--cfg-path', '/tmp/tmpp_1kai0p', '--error-file', '/tmp/tmpwdnjb9cf']
[2024-02-02 06:43:20,834] {standard_task_runner.py:80} INFO - Job 451: Subtask aggregation_district
[2024-02-02 06:43:21,049] {task_command.py:369} INFO - Running <TaskInstance: project_6_28.aggregation_district manual__2024-02-02T06:43:07.744045+00:00 [running]> on host 20775c919683
[2024-02-02 06:43:21,335] {taskinstance.py:1571} INFO - Exporting the following env vars:
AIRFLOW_CTX_DAG_OWNER=***
AIRFLOW_CTX_DAG_ID=project_6_28
AIRFLOW_CTX_TASK_ID=aggregation_district
AIRFLOW_CTX_EXECUTION_DATE=2024-02-02T06:43:07.744045+00:00
AIRFLOW_CTX_TRY_NUMBER=1
AIRFLOW_CTX_DAG_RUN_ID=manual__2024-02-02T06:43:07.744045+00:00
[2024-02-02 06:43:21,482] {logging_mixin.py:115} INFO -    id  kode_kab  case_id year_month  total
0   1      3201        1    2020-08      0
[2024-02-02 06:43:21,497] {logging_mixin.py:115} INFO -    id  kode_kab  case_id  year  total
0   1      3201        1  2020      0
[2024-02-02 06:43:21,497] {python.py:173} INFO - Done. Returned value was: None
[2024-02-02 06:43:21,559] {taskinstance.py:1400} INFO - Marking task as SUCCESS. dag_id=project_6_28, task_id=aggregation_district, execution_date=20240202T064307, start_date=20240202T064320, end_date=20240202T064321
[2024-02-02 06:43:21,612] {local_task_job.py:156} INFO - Task exited with return code 0
[2024-02-02 06:43:21,747] {local_task_job.py:273} INFO - 0 downstream tasks scheduled from follow-on schedule check
