[2024-02-01 15:30:37,585] {taskinstance.py:1159} INFO - Dependencies all met for <TaskInstance: project_6_15.dim_prov scheduled__2024-01-31T15:30:21.392570+00:00 [queued]>
[2024-02-01 15:30:37,613] {taskinstance.py:1159} INFO - Dependencies all met for <TaskInstance: project_6_15.dim_prov scheduled__2024-01-31T15:30:21.392570+00:00 [queued]>
[2024-02-01 15:30:37,613] {taskinstance.py:1356} INFO - 
--------------------------------------------------------------------------------
[2024-02-01 15:30:37,613] {taskinstance.py:1357} INFO - Starting attempt 1 of 2
[2024-02-01 15:30:37,614] {taskinstance.py:1358} INFO - 
--------------------------------------------------------------------------------
[2024-02-01 15:30:37,642] {taskinstance.py:1377} INFO - Executing <Task(PostgresOperator): dim_prov> on 2024-01-31 15:30:21.392570+00:00
[2024-02-01 15:30:37,652] {standard_task_runner.py:52} INFO - Started process 5099 to run task
[2024-02-01 15:30:37,658] {standard_task_runner.py:79} INFO - Running: ['***', 'tasks', 'run', 'project_6_15', 'dim_prov', 'scheduled__2024-01-31T15:30:21.392570+00:00', '--job-id', '206', '--raw', '--subdir', 'DAGS_FOLDER/main.py', '--cfg-path', '/tmp/tmp_ookh9es', '--error-file', '/tmp/tmp70og_y7f']
[2024-02-01 15:30:37,659] {standard_task_runner.py:80} INFO - Job 206: Subtask dim_prov
[2024-02-01 15:30:37,944] {task_command.py:369} INFO - Running <TaskInstance: project_6_15.dim_prov scheduled__2024-01-31T15:30:21.392570+00:00 [running]> on host 1fafaef2f352
[2024-02-01 15:30:38,351] {taskinstance.py:1571} INFO - Exporting the following env vars:
AIRFLOW_CTX_DAG_OWNER=***
AIRFLOW_CTX_DAG_ID=project_6_15
AIRFLOW_CTX_TASK_ID=dim_prov
AIRFLOW_CTX_EXECUTION_DATE=2024-01-31T15:30:21.392570+00:00
AIRFLOW_CTX_TRY_NUMBER=1
AIRFLOW_CTX_DAG_RUN_ID=scheduled__2024-01-31T15:30:21.392570+00:00
[2024-02-01 15:30:38,479] {base.py:68} INFO - Using connection ID 'postgres_dwh' for task execution.
[2024-02-01 15:30:38,555] {dbapi.py:208} INFO - Running statement: CREATE TABLE IF NOT EXISTS province_table (
    province_id INTEGER PRIMARY KEY,
    province_name VARCHAR(255) NOT NULL
);, parameters: None
[2024-02-01 15:30:38,568] {postgres.py:94} INFO - NOTICE:  relation "province_table" already exists, skipping

[2024-02-01 15:30:38,735] {taskinstance.py:1400} INFO - Marking task as SUCCESS. dag_id=project_6_15, task_id=dim_prov, execution_date=20240131T153021, start_date=20240201T153037, end_date=20240201T153038
[2024-02-01 15:30:38,848] {local_task_job.py:156} INFO - Task exited with return code 0
[2024-02-01 15:30:39,138] {local_task_job.py:273} INFO - 0 downstream tasks scheduled from follow-on schedule check
