[2024-02-01 15:42:10,075] {taskinstance.py:1159} INFO - Dependencies all met for <TaskInstance: project_6_16.dim_table_creation scheduled__2024-01-31T15:41:48.123007+00:00 [queued]>
[2024-02-01 15:42:10,089] {taskinstance.py:1159} INFO - Dependencies all met for <TaskInstance: project_6_16.dim_table_creation scheduled__2024-01-31T15:41:48.123007+00:00 [queued]>
[2024-02-01 15:42:10,089] {taskinstance.py:1356} INFO - 
--------------------------------------------------------------------------------
[2024-02-01 15:42:10,089] {taskinstance.py:1357} INFO - Starting attempt 1 of 2
[2024-02-01 15:42:10,090] {taskinstance.py:1358} INFO - 
--------------------------------------------------------------------------------
[2024-02-01 15:42:10,115] {taskinstance.py:1377} INFO - Executing <Task(PythonOperator): dim_table_creation> on 2024-01-31 15:41:48.123007+00:00
[2024-02-01 15:42:10,122] {standard_task_runner.py:52} INFO - Started process 5542 to run task
[2024-02-01 15:42:10,126] {standard_task_runner.py:79} INFO - Running: ['***', 'tasks', 'run', 'project_6_16', 'dim_table_creation', 'scheduled__2024-01-31T15:41:48.123007+00:00', '--job-id', '228', '--raw', '--subdir', 'DAGS_FOLDER/main.py', '--cfg-path', '/tmp/tmpwl7hzxcv', '--error-file', '/tmp/tmpd_j6cnlm']
[2024-02-01 15:42:10,127] {standard_task_runner.py:80} INFO - Job 228: Subtask dim_table_creation
[2024-02-01 15:42:10,376] {task_command.py:369} INFO - Running <TaskInstance: project_6_16.dim_table_creation scheduled__2024-01-31T15:41:48.123007+00:00 [running]> on host 1fafaef2f352
[2024-02-01 15:42:10,729] {taskinstance.py:1571} INFO - Exporting the following env vars:
AIRFLOW_CTX_DAG_OWNER=***
AIRFLOW_CTX_DAG_ID=project_6_16
AIRFLOW_CTX_TASK_ID=dim_table_creation
AIRFLOW_CTX_EXECUTION_DATE=2024-01-31T15:41:48.123007+00:00
AIRFLOW_CTX_TRY_NUMBER=1
AIRFLOW_CTX_DAG_RUN_ID=scheduled__2024-01-31T15:41:48.123007+00:00
[2024-02-01 15:42:10,837] {logging_mixin.py:115} INFO -    province_id   nama_prov
0            1  Jawa Barat
[2024-02-01 15:42:10,845] {logging_mixin.py:115} INFO -    district_id  province_id           nama_kab
0            1            1  Kabupaten Bandung
[2024-02-01 15:42:10,856] {logging_mixin.py:115} INFO -    case_id   status_name status_detail
0        1  closecontact   dikarantina
1        2  closecontact     discarded
2        3  closecontact     meninggal
3        4      probable     diisolasi
4        5      probable     discarded
[2024-02-01 15:42:10,857] {python.py:173} INFO - Done. Returned value was: None
[2024-02-01 15:42:10,986] {taskinstance.py:1400} INFO - Marking task as SUCCESS. dag_id=project_6_16, task_id=dim_table_creation, execution_date=20240131T154148, start_date=20240201T154210, end_date=20240201T154210
[2024-02-01 15:42:11,028] {local_task_job.py:156} INFO - Task exited with return code 0
[2024-02-01 15:42:11,221] {local_task_job.py:273} INFO - 0 downstream tasks scheduled from follow-on schedule check
