[2024-02-01 15:59:22,233] {taskinstance.py:1159} INFO - Dependencies all met for <TaskInstance: project_6_17.api_url_request manual__2024-02-01T15:59:19.792827+00:00 [queued]>
[2024-02-01 15:59:22,249] {taskinstance.py:1159} INFO - Dependencies all met for <TaskInstance: project_6_17.api_url_request manual__2024-02-01T15:59:19.792827+00:00 [queued]>
[2024-02-01 15:59:22,249] {taskinstance.py:1356} INFO - 
--------------------------------------------------------------------------------
[2024-02-01 15:59:22,249] {taskinstance.py:1357} INFO - Starting attempt 1 of 2
[2024-02-01 15:59:22,249] {taskinstance.py:1358} INFO - 
--------------------------------------------------------------------------------
[2024-02-01 15:59:22,272] {taskinstance.py:1377} INFO - Executing <Task(PythonOperator): api_url_request> on 2024-02-01 15:59:19.792827+00:00
[2024-02-01 15:59:22,279] {standard_task_runner.py:52} INFO - Started process 6142 to run task
[2024-02-01 15:59:22,282] {standard_task_runner.py:79} INFO - Running: ['***', 'tasks', 'run', 'project_6_17', 'api_url_request', 'manual__2024-02-01T15:59:19.792827+00:00', '--job-id', '239', '--raw', '--subdir', 'DAGS_FOLDER/main.py', '--cfg-path', '/tmp/tmp9hh6y0kb', '--error-file', '/tmp/tmpbd_1ipwl']
[2024-02-01 15:59:22,283] {standard_task_runner.py:80} INFO - Job 239: Subtask api_url_request
[2024-02-01 15:59:22,496] {task_command.py:369} INFO - Running <TaskInstance: project_6_17.api_url_request manual__2024-02-01T15:59:19.792827+00:00 [running]> on host 1fafaef2f352
[2024-02-01 15:59:22,737] {taskinstance.py:1571} INFO - Exporting the following env vars:
AIRFLOW_CTX_DAG_OWNER=***
AIRFLOW_CTX_DAG_ID=project_6_17
AIRFLOW_CTX_TASK_ID=api_url_request
AIRFLOW_CTX_EXECUTION_DATE=2024-02-01T15:59:19.792827+00:00
AIRFLOW_CTX_TRY_NUMBER=1
AIRFLOW_CTX_DAG_RUN_ID=manual__2024-02-01T15:59:19.792827+00:00
[2024-02-01 15:59:22,753] {logging_mixin.py:115} INFO - Connect Engine MySQL
[2024-02-01 15:59:23,112] {logging_mixin.py:115} INFO - DataFrame inserted into MySQL
[2024-02-01 15:59:23,112] {python.py:173} INFO - Done. Returned value was: True
[2024-02-01 15:59:23,244] {taskinstance.py:1400} INFO - Marking task as SUCCESS. dag_id=project_6_17, task_id=api_url_request, execution_date=20240201T155919, start_date=20240201T155922, end_date=20240201T155923
[2024-02-01 15:59:23,315] {local_task_job.py:156} INFO - Task exited with return code 0
[2024-02-01 15:59:23,466] {local_task_job.py:273} INFO - 1 downstream tasks scheduled from follow-on schedule check
