[2024-01-31 15:38:17,932] {taskinstance.py:1159} INFO - Dependencies all met for <TaskInstance: project_6_9.api_url_request manual__2024-01-31T15:38:01.809045+00:00 [queued]>
[2024-01-31 15:38:17,945] {taskinstance.py:1159} INFO - Dependencies all met for <TaskInstance: project_6_9.api_url_request manual__2024-01-31T15:38:01.809045+00:00 [queued]>
[2024-01-31 15:38:17,946] {taskinstance.py:1356} INFO - 
--------------------------------------------------------------------------------
[2024-01-31 15:38:17,946] {taskinstance.py:1357} INFO - Starting attempt 2 of 2
[2024-01-31 15:38:17,946] {taskinstance.py:1358} INFO - 
--------------------------------------------------------------------------------
[2024-01-31 15:38:17,970] {taskinstance.py:1377} INFO - Executing <Task(PythonOperator): api_url_request> on 2024-01-31 15:38:01.809045+00:00
[2024-01-31 15:38:17,980] {standard_task_runner.py:52} INFO - Started process 7915 to run task
[2024-01-31 15:38:17,984] {standard_task_runner.py:79} INFO - Running: ['***', 'tasks', 'run', 'project_6_9', 'api_url_request', 'manual__2024-01-31T15:38:01.809045+00:00', '--job-id', '115', '--raw', '--subdir', 'DAGS_FOLDER/main.py', '--cfg-path', '/tmp/tmp8ax2ukqg', '--error-file', '/tmp/tmpjbjc_jjw']
[2024-01-31 15:38:17,984] {standard_task_runner.py:80} INFO - Job 115: Subtask api_url_request
[2024-01-31 15:38:18,177] {task_command.py:369} INFO - Running <TaskInstance: project_6_9.api_url_request manual__2024-01-31T15:38:01.809045+00:00 [running]> on host 8ebb6ccf62d7
[2024-01-31 15:38:18,486] {taskinstance.py:1571} INFO - Exporting the following env vars:
AIRFLOW_CTX_DAG_OWNER=***
AIRFLOW_CTX_DAG_ID=project_6_9
AIRFLOW_CTX_TASK_ID=api_url_request
AIRFLOW_CTX_EXECUTION_DATE=2024-01-31T15:38:01.809045+00:00
AIRFLOW_CTX_TRY_NUMBER=2
AIRFLOW_CTX_DAG_RUN_ID=manual__2024-01-31T15:38:01.809045+00:00
[2024-01-31 15:38:18,506] {logging_mixin.py:115} INFO - Connect Engine MySQL
[2024-01-31 15:38:18,762] {logging_mixin.py:115} INFO - DataFrame inserted into MySQL
[2024-01-31 15:38:18,763] {python.py:173} INFO - Done. Returned value was: True
[2024-01-31 15:38:18,907] {taskinstance.py:1400} INFO - Marking task as SUCCESS. dag_id=project_6_9, task_id=api_url_request, execution_date=20240131T153801, start_date=20240131T153817, end_date=20240131T153818
[2024-01-31 15:38:18,970] {local_task_job.py:156} INFO - Task exited with return code 0
[2024-01-31 15:38:19,145] {local_task_job.py:273} INFO - 1 downstream tasks scheduled from follow-on schedule check
