[2024-02-02 06:40:02,933] {taskinstance.py:1159} INFO - Dependencies all met for <TaskInstance: project_6_27.dim_table_creation scheduled__2024-02-01T06:39:48.259384+00:00 [queued]>
[2024-02-02 06:40:02,955] {taskinstance.py:1159} INFO - Dependencies all met for <TaskInstance: project_6_27.dim_table_creation scheduled__2024-02-01T06:39:48.259384+00:00 [queued]>
[2024-02-02 06:40:02,956] {taskinstance.py:1356} INFO - 
--------------------------------------------------------------------------------
[2024-02-02 06:40:02,956] {taskinstance.py:1357} INFO - Starting attempt 1 of 2
[2024-02-02 06:40:02,956] {taskinstance.py:1358} INFO - 
--------------------------------------------------------------------------------
[2024-02-02 06:40:02,984] {taskinstance.py:1377} INFO - Executing <Task(PythonOperator): dim_table_creation> on 2024-02-01 06:39:48.259384+00:00
[2024-02-02 06:40:02,993] {standard_task_runner.py:52} INFO - Started process 5390 to run task
[2024-02-02 06:40:02,998] {standard_task_runner.py:79} INFO - Running: ['***', 'tasks', 'run', 'project_6_27', 'dim_table_creation', 'scheduled__2024-02-01T06:39:48.259384+00:00', '--job-id', '430', '--raw', '--subdir', 'DAGS_FOLDER/main.py', '--cfg-path', '/tmp/tmpmpnhqpqb', '--error-file', '/tmp/tmpoc5uf2zh']
[2024-02-02 06:40:02,999] {standard_task_runner.py:80} INFO - Job 430: Subtask dim_table_creation
[2024-02-02 06:40:03,276] {task_command.py:369} INFO - Running <TaskInstance: project_6_27.dim_table_creation scheduled__2024-02-01T06:39:48.259384+00:00 [running]> on host 20775c919683
[2024-02-02 06:40:03,593] {taskinstance.py:1571} INFO - Exporting the following env vars:
AIRFLOW_CTX_DAG_OWNER=***
AIRFLOW_CTX_DAG_ID=project_6_27
AIRFLOW_CTX_TASK_ID=dim_table_creation
AIRFLOW_CTX_EXECUTION_DATE=2024-02-01T06:39:48.259384+00:00
AIRFLOW_CTX_TRY_NUMBER=1
AIRFLOW_CTX_DAG_RUN_ID=scheduled__2024-02-01T06:39:48.259384+00:00
[2024-02-02 06:40:03,715] {logging_mixin.py:115} INFO -    kode_prov   nama_prov
0         32  Jawa Barat
[2024-02-02 06:40:03,725] {logging_mixin.py:115} INFO -    kode_kab  kode_prov         nama_kab
0      3201         32  Kabupaten Bogor
[2024-02-02 06:40:03,740] {logging_mixin.py:115} INFO -    case_id   status_name             status_detail
0        1  closecontact  closecontact_dikarantina
1        2  closecontact    closecontact_discarded
2        3  closecontact    closecontact_meninggal
3        4      probable        probable_diisolasi
4        5      probable        probable_discarded
[2024-02-02 06:40:03,803] {logging_mixin.py:115} INFO - Connect PostgreSQL using psycopg2
[2024-02-02 06:40:03,912] {logging_mixin.py:115} INFO - Connect Engine MySQL
[2024-02-02 06:40:04,095] {python.py:173} INFO - Done. Returned value was: None
[2024-02-02 06:40:04,200] {taskinstance.py:1400} INFO - Marking task as SUCCESS. dag_id=project_6_27, task_id=dim_table_creation, execution_date=20240201T063948, start_date=20240202T064002, end_date=20240202T064004
[2024-02-02 06:40:04,261] {local_task_job.py:156} INFO - Task exited with return code 0
[2024-02-02 06:40:04,484] {local_task_job.py:273} INFO - 0 downstream tasks scheduled from follow-on schedule check
