[2024-02-01 17:55:08,226] {taskinstance.py:1159} INFO - Dependencies all met for <TaskInstance: project_6_24.dim_postgres manual__2024-02-01T17:54:59.362619+00:00 [queued]>
[2024-02-01 17:55:08,258] {taskinstance.py:1159} INFO - Dependencies all met for <TaskInstance: project_6_24.dim_postgres manual__2024-02-01T17:54:59.362619+00:00 [queued]>
[2024-02-01 17:55:08,259] {taskinstance.py:1356} INFO - 
--------------------------------------------------------------------------------
[2024-02-01 17:55:08,259] {taskinstance.py:1357} INFO - Starting attempt 1 of 2
[2024-02-01 17:55:08,259] {taskinstance.py:1358} INFO - 
--------------------------------------------------------------------------------
[2024-02-01 17:55:08,297] {taskinstance.py:1377} INFO - Executing <Task(PostgresOperator): dim_postgres> on 2024-02-01 17:54:59.362619+00:00
[2024-02-01 17:55:08,309] {standard_task_runner.py:52} INFO - Started process 10351 to run task
[2024-02-01 17:55:08,315] {standard_task_runner.py:79} INFO - Running: ['***', 'tasks', 'run', 'project_6_24', 'dim_postgres', 'manual__2024-02-01T17:54:59.362619+00:00', '--job-id', '383', '--raw', '--subdir', 'DAGS_FOLDER/main.py', '--cfg-path', '/tmp/tmphseee7_c', '--error-file', '/tmp/tmpwtu7h3m9']
[2024-02-01 17:55:08,316] {standard_task_runner.py:80} INFO - Job 383: Subtask dim_postgres
[2024-02-01 17:55:08,641] {task_command.py:369} INFO - Running <TaskInstance: project_6_24.dim_postgres manual__2024-02-01T17:54:59.362619+00:00 [running]> on host 1fafaef2f352
[2024-02-01 17:55:09,087] {taskinstance.py:1571} INFO - Exporting the following env vars:
AIRFLOW_CTX_DAG_OWNER=***
AIRFLOW_CTX_DAG_ID=project_6_24
AIRFLOW_CTX_TASK_ID=dim_postgres
AIRFLOW_CTX_EXECUTION_DATE=2024-02-01T17:54:59.362619+00:00
AIRFLOW_CTX_TRY_NUMBER=1
AIRFLOW_CTX_DAG_RUN_ID=manual__2024-02-01T17:54:59.362619+00:00
[2024-02-01 17:55:09,192] {base.py:68} INFO - Using connection ID 'postgres_dwh' for task execution.
[2024-02-01 17:55:09,282] {dbapi.py:208} INFO - Running statement: CREATE TABLE IF NOT EXISTS case_table (
    id INTEGER,
    status_name VARCHAR(255) NOT NULL,
    status_detail VARCHAR(255) NOT NULL
);

CREATE TABLE IF NOT EXISTS province_table (
    province_id INTEGER PRIMARY KEY,
    province_name VARCHAR(255) NOT NULL
);

CREATE TABLE IF NOT EXISTS district_table (
    district_id INTEGER PRIMARY KEY,
    province_id INTEGER,
    district_name VARCHAR(255) NOT NULL
);
, parameters: None
[2024-02-01 17:55:09,293] {postgres.py:94} INFO - NOTICE:  relation "case_table" already exists, skipping

[2024-02-01 17:55:09,294] {postgres.py:94} INFO - NOTICE:  relation "province_table" already exists, skipping

[2024-02-01 17:55:09,294] {postgres.py:94} INFO - NOTICE:  relation "district_table" already exists, skipping

[2024-02-01 17:55:09,405] {taskinstance.py:1400} INFO - Marking task as SUCCESS. dag_id=project_6_24, task_id=dim_postgres, execution_date=20240201T175459, start_date=20240201T175508, end_date=20240201T175509
[2024-02-01 17:55:09,460] {local_task_job.py:156} INFO - Task exited with return code 0
[2024-02-01 17:55:09,721] {local_task_job.py:273} INFO - 1 downstream tasks scheduled from follow-on schedule check
