[2024-02-01 16:23:51,449] {taskinstance.py:1159} INFO - Dependencies all met for <TaskInstance: project_6_21.api_url_request scheduled__2024-01-31T16:23:43.066336+00:00 [queued]>
[2024-02-01 16:23:51,464] {taskinstance.py:1159} INFO - Dependencies all met for <TaskInstance: project_6_21.api_url_request scheduled__2024-01-31T16:23:43.066336+00:00 [queued]>
[2024-02-01 16:23:51,464] {taskinstance.py:1356} INFO - 
--------------------------------------------------------------------------------
[2024-02-01 16:23:51,464] {taskinstance.py:1357} INFO - Starting attempt 1 of 2
[2024-02-01 16:23:51,465] {taskinstance.py:1358} INFO - 
--------------------------------------------------------------------------------
[2024-02-01 16:23:51,500] {taskinstance.py:1377} INFO - Executing <Task(PythonOperator): api_url_request> on 2024-01-31 16:23:43.066336+00:00
[2024-02-01 16:23:51,511] {standard_task_runner.py:52} INFO - Started process 7144 to run task
[2024-02-01 16:23:51,515] {standard_task_runner.py:79} INFO - Running: ['***', 'tasks', 'run', 'project_6_21', 'api_url_request', 'scheduled__2024-01-31T16:23:43.066336+00:00', '--job-id', '301', '--raw', '--subdir', 'DAGS_FOLDER/main.py', '--cfg-path', '/tmp/tmpjg52i6sv', '--error-file', '/tmp/tmpf1lux4l8']
[2024-02-01 16:23:51,516] {standard_task_runner.py:80} INFO - Job 301: Subtask api_url_request
[2024-02-01 16:23:51,711] {task_command.py:369} INFO - Running <TaskInstance: project_6_21.api_url_request scheduled__2024-01-31T16:23:43.066336+00:00 [running]> on host 1fafaef2f352
[2024-02-01 16:23:51,984] {taskinstance.py:1571} INFO - Exporting the following env vars:
AIRFLOW_CTX_DAG_OWNER=***
AIRFLOW_CTX_DAG_ID=project_6_21
AIRFLOW_CTX_TASK_ID=api_url_request
AIRFLOW_CTX_EXECUTION_DATE=2024-01-31T16:23:43.066336+00:00
AIRFLOW_CTX_TRY_NUMBER=1
AIRFLOW_CTX_DAG_RUN_ID=scheduled__2024-01-31T16:23:43.066336+00:00
[2024-02-01 16:23:52,021] {logging_mixin.py:115} INFO - Connect Engine MySQL
[2024-02-01 16:23:52,299] {logging_mixin.py:115} INFO - DataFrame inserted into MySQL
[2024-02-01 16:23:52,299] {python.py:173} INFO - Done. Returned value was: True
[2024-02-01 16:23:52,441] {taskinstance.py:1400} INFO - Marking task as SUCCESS. dag_id=project_6_21, task_id=api_url_request, execution_date=20240131T162343, start_date=20240201T162351, end_date=20240201T162352
[2024-02-01 16:23:52,495] {local_task_job.py:156} INFO - Task exited with return code 0
[2024-02-01 16:23:52,669] {local_task_job.py:273} INFO - 1 downstream tasks scheduled from follow-on schedule check
