[2024-02-02 06:21:13,437] {taskinstance.py:1159} INFO - Dependencies all met for <TaskInstance: project_6_26.dim_postgres manual__2024-02-02T06:20:07.954489+00:00 [queued]>
[2024-02-02 06:21:13,456] {taskinstance.py:1159} INFO - Dependencies all met for <TaskInstance: project_6_26.dim_postgres manual__2024-02-02T06:20:07.954489+00:00 [queued]>
[2024-02-02 06:21:13,456] {taskinstance.py:1356} INFO - 
--------------------------------------------------------------------------------
[2024-02-02 06:21:13,457] {taskinstance.py:1357} INFO - Starting attempt 2 of 3
[2024-02-02 06:21:13,457] {taskinstance.py:1358} INFO - 
--------------------------------------------------------------------------------
[2024-02-02 06:21:13,484] {taskinstance.py:1377} INFO - Executing <Task(PostgresOperator): dim_postgres> on 2024-02-02 06:20:07.954489+00:00
[2024-02-02 06:21:13,490] {standard_task_runner.py:52} INFO - Started process 4720 to run task
[2024-02-02 06:21:13,496] {standard_task_runner.py:79} INFO - Running: ['***', 'tasks', 'run', 'project_6_26', 'dim_postgres', 'manual__2024-02-02T06:20:07.954489+00:00', '--job-id', '413', '--raw', '--subdir', 'DAGS_FOLDER/main.py', '--cfg-path', '/tmp/tmpudnlmepj', '--error-file', '/tmp/tmp1deju76p']
[2024-02-02 06:21:13,500] {standard_task_runner.py:80} INFO - Job 413: Subtask dim_postgres
[2024-02-02 06:21:13,756] {task_command.py:369} INFO - Running <TaskInstance: project_6_26.dim_postgres manual__2024-02-02T06:20:07.954489+00:00 [running]> on host 20775c919683
[2024-02-02 06:21:14,044] {taskinstance.py:1571} INFO - Exporting the following env vars:
AIRFLOW_CTX_DAG_OWNER=***
AIRFLOW_CTX_DAG_ID=project_6_26
AIRFLOW_CTX_TASK_ID=dim_postgres
AIRFLOW_CTX_EXECUTION_DATE=2024-02-02T06:20:07.954489+00:00
AIRFLOW_CTX_TRY_NUMBER=2
AIRFLOW_CTX_DAG_RUN_ID=manual__2024-02-02T06:20:07.954489+00:00
[2024-02-02 06:21:14,114] {base.py:68} INFO - Using connection ID 'postgres_dwh' for task execution.
[2024-02-02 06:21:14,174] {dbapi.py:208} INFO - Running statement: CREATE TABLE IF NOT EXISTS case_table (
    id INTEGER,
    status_name VARCHAR(255) NOT NULL,
    status_detail VARCHAR(255) NOT NULL
);

CREATE TABLE IF NOT EXISTS province_table (
    province_id INTEGER PRIMARY KEY,
    province_name VARCHAR(255) NOT NULL
);

CREATE TABLE IF NOT EXISTS district_table (
    district_id INTEGER PRIMARY KEY,
    province_id INTEGER,
    district_name VARCHAR(255) NOT NULL
);
, parameters: None
[2024-02-02 06:21:14,181] {postgres.py:94} INFO - NOTICE:  relation "case_table" already exists, skipping

[2024-02-02 06:21:14,182] {postgres.py:94} INFO - NOTICE:  relation "province_table" already exists, skipping

[2024-02-02 06:21:14,182] {postgres.py:94} INFO - NOTICE:  relation "district_table" already exists, skipping

[2024-02-02 06:21:14,250] {taskinstance.py:1400} INFO - Marking task as SUCCESS. dag_id=project_6_26, task_id=dim_postgres, execution_date=20240202T062007, start_date=20240202T062113, end_date=20240202T062114
[2024-02-02 06:21:14,315] {local_task_job.py:156} INFO - Task exited with return code 0
[2024-02-02 06:21:14,480] {local_task_job.py:273} INFO - 1 downstream tasks scheduled from follow-on schedule check
