[2024-02-01 15:24:42,646] {taskinstance.py:1159} INFO - Dependencies all met for <TaskInstance: project_6_14.api_url_request scheduled__2024-01-31T15:24:09.798868+00:00 [queued]>
[2024-02-01 15:24:42,674] {taskinstance.py:1159} INFO - Dependencies all met for <TaskInstance: project_6_14.api_url_request scheduled__2024-01-31T15:24:09.798868+00:00 [queued]>
[2024-02-01 15:24:42,675] {taskinstance.py:1356} INFO - 
--------------------------------------------------------------------------------
[2024-02-01 15:24:42,675] {taskinstance.py:1357} INFO - Starting attempt 2 of 2
[2024-02-01 15:24:42,675] {taskinstance.py:1358} INFO - 
--------------------------------------------------------------------------------
[2024-02-01 15:24:42,746] {taskinstance.py:1377} INFO - Executing <Task(PythonOperator): api_url_request> on 2024-01-31 15:24:09.798868+00:00
[2024-02-01 15:24:42,761] {standard_task_runner.py:52} INFO - Started process 4854 to run task
[2024-02-01 15:24:42,780] {standard_task_runner.py:79} INFO - Running: ['***', 'tasks', 'run', 'project_6_14', 'api_url_request', 'scheduled__2024-01-31T15:24:09.798868+00:00', '--job-id', '191', '--raw', '--subdir', 'DAGS_FOLDER/main.py', '--cfg-path', '/tmp/tmpw4zb05j1', '--error-file', '/tmp/tmpo83u3w3n']
[2024-02-01 15:24:42,783] {standard_task_runner.py:80} INFO - Job 191: Subtask api_url_request
[2024-02-01 15:24:43,066] {task_command.py:369} INFO - Running <TaskInstance: project_6_14.api_url_request scheduled__2024-01-31T15:24:09.798868+00:00 [running]> on host 1fafaef2f352
[2024-02-01 15:24:43,333] {taskinstance.py:1571} INFO - Exporting the following env vars:
AIRFLOW_CTX_DAG_OWNER=***
AIRFLOW_CTX_DAG_ID=project_6_14
AIRFLOW_CTX_TASK_ID=api_url_request
AIRFLOW_CTX_EXECUTION_DATE=2024-01-31T15:24:09.798868+00:00
AIRFLOW_CTX_TRY_NUMBER=2
AIRFLOW_CTX_DAG_RUN_ID=scheduled__2024-01-31T15:24:09.798868+00:00
[2024-02-01 15:24:43,362] {logging_mixin.py:115} INFO - Connect Engine MySQL
[2024-02-01 15:24:43,635] {logging_mixin.py:115} INFO - DataFrame inserted into MySQL
[2024-02-01 15:24:43,635] {python.py:173} INFO - Done. Returned value was: True
[2024-02-01 15:24:43,805] {taskinstance.py:1400} INFO - Marking task as SUCCESS. dag_id=project_6_14, task_id=api_url_request, execution_date=20240131T152409, start_date=20240201T152442, end_date=20240201T152443
[2024-02-01 15:24:43,854] {local_task_job.py:156} INFO - Task exited with return code 0
[2024-02-01 15:24:44,024] {local_task_job.py:273} INFO - 1 downstream tasks scheduled from follow-on schedule check
