[2024-02-02 06:43:13,204] {taskinstance.py:1159} INFO - Dependencies all met for <TaskInstance: project_6_28.dim_table_creation scheduled__2024-02-01T06:42:45.442031+00:00 [queued]>
[2024-02-02 06:43:13,256] {taskinstance.py:1159} INFO - Dependencies all met for <TaskInstance: project_6_28.dim_table_creation scheduled__2024-02-01T06:42:45.442031+00:00 [queued]>
[2024-02-02 06:43:13,257] {taskinstance.py:1356} INFO - 
--------------------------------------------------------------------------------
[2024-02-02 06:43:13,257] {taskinstance.py:1357} INFO - Starting attempt 1 of 2
[2024-02-02 06:43:13,257] {taskinstance.py:1358} INFO - 
--------------------------------------------------------------------------------
[2024-02-02 06:43:13,296] {taskinstance.py:1377} INFO - Executing <Task(PythonOperator): dim_table_creation> on 2024-02-01 06:42:45.442031+00:00
[2024-02-02 06:43:13,312] {standard_task_runner.py:52} INFO - Started process 5533 to run task
[2024-02-02 06:43:13,316] {standard_task_runner.py:79} INFO - Running: ['***', 'tasks', 'run', 'project_6_28', 'dim_table_creation', 'scheduled__2024-02-01T06:42:45.442031+00:00', '--job-id', '442', '--raw', '--subdir', 'DAGS_FOLDER/main.py', '--cfg-path', '/tmp/tmpmp8oqx51', '--error-file', '/tmp/tmpceu3jyse']
[2024-02-02 06:43:13,317] {standard_task_runner.py:80} INFO - Job 442: Subtask dim_table_creation
[2024-02-02 06:43:13,576] {task_command.py:369} INFO - Running <TaskInstance: project_6_28.dim_table_creation scheduled__2024-02-01T06:42:45.442031+00:00 [running]> on host 20775c919683
[2024-02-02 06:43:14,069] {taskinstance.py:1571} INFO - Exporting the following env vars:
AIRFLOW_CTX_DAG_OWNER=***
AIRFLOW_CTX_DAG_ID=project_6_28
AIRFLOW_CTX_TASK_ID=dim_table_creation
AIRFLOW_CTX_EXECUTION_DATE=2024-02-01T06:42:45.442031+00:00
AIRFLOW_CTX_TRY_NUMBER=1
AIRFLOW_CTX_DAG_RUN_ID=scheduled__2024-02-01T06:42:45.442031+00:00
[2024-02-02 06:43:14,199] {logging_mixin.py:115} INFO -    kode_prov   nama_prov
0         32  Jawa Barat
[2024-02-02 06:43:14,208] {logging_mixin.py:115} INFO -    kode_kab  kode_prov         nama_kab
0      3201         32  Kabupaten Bogor
[2024-02-02 06:43:14,223] {logging_mixin.py:115} INFO -    case_id   status_name             status_detail
0        1  closecontact  closecontact_dikarantina
1        2  closecontact    closecontact_discarded
2        3  closecontact    closecontact_meninggal
3        4      probable        probable_diisolasi
4        5      probable        probable_discarded
[2024-02-02 06:43:14,298] {logging_mixin.py:115} INFO - Connect PostgreSQL using psycopg2
[2024-02-02 06:43:14,369] {logging_mixin.py:115} INFO - Connect Engine MySQL
[2024-02-02 06:43:14,445] {python.py:173} INFO - Done. Returned value was: None
[2024-02-02 06:43:14,538] {taskinstance.py:1400} INFO - Marking task as SUCCESS. dag_id=project_6_28, task_id=dim_table_creation, execution_date=20240201T064245, start_date=20240202T064313, end_date=20240202T064314
[2024-02-02 06:43:14,589] {local_task_job.py:156} INFO - Task exited with return code 0
[2024-02-02 06:43:14,805] {local_task_job.py:273} INFO - 1 downstream tasks scheduled from follow-on schedule check
