[2024-02-01 16:12:06,558] {taskinstance.py:1159} INFO - Dependencies all met for <TaskInstance: project_6_19.api_url_request manual__2024-02-01T16:12:03.477767+00:00 [queued]>
[2024-02-01 16:12:06,572] {taskinstance.py:1159} INFO - Dependencies all met for <TaskInstance: project_6_19.api_url_request manual__2024-02-01T16:12:03.477767+00:00 [queued]>
[2024-02-01 16:12:06,572] {taskinstance.py:1356} INFO - 
--------------------------------------------------------------------------------
[2024-02-01 16:12:06,573] {taskinstance.py:1357} INFO - Starting attempt 1 of 2
[2024-02-01 16:12:06,573] {taskinstance.py:1358} INFO - 
--------------------------------------------------------------------------------
[2024-02-01 16:12:06,598] {taskinstance.py:1377} INFO - Executing <Task(PythonOperator): api_url_request> on 2024-02-01 16:12:03.477767+00:00
[2024-02-01 16:12:06,620] {standard_task_runner.py:52} INFO - Started process 6652 to run task
[2024-02-01 16:12:06,634] {standard_task_runner.py:79} INFO - Running: ['***', 'tasks', 'run', 'project_6_19', 'api_url_request', 'manual__2024-02-01T16:12:03.477767+00:00', '--job-id', '267', '--raw', '--subdir', 'DAGS_FOLDER/main.py', '--cfg-path', '/tmp/tmpt789qkmt', '--error-file', '/tmp/tmp1yyjozww']
[2024-02-01 16:12:06,636] {standard_task_runner.py:80} INFO - Job 267: Subtask api_url_request
[2024-02-01 16:12:06,905] {task_command.py:369} INFO - Running <TaskInstance: project_6_19.api_url_request manual__2024-02-01T16:12:03.477767+00:00 [running]> on host 1fafaef2f352
[2024-02-01 16:12:07,194] {taskinstance.py:1571} INFO - Exporting the following env vars:
AIRFLOW_CTX_DAG_OWNER=***
AIRFLOW_CTX_DAG_ID=project_6_19
AIRFLOW_CTX_TASK_ID=api_url_request
AIRFLOW_CTX_EXECUTION_DATE=2024-02-01T16:12:03.477767+00:00
AIRFLOW_CTX_TRY_NUMBER=1
AIRFLOW_CTX_DAG_RUN_ID=manual__2024-02-01T16:12:03.477767+00:00
[2024-02-01 16:12:07,242] {logging_mixin.py:115} INFO - Connect Engine MySQL
[2024-02-01 16:12:07,626] {logging_mixin.py:115} INFO - DataFrame inserted into MySQL
[2024-02-01 16:12:07,627] {python.py:173} INFO - Done. Returned value was: True
[2024-02-01 16:12:07,797] {taskinstance.py:1400} INFO - Marking task as SUCCESS. dag_id=project_6_19, task_id=api_url_request, execution_date=20240201T161203, start_date=20240201T161206, end_date=20240201T161207
[2024-02-01 16:12:07,865] {local_task_job.py:156} INFO - Task exited with return code 0
[2024-02-01 16:12:08,034] {local_task_job.py:273} INFO - 1 downstream tasks scheduled from follow-on schedule check
