[2024-02-01 16:29:06,985] {taskinstance.py:1159} INFO - Dependencies all met for <TaskInstance: project_6_21.api_url_request manual__2024-02-01T16:23:50.452158+00:00 [queued]>
[2024-02-01 16:29:06,996] {taskinstance.py:1159} INFO - Dependencies all met for <TaskInstance: project_6_21.api_url_request manual__2024-02-01T16:23:50.452158+00:00 [queued]>
[2024-02-01 16:29:06,996] {taskinstance.py:1356} INFO - 
--------------------------------------------------------------------------------
[2024-02-01 16:29:06,996] {taskinstance.py:1357} INFO - Starting attempt 3 of 3
[2024-02-01 16:29:06,997] {taskinstance.py:1358} INFO - 
--------------------------------------------------------------------------------
[2024-02-01 16:29:07,020] {taskinstance.py:1377} INFO - Executing <Task(PythonOperator): api_url_request> on 2024-02-01 16:23:50.452158+00:00
[2024-02-01 16:29:07,027] {standard_task_runner.py:52} INFO - Started process 7367 to run task
[2024-02-01 16:29:07,031] {standard_task_runner.py:79} INFO - Running: ['***', 'tasks', 'run', 'project_6_21', 'api_url_request', 'manual__2024-02-01T16:23:50.452158+00:00', '--job-id', '317', '--raw', '--subdir', 'DAGS_FOLDER/main.py', '--cfg-path', '/tmp/tmp3slj07xg', '--error-file', '/tmp/tmpow_67xgp']
[2024-02-01 16:29:07,032] {standard_task_runner.py:80} INFO - Job 317: Subtask api_url_request
[2024-02-01 16:29:07,219] {task_command.py:369} INFO - Running <TaskInstance: project_6_21.api_url_request manual__2024-02-01T16:23:50.452158+00:00 [running]> on host 1fafaef2f352
[2024-02-01 16:29:07,471] {taskinstance.py:1571} INFO - Exporting the following env vars:
AIRFLOW_CTX_DAG_OWNER=***
AIRFLOW_CTX_DAG_ID=project_6_21
AIRFLOW_CTX_TASK_ID=api_url_request
AIRFLOW_CTX_EXECUTION_DATE=2024-02-01T16:23:50.452158+00:00
AIRFLOW_CTX_TRY_NUMBER=3
AIRFLOW_CTX_DAG_RUN_ID=manual__2024-02-01T16:23:50.452158+00:00
[2024-02-01 16:29:07,488] {logging_mixin.py:115} INFO - Connect Engine MySQL
[2024-02-01 16:29:07,696] {logging_mixin.py:115} INFO - DataFrame inserted into MySQL
[2024-02-01 16:29:07,697] {python.py:173} INFO - Done. Returned value was: True
[2024-02-01 16:29:07,826] {taskinstance.py:1400} INFO - Marking task as SUCCESS. dag_id=project_6_21, task_id=api_url_request, execution_date=20240201T162350, start_date=20240201T162906, end_date=20240201T162907
[2024-02-01 16:29:07,863] {local_task_job.py:156} INFO - Task exited with return code 0
[2024-02-01 16:29:08,000] {local_task_job.py:273} INFO - 0 downstream tasks scheduled from follow-on schedule check
