[2024-02-01 13:40:57,909] {taskinstance.py:1159} INFO - Dependencies all met for <TaskInstance: project_6_11.api_url_request manual__2024-02-01T13:40:54.240442+00:00 [queued]>
[2024-02-01 13:40:57,924] {taskinstance.py:1159} INFO - Dependencies all met for <TaskInstance: project_6_11.api_url_request manual__2024-02-01T13:40:54.240442+00:00 [queued]>
[2024-02-01 13:40:57,925] {taskinstance.py:1356} INFO - 
--------------------------------------------------------------------------------
[2024-02-01 13:40:57,925] {taskinstance.py:1357} INFO - Starting attempt 1 of 2
[2024-02-01 13:40:57,925] {taskinstance.py:1358} INFO - 
--------------------------------------------------------------------------------
[2024-02-01 13:40:57,962] {taskinstance.py:1377} INFO - Executing <Task(PythonOperator): api_url_request> on 2024-02-01 13:40:54.240442+00:00
[2024-02-01 13:40:57,978] {standard_task_runner.py:52} INFO - Started process 1296 to run task
[2024-02-01 13:40:57,982] {standard_task_runner.py:79} INFO - Running: ['***', 'tasks', 'run', 'project_6_11', 'api_url_request', 'manual__2024-02-01T13:40:54.240442+00:00', '--job-id', '141', '--raw', '--subdir', 'DAGS_FOLDER/main.py', '--cfg-path', '/tmp/tmp90lyhose', '--error-file', '/tmp/tmpgdd9_til']
[2024-02-01 13:40:57,984] {standard_task_runner.py:80} INFO - Job 141: Subtask api_url_request
[2024-02-01 13:40:58,351] {task_command.py:369} INFO - Running <TaskInstance: project_6_11.api_url_request manual__2024-02-01T13:40:54.240442+00:00 [running]> on host 1fafaef2f352
[2024-02-01 13:40:58,704] {taskinstance.py:1571} INFO - Exporting the following env vars:
AIRFLOW_CTX_DAG_OWNER=***
AIRFLOW_CTX_DAG_ID=project_6_11
AIRFLOW_CTX_TASK_ID=api_url_request
AIRFLOW_CTX_EXECUTION_DATE=2024-02-01T13:40:54.240442+00:00
AIRFLOW_CTX_TRY_NUMBER=1
AIRFLOW_CTX_DAG_RUN_ID=manual__2024-02-01T13:40:54.240442+00:00
[2024-02-01 13:40:58,732] {logging_mixin.py:115} INFO - Connect Engine MySQL
[2024-02-01 13:40:59,144] {logging_mixin.py:115} INFO - DataFrame inserted into MySQL
[2024-02-01 13:40:59,144] {python.py:173} INFO - Done. Returned value was: True
[2024-02-01 13:40:59,288] {taskinstance.py:1400} INFO - Marking task as SUCCESS. dag_id=project_6_11, task_id=api_url_request, execution_date=20240201T134054, start_date=20240201T134057, end_date=20240201T134059
[2024-02-01 13:40:59,330] {local_task_job.py:156} INFO - Task exited with return code 0
[2024-02-01 13:40:59,501] {local_task_job.py:273} INFO - 1 downstream tasks scheduled from follow-on schedule check
