[2024-02-02 06:21:10,856] {taskinstance.py:1159} INFO - Dependencies all met for <TaskInstance: project_6_26.api_url_request manual__2024-02-02T06:20:07.954489+00:00 [queued]>
[2024-02-02 06:21:10,878] {taskinstance.py:1159} INFO - Dependencies all met for <TaskInstance: project_6_26.api_url_request manual__2024-02-02T06:20:07.954489+00:00 [queued]>
[2024-02-02 06:21:10,879] {taskinstance.py:1356} INFO - 
--------------------------------------------------------------------------------
[2024-02-02 06:21:10,879] {taskinstance.py:1357} INFO - Starting attempt 2 of 3
[2024-02-02 06:21:10,879] {taskinstance.py:1358} INFO - 
--------------------------------------------------------------------------------
[2024-02-02 06:21:10,925] {taskinstance.py:1377} INFO - Executing <Task(PythonOperator): api_url_request> on 2024-02-02 06:20:07.954489+00:00
[2024-02-02 06:21:10,940] {standard_task_runner.py:52} INFO - Started process 4711 to run task
[2024-02-02 06:21:10,947] {standard_task_runner.py:79} INFO - Running: ['***', 'tasks', 'run', 'project_6_26', 'api_url_request', 'manual__2024-02-02T06:20:07.954489+00:00', '--job-id', '412', '--raw', '--subdir', 'DAGS_FOLDER/main.py', '--cfg-path', '/tmp/tmpm0ie96e9', '--error-file', '/tmp/tmprffmc7qb']
[2024-02-02 06:21:10,950] {standard_task_runner.py:80} INFO - Job 412: Subtask api_url_request
[2024-02-02 06:21:11,286] {task_command.py:369} INFO - Running <TaskInstance: project_6_26.api_url_request manual__2024-02-02T06:20:07.954489+00:00 [running]> on host 20775c919683
[2024-02-02 06:21:11,524] {taskinstance.py:1571} INFO - Exporting the following env vars:
AIRFLOW_CTX_DAG_OWNER=***
AIRFLOW_CTX_DAG_ID=project_6_26
AIRFLOW_CTX_TASK_ID=api_url_request
AIRFLOW_CTX_EXECUTION_DATE=2024-02-02T06:20:07.954489+00:00
AIRFLOW_CTX_TRY_NUMBER=2
AIRFLOW_CTX_DAG_RUN_ID=manual__2024-02-02T06:20:07.954489+00:00
[2024-02-02 06:21:11,575] {logging_mixin.py:115} INFO - Connect Engine MySQL
[2024-02-02 06:21:11,855] {logging_mixin.py:115} INFO - DataFrame inserted into MySQL
[2024-02-02 06:21:11,855] {python.py:173} INFO - Done. Returned value was: True
[2024-02-02 06:21:11,986] {taskinstance.py:1400} INFO - Marking task as SUCCESS. dag_id=project_6_26, task_id=api_url_request, execution_date=20240202T062007, start_date=20240202T062110, end_date=20240202T062111
[2024-02-02 06:21:12,059] {local_task_job.py:156} INFO - Task exited with return code 0
[2024-02-02 06:21:12,203] {local_task_job.py:273} INFO - 0 downstream tasks scheduled from follow-on schedule check
