[2024-02-02 06:20:11,204] {taskinstance.py:1159} INFO - Dependencies all met for <TaskInstance: project_6_26.api_url_request manual__2024-02-02T06:20:07.954489+00:00 [queued]>
[2024-02-02 06:20:11,221] {taskinstance.py:1159} INFO - Dependencies all met for <TaskInstance: project_6_26.api_url_request manual__2024-02-02T06:20:07.954489+00:00 [queued]>
[2024-02-02 06:20:11,221] {taskinstance.py:1356} INFO - 
--------------------------------------------------------------------------------
[2024-02-02 06:20:11,221] {taskinstance.py:1357} INFO - Starting attempt 1 of 2
[2024-02-02 06:20:11,221] {taskinstance.py:1358} INFO - 
--------------------------------------------------------------------------------
[2024-02-02 06:20:11,253] {taskinstance.py:1377} INFO - Executing <Task(PythonOperator): api_url_request> on 2024-02-02 06:20:07.954489+00:00
[2024-02-02 06:20:11,279] {standard_task_runner.py:52} INFO - Started process 4644 to run task
[2024-02-02 06:20:11,284] {standard_task_runner.py:79} INFO - Running: ['***', 'tasks', 'run', 'project_6_26', 'api_url_request', 'manual__2024-02-02T06:20:07.954489+00:00', '--job-id', '401', '--raw', '--subdir', 'DAGS_FOLDER/main.py', '--cfg-path', '/tmp/tmpud3d8dlx', '--error-file', '/tmp/tmpaxcfzu4f']
[2024-02-02 06:20:11,285] {standard_task_runner.py:80} INFO - Job 401: Subtask api_url_request
[2024-02-02 06:20:11,657] {task_command.py:369} INFO - Running <TaskInstance: project_6_26.api_url_request manual__2024-02-02T06:20:07.954489+00:00 [running]> on host 20775c919683
[2024-02-02 06:20:12,208] {taskinstance.py:1571} INFO - Exporting the following env vars:
AIRFLOW_CTX_DAG_OWNER=***
AIRFLOW_CTX_DAG_ID=project_6_26
AIRFLOW_CTX_TASK_ID=api_url_request
AIRFLOW_CTX_EXECUTION_DATE=2024-02-02T06:20:07.954489+00:00
AIRFLOW_CTX_TRY_NUMBER=1
AIRFLOW_CTX_DAG_RUN_ID=manual__2024-02-02T06:20:07.954489+00:00
[2024-02-02 06:20:12,245] {logging_mixin.py:115} INFO - Connect Engine MySQL
[2024-02-02 06:20:12,622] {logging_mixin.py:115} INFO - DataFrame inserted into MySQL
[2024-02-02 06:20:12,631] {python.py:173} INFO - Done. Returned value was: True
[2024-02-02 06:20:12,965] {taskinstance.py:1400} INFO - Marking task as SUCCESS. dag_id=project_6_26, task_id=api_url_request, execution_date=20240202T062007, start_date=20240202T062011, end_date=20240202T062012
[2024-02-02 06:20:13,112] {local_task_job.py:156} INFO - Task exited with return code 0
[2024-02-02 06:20:13,365] {local_task_job.py:273} INFO - 1 downstream tasks scheduled from follow-on schedule check
