[2024-02-01 15:21:10,343] {taskinstance.py:1159} INFO - Dependencies all met for <TaskInstance: project_6_13.api_url_request manual__2024-02-01T15:19:47.875741+00:00 [queued]>
[2024-02-01 15:21:10,354] {taskinstance.py:1159} INFO - Dependencies all met for <TaskInstance: project_6_13.api_url_request manual__2024-02-01T15:19:47.875741+00:00 [queued]>
[2024-02-01 15:21:10,355] {taskinstance.py:1356} INFO - 
--------------------------------------------------------------------------------
[2024-02-01 15:21:10,355] {taskinstance.py:1357} INFO - Starting attempt 3 of 4
[2024-02-01 15:21:10,355] {taskinstance.py:1358} INFO - 
--------------------------------------------------------------------------------
[2024-02-01 15:21:10,377] {taskinstance.py:1377} INFO - Executing <Task(PythonOperator): api_url_request> on 2024-02-01 15:19:47.875741+00:00
[2024-02-01 15:21:10,384] {standard_task_runner.py:52} INFO - Started process 4678 to run task
[2024-02-01 15:21:10,387] {standard_task_runner.py:79} INFO - Running: ['***', 'tasks', 'run', 'project_6_13', 'api_url_request', 'manual__2024-02-01T15:19:47.875741+00:00', '--job-id', '174', '--raw', '--subdir', 'DAGS_FOLDER/main.py', '--cfg-path', '/tmp/tmpmkdtyxg7', '--error-file', '/tmp/tmpkuytvfs9']
[2024-02-01 15:21:10,388] {standard_task_runner.py:80} INFO - Job 174: Subtask api_url_request
[2024-02-01 15:21:10,601] {task_command.py:369} INFO - Running <TaskInstance: project_6_13.api_url_request manual__2024-02-01T15:19:47.875741+00:00 [running]> on host 1fafaef2f352
[2024-02-01 15:21:10,847] {taskinstance.py:1571} INFO - Exporting the following env vars:
AIRFLOW_CTX_DAG_OWNER=***
AIRFLOW_CTX_DAG_ID=project_6_13
AIRFLOW_CTX_TASK_ID=api_url_request
AIRFLOW_CTX_EXECUTION_DATE=2024-02-01T15:19:47.875741+00:00
AIRFLOW_CTX_TRY_NUMBER=3
AIRFLOW_CTX_DAG_RUN_ID=manual__2024-02-01T15:19:47.875741+00:00
[2024-02-01 15:21:10,868] {logging_mixin.py:115} INFO - Connect Engine MySQL
[2024-02-01 15:21:11,104] {logging_mixin.py:115} INFO - DataFrame inserted into MySQL
[2024-02-01 15:21:11,105] {python.py:173} INFO - Done. Returned value was: True
[2024-02-01 15:21:11,241] {taskinstance.py:1400} INFO - Marking task as SUCCESS. dag_id=project_6_13, task_id=api_url_request, execution_date=20240201T151947, start_date=20240201T152110, end_date=20240201T152111
[2024-02-01 15:21:11,293] {local_task_job.py:156} INFO - Task exited with return code 0
[2024-02-01 15:21:11,444] {local_task_job.py:273} INFO - 1 downstream tasks scheduled from follow-on schedule check
