[2024-01-31 14:30:33,140] {taskinstance.py:1159} INFO - Dependencies all met for <TaskInstance: project_6_6.raw_insert_mysql scheduled__2024-01-30T14:16:17.312199+00:00 [queued]>
[2024-01-31 14:30:33,159] {taskinstance.py:1159} INFO - Dependencies all met for <TaskInstance: project_6_6.raw_insert_mysql scheduled__2024-01-30T14:16:17.312199+00:00 [queued]>
[2024-01-31 14:30:33,160] {taskinstance.py:1356} INFO - 
--------------------------------------------------------------------------------
[2024-01-31 14:30:33,160] {taskinstance.py:1357} INFO - Starting attempt 4 of 5
[2024-01-31 14:30:33,160] {taskinstance.py:1358} INFO - 
--------------------------------------------------------------------------------
[2024-01-31 14:30:33,195] {taskinstance.py:1377} INFO - Executing <Task(PythonOperator): raw_insert_mysql> on 2024-01-30 14:16:17.312199+00:00
[2024-01-31 14:30:33,213] {standard_task_runner.py:52} INFO - Started process 5665 to run task
[2024-01-31 14:30:33,219] {standard_task_runner.py:79} INFO - Running: ['***', 'tasks', 'run', 'project_6_6', 'raw_insert_mysql', 'scheduled__2024-01-30T14:16:17.312199+00:00', '--job-id', '103', '--raw', '--subdir', 'DAGS_FOLDER/main.py', '--cfg-path', '/tmp/tmp5d205jyr', '--error-file', '/tmp/tmpqks2dqps']
[2024-01-31 14:30:33,221] {standard_task_runner.py:80} INFO - Job 103: Subtask raw_insert_mysql
[2024-01-31 14:30:33,722] {task_command.py:369} INFO - Running <TaskInstance: project_6_6.raw_insert_mysql scheduled__2024-01-30T14:16:17.312199+00:00 [running]> on host 8ebb6ccf62d7
[2024-01-31 14:30:34,263] {taskinstance.py:1571} INFO - Exporting the following env vars:
AIRFLOW_CTX_DAG_OWNER=***
AIRFLOW_CTX_DAG_ID=project_6_6
AIRFLOW_CTX_TASK_ID=raw_insert_mysql
AIRFLOW_CTX_EXECUTION_DATE=2024-01-30T14:16:17.312199+00:00
AIRFLOW_CTX_TRY_NUMBER=4
AIRFLOW_CTX_DAG_RUN_ID=scheduled__2024-01-30T14:16:17.312199+00:00
[2024-01-31 14:30:34,369] {logging_mixin.py:115} INFO - No DataFrame retrieved from XCom. Unable to insert into MySQL.
[2024-01-31 14:30:34,370] {python.py:173} INFO - Done. Returned value was: False
[2024-01-31 14:30:34,567] {taskinstance.py:1400} INFO - Marking task as SUCCESS. dag_id=project_6_6, task_id=raw_insert_mysql, execution_date=20240130T141617, start_date=20240131T143033, end_date=20240131T143034
[2024-01-31 14:30:34,626] {local_task_job.py:156} INFO - Task exited with return code 0
[2024-01-31 14:30:34,845] {local_task_job.py:273} INFO - 0 downstream tasks scheduled from follow-on schedule check
