[2024-01-31 14:16:32,754] {taskinstance.py:1159} INFO - Dependencies all met for <TaskInstance: project_6_6.raw_insert_mysql scheduled__2024-01-30T14:16:17.312199+00:00 [queued]>
[2024-01-31 14:16:32,772] {taskinstance.py:1159} INFO - Dependencies all met for <TaskInstance: project_6_6.raw_insert_mysql scheduled__2024-01-30T14:16:17.312199+00:00 [queued]>
[2024-01-31 14:16:32,772] {taskinstance.py:1356} INFO - 
--------------------------------------------------------------------------------
[2024-01-31 14:16:32,773] {taskinstance.py:1357} INFO - Starting attempt 1 of 2
[2024-01-31 14:16:32,773] {taskinstance.py:1358} INFO - 
--------------------------------------------------------------------------------
[2024-01-31 14:16:32,807] {taskinstance.py:1377} INFO - Executing <Task(PythonOperator): raw_insert_mysql> on 2024-01-30 14:16:17.312199+00:00
[2024-01-31 14:16:32,821] {standard_task_runner.py:52} INFO - Started process 5197 to run task
[2024-01-31 14:16:32,825] {standard_task_runner.py:79} INFO - Running: ['***', 'tasks', 'run', 'project_6_6', 'raw_insert_mysql', 'scheduled__2024-01-30T14:16:17.312199+00:00', '--job-id', '100', '--raw', '--subdir', 'DAGS_FOLDER/main.py', '--cfg-path', '/tmp/tmp0qqej_r_', '--error-file', '/tmp/tmp8g3z3ghq']
[2024-01-31 14:16:32,826] {standard_task_runner.py:80} INFO - Job 100: Subtask raw_insert_mysql
[2024-01-31 14:16:33,123] {task_command.py:369} INFO - Running <TaskInstance: project_6_6.raw_insert_mysql scheduled__2024-01-30T14:16:17.312199+00:00 [running]> on host 8ebb6ccf62d7
[2024-01-31 14:16:33,505] {taskinstance.py:1571} INFO - Exporting the following env vars:
AIRFLOW_CTX_DAG_OWNER=***
AIRFLOW_CTX_DAG_ID=project_6_6
AIRFLOW_CTX_TASK_ID=raw_insert_mysql
AIRFLOW_CTX_EXECUTION_DATE=2024-01-30T14:16:17.312199+00:00
AIRFLOW_CTX_TRY_NUMBER=1
AIRFLOW_CTX_DAG_RUN_ID=scheduled__2024-01-30T14:16:17.312199+00:00
[2024-01-31 14:16:33,507] {taskinstance.py:1889} ERROR - Task failed with exception
Traceback (most recent call last):
  File "/home/airflow/.local/lib/python3.7/site-packages/airflow/operators/python.py", line 171, in execute
    return_value = self.execute_callable()
  File "/home/airflow/.local/lib/python3.7/site-packages/airflow/operators/python.py", line 189, in execute_callable
    return self.python_callable(*self.op_args, **self.op_kwargs)
TypeError: raw_insert_mysql() missing 1 required positional argument: 'engine'
[2024-01-31 14:16:33,593] {taskinstance.py:1400} INFO - Marking task as UP_FOR_RETRY. dag_id=project_6_6, task_id=raw_insert_mysql, execution_date=20240130T141617, start_date=20240131T141632, end_date=20240131T141633
[2024-01-31 14:16:33,636] {standard_task_runner.py:97} ERROR - Failed to execute job 100 for task raw_insert_mysql (raw_insert_mysql() missing 1 required positional argument: 'engine'; 5197)
[2024-01-31 14:16:33,654] {local_task_job.py:156} INFO - Task exited with return code 1
[2024-01-31 14:16:33,905] {local_task_job.py:273} INFO - 0 downstream tasks scheduled from follow-on schedule check
