[2024-01-31 15:49:12,070] {taskinstance.py:1159} INFO - Dependencies all met for <TaskInstance: project_6_10.dim_district scheduled__2024-01-30T15:48:42.677506+00:00 [queued]>
[2024-01-31 15:49:12,133] {taskinstance.py:1159} INFO - Dependencies all met for <TaskInstance: project_6_10.dim_district scheduled__2024-01-30T15:48:42.677506+00:00 [queued]>
[2024-01-31 15:49:12,134] {taskinstance.py:1356} INFO - 
--------------------------------------------------------------------------------
[2024-01-31 15:49:12,135] {taskinstance.py:1357} INFO - Starting attempt 1 of 2
[2024-01-31 15:49:12,136] {taskinstance.py:1358} INFO - 
--------------------------------------------------------------------------------
[2024-01-31 15:49:12,238] {taskinstance.py:1377} INFO - Executing <Task(PostgresOperator): dim_district> on 2024-01-30 15:48:42.677506+00:00
[2024-01-31 15:49:12,274] {standard_task_runner.py:52} INFO - Started process 8305 to run task
[2024-01-31 15:49:12,293] {standard_task_runner.py:79} INFO - Running: ['***', 'tasks', 'run', 'project_6_10', 'dim_district', 'scheduled__2024-01-30T15:48:42.677506+00:00', '--job-id', '125', '--raw', '--subdir', 'DAGS_FOLDER/main.py', '--cfg-path', '/tmp/tmp2tqd1_ql', '--error-file', '/tmp/tmpw0ivndjc']
[2024-01-31 15:49:12,298] {standard_task_runner.py:80} INFO - Job 125: Subtask dim_district
[2024-01-31 15:49:12,587] {task_command.py:369} INFO - Running <TaskInstance: project_6_10.dim_district scheduled__2024-01-30T15:48:42.677506+00:00 [running]> on host 8ebb6ccf62d7
[2024-01-31 15:49:12,966] {taskinstance.py:1571} INFO - Exporting the following env vars:
AIRFLOW_CTX_DAG_OWNER=***
AIRFLOW_CTX_DAG_ID=project_6_10
AIRFLOW_CTX_TASK_ID=dim_district
AIRFLOW_CTX_EXECUTION_DATE=2024-01-30T15:48:42.677506+00:00
AIRFLOW_CTX_TRY_NUMBER=1
AIRFLOW_CTX_DAG_RUN_ID=scheduled__2024-01-30T15:48:42.677506+00:00
[2024-01-31 15:49:13,061] {base.py:68} INFO - Using connection ID 'postgres_dwh' for task execution.
[2024-01-31 15:49:13,129] {dbapi.py:208} INFO - Running statement: CREATE TABLE IF NOT EXISTS district_table (
    district_id SERIAL PRIMARY KEY,
    province_id INTEGER REFERENCES province_table(province_id),
    district_name VARCHAR(255) NOT NULL
);, parameters: None
[2024-01-31 15:49:13,553] {taskinstance.py:1400} INFO - Marking task as SUCCESS. dag_id=project_6_10, task_id=dim_district, execution_date=20240130T154842, start_date=20240131T154912, end_date=20240131T154913
[2024-01-31 15:49:13,657] {local_task_job.py:156} INFO - Task exited with return code 0
[2024-01-31 15:49:14,187] {local_task_job.py:273} INFO - 0 downstream tasks scheduled from follow-on schedule check
