[2024-02-01 15:30:40,441] {taskinstance.py:1159} INFO - Dependencies all met for <TaskInstance: project_6_15.generate_data scheduled__2024-01-31T15:30:21.392570+00:00 [queued]>
[2024-02-01 15:30:40,459] {taskinstance.py:1159} INFO - Dependencies all met for <TaskInstance: project_6_15.generate_data scheduled__2024-01-31T15:30:21.392570+00:00 [queued]>
[2024-02-01 15:30:40,460] {taskinstance.py:1356} INFO - 
--------------------------------------------------------------------------------
[2024-02-01 15:30:40,460] {taskinstance.py:1357} INFO - Starting attempt 1 of 2
[2024-02-01 15:30:40,460] {taskinstance.py:1358} INFO - 
--------------------------------------------------------------------------------
[2024-02-01 15:30:40,488] {taskinstance.py:1377} INFO - Executing <Task(PythonOperator): generate_data> on 2024-01-31 15:30:21.392570+00:00
[2024-02-01 15:30:40,495] {standard_task_runner.py:52} INFO - Started process 5112 to run task
[2024-02-01 15:30:40,502] {standard_task_runner.py:79} INFO - Running: ['***', 'tasks', 'run', 'project_6_15', 'generate_data', 'scheduled__2024-01-31T15:30:21.392570+00:00', '--job-id', '211', '--raw', '--subdir', 'DAGS_FOLDER/main.py', '--cfg-path', '/tmp/tmplm2h4aq_', '--error-file', '/tmp/tmpnhs0s7g9']
[2024-02-01 15:30:40,503] {standard_task_runner.py:80} INFO - Job 211: Subtask generate_data
[2024-02-01 15:30:40,741] {task_command.py:369} INFO - Running <TaskInstance: project_6_15.generate_data scheduled__2024-01-31T15:30:21.392570+00:00 [running]> on host 1fafaef2f352
[2024-02-01 15:30:41,123] {taskinstance.py:1571} INFO - Exporting the following env vars:
AIRFLOW_CTX_DAG_OWNER=***
AIRFLOW_CTX_DAG_ID=project_6_15
AIRFLOW_CTX_TASK_ID=generate_data
AIRFLOW_CTX_EXECUTION_DATE=2024-01-31T15:30:21.392570+00:00
AIRFLOW_CTX_TRY_NUMBER=1
AIRFLOW_CTX_DAG_RUN_ID=scheduled__2024-01-31T15:30:21.392570+00:00
[2024-02-01 15:30:41,158] {logging_mixin.py:115} INFO - Connect Engine MySQL
[2024-02-01 15:30:41,316] {logging_mixin.py:115} INFO -    CLOSECONTACT  CONFIRMATION  ...  suspect_meninggal     tanggal
0           274             0  ...                  0  2020-08-05
1           534             0  ...                  0  2020-08-05
2          2127             0  ...                  0  2020-08-05
3             0             0  ...                  0  2020-08-05
4          1295             0  ...                  0  2020-08-05

[5 rows x 20 columns]
[2024-02-01 15:30:41,325] {python.py:173} INFO - Done. Returned value was: True
[2024-02-01 15:30:41,479] {taskinstance.py:1400} INFO - Marking task as SUCCESS. dag_id=project_6_15, task_id=generate_data, execution_date=20240131T153021, start_date=20240201T153040, end_date=20240201T153041
[2024-02-01 15:30:41,519] {local_task_job.py:156} INFO - Task exited with return code 0
[2024-02-01 15:30:41,681] {local_task_job.py:273} INFO - 1 downstream tasks scheduled from follow-on schedule check
