[2024-02-01 16:12:03,359] {taskinstance.py:1159} INFO - Dependencies all met for <TaskInstance: project_6_19.api_url_request scheduled__2024-01-31T16:11:41.938542+00:00 [queued]>
[2024-02-01 16:12:03,376] {taskinstance.py:1159} INFO - Dependencies all met for <TaskInstance: project_6_19.api_url_request scheduled__2024-01-31T16:11:41.938542+00:00 [queued]>
[2024-02-01 16:12:03,376] {taskinstance.py:1356} INFO - 
--------------------------------------------------------------------------------
[2024-02-01 16:12:03,376] {taskinstance.py:1357} INFO - Starting attempt 1 of 2
[2024-02-01 16:12:03,377] {taskinstance.py:1358} INFO - 
--------------------------------------------------------------------------------
[2024-02-01 16:12:03,409] {taskinstance.py:1377} INFO - Executing <Task(PythonOperator): api_url_request> on 2024-01-31 16:11:41.938542+00:00
[2024-02-01 16:12:03,422] {standard_task_runner.py:52} INFO - Started process 6643 to run task
[2024-02-01 16:12:03,427] {standard_task_runner.py:79} INFO - Running: ['***', 'tasks', 'run', 'project_6_19', 'api_url_request', 'scheduled__2024-01-31T16:11:41.938542+00:00', '--job-id', '265', '--raw', '--subdir', 'DAGS_FOLDER/main.py', '--cfg-path', '/tmp/tmp3q9jywoy', '--error-file', '/tmp/tmpb4_nbh85']
[2024-02-01 16:12:03,429] {standard_task_runner.py:80} INFO - Job 265: Subtask api_url_request
[2024-02-01 16:12:03,876] {task_command.py:369} INFO - Running <TaskInstance: project_6_19.api_url_request scheduled__2024-01-31T16:11:41.938542+00:00 [running]> on host 1fafaef2f352
[2024-02-01 16:12:04,340] {taskinstance.py:1571} INFO - Exporting the following env vars:
AIRFLOW_CTX_DAG_OWNER=***
AIRFLOW_CTX_DAG_ID=project_6_19
AIRFLOW_CTX_TASK_ID=api_url_request
AIRFLOW_CTX_EXECUTION_DATE=2024-01-31T16:11:41.938542+00:00
AIRFLOW_CTX_TRY_NUMBER=1
AIRFLOW_CTX_DAG_RUN_ID=scheduled__2024-01-31T16:11:41.938542+00:00
[2024-02-01 16:12:04,384] {logging_mixin.py:115} INFO - Connect Engine MySQL
[2024-02-01 16:12:04,643] {logging_mixin.py:115} INFO - DataFrame inserted into MySQL
[2024-02-01 16:12:04,644] {python.py:173} INFO - Done. Returned value was: True
[2024-02-01 16:12:04,774] {taskinstance.py:1400} INFO - Marking task as SUCCESS. dag_id=project_6_19, task_id=api_url_request, execution_date=20240131T161141, start_date=20240201T161203, end_date=20240201T161204
[2024-02-01 16:12:04,840] {local_task_job.py:156} INFO - Task exited with return code 0
[2024-02-01 16:12:05,027] {local_task_job.py:273} INFO - 1 downstream tasks scheduled from follow-on schedule check
