[2024-01-31 13:55:20,297] {taskinstance.py:1159} INFO - Dependencies all met for <TaskInstance: project_6_5.create_agg_table manual__2024-01-31T13:50:27.684979+00:00 [queued]>
[2024-01-31 13:55:20,320] {taskinstance.py:1159} INFO - Dependencies all met for <TaskInstance: project_6_5.create_agg_table manual__2024-01-31T13:50:27.684979+00:00 [queued]>
[2024-01-31 13:55:20,320] {taskinstance.py:1356} INFO - 
--------------------------------------------------------------------------------
[2024-01-31 13:55:20,320] {taskinstance.py:1357} INFO - Starting attempt 3 of 4
[2024-01-31 13:55:20,321] {taskinstance.py:1358} INFO - 
--------------------------------------------------------------------------------
[2024-01-31 13:55:20,363] {taskinstance.py:1377} INFO - Executing <Task(PostgresOperator): create_agg_table> on 2024-01-31 13:50:27.684979+00:00
[2024-01-31 13:55:20,382] {standard_task_runner.py:52} INFO - Started process 4498 to run task
[2024-01-31 13:55:20,388] {standard_task_runner.py:79} INFO - Running: ['***', 'tasks', 'run', 'project_6_5', 'create_agg_table', 'manual__2024-01-31T13:50:27.684979+00:00', '--job-id', '99', '--raw', '--subdir', 'DAGS_FOLDER/main.py', '--cfg-path', '/tmp/tmpf_j9wmfb', '--error-file', '/tmp/tmpkoncwa6r']
[2024-01-31 13:55:20,390] {standard_task_runner.py:80} INFO - Job 99: Subtask create_agg_table
[2024-01-31 13:55:20,692] {task_command.py:369} INFO - Running <TaskInstance: project_6_5.create_agg_table manual__2024-01-31T13:50:27.684979+00:00 [running]> on host 8ebb6ccf62d7
[2024-01-31 13:55:21,058] {taskinstance.py:1571} INFO - Exporting the following env vars:
AIRFLOW_CTX_DAG_OWNER=***
AIRFLOW_CTX_DAG_ID=project_6_5
AIRFLOW_CTX_TASK_ID=create_agg_table
AIRFLOW_CTX_EXECUTION_DATE=2024-01-31T13:50:27.684979+00:00
AIRFLOW_CTX_TRY_NUMBER=3
AIRFLOW_CTX_DAG_RUN_ID=manual__2024-01-31T13:50:27.684979+00:00
[2024-01-31 13:55:21,144] {base.py:68} INFO - Using connection ID 'postgres_dwh' for task execution.
[2024-01-31 13:55:21,223] {dbapi.py:208} INFO - Running statement: 
                create table if not exists test_1 (
                dt date,
                dag_id character varying,
                primary key (dt, dag_id)
                )
        , parameters: None
[2024-01-31 13:55:21,233] {postgres.py:94} INFO - NOTICE:  relation "test_1" already exists, skipping

[2024-01-31 13:55:21,337] {taskinstance.py:1400} INFO - Marking task as SUCCESS. dag_id=project_6_5, task_id=create_agg_table, execution_date=20240131T135027, start_date=20240131T135520, end_date=20240131T135521
[2024-01-31 13:55:21,417] {local_task_job.py:156} INFO - Task exited with return code 0
[2024-01-31 13:55:21,647] {local_task_job.py:273} INFO - 1 downstream tasks scheduled from follow-on schedule check
