[2024-02-01 17:47:05,007] {taskinstance.py:1159} INFO - Dependencies all met for <TaskInstance: project_6_23.dim_table_creation scheduled__2024-01-31T17:46:43.314220+00:00 [queued]>
[2024-02-01 17:47:05,036] {taskinstance.py:1159} INFO - Dependencies all met for <TaskInstance: project_6_23.dim_table_creation scheduled__2024-01-31T17:46:43.314220+00:00 [queued]>
[2024-02-01 17:47:05,036] {taskinstance.py:1356} INFO - 
--------------------------------------------------------------------------------
[2024-02-01 17:47:05,037] {taskinstance.py:1357} INFO - Starting attempt 1 of 2
[2024-02-01 17:47:05,037] {taskinstance.py:1358} INFO - 
--------------------------------------------------------------------------------
[2024-02-01 17:47:05,076] {taskinstance.py:1377} INFO - Executing <Task(PythonOperator): dim_table_creation> on 2024-01-31 17:46:43.314220+00:00
[2024-02-01 17:47:05,087] {standard_task_runner.py:52} INFO - Started process 10010 to run task
[2024-02-01 17:47:05,092] {standard_task_runner.py:79} INFO - Running: ['***', 'tasks', 'run', 'project_6_23', 'dim_table_creation', 'scheduled__2024-01-31T17:46:43.314220+00:00', '--job-id', '359', '--raw', '--subdir', 'DAGS_FOLDER/main.py', '--cfg-path', '/tmp/tmpnql51s49', '--error-file', '/tmp/tmprhxm3399']
[2024-02-01 17:47:05,094] {standard_task_runner.py:80} INFO - Job 359: Subtask dim_table_creation
[2024-02-01 17:47:05,402] {task_command.py:369} INFO - Running <TaskInstance: project_6_23.dim_table_creation scheduled__2024-01-31T17:46:43.314220+00:00 [running]> on host 1fafaef2f352
[2024-02-01 17:47:05,942] {taskinstance.py:1571} INFO - Exporting the following env vars:
AIRFLOW_CTX_DAG_OWNER=***
AIRFLOW_CTX_DAG_ID=project_6_23
AIRFLOW_CTX_TASK_ID=dim_table_creation
AIRFLOW_CTX_EXECUTION_DATE=2024-01-31T17:46:43.314220+00:00
AIRFLOW_CTX_TRY_NUMBER=1
AIRFLOW_CTX_DAG_RUN_ID=scheduled__2024-01-31T17:46:43.314220+00:00
[2024-02-01 17:47:06,084] {logging_mixin.py:115} INFO -    kode_prov   nama_prov
0         32  Jawa Barat
[2024-02-01 17:47:06,101] {logging_mixin.py:115} INFO -    kode_kab  kode_prov         nama_kab
0      3201         32  Kabupaten Bogor
[2024-02-01 17:47:06,125] {logging_mixin.py:115} INFO -    case_id   status_name             status_detail
0        1  closecontact  closecontact_dikarantina
1        2  closecontact    closecontact_discarded
2        3  closecontact    closecontact_meninggal
3        4      probable        probable_diisolasi
4        5      probable        probable_discarded
[2024-02-01 17:47:06,234] {logging_mixin.py:115} INFO - Connect PostgreSQL using psycopg2
[2024-02-01 17:47:06,370] {logging_mixin.py:115} INFO - Connect Engine MySQL
[2024-02-01 17:47:06,514] {python.py:173} INFO - Done. Returned value was: None
[2024-02-01 17:47:06,650] {taskinstance.py:1400} INFO - Marking task as SUCCESS. dag_id=project_6_23, task_id=dim_table_creation, execution_date=20240131T174643, start_date=20240201T174705, end_date=20240201T174706
[2024-02-01 17:47:06,726] {local_task_job.py:156} INFO - Task exited with return code 0
[2024-02-01 17:47:06,997] {local_task_job.py:273} INFO - 0 downstream tasks scheduled from follow-on schedule check
