[2024-01-31 14:41:09,563] {taskinstance.py:1159} INFO - Dependencies all met for <TaskInstance: project_6_7.api_url_request scheduled__2024-01-30T14:40:54.126337+00:00 [queued]>
[2024-01-31 14:41:09,583] {taskinstance.py:1159} INFO - Dependencies all met for <TaskInstance: project_6_7.api_url_request scheduled__2024-01-30T14:40:54.126337+00:00 [queued]>
[2024-01-31 14:41:09,583] {taskinstance.py:1356} INFO - 
--------------------------------------------------------------------------------
[2024-01-31 14:41:09,583] {taskinstance.py:1357} INFO - Starting attempt 1 of 2
[2024-01-31 14:41:09,584] {taskinstance.py:1358} INFO - 
--------------------------------------------------------------------------------
[2024-01-31 14:41:09,637] {taskinstance.py:1377} INFO - Executing <Task(PythonOperator): api_url_request> on 2024-01-30 14:40:54.126337+00:00
[2024-01-31 14:41:09,651] {standard_task_runner.py:52} INFO - Started process 6028 to run task
[2024-01-31 14:41:09,658] {standard_task_runner.py:79} INFO - Running: ['***', 'tasks', 'run', 'project_6_7', 'api_url_request', 'scheduled__2024-01-30T14:40:54.126337+00:00', '--job-id', '106', '--raw', '--subdir', 'DAGS_FOLDER/main.py', '--cfg-path', '/tmp/tmp1a1zi9c_', '--error-file', '/tmp/tmpqom139v7']
[2024-01-31 14:41:09,660] {standard_task_runner.py:80} INFO - Job 106: Subtask api_url_request
[2024-01-31 14:41:09,999] {task_command.py:369} INFO - Running <TaskInstance: project_6_7.api_url_request scheduled__2024-01-30T14:40:54.126337+00:00 [running]> on host 8ebb6ccf62d7
[2024-01-31 14:41:10,444] {taskinstance.py:1571} INFO - Exporting the following env vars:
AIRFLOW_CTX_DAG_OWNER=***
AIRFLOW_CTX_DAG_ID=project_6_7
AIRFLOW_CTX_TASK_ID=api_url_request
AIRFLOW_CTX_EXECUTION_DATE=2024-01-30T14:40:54.126337+00:00
AIRFLOW_CTX_TRY_NUMBER=1
AIRFLOW_CTX_DAG_RUN_ID=scheduled__2024-01-30T14:40:54.126337+00:00
[2024-01-31 14:41:10,540] {logging_mixin.py:115} INFO - Connect Engine MySQL
[2024-01-31 14:41:11,122] {logging_mixin.py:115} INFO - DataFrame inserted into MySQL
[2024-01-31 14:41:11,123] {python.py:173} INFO - Done. Returned value was: True
[2024-01-31 14:41:11,401] {taskinstance.py:1400} INFO - Marking task as SUCCESS. dag_id=project_6_7, task_id=api_url_request, execution_date=20240130T144054, start_date=20240131T144109, end_date=20240131T144111
[2024-01-31 14:41:11,494] {local_task_job.py:156} INFO - Task exited with return code 0
[2024-01-31 14:41:11,747] {local_task_job.py:273} INFO - 1 downstream tasks scheduled from follow-on schedule check
