[2024-02-02 06:21:13,380] {taskinstance.py:1159} INFO - Dependencies all met for <TaskInstance: project_6_26.api_url_request manual__2024-02-02T06:21:10.650450+00:00 [queued]>
[2024-02-02 06:21:13,392] {taskinstance.py:1159} INFO - Dependencies all met for <TaskInstance: project_6_26.api_url_request manual__2024-02-02T06:21:10.650450+00:00 [queued]>
[2024-02-02 06:21:13,392] {taskinstance.py:1356} INFO - 
--------------------------------------------------------------------------------
[2024-02-02 06:21:13,393] {taskinstance.py:1357} INFO - Starting attempt 1 of 2
[2024-02-02 06:21:13,393] {taskinstance.py:1358} INFO - 
--------------------------------------------------------------------------------
[2024-02-02 06:21:13,421] {taskinstance.py:1377} INFO - Executing <Task(PythonOperator): api_url_request> on 2024-02-02 06:21:10.650450+00:00
[2024-02-02 06:21:13,434] {standard_task_runner.py:52} INFO - Started process 4719 to run task
[2024-02-02 06:21:13,440] {standard_task_runner.py:79} INFO - Running: ['***', 'tasks', 'run', 'project_6_26', 'api_url_request', 'manual__2024-02-02T06:21:10.650450+00:00', '--job-id', '414', '--raw', '--subdir', 'DAGS_FOLDER/main.py', '--cfg-path', '/tmp/tmpyvt6fkxk', '--error-file', '/tmp/tmpa2myg7kf']
[2024-02-02 06:21:13,441] {standard_task_runner.py:80} INFO - Job 414: Subtask api_url_request
[2024-02-02 06:21:13,691] {task_command.py:369} INFO - Running <TaskInstance: project_6_26.api_url_request manual__2024-02-02T06:21:10.650450+00:00 [running]> on host 20775c919683
[2024-02-02 06:21:13,990] {taskinstance.py:1571} INFO - Exporting the following env vars:
AIRFLOW_CTX_DAG_OWNER=***
AIRFLOW_CTX_DAG_ID=project_6_26
AIRFLOW_CTX_TASK_ID=api_url_request
AIRFLOW_CTX_EXECUTION_DATE=2024-02-02T06:21:10.650450+00:00
AIRFLOW_CTX_TRY_NUMBER=1
AIRFLOW_CTX_DAG_RUN_ID=manual__2024-02-02T06:21:10.650450+00:00
[2024-02-02 06:21:14,028] {logging_mixin.py:115} INFO - Connect Engine MySQL
[2024-02-02 06:21:14,303] {logging_mixin.py:115} INFO - DataFrame inserted into MySQL
[2024-02-02 06:21:14,303] {python.py:173} INFO - Done. Returned value was: True
[2024-02-02 06:21:14,450] {taskinstance.py:1400} INFO - Marking task as SUCCESS. dag_id=project_6_26, task_id=api_url_request, execution_date=20240202T062110, start_date=20240202T062113, end_date=20240202T062114
[2024-02-02 06:21:14,500] {local_task_job.py:156} INFO - Task exited with return code 0
[2024-02-02 06:21:14,682] {local_task_job.py:273} INFO - 1 downstream tasks scheduled from follow-on schedule check
