[2024-02-01 17:49:42,728] {taskinstance.py:1159} INFO - Dependencies all met for <TaskInstance: project_6_23.api_url_request manual__2024-02-01T17:49:39.861364+00:00 [queued]>
[2024-02-01 17:49:42,748] {taskinstance.py:1159} INFO - Dependencies all met for <TaskInstance: project_6_23.api_url_request manual__2024-02-01T17:49:39.861364+00:00 [queued]>
[2024-02-01 17:49:42,749] {taskinstance.py:1356} INFO - 
--------------------------------------------------------------------------------
[2024-02-01 17:49:42,749] {taskinstance.py:1357} INFO - Starting attempt 1 of 2
[2024-02-01 17:49:42,749] {taskinstance.py:1358} INFO - 
--------------------------------------------------------------------------------
[2024-02-01 17:49:42,793] {taskinstance.py:1377} INFO - Executing <Task(PythonOperator): api_url_request> on 2024-02-01 17:49:39.861364+00:00
[2024-02-01 17:49:42,802] {standard_task_runner.py:52} INFO - Started process 10123 to run task
[2024-02-01 17:49:42,807] {standard_task_runner.py:79} INFO - Running: ['***', 'tasks', 'run', 'project_6_23', 'api_url_request', 'manual__2024-02-01T17:49:39.861364+00:00', '--job-id', '367', '--raw', '--subdir', 'DAGS_FOLDER/main.py', '--cfg-path', '/tmp/tmp19vpzxhf', '--error-file', '/tmp/tmpbzvqft29']
[2024-02-01 17:49:42,808] {standard_task_runner.py:80} INFO - Job 367: Subtask api_url_request
[2024-02-01 17:49:43,165] {task_command.py:369} INFO - Running <TaskInstance: project_6_23.api_url_request manual__2024-02-01T17:49:39.861364+00:00 [running]> on host 1fafaef2f352
[2024-02-01 17:49:43,694] {taskinstance.py:1571} INFO - Exporting the following env vars:
AIRFLOW_CTX_DAG_OWNER=***
AIRFLOW_CTX_DAG_ID=project_6_23
AIRFLOW_CTX_TASK_ID=api_url_request
AIRFLOW_CTX_EXECUTION_DATE=2024-02-01T17:49:39.861364+00:00
AIRFLOW_CTX_TRY_NUMBER=1
AIRFLOW_CTX_DAG_RUN_ID=manual__2024-02-01T17:49:39.861364+00:00
[2024-02-01 17:49:43,731] {logging_mixin.py:115} INFO - Connect Engine MySQL
[2024-02-01 17:49:44,066] {logging_mixin.py:115} INFO - DataFrame inserted into MySQL
[2024-02-01 17:49:44,066] {python.py:173} INFO - Done. Returned value was: True
[2024-02-01 17:49:44,323] {taskinstance.py:1400} INFO - Marking task as SUCCESS. dag_id=project_6_23, task_id=api_url_request, execution_date=20240201T174939, start_date=20240201T174942, end_date=20240201T174944
[2024-02-01 17:49:44,404] {local_task_job.py:156} INFO - Task exited with return code 0
[2024-02-01 17:49:44,717] {local_task_job.py:273} INFO - 1 downstream tasks scheduled from follow-on schedule check
