[2024-02-02 08:26:54,308] {taskinstance.py:1159} INFO - Dependencies all met for <TaskInstance: project_6_30.api_url_request manual__2024-02-02T08:26:51.167963+00:00 [queued]>
[2024-02-02 08:26:54,322] {taskinstance.py:1159} INFO - Dependencies all met for <TaskInstance: project_6_30.api_url_request manual__2024-02-02T08:26:51.167963+00:00 [queued]>
[2024-02-02 08:26:54,322] {taskinstance.py:1356} INFO - 
--------------------------------------------------------------------------------
[2024-02-02 08:26:54,322] {taskinstance.py:1357} INFO - Starting attempt 1 of 2
[2024-02-02 08:26:54,322] {taskinstance.py:1358} INFO - 
--------------------------------------------------------------------------------
[2024-02-02 08:26:54,348] {taskinstance.py:1377} INFO - Executing <Task(PythonOperator): api_url_request> on 2024-02-02 08:26:51.167963+00:00
[2024-02-02 08:26:54,358] {standard_task_runner.py:52} INFO - Started process 9167 to run task
[2024-02-02 08:26:54,363] {standard_task_runner.py:79} INFO - Running: ['***', 'tasks', 'run', 'project_6_30', 'api_url_request', 'manual__2024-02-02T08:26:51.167963+00:00', '--job-id', '519', '--raw', '--subdir', 'DAGS_FOLDER/main.py', '--cfg-path', '/tmp/tmpgj46hi0u', '--error-file', '/tmp/tmpcr56jufm']
[2024-02-02 08:26:54,364] {standard_task_runner.py:80} INFO - Job 519: Subtask api_url_request
[2024-02-02 08:26:54,705] {task_command.py:369} INFO - Running <TaskInstance: project_6_30.api_url_request manual__2024-02-02T08:26:51.167963+00:00 [running]> on host 20775c919683
[2024-02-02 08:26:55,090] {taskinstance.py:1571} INFO - Exporting the following env vars:
AIRFLOW_CTX_DAG_OWNER=***
AIRFLOW_CTX_DAG_ID=project_6_30
AIRFLOW_CTX_TASK_ID=api_url_request
AIRFLOW_CTX_EXECUTION_DATE=2024-02-02T08:26:51.167963+00:00
AIRFLOW_CTX_TRY_NUMBER=1
AIRFLOW_CTX_DAG_RUN_ID=manual__2024-02-02T08:26:51.167963+00:00
[2024-02-02 08:26:55,155] {logging_mixin.py:115} INFO - Connect Engine MySQL
[2024-02-02 08:26:55,704] {logging_mixin.py:115} INFO - DataFrame inserted into MySQL
[2024-02-02 08:26:55,705] {python.py:173} INFO - Done. Returned value was: True
[2024-02-02 08:26:55,867] {taskinstance.py:1400} INFO - Marking task as SUCCESS. dag_id=project_6_30, task_id=api_url_request, execution_date=20240202T082651, start_date=20240202T082654, end_date=20240202T082655
[2024-02-02 08:26:55,921] {local_task_job.py:156} INFO - Task exited with return code 0
[2024-02-02 08:26:56,130] {local_task_job.py:273} INFO - 1 downstream tasks scheduled from follow-on schedule check
