[2024-02-02 08:09:55,526] {taskinstance.py:1159} INFO - Dependencies all met for <TaskInstance: project_6_28.generate_data manual__2024-02-02T06:43:07.744045+00:00 [queued]>
[2024-02-02 08:09:55,538] {taskinstance.py:1159} INFO - Dependencies all met for <TaskInstance: project_6_28.generate_data manual__2024-02-02T06:43:07.744045+00:00 [queued]>
[2024-02-02 08:09:55,538] {taskinstance.py:1356} INFO - 
--------------------------------------------------------------------------------
[2024-02-02 08:09:55,538] {taskinstance.py:1357} INFO - Starting attempt 2 of 3
[2024-02-02 08:09:55,538] {taskinstance.py:1358} INFO - 
--------------------------------------------------------------------------------
[2024-02-02 08:09:55,561] {taskinstance.py:1377} INFO - Executing <Task(PythonOperator): generate_data> on 2024-02-02 06:43:07.744045+00:00
[2024-02-02 08:09:55,570] {standard_task_runner.py:52} INFO - Started process 8405 to run task
[2024-02-02 08:09:55,574] {standard_task_runner.py:79} INFO - Running: ['***', 'tasks', 'run', 'project_6_28', 'generate_data', 'manual__2024-02-02T06:43:07.744045+00:00', '--job-id', '453', '--raw', '--subdir', 'DAGS_FOLDER/main.py', '--cfg-path', '/tmp/tmp2ooqgaim', '--error-file', '/tmp/tmpm2kekc2j']
[2024-02-02 08:09:55,575] {standard_task_runner.py:80} INFO - Job 453: Subtask generate_data
[2024-02-02 08:09:55,847] {task_command.py:369} INFO - Running <TaskInstance: project_6_28.generate_data manual__2024-02-02T06:43:07.744045+00:00 [running]> on host 20775c919683
[2024-02-02 08:09:56,094] {taskinstance.py:1571} INFO - Exporting the following env vars:
AIRFLOW_CTX_DAG_OWNER=***
AIRFLOW_CTX_DAG_ID=project_6_28
AIRFLOW_CTX_TASK_ID=generate_data
AIRFLOW_CTX_EXECUTION_DATE=2024-02-02T06:43:07.744045+00:00
AIRFLOW_CTX_TRY_NUMBER=2
AIRFLOW_CTX_DAG_RUN_ID=manual__2024-02-02T06:43:07.744045+00:00
[2024-02-02 08:09:56,126] {logging_mixin.py:115} INFO - Connect Engine MySQL
[2024-02-02 08:09:56,294] {logging_mixin.py:115} INFO -    CLOSECONTACT  CONFIRMATION  ...  suspect_meninggal     tanggal
0           274             0  ...                  0  2020-08-05
1           534             0  ...                  0  2020-08-05
2          2127             0  ...                  0  2020-08-05
3             0             0  ...                  0  2020-08-05
4          1295             0  ...                  0  2020-08-05

[5 rows x 20 columns]
[2024-02-02 08:09:56,302] {python.py:173} INFO - Done. Returned value was: True
[2024-02-02 08:09:56,484] {taskinstance.py:1400} INFO - Marking task as SUCCESS. dag_id=project_6_28, task_id=generate_data, execution_date=20240202T064307, start_date=20240202T080955, end_date=20240202T080956
[2024-02-02 08:09:56,518] {local_task_job.py:156} INFO - Task exited with return code 0
[2024-02-02 08:09:56,684] {local_task_job.py:273} INFO - 1 downstream tasks scheduled from follow-on schedule check
