[2024-02-01 17:17:45,298] {taskinstance.py:1159} INFO - Dependencies all met for <TaskInstance: project_6_22.generate_data scheduled__2024-01-31T17:17:13.099259+00:00 [queued]>
[2024-02-01 17:17:45,322] {taskinstance.py:1159} INFO - Dependencies all met for <TaskInstance: project_6_22.generate_data scheduled__2024-01-31T17:17:13.099259+00:00 [queued]>
[2024-02-01 17:17:45,322] {taskinstance.py:1356} INFO - 
--------------------------------------------------------------------------------
[2024-02-01 17:17:45,322] {taskinstance.py:1357} INFO - Starting attempt 1 of 2
[2024-02-01 17:17:45,322] {taskinstance.py:1358} INFO - 
--------------------------------------------------------------------------------
[2024-02-01 17:17:45,359] {taskinstance.py:1377} INFO - Executing <Task(PythonOperator): generate_data> on 2024-01-31 17:17:13.099259+00:00
[2024-02-01 17:17:45,370] {standard_task_runner.py:52} INFO - Started process 9043 to run task
[2024-02-01 17:17:45,375] {standard_task_runner.py:79} INFO - Running: ['***', 'tasks', 'run', 'project_6_22', 'generate_data', 'scheduled__2024-01-31T17:17:13.099259+00:00', '--job-id', '349', '--raw', '--subdir', 'DAGS_FOLDER/main.py', '--cfg-path', '/tmp/tmpawtvnfep', '--error-file', '/tmp/tmpf32cd963']
[2024-02-01 17:17:45,377] {standard_task_runner.py:80} INFO - Job 349: Subtask generate_data
[2024-02-01 17:17:45,664] {task_command.py:369} INFO - Running <TaskInstance: project_6_22.generate_data scheduled__2024-01-31T17:17:13.099259+00:00 [running]> on host 1fafaef2f352
[2024-02-01 17:17:46,050] {taskinstance.py:1571} INFO - Exporting the following env vars:
AIRFLOW_CTX_DAG_OWNER=***
AIRFLOW_CTX_DAG_ID=project_6_22
AIRFLOW_CTX_TASK_ID=generate_data
AIRFLOW_CTX_EXECUTION_DATE=2024-01-31T17:17:13.099259+00:00
AIRFLOW_CTX_TRY_NUMBER=1
AIRFLOW_CTX_DAG_RUN_ID=scheduled__2024-01-31T17:17:13.099259+00:00
[2024-02-01 17:17:46,089] {logging_mixin.py:115} INFO - Connect Engine MySQL
[2024-02-01 17:17:46,290] {logging_mixin.py:115} INFO -    CLOSECONTACT  CONFIRMATION  ...  suspect_meninggal     tanggal
0           274             0  ...                  0  2020-08-05
1           534             0  ...                  0  2020-08-05
2          2127             0  ...                  0  2020-08-05
3             0             0  ...                  0  2020-08-05
4          1295             0  ...                  0  2020-08-05

[5 rows x 20 columns]
[2024-02-01 17:17:46,299] {python.py:173} INFO - Done. Returned value was: True
[2024-02-01 17:17:46,548] {taskinstance.py:1400} INFO - Marking task as SUCCESS. dag_id=project_6_22, task_id=generate_data, execution_date=20240131T171713, start_date=20240201T171745, end_date=20240201T171746
[2024-02-01 17:17:46,604] {local_task_job.py:156} INFO - Task exited with return code 0
[2024-02-01 17:17:46,838] {local_task_job.py:273} INFO - 1 downstream tasks scheduled from follow-on schedule check
