[2024-02-01 17:54:59,477] {taskinstance.py:1159} INFO - Dependencies all met for <TaskInstance: project_6_24.dim_postgres scheduled__2024-01-31T17:54:45.620508+00:00 [queued]>
[2024-02-01 17:54:59,528] {taskinstance.py:1159} INFO - Dependencies all met for <TaskInstance: project_6_24.dim_postgres scheduled__2024-01-31T17:54:45.620508+00:00 [queued]>
[2024-02-01 17:54:59,530] {taskinstance.py:1356} INFO - 
--------------------------------------------------------------------------------
[2024-02-01 17:54:59,530] {taskinstance.py:1357} INFO - Starting attempt 1 of 2
[2024-02-01 17:54:59,531] {taskinstance.py:1358} INFO - 
--------------------------------------------------------------------------------
[2024-02-01 17:54:59,594] {taskinstance.py:1377} INFO - Executing <Task(PostgresOperator): dim_postgres> on 2024-01-31 17:54:45.620508+00:00
[2024-02-01 17:54:59,609] {standard_task_runner.py:52} INFO - Started process 10336 to run task
[2024-02-01 17:54:59,623] {standard_task_runner.py:79} INFO - Running: ['***', 'tasks', 'run', 'project_6_24', 'dim_postgres', 'scheduled__2024-01-31T17:54:45.620508+00:00', '--job-id', '378', '--raw', '--subdir', 'DAGS_FOLDER/main.py', '--cfg-path', '/tmp/tmprjtodfs8', '--error-file', '/tmp/tmp7_oqosq_']
[2024-02-01 17:54:59,627] {standard_task_runner.py:80} INFO - Job 378: Subtask dim_postgres
[2024-02-01 17:55:00,010] {task_command.py:369} INFO - Running <TaskInstance: project_6_24.dim_postgres scheduled__2024-01-31T17:54:45.620508+00:00 [running]> on host 1fafaef2f352
[2024-02-01 17:55:00,507] {taskinstance.py:1571} INFO - Exporting the following env vars:
AIRFLOW_CTX_DAG_OWNER=***
AIRFLOW_CTX_DAG_ID=project_6_24
AIRFLOW_CTX_TASK_ID=dim_postgres
AIRFLOW_CTX_EXECUTION_DATE=2024-01-31T17:54:45.620508+00:00
AIRFLOW_CTX_TRY_NUMBER=1
AIRFLOW_CTX_DAG_RUN_ID=scheduled__2024-01-31T17:54:45.620508+00:00
[2024-02-01 17:55:00,645] {base.py:68} INFO - Using connection ID 'postgres_dwh' for task execution.
[2024-02-01 17:55:00,750] {dbapi.py:208} INFO - Running statement: CREATE TABLE IF NOT EXISTS case_table (
    id INTEGER,
    status_name VARCHAR(255) NOT NULL,
    status_detail VARCHAR(255) NOT NULL
);

CREATE TABLE IF NOT EXISTS province_table (
    province_id INTEGER PRIMARY KEY,
    province_name VARCHAR(255) NOT NULL
);

CREATE TABLE IF NOT EXISTS district_table (
    district_id INTEGER PRIMARY KEY,
    province_id INTEGER,
    district_name VARCHAR(255) NOT NULL
);
, parameters: None
[2024-02-01 17:55:00,927] {taskinstance.py:1400} INFO - Marking task as SUCCESS. dag_id=project_6_24, task_id=dim_postgres, execution_date=20240131T175445, start_date=20240201T175459, end_date=20240201T175500
[2024-02-01 17:55:01,009] {local_task_job.py:156} INFO - Task exited with return code 0
[2024-02-01 17:55:01,265] {local_task_job.py:273} INFO - 1 downstream tasks scheduled from follow-on schedule check
