[2024-01-31 15:40:00,645] {taskinstance.py:1159} INFO - Dependencies all met for <TaskInstance: project_6_9.dim_prov manual__2024-01-31T15:38:01.809045+00:00 [queued]>
[2024-01-31 15:40:00,658] {taskinstance.py:1159} INFO - Dependencies all met for <TaskInstance: project_6_9.dim_prov manual__2024-01-31T15:38:01.809045+00:00 [queued]>
[2024-01-31 15:40:00,658] {taskinstance.py:1356} INFO - 
--------------------------------------------------------------------------------
[2024-01-31 15:40:00,658] {taskinstance.py:1357} INFO - Starting attempt 3 of 4
[2024-01-31 15:40:00,658] {taskinstance.py:1358} INFO - 
--------------------------------------------------------------------------------
[2024-01-31 15:40:00,680] {taskinstance.py:1377} INFO - Executing <Task(PostgresOperator): dim_prov> on 2024-01-31 15:38:01.809045+00:00
[2024-01-31 15:40:00,687] {standard_task_runner.py:52} INFO - Started process 7998 to run task
[2024-01-31 15:40:00,691] {standard_task_runner.py:79} INFO - Running: ['***', 'tasks', 'run', 'project_6_9', 'dim_prov', 'manual__2024-01-31T15:38:01.809045+00:00', '--job-id', '120', '--raw', '--subdir', 'DAGS_FOLDER/main.py', '--cfg-path', '/tmp/tmpiujst6i3', '--error-file', '/tmp/tmprvhgyt3m']
[2024-01-31 15:40:00,692] {standard_task_runner.py:80} INFO - Job 120: Subtask dim_prov
[2024-01-31 15:40:00,871] {task_command.py:369} INFO - Running <TaskInstance: project_6_9.dim_prov manual__2024-01-31T15:38:01.809045+00:00 [running]> on host 8ebb6ccf62d7
[2024-01-31 15:40:01,108] {taskinstance.py:1571} INFO - Exporting the following env vars:
AIRFLOW_CTX_DAG_OWNER=***
AIRFLOW_CTX_DAG_ID=project_6_9
AIRFLOW_CTX_TASK_ID=dim_prov
AIRFLOW_CTX_EXECUTION_DATE=2024-01-31T15:38:01.809045+00:00
AIRFLOW_CTX_TRY_NUMBER=3
AIRFLOW_CTX_DAG_RUN_ID=manual__2024-01-31T15:38:01.809045+00:00
[2024-01-31 15:40:01,170] {base.py:68} INFO - Using connection ID 'postgres_dwh' for task execution.
[2024-01-31 15:40:01,317] {dbapi.py:208} INFO - Running statement: CREATE TABLE IF NOT EXISTS province_table (
    province_id SERIAL PRIMARY KEY,
    province_name VARCHAR(255) NOT NULL
);, parameters: None
[2024-01-31 15:40:01,494] {taskinstance.py:1400} INFO - Marking task as SUCCESS. dag_id=project_6_9, task_id=dim_prov, execution_date=20240131T153801, start_date=20240131T154000, end_date=20240131T154001
[2024-01-31 15:40:01,554] {local_task_job.py:156} INFO - Task exited with return code 0
[2024-01-31 15:40:01,741] {local_task_job.py:273} INFO - 1 downstream tasks scheduled from follow-on schedule check
