[2024-02-02 08:15:37,967] {taskinstance.py:1159} INFO - Dependencies all met for <TaskInstance: project_6_29.dim_table_creation scheduled__2024-02-01T08:15:04.326834+00:00 [queued]>
[2024-02-02 08:15:37,985] {taskinstance.py:1159} INFO - Dependencies all met for <TaskInstance: project_6_29.dim_table_creation scheduled__2024-02-01T08:15:04.326834+00:00 [queued]>
[2024-02-02 08:15:37,985] {taskinstance.py:1356} INFO - 
--------------------------------------------------------------------------------
[2024-02-02 08:15:37,985] {taskinstance.py:1357} INFO - Starting attempt 1 of 2
[2024-02-02 08:15:37,985] {taskinstance.py:1358} INFO - 
--------------------------------------------------------------------------------
[2024-02-02 08:15:38,026] {taskinstance.py:1377} INFO - Executing <Task(PythonOperator): dim_table_creation> on 2024-02-01 08:15:04.326834+00:00
[2024-02-02 08:15:38,037] {standard_task_runner.py:52} INFO - Started process 8656 to run task
[2024-02-02 08:15:38,041] {standard_task_runner.py:79} INFO - Running: ['***', 'tasks', 'run', 'project_6_29', 'dim_table_creation', 'scheduled__2024-02-01T08:15:04.326834+00:00', '--job-id', '471', '--raw', '--subdir', 'DAGS_FOLDER/main.py', '--cfg-path', '/tmp/tmp4rkgvud6', '--error-file', '/tmp/tmpftnwg42d']
[2024-02-02 08:15:38,043] {standard_task_runner.py:80} INFO - Job 471: Subtask dim_table_creation
[2024-02-02 08:15:38,519] {task_command.py:369} INFO - Running <TaskInstance: project_6_29.dim_table_creation scheduled__2024-02-01T08:15:04.326834+00:00 [running]> on host 20775c919683
[2024-02-02 08:15:38,822] {taskinstance.py:1571} INFO - Exporting the following env vars:
AIRFLOW_CTX_DAG_OWNER=***
AIRFLOW_CTX_DAG_ID=project_6_29
AIRFLOW_CTX_TASK_ID=dim_table_creation
AIRFLOW_CTX_EXECUTION_DATE=2024-02-01T08:15:04.326834+00:00
AIRFLOW_CTX_TRY_NUMBER=1
AIRFLOW_CTX_DAG_RUN_ID=scheduled__2024-02-01T08:15:04.326834+00:00
[2024-02-02 08:15:38,915] {logging_mixin.py:115} INFO -    kode_prov   nama_prov
0         32  Jawa Barat
[2024-02-02 08:15:38,924] {logging_mixin.py:115} INFO -    kode_kab  kode_prov         nama_kab
0      3201         32  Kabupaten Bogor
[2024-02-02 08:15:38,935] {logging_mixin.py:115} INFO -    case_id   status_name             status_detail
0        1  closecontact  closecontact_dikarantina
1        2  closecontact    closecontact_discarded
2        3  closecontact    closecontact_meninggal
3        4      probable        probable_diisolasi
4        5      probable        probable_discarded
[2024-02-02 08:15:38,975] {logging_mixin.py:115} INFO - Connect PostgreSQL using psycopg2
[2024-02-02 08:15:39,039] {logging_mixin.py:115} INFO - Connect Engine MySQL
[2024-02-02 08:15:39,121] {python.py:173} INFO - Done. Returned value was: None
[2024-02-02 08:15:39,210] {taskinstance.py:1400} INFO - Marking task as SUCCESS. dag_id=project_6_29, task_id=dim_table_creation, execution_date=20240201T081504, start_date=20240202T081537, end_date=20240202T081539
[2024-02-02 08:15:39,274] {local_task_job.py:156} INFO - Task exited with return code 0
[2024-02-02 08:15:39,435] {local_task_job.py:273} INFO - 1 downstream tasks scheduled from follow-on schedule check
