[2024-02-01 17:49:43,896] {taskinstance.py:1159} INFO - Dependencies all met for <TaskInstance: project_6_23.dim_postgres manual__2024-02-01T17:46:53.127611+00:00 [queued]>
[2024-02-01 17:49:43,916] {taskinstance.py:1159} INFO - Dependencies all met for <TaskInstance: project_6_23.dim_postgres manual__2024-02-01T17:46:53.127611+00:00 [queued]>
[2024-02-01 17:49:43,916] {taskinstance.py:1356} INFO - 
--------------------------------------------------------------------------------
[2024-02-01 17:49:43,916] {taskinstance.py:1357} INFO - Starting attempt 2 of 3
[2024-02-01 17:49:43,917] {taskinstance.py:1358} INFO - 
--------------------------------------------------------------------------------
[2024-02-01 17:49:43,957] {taskinstance.py:1377} INFO - Executing <Task(PostgresOperator): dim_postgres> on 2024-02-01 17:46:53.127611+00:00
[2024-02-01 17:49:43,972] {standard_task_runner.py:52} INFO - Started process 10124 to run task
[2024-02-01 17:49:43,995] {standard_task_runner.py:79} INFO - Running: ['***', 'tasks', 'run', 'project_6_23', 'dim_postgres', 'manual__2024-02-01T17:46:53.127611+00:00', '--job-id', '369', '--raw', '--subdir', 'DAGS_FOLDER/main.py', '--cfg-path', '/tmp/tmp1kzdi9n6', '--error-file', '/tmp/tmpfutj4mj7']
[2024-02-01 17:49:43,999] {standard_task_runner.py:80} INFO - Job 369: Subtask dim_postgres
[2024-02-01 17:49:44,416] {task_command.py:369} INFO - Running <TaskInstance: project_6_23.dim_postgres manual__2024-02-01T17:46:53.127611+00:00 [running]> on host 1fafaef2f352
[2024-02-01 17:49:44,974] {taskinstance.py:1571} INFO - Exporting the following env vars:
AIRFLOW_CTX_DAG_OWNER=***
AIRFLOW_CTX_DAG_ID=project_6_23
AIRFLOW_CTX_TASK_ID=dim_postgres
AIRFLOW_CTX_EXECUTION_DATE=2024-02-01T17:46:53.127611+00:00
AIRFLOW_CTX_TRY_NUMBER=2
AIRFLOW_CTX_DAG_RUN_ID=manual__2024-02-01T17:46:53.127611+00:00
[2024-02-01 17:49:45,101] {base.py:68} INFO - Using connection ID 'postgres_dwh' for task execution.
[2024-02-01 17:49:45,182] {dbapi.py:208} INFO - Running statement: CREATE TABLE IF NOT EXISTS case_table (
    id INTEGER PRIMARY KEY,
    status_name VARCHAR(255) NOT NULL,
    status_detail VARCHAR(255) NOT NULL
);

CREATE TABLE IF NOT EXISTS province_table (
    province_id INTEGER PRIMARY KEY,
    province_name VARCHAR(255) NOT NULL
);

CREATE TABLE IF NOT EXISTS district_table (
    district_id INTEGER PRIMARY KEY,
    province_id INTEGER,
    district_name VARCHAR(255) NOT NULL
);
, parameters: None
[2024-02-01 17:49:45,357] {taskinstance.py:1400} INFO - Marking task as SUCCESS. dag_id=project_6_23, task_id=dim_postgres, execution_date=20240201T174653, start_date=20240201T174943, end_date=20240201T174945
[2024-02-01 17:49:45,416] {local_task_job.py:156} INFO - Task exited with return code 0
[2024-02-01 17:49:45,702] {local_task_job.py:273} INFO - 0 downstream tasks scheduled from follow-on schedule check
