[2024-02-01 16:12:12,681] {taskinstance.py:1159} INFO - Dependencies all met for <TaskInstance: project_6_19.dim_mysql manual__2024-02-01T16:12:03.477767+00:00 [queued]>
[2024-02-01 16:12:12,695] {taskinstance.py:1159} INFO - Dependencies all met for <TaskInstance: project_6_19.dim_mysql manual__2024-02-01T16:12:03.477767+00:00 [queued]>
[2024-02-01 16:12:12,695] {taskinstance.py:1356} INFO - 
--------------------------------------------------------------------------------
[2024-02-01 16:12:12,695] {taskinstance.py:1357} INFO - Starting attempt 1 of 2
[2024-02-01 16:12:12,695] {taskinstance.py:1358} INFO - 
--------------------------------------------------------------------------------
[2024-02-01 16:12:12,719] {taskinstance.py:1377} INFO - Executing <Task(MySqlOperator): dim_mysql> on 2024-02-01 16:12:03.477767+00:00
[2024-02-01 16:12:12,726] {standard_task_runner.py:52} INFO - Started process 6680 to run task
[2024-02-01 16:12:12,729] {standard_task_runner.py:79} INFO - Running: ['***', 'tasks', 'run', 'project_6_19', 'dim_mysql', 'manual__2024-02-01T16:12:03.477767+00:00', '--job-id', '274', '--raw', '--subdir', 'DAGS_FOLDER/main.py', '--cfg-path', '/tmp/tmpdissvqa0', '--error-file', '/tmp/tmpnzl9cjyl']
[2024-02-01 16:12:12,730] {standard_task_runner.py:80} INFO - Job 274: Subtask dim_mysql
[2024-02-01 16:12:13,057] {task_command.py:369} INFO - Running <TaskInstance: project_6_19.dim_mysql manual__2024-02-01T16:12:03.477767+00:00 [running]> on host 1fafaef2f352
[2024-02-01 16:12:13,375] {taskinstance.py:1571} INFO - Exporting the following env vars:
AIRFLOW_CTX_DAG_OWNER=***
AIRFLOW_CTX_DAG_ID=project_6_19
AIRFLOW_CTX_TASK_ID=dim_mysql
AIRFLOW_CTX_EXECUTION_DATE=2024-02-01T16:12:03.477767+00:00
AIRFLOW_CTX_TRY_NUMBER=1
AIRFLOW_CTX_DAG_RUN_ID=manual__2024-02-01T16:12:03.477767+00:00
[2024-02-01 16:12:13,377] {mysql.py:82} INFO - Executing: CREATE TABLE IF NOT EXISTS case_table (
    id INT PRIMARY KEY,
    status_name VARCHAR(255) NOT NULL,
    status_detail VARCHAR(255) NOT NULL
);


CREATE TABLE IF NOT EXISTS province_table (
    province_id INT PRIMARY KEY,
    province_name VARCHAR(255) NOT NULL
);

CREATE TABLE IF NOT EXISTS district_table (
    district_id INT PRIMARY KEY,
    province_id INT,
    district_name VARCHAR(255) NOT NULL,
    FOREIGN KEY (province_id) REFERENCES province_table(province_id)
);
[2024-02-01 16:12:13,431] {base.py:68} INFO - Using connection ID 'mysql_data_staging' for task execution.
[2024-02-01 16:12:13,521] {dbapi.py:208} INFO - Running statement: CREATE TABLE IF NOT EXISTS case_table (
    id INT PRIMARY KEY,
    status_name VARCHAR(255) NOT NULL,
    status_detail VARCHAR(255) NOT NULL
);


CREATE TABLE IF NOT EXISTS province_table (
    province_id INT PRIMARY KEY,
    province_name VARCHAR(255) NOT NULL
);

CREATE TABLE IF NOT EXISTS district_table (
    district_id INT PRIMARY KEY,
    province_id INT,
    district_name VARCHAR(255) NOT NULL,
    FOREIGN KEY (province_id) REFERENCES province_table(province_id)
);, parameters: None
[2024-02-01 16:12:13,525] {dbapi.py:216} INFO - Rows affected: 0
[2024-02-01 16:12:13,601] {taskinstance.py:1400} INFO - Marking task as SUCCESS. dag_id=project_6_19, task_id=dim_mysql, execution_date=20240201T161203, start_date=20240201T161212, end_date=20240201T161213
[2024-02-01 16:12:13,633] {local_task_job.py:156} INFO - Task exited with return code 0
[2024-02-01 16:12:13,794] {local_task_job.py:273} INFO - 0 downstream tasks scheduled from follow-on schedule check
