[2024-02-02 06:43:08,201] {taskinstance.py:1159} INFO - Dependencies all met for <TaskInstance: project_6_28.api_url_request scheduled__2024-02-01T06:42:45.442031+00:00 [queued]>
[2024-02-02 06:43:08,214] {taskinstance.py:1159} INFO - Dependencies all met for <TaskInstance: project_6_28.api_url_request scheduled__2024-02-01T06:42:45.442031+00:00 [queued]>
[2024-02-02 06:43:08,215] {taskinstance.py:1356} INFO - 
--------------------------------------------------------------------------------
[2024-02-02 06:43:08,215] {taskinstance.py:1357} INFO - Starting attempt 1 of 2
[2024-02-02 06:43:08,215] {taskinstance.py:1358} INFO - 
--------------------------------------------------------------------------------
[2024-02-02 06:43:08,241] {taskinstance.py:1377} INFO - Executing <Task(PythonOperator): api_url_request> on 2024-02-01 06:42:45.442031+00:00
[2024-02-02 06:43:08,249] {standard_task_runner.py:52} INFO - Started process 5514 to run task
[2024-02-02 06:43:08,254] {standard_task_runner.py:79} INFO - Running: ['***', 'tasks', 'run', 'project_6_28', 'api_url_request', 'scheduled__2024-02-01T06:42:45.442031+00:00', '--job-id', '438', '--raw', '--subdir', 'DAGS_FOLDER/main.py', '--cfg-path', '/tmp/tmp5u1qzw50', '--error-file', '/tmp/tmp46dfvmiq']
[2024-02-02 06:43:08,254] {standard_task_runner.py:80} INFO - Job 438: Subtask api_url_request
[2024-02-02 06:43:08,443] {task_command.py:369} INFO - Running <TaskInstance: project_6_28.api_url_request scheduled__2024-02-01T06:42:45.442031+00:00 [running]> on host 20775c919683
[2024-02-02 06:43:08,742] {taskinstance.py:1571} INFO - Exporting the following env vars:
AIRFLOW_CTX_DAG_OWNER=***
AIRFLOW_CTX_DAG_ID=project_6_28
AIRFLOW_CTX_TASK_ID=api_url_request
AIRFLOW_CTX_EXECUTION_DATE=2024-02-01T06:42:45.442031+00:00
AIRFLOW_CTX_TRY_NUMBER=1
AIRFLOW_CTX_DAG_RUN_ID=scheduled__2024-02-01T06:42:45.442031+00:00
[2024-02-02 06:43:08,793] {logging_mixin.py:115} INFO - Connect Engine MySQL
[2024-02-02 06:43:09,046] {logging_mixin.py:115} INFO - DataFrame inserted into MySQL
[2024-02-02 06:43:09,046] {python.py:173} INFO - Done. Returned value was: True
[2024-02-02 06:43:09,195] {taskinstance.py:1400} INFO - Marking task as SUCCESS. dag_id=project_6_28, task_id=api_url_request, execution_date=20240201T064245, start_date=20240202T064308, end_date=20240202T064309
[2024-02-02 06:43:09,257] {local_task_job.py:156} INFO - Task exited with return code 0
[2024-02-02 06:43:09,481] {local_task_job.py:273} INFO - 0 downstream tasks scheduled from follow-on schedule check
