[2024-02-02 06:39:57,726] {taskinstance.py:1159} INFO - Dependencies all met for <TaskInstance: project_6_27.api_url_request scheduled__2024-02-01T06:39:48.259384+00:00 [queued]>
[2024-02-02 06:39:57,742] {taskinstance.py:1159} INFO - Dependencies all met for <TaskInstance: project_6_27.api_url_request scheduled__2024-02-01T06:39:48.259384+00:00 [queued]>
[2024-02-02 06:39:57,742] {taskinstance.py:1356} INFO - 
--------------------------------------------------------------------------------
[2024-02-02 06:39:57,743] {taskinstance.py:1357} INFO - Starting attempt 1 of 2
[2024-02-02 06:39:57,743] {taskinstance.py:1358} INFO - 
--------------------------------------------------------------------------------
[2024-02-02 06:39:57,774] {taskinstance.py:1377} INFO - Executing <Task(PythonOperator): api_url_request> on 2024-02-01 06:39:48.259384+00:00
[2024-02-02 06:39:57,793] {standard_task_runner.py:52} INFO - Started process 5370 to run task
[2024-02-02 06:39:57,801] {standard_task_runner.py:79} INFO - Running: ['***', 'tasks', 'run', 'project_6_27', 'api_url_request', 'scheduled__2024-02-01T06:39:48.259384+00:00', '--job-id', '424', '--raw', '--subdir', 'DAGS_FOLDER/main.py', '--cfg-path', '/tmp/tmp4vni6h54', '--error-file', '/tmp/tmpe7ddlj70']
[2024-02-02 06:39:57,802] {standard_task_runner.py:80} INFO - Job 424: Subtask api_url_request
[2024-02-02 06:39:58,049] {task_command.py:369} INFO - Running <TaskInstance: project_6_27.api_url_request scheduled__2024-02-01T06:39:48.259384+00:00 [running]> on host 20775c919683
[2024-02-02 06:39:58,299] {taskinstance.py:1571} INFO - Exporting the following env vars:
AIRFLOW_CTX_DAG_OWNER=***
AIRFLOW_CTX_DAG_ID=project_6_27
AIRFLOW_CTX_TASK_ID=api_url_request
AIRFLOW_CTX_EXECUTION_DATE=2024-02-01T06:39:48.259384+00:00
AIRFLOW_CTX_TRY_NUMBER=1
AIRFLOW_CTX_DAG_RUN_ID=scheduled__2024-02-01T06:39:48.259384+00:00
[2024-02-02 06:39:58,329] {logging_mixin.py:115} INFO - Connect Engine MySQL
[2024-02-02 06:39:58,667] {logging_mixin.py:115} INFO - DataFrame inserted into MySQL
[2024-02-02 06:39:58,667] {python.py:173} INFO - Done. Returned value was: True
[2024-02-02 06:39:58,800] {taskinstance.py:1400} INFO - Marking task as SUCCESS. dag_id=project_6_27, task_id=api_url_request, execution_date=20240201T063948, start_date=20240202T063957, end_date=20240202T063958
[2024-02-02 06:39:58,858] {local_task_job.py:156} INFO - Task exited with return code 0
[2024-02-02 06:39:59,017] {local_task_job.py:273} INFO - 1 downstream tasks scheduled from follow-on schedule check
