[2024-02-01 17:17:48,836] {taskinstance.py:1159} INFO - Dependencies all met for <TaskInstance: project_6_22.dim_mysql scheduled__2024-01-31T17:17:13.099259+00:00 [queued]>
[2024-02-01 17:17:48,855] {taskinstance.py:1159} INFO - Dependencies all met for <TaskInstance: project_6_22.dim_mysql scheduled__2024-01-31T17:17:13.099259+00:00 [queued]>
[2024-02-01 17:17:48,856] {taskinstance.py:1356} INFO - 
--------------------------------------------------------------------------------
[2024-02-01 17:17:48,856] {taskinstance.py:1357} INFO - Starting attempt 1 of 2
[2024-02-01 17:17:48,856] {taskinstance.py:1358} INFO - 
--------------------------------------------------------------------------------
[2024-02-01 17:17:48,892] {taskinstance.py:1377} INFO - Executing <Task(MySqlOperator): dim_mysql> on 2024-01-31 17:17:13.099259+00:00
[2024-02-01 17:17:48,905] {standard_task_runner.py:52} INFO - Started process 9048 to run task
[2024-02-01 17:17:48,910] {standard_task_runner.py:79} INFO - Running: ['***', 'tasks', 'run', 'project_6_22', 'dim_mysql', 'scheduled__2024-01-31T17:17:13.099259+00:00', '--job-id', '351', '--raw', '--subdir', 'DAGS_FOLDER/main.py', '--cfg-path', '/tmp/tmpxlpiig_3', '--error-file', '/tmp/tmpcdfsq21x']
[2024-02-01 17:17:48,912] {standard_task_runner.py:80} INFO - Job 351: Subtask dim_mysql
[2024-02-01 17:17:49,210] {task_command.py:369} INFO - Running <TaskInstance: project_6_22.dim_mysql scheduled__2024-01-31T17:17:13.099259+00:00 [running]> on host 1fafaef2f352
[2024-02-01 17:17:49,614] {taskinstance.py:1571} INFO - Exporting the following env vars:
AIRFLOW_CTX_DAG_OWNER=***
AIRFLOW_CTX_DAG_ID=project_6_22
AIRFLOW_CTX_TASK_ID=dim_mysql
AIRFLOW_CTX_EXECUTION_DATE=2024-01-31T17:17:13.099259+00:00
AIRFLOW_CTX_TRY_NUMBER=1
AIRFLOW_CTX_DAG_RUN_ID=scheduled__2024-01-31T17:17:13.099259+00:00
[2024-02-01 17:17:49,616] {mysql.py:82} INFO - Executing: CREATE TABLE IF NOT EXISTS case_table (
    id INT PRIMARY KEY,
    status_name VARCHAR(255) NOT NULL,
    status_detail VARCHAR(255) NOT NULL
);


-- CREATE TABLE IF NOT EXISTS province_table (
--     province_id INT PRIMARY KEY,
--     province_name VARCHAR(255) NOT NULL
-- );

-- CREATE TABLE IF NOT EXISTS district_table (
--     district_id INT PRIMARY KEY,
--     province_id INT,
--     district_name VARCHAR(255) NOT NULL,
--     FOREIGN KEY (province_id) REFERENCES province_table(province_id)
-- );


CREATE TABLE IF NOT EXISTS province_table AS
select DISTINCT kode_prov, nama_prov  from raw_covid_data;

CREATE TABLE IF NOT EXISTS district_table AS
select distinct kode_kab, kode_prov , nama_kab from raw_covid_data;
[2024-02-01 17:17:49,718] {base.py:68} INFO - Using connection ID 'mysql_data_staging' for task execution.
[2024-02-01 17:17:49,836] {dbapi.py:208} INFO - Running statement: CREATE TABLE IF NOT EXISTS case_table (
    id INT PRIMARY KEY,
    status_name VARCHAR(255) NOT NULL,
    status_detail VARCHAR(255) NOT NULL
);


-- CREATE TABLE IF NOT EXISTS province_table (
--     province_id INT PRIMARY KEY,
--     province_name VARCHAR(255) NOT NULL
-- );

-- CREATE TABLE IF NOT EXISTS district_table (
--     district_id INT PRIMARY KEY,
--     province_id INT,
--     district_name VARCHAR(255) NOT NULL,
--     FOREIGN KEY (province_id) REFERENCES province_table(province_id)
-- );


CREATE TABLE IF NOT EXISTS province_table AS
select DISTINCT kode_prov, nama_prov  from raw_covid_data;

CREATE TABLE IF NOT EXISTS district_table AS
select distinct kode_kab, kode_prov , nama_kab from raw_covid_data;, parameters: None
[2024-02-01 17:17:49,841] {dbapi.py:216} INFO - Rows affected: 0
[2024-02-01 17:17:49,948] {taskinstance.py:1400} INFO - Marking task as SUCCESS. dag_id=project_6_22, task_id=dim_mysql, execution_date=20240131T171713, start_date=20240201T171748, end_date=20240201T171749
[2024-02-01 17:17:50,017] {local_task_job.py:156} INFO - Task exited with return code 0
[2024-02-01 17:17:50,251] {local_task_job.py:273} INFO - 0 downstream tasks scheduled from follow-on schedule check
