[2024-02-01 17:54:55,311] {taskinstance.py:1159} INFO - Dependencies all met for <TaskInstance: project_6_24.api_url_request scheduled__2024-01-31T17:54:45.620508+00:00 [queued]>
[2024-02-01 17:54:55,330] {taskinstance.py:1159} INFO - Dependencies all met for <TaskInstance: project_6_24.api_url_request scheduled__2024-01-31T17:54:45.620508+00:00 [queued]>
[2024-02-01 17:54:55,330] {taskinstance.py:1356} INFO - 
--------------------------------------------------------------------------------
[2024-02-01 17:54:55,331] {taskinstance.py:1357} INFO - Starting attempt 1 of 2
[2024-02-01 17:54:55,331] {taskinstance.py:1358} INFO - 
--------------------------------------------------------------------------------
[2024-02-01 17:54:55,367] {taskinstance.py:1377} INFO - Executing <Task(PythonOperator): api_url_request> on 2024-01-31 17:54:45.620508+00:00
[2024-02-01 17:54:55,379] {standard_task_runner.py:52} INFO - Started process 10325 to run task
[2024-02-01 17:54:55,384] {standard_task_runner.py:79} INFO - Running: ['***', 'tasks', 'run', 'project_6_24', 'api_url_request', 'scheduled__2024-01-31T17:54:45.620508+00:00', '--job-id', '377', '--raw', '--subdir', 'DAGS_FOLDER/main.py', '--cfg-path', '/tmp/tmpw58x242r', '--error-file', '/tmp/tmpivgaot4y']
[2024-02-01 17:54:55,385] {standard_task_runner.py:80} INFO - Job 377: Subtask api_url_request
[2024-02-01 17:54:55,679] {task_command.py:369} INFO - Running <TaskInstance: project_6_24.api_url_request scheduled__2024-01-31T17:54:45.620508+00:00 [running]> on host 1fafaef2f352
[2024-02-01 17:54:56,071] {taskinstance.py:1571} INFO - Exporting the following env vars:
AIRFLOW_CTX_DAG_OWNER=***
AIRFLOW_CTX_DAG_ID=project_6_24
AIRFLOW_CTX_TASK_ID=api_url_request
AIRFLOW_CTX_EXECUTION_DATE=2024-01-31T17:54:45.620508+00:00
AIRFLOW_CTX_TRY_NUMBER=1
AIRFLOW_CTX_DAG_RUN_ID=scheduled__2024-01-31T17:54:45.620508+00:00
[2024-02-01 17:54:56,100] {logging_mixin.py:115} INFO - Connect Engine MySQL
[2024-02-01 17:54:56,449] {logging_mixin.py:115} INFO - DataFrame inserted into MySQL
[2024-02-01 17:54:56,450] {python.py:173} INFO - Done. Returned value was: True
[2024-02-01 17:54:56,679] {taskinstance.py:1400} INFO - Marking task as SUCCESS. dag_id=project_6_24, task_id=api_url_request, execution_date=20240131T175445, start_date=20240201T175455, end_date=20240201T175456
[2024-02-01 17:54:56,741] {local_task_job.py:156} INFO - Task exited with return code 0
[2024-02-01 17:54:57,000] {local_task_job.py:273} INFO - 1 downstream tasks scheduled from follow-on schedule check
