[2024-02-01 15:27:07,631] {taskinstance.py:1159} INFO - Dependencies all met for <TaskInstance: project_6_14.dim_prov manual__2024-02-01T15:24:27.664070+00:00 [queued]>
[2024-02-01 15:27:07,645] {taskinstance.py:1159} INFO - Dependencies all met for <TaskInstance: project_6_14.dim_prov manual__2024-02-01T15:24:27.664070+00:00 [queued]>
[2024-02-01 15:27:07,645] {taskinstance.py:1356} INFO - 
--------------------------------------------------------------------------------
[2024-02-01 15:27:07,645] {taskinstance.py:1357} INFO - Starting attempt 2 of 3
[2024-02-01 15:27:07,645] {taskinstance.py:1358} INFO - 
--------------------------------------------------------------------------------
[2024-02-01 15:27:07,670] {taskinstance.py:1377} INFO - Executing <Task(PostgresOperator): dim_prov> on 2024-02-01 15:24:27.664070+00:00
[2024-02-01 15:27:07,676] {standard_task_runner.py:52} INFO - Started process 4959 to run task
[2024-02-01 15:27:07,679] {standard_task_runner.py:79} INFO - Running: ['***', 'tasks', 'run', 'project_6_14', 'dim_prov', 'manual__2024-02-01T15:24:27.664070+00:00', '--job-id', '198', '--raw', '--subdir', 'DAGS_FOLDER/main.py', '--cfg-path', '/tmp/tmpzx13e056', '--error-file', '/tmp/tmpk9xybri2']
[2024-02-01 15:27:07,680] {standard_task_runner.py:80} INFO - Job 198: Subtask dim_prov
[2024-02-01 15:27:07,906] {task_command.py:369} INFO - Running <TaskInstance: project_6_14.dim_prov manual__2024-02-01T15:24:27.664070+00:00 [running]> on host 1fafaef2f352
[2024-02-01 15:27:08,159] {taskinstance.py:1571} INFO - Exporting the following env vars:
AIRFLOW_CTX_DAG_OWNER=***
AIRFLOW_CTX_DAG_ID=project_6_14
AIRFLOW_CTX_TASK_ID=dim_prov
AIRFLOW_CTX_EXECUTION_DATE=2024-02-01T15:24:27.664070+00:00
AIRFLOW_CTX_TRY_NUMBER=2
AIRFLOW_CTX_DAG_RUN_ID=manual__2024-02-01T15:24:27.664070+00:00
[2024-02-01 15:27:08,223] {base.py:68} INFO - Using connection ID 'postgres_dwh' for task execution.
[2024-02-01 15:27:08,276] {dbapi.py:208} INFO - Running statement: CREATE TABLE IF NOT EXISTS province_table (
    province_id INTEGER PRIMARY KEY,
    province_name VARCHAR(255) NOT NULL
);, parameters: None
[2024-02-01 15:27:08,393] {taskinstance.py:1400} INFO - Marking task as SUCCESS. dag_id=project_6_14, task_id=dim_prov, execution_date=20240201T152427, start_date=20240201T152707, end_date=20240201T152708
[2024-02-01 15:27:08,457] {local_task_job.py:156} INFO - Task exited with return code 0
[2024-02-01 15:27:08,607] {local_task_job.py:273} INFO - 0 downstream tasks scheduled from follow-on schedule check
