[2024-02-01 16:01:53,411] {taskinstance.py:1159} INFO - Dependencies all met for <TaskInstance: project_6_18.api_url_request scheduled__2024-01-31T16:01:30.999522+00:00 [queued]>
[2024-02-01 16:01:53,427] {taskinstance.py:1159} INFO - Dependencies all met for <TaskInstance: project_6_18.api_url_request scheduled__2024-01-31T16:01:30.999522+00:00 [queued]>
[2024-02-01 16:01:53,427] {taskinstance.py:1356} INFO - 
--------------------------------------------------------------------------------
[2024-02-01 16:01:53,427] {taskinstance.py:1357} INFO - Starting attempt 1 of 2
[2024-02-01 16:01:53,428] {taskinstance.py:1358} INFO - 
--------------------------------------------------------------------------------
[2024-02-01 16:01:53,454] {taskinstance.py:1377} INFO - Executing <Task(PythonOperator): api_url_request> on 2024-01-31 16:01:30.999522+00:00
[2024-02-01 16:01:53,461] {standard_task_runner.py:52} INFO - Started process 6239 to run task
[2024-02-01 16:01:53,467] {standard_task_runner.py:79} INFO - Running: ['***', 'tasks', 'run', 'project_6_18', 'api_url_request', 'scheduled__2024-01-31T16:01:30.999522+00:00', '--job-id', '243', '--raw', '--subdir', 'DAGS_FOLDER/main.py', '--cfg-path', '/tmp/tmpfw59etrb', '--error-file', '/tmp/tmpu6qyoe_b']
[2024-02-01 16:01:53,467] {standard_task_runner.py:80} INFO - Job 243: Subtask api_url_request
[2024-02-01 16:01:53,656] {task_command.py:369} INFO - Running <TaskInstance: project_6_18.api_url_request scheduled__2024-01-31T16:01:30.999522+00:00 [running]> on host 1fafaef2f352
[2024-02-01 16:01:53,888] {taskinstance.py:1571} INFO - Exporting the following env vars:
AIRFLOW_CTX_DAG_OWNER=***
AIRFLOW_CTX_DAG_ID=project_6_18
AIRFLOW_CTX_TASK_ID=api_url_request
AIRFLOW_CTX_EXECUTION_DATE=2024-01-31T16:01:30.999522+00:00
AIRFLOW_CTX_TRY_NUMBER=1
AIRFLOW_CTX_DAG_RUN_ID=scheduled__2024-01-31T16:01:30.999522+00:00
[2024-02-01 16:01:53,905] {logging_mixin.py:115} INFO - Connect Engine MySQL
[2024-02-01 16:01:54,146] {logging_mixin.py:115} INFO - DataFrame inserted into MySQL
[2024-02-01 16:01:54,146] {python.py:173} INFO - Done. Returned value was: True
[2024-02-01 16:01:54,278] {taskinstance.py:1400} INFO - Marking task as SUCCESS. dag_id=project_6_18, task_id=api_url_request, execution_date=20240131T160130, start_date=20240201T160153, end_date=20240201T160154
[2024-02-01 16:01:54,334] {local_task_job.py:156} INFO - Task exited with return code 0
[2024-02-01 16:01:54,480] {local_task_job.py:273} INFO - 1 downstream tasks scheduled from follow-on schedule check
