[2024-02-01 15:20:04,862] {taskinstance.py:1159} INFO - Dependencies all met for <TaskInstance: project_6_13.dim_district scheduled__2024-01-31T15:19:38.505849+00:00 [queued]>
[2024-02-01 15:20:04,876] {taskinstance.py:1159} INFO - Dependencies all met for <TaskInstance: project_6_13.dim_district scheduled__2024-01-31T15:19:38.505849+00:00 [queued]>
[2024-02-01 15:20:04,877] {taskinstance.py:1356} INFO - 
--------------------------------------------------------------------------------
[2024-02-01 15:20:04,877] {taskinstance.py:1357} INFO - Starting attempt 1 of 2
[2024-02-01 15:20:04,877] {taskinstance.py:1358} INFO - 
--------------------------------------------------------------------------------
[2024-02-01 15:20:04,900] {taskinstance.py:1377} INFO - Executing <Task(PostgresOperator): dim_district> on 2024-01-31 15:19:38.505849+00:00
[2024-02-01 15:20:04,906] {standard_task_runner.py:52} INFO - Started process 4610 to run task
[2024-02-01 15:20:04,911] {standard_task_runner.py:79} INFO - Running: ['***', 'tasks', 'run', 'project_6_13', 'dim_district', 'scheduled__2024-01-31T15:19:38.505849+00:00', '--job-id', '167', '--raw', '--subdir', 'DAGS_FOLDER/main.py', '--cfg-path', '/tmp/tmpkcjt0b00', '--error-file', '/tmp/tmp64nuoji9']
[2024-02-01 15:20:04,912] {standard_task_runner.py:80} INFO - Job 167: Subtask dim_district
[2024-02-01 15:20:05,127] {task_command.py:369} INFO - Running <TaskInstance: project_6_13.dim_district scheduled__2024-01-31T15:19:38.505849+00:00 [running]> on host 1fafaef2f352
[2024-02-01 15:20:05,396] {taskinstance.py:1571} INFO - Exporting the following env vars:
AIRFLOW_CTX_DAG_OWNER=***
AIRFLOW_CTX_DAG_ID=project_6_13
AIRFLOW_CTX_TASK_ID=dim_district
AIRFLOW_CTX_EXECUTION_DATE=2024-01-31T15:19:38.505849+00:00
AIRFLOW_CTX_TRY_NUMBER=1
AIRFLOW_CTX_DAG_RUN_ID=scheduled__2024-01-31T15:19:38.505849+00:00
[2024-02-01 15:20:05,463] {base.py:68} INFO - Using connection ID 'postgres_dwh' for task execution.
[2024-02-01 15:20:05,501] {dbapi.py:208} INFO - Running statement: CREATE TABLE IF NOT EXISTS district_table (
    district_id SERIAL PRIMARY KEY,
    province_id INTEGER REFERENCES province_table(province_id),
    district_name VARCHAR(255) NOT NULL
);, parameters: None
[2024-02-01 15:20:05,507] {postgres.py:94} INFO - NOTICE:  relation "district_table" already exists, skipping

[2024-02-01 15:20:05,575] {taskinstance.py:1400} INFO - Marking task as SUCCESS. dag_id=project_6_13, task_id=dim_district, execution_date=20240131T151938, start_date=20240201T152004, end_date=20240201T152005
[2024-02-01 15:20:05,606] {local_task_job.py:156} INFO - Task exited with return code 0
[2024-02-01 15:20:05,797] {local_task_job.py:273} INFO - 0 downstream tasks scheduled from follow-on schedule check
