[2024-02-01 16:15:26,562] {taskinstance.py:1159} INFO - Dependencies all met for <TaskInstance: project_6_20.api_url_request manual__2024-02-01T16:15:23.940128+00:00 [queued]>
[2024-02-01 16:15:26,582] {taskinstance.py:1159} INFO - Dependencies all met for <TaskInstance: project_6_20.api_url_request manual__2024-02-01T16:15:23.940128+00:00 [queued]>
[2024-02-01 16:15:26,582] {taskinstance.py:1356} INFO - 
--------------------------------------------------------------------------------
[2024-02-01 16:15:26,583] {taskinstance.py:1357} INFO - Starting attempt 1 of 2
[2024-02-01 16:15:26,583] {taskinstance.py:1358} INFO - 
--------------------------------------------------------------------------------
[2024-02-01 16:15:26,614] {taskinstance.py:1377} INFO - Executing <Task(PythonOperator): api_url_request> on 2024-02-01 16:15:23.940128+00:00
[2024-02-01 16:15:26,626] {standard_task_runner.py:52} INFO - Started process 6801 to run task
[2024-02-01 16:15:26,631] {standard_task_runner.py:79} INFO - Running: ['***', 'tasks', 'run', 'project_6_20', 'api_url_request', 'manual__2024-02-01T16:15:23.940128+00:00', '--job-id', '278', '--raw', '--subdir', 'DAGS_FOLDER/main.py', '--cfg-path', '/tmp/tmp8ov1smtv', '--error-file', '/tmp/tmp5qaqv32o']
[2024-02-01 16:15:26,632] {standard_task_runner.py:80} INFO - Job 278: Subtask api_url_request
[2024-02-01 16:15:26,845] {task_command.py:369} INFO - Running <TaskInstance: project_6_20.api_url_request manual__2024-02-01T16:15:23.940128+00:00 [running]> on host 1fafaef2f352
[2024-02-01 16:15:27,278] {taskinstance.py:1571} INFO - Exporting the following env vars:
AIRFLOW_CTX_DAG_OWNER=***
AIRFLOW_CTX_DAG_ID=project_6_20
AIRFLOW_CTX_TASK_ID=api_url_request
AIRFLOW_CTX_EXECUTION_DATE=2024-02-01T16:15:23.940128+00:00
AIRFLOW_CTX_TRY_NUMBER=1
AIRFLOW_CTX_DAG_RUN_ID=manual__2024-02-01T16:15:23.940128+00:00
[2024-02-01 16:15:27,327] {logging_mixin.py:115} INFO - Connect Engine MySQL
[2024-02-01 16:15:27,767] {logging_mixin.py:115} INFO - DataFrame inserted into MySQL
[2024-02-01 16:15:27,768] {python.py:173} INFO - Done. Returned value was: True
[2024-02-01 16:15:27,981] {taskinstance.py:1400} INFO - Marking task as SUCCESS. dag_id=project_6_20, task_id=api_url_request, execution_date=20240201T161523, start_date=20240201T161526, end_date=20240201T161527
[2024-02-01 16:15:28,060] {local_task_job.py:156} INFO - Task exited with return code 0
[2024-02-01 16:15:28,271] {local_task_job.py:273} INFO - 1 downstream tasks scheduled from follow-on schedule check
