[2024-02-01 16:21:19,003] {taskinstance.py:1159} INFO - Dependencies all met for <TaskInstance: project_6_20.api_url_request manual__2024-02-01T16:15:23.940128+00:00 [queued]>
[2024-02-01 16:21:19,016] {taskinstance.py:1159} INFO - Dependencies all met for <TaskInstance: project_6_20.api_url_request manual__2024-02-01T16:15:23.940128+00:00 [queued]>
[2024-02-01 16:21:19,016] {taskinstance.py:1356} INFO - 
--------------------------------------------------------------------------------
[2024-02-01 16:21:19,017] {taskinstance.py:1357} INFO - Starting attempt 3 of 4
[2024-02-01 16:21:19,017] {taskinstance.py:1358} INFO - 
--------------------------------------------------------------------------------
[2024-02-01 16:21:19,038] {taskinstance.py:1377} INFO - Executing <Task(PythonOperator): api_url_request> on 2024-02-01 16:15:23.940128+00:00
[2024-02-01 16:21:19,048] {standard_task_runner.py:52} INFO - Started process 7035 to run task
[2024-02-01 16:21:19,049] {standard_task_runner.py:79} INFO - Running: ['***', 'tasks', 'run', 'project_6_20', 'api_url_request', 'manual__2024-02-01T16:15:23.940128+00:00', '--job-id', '295', '--raw', '--subdir', 'DAGS_FOLDER/main.py', '--cfg-path', '/tmp/tmp2pv_s4p_', '--error-file', '/tmp/tmp2fnke8f1']
[2024-02-01 16:21:19,050] {standard_task_runner.py:80} INFO - Job 295: Subtask api_url_request
[2024-02-01 16:21:19,252] {task_command.py:369} INFO - Running <TaskInstance: project_6_20.api_url_request manual__2024-02-01T16:15:23.940128+00:00 [running]> on host 1fafaef2f352
[2024-02-01 16:21:19,485] {taskinstance.py:1571} INFO - Exporting the following env vars:
AIRFLOW_CTX_DAG_OWNER=***
AIRFLOW_CTX_DAG_ID=project_6_20
AIRFLOW_CTX_TASK_ID=api_url_request
AIRFLOW_CTX_EXECUTION_DATE=2024-02-01T16:15:23.940128+00:00
AIRFLOW_CTX_TRY_NUMBER=3
AIRFLOW_CTX_DAG_RUN_ID=manual__2024-02-01T16:15:23.940128+00:00
[2024-02-01 16:21:19,501] {logging_mixin.py:115} INFO - Connect Engine MySQL
[2024-02-01 16:21:19,722] {logging_mixin.py:115} INFO - DataFrame inserted into MySQL
[2024-02-01 16:21:19,722] {python.py:173} INFO - Done. Returned value was: True
[2024-02-01 16:21:19,852] {taskinstance.py:1400} INFO - Marking task as SUCCESS. dag_id=project_6_20, task_id=api_url_request, execution_date=20240201T161523, start_date=20240201T162119, end_date=20240201T162119
[2024-02-01 16:21:19,893] {local_task_job.py:156} INFO - Task exited with return code 0
[2024-02-01 16:21:20,019] {local_task_job.py:273} INFO - 0 downstream tasks scheduled from follow-on schedule check
