[2024-02-01 16:01:58,629] {taskinstance.py:1159} INFO - Dependencies all met for <TaskInstance: project_6_18.dim_table_creation scheduled__2024-01-31T16:01:30.999522+00:00 [queued]>
[2024-02-01 16:01:58,651] {taskinstance.py:1159} INFO - Dependencies all met for <TaskInstance: project_6_18.dim_table_creation scheduled__2024-01-31T16:01:30.999522+00:00 [queued]>
[2024-02-01 16:01:58,652] {taskinstance.py:1356} INFO - 
--------------------------------------------------------------------------------
[2024-02-01 16:01:58,652] {taskinstance.py:1357} INFO - Starting attempt 1 of 2
[2024-02-01 16:01:58,653] {taskinstance.py:1358} INFO - 
--------------------------------------------------------------------------------
[2024-02-01 16:01:58,704] {taskinstance.py:1377} INFO - Executing <Task(PythonOperator): dim_table_creation> on 2024-01-31 16:01:30.999522+00:00
[2024-02-01 16:01:58,733] {standard_task_runner.py:52} INFO - Started process 6262 to run task
[2024-02-01 16:01:58,739] {standard_task_runner.py:79} INFO - Running: ['***', 'tasks', 'run', 'project_6_18', 'dim_table_creation', 'scheduled__2024-01-31T16:01:30.999522+00:00', '--job-id', '247', '--raw', '--subdir', 'DAGS_FOLDER/main.py', '--cfg-path', '/tmp/tmp2qtcsnxz', '--error-file', '/tmp/tmp8bxf6dwt']
[2024-02-01 16:01:58,741] {standard_task_runner.py:80} INFO - Job 247: Subtask dim_table_creation
[2024-02-01 16:01:59,039] {task_command.py:369} INFO - Running <TaskInstance: project_6_18.dim_table_creation scheduled__2024-01-31T16:01:30.999522+00:00 [running]> on host 1fafaef2f352
[2024-02-01 16:01:59,400] {taskinstance.py:1571} INFO - Exporting the following env vars:
AIRFLOW_CTX_DAG_OWNER=***
AIRFLOW_CTX_DAG_ID=project_6_18
AIRFLOW_CTX_TASK_ID=dim_table_creation
AIRFLOW_CTX_EXECUTION_DATE=2024-01-31T16:01:30.999522+00:00
AIRFLOW_CTX_TRY_NUMBER=1
AIRFLOW_CTX_DAG_RUN_ID=scheduled__2024-01-31T16:01:30.999522+00:00
[2024-02-01 16:01:59,493] {logging_mixin.py:115} INFO -    province_id   nama_prov
0            1  Jawa Barat
[2024-02-01 16:01:59,505] {logging_mixin.py:115} INFO -    district_id  province_id           nama_kab
0            1            1  Kabupaten Bandung
[2024-02-01 16:01:59,517] {logging_mixin.py:115} INFO -    case_id   status_name status_detail
0        1  closecontact   dikarantina
1        2  closecontact     discarded
2        3  closecontact     meninggal
3        4      probable     diisolasi
4        5      probable     discarded
[2024-02-01 16:01:59,518] {python.py:173} INFO - Done. Returned value was: None
[2024-02-01 16:01:59,641] {taskinstance.py:1400} INFO - Marking task as SUCCESS. dag_id=project_6_18, task_id=dim_table_creation, execution_date=20240131T160130, start_date=20240201T160158, end_date=20240201T160159
[2024-02-01 16:01:59,723] {local_task_job.py:156} INFO - Task exited with return code 0
[2024-02-01 16:01:59,915] {local_task_job.py:273} INFO - 0 downstream tasks scheduled from follow-on schedule check
