[2024-02-01 17:46:56,596] {taskinstance.py:1159} INFO - Dependencies all met for <TaskInstance: project_6_23.api_url_request scheduled__2024-01-31T17:46:43.314220+00:00 [queued]>
[2024-02-01 17:46:56,622] {taskinstance.py:1159} INFO - Dependencies all met for <TaskInstance: project_6_23.api_url_request scheduled__2024-01-31T17:46:43.314220+00:00 [queued]>
[2024-02-01 17:46:56,623] {taskinstance.py:1356} INFO - 
--------------------------------------------------------------------------------
[2024-02-01 17:46:56,623] {taskinstance.py:1357} INFO - Starting attempt 1 of 2
[2024-02-01 17:46:56,623] {taskinstance.py:1358} INFO - 
--------------------------------------------------------------------------------
[2024-02-01 17:46:56,666] {taskinstance.py:1377} INFO - Executing <Task(PythonOperator): api_url_request> on 2024-01-31 17:46:43.314220+00:00
[2024-02-01 17:46:56,684] {standard_task_runner.py:52} INFO - Started process 9997 to run task
[2024-02-01 17:46:56,689] {standard_task_runner.py:79} INFO - Running: ['***', 'tasks', 'run', 'project_6_23', 'api_url_request', 'scheduled__2024-01-31T17:46:43.314220+00:00', '--job-id', '354', '--raw', '--subdir', 'DAGS_FOLDER/main.py', '--cfg-path', '/tmp/tmp8dx9ikuo', '--error-file', '/tmp/tmp07tk34rc']
[2024-02-01 17:46:56,691] {standard_task_runner.py:80} INFO - Job 354: Subtask api_url_request
[2024-02-01 17:46:57,013] {task_command.py:369} INFO - Running <TaskInstance: project_6_23.api_url_request scheduled__2024-01-31T17:46:43.314220+00:00 [running]> on host 1fafaef2f352
[2024-02-01 17:46:57,515] {taskinstance.py:1571} INFO - Exporting the following env vars:
AIRFLOW_CTX_DAG_OWNER=***
AIRFLOW_CTX_DAG_ID=project_6_23
AIRFLOW_CTX_TASK_ID=api_url_request
AIRFLOW_CTX_EXECUTION_DATE=2024-01-31T17:46:43.314220+00:00
AIRFLOW_CTX_TRY_NUMBER=1
AIRFLOW_CTX_DAG_RUN_ID=scheduled__2024-01-31T17:46:43.314220+00:00
[2024-02-01 17:46:57,576] {logging_mixin.py:115} INFO - Connect Engine MySQL
[2024-02-01 17:46:58,036] {logging_mixin.py:115} INFO - DataFrame inserted into MySQL
[2024-02-01 17:46:58,038] {python.py:173} INFO - Done. Returned value was: True
[2024-02-01 17:46:58,305] {taskinstance.py:1400} INFO - Marking task as SUCCESS. dag_id=project_6_23, task_id=api_url_request, execution_date=20240131T174643, start_date=20240201T174656, end_date=20240201T174658
[2024-02-01 17:46:58,404] {local_task_job.py:156} INFO - Task exited with return code 0
[2024-02-01 17:46:58,682] {local_task_job.py:273} INFO - 0 downstream tasks scheduled from follow-on schedule check
