[2024-02-01 16:30:12,758] {taskinstance.py:1159} INFO - Dependencies all met for <TaskInstance: project_6_21.dim_mysql manual__2024-02-01T16:28:51.921767+00:00 [queued]>
[2024-02-01 16:30:12,772] {taskinstance.py:1159} INFO - Dependencies all met for <TaskInstance: project_6_21.dim_mysql manual__2024-02-01T16:28:51.921767+00:00 [queued]>
[2024-02-01 16:30:12,772] {taskinstance.py:1356} INFO - 
--------------------------------------------------------------------------------
[2024-02-01 16:30:12,772] {taskinstance.py:1357} INFO - Starting attempt 1 of 2
[2024-02-01 16:30:12,773] {taskinstance.py:1358} INFO - 
--------------------------------------------------------------------------------
[2024-02-01 16:30:12,797] {taskinstance.py:1377} INFO - Executing <Task(MySqlOperator): dim_mysql> on 2024-02-01 16:28:51.921767+00:00
[2024-02-01 16:30:12,805] {standard_task_runner.py:52} INFO - Started process 7457 to run task
[2024-02-01 16:30:12,810] {standard_task_runner.py:79} INFO - Running: ['***', 'tasks', 'run', 'project_6_21', 'dim_mysql', 'manual__2024-02-01T16:28:51.921767+00:00', '--job-id', '336', '--raw', '--subdir', 'DAGS_FOLDER/main.py', '--cfg-path', '/tmp/tmpwai6ylzs', '--error-file', '/tmp/tmpxx36nwm7']
[2024-02-01 16:30:12,811] {standard_task_runner.py:80} INFO - Job 336: Subtask dim_mysql
[2024-02-01 16:30:13,016] {task_command.py:369} INFO - Running <TaskInstance: project_6_21.dim_mysql manual__2024-02-01T16:28:51.921767+00:00 [running]> on host 1fafaef2f352
[2024-02-01 16:30:13,279] {taskinstance.py:1571} INFO - Exporting the following env vars:
AIRFLOW_CTX_DAG_OWNER=***
AIRFLOW_CTX_DAG_ID=project_6_21
AIRFLOW_CTX_TASK_ID=dim_mysql
AIRFLOW_CTX_EXECUTION_DATE=2024-02-01T16:28:51.921767+00:00
AIRFLOW_CTX_TRY_NUMBER=1
AIRFLOW_CTX_DAG_RUN_ID=manual__2024-02-01T16:28:51.921767+00:00
[2024-02-01 16:30:13,281] {mysql.py:82} INFO - Executing: CREATE TABLE IF NOT EXISTS case_table (
    id INT PRIMARY KEY,
    status_name VARCHAR(255) NOT NULL,
    status_detail VARCHAR(255) NOT NULL
);


CREATE TABLE IF NOT EXISTS province_table (
    province_id INT PRIMARY KEY,
    province_name VARCHAR(255) NOT NULL
);

CREATE TABLE IF NOT EXISTS district_table (
    district_id INT PRIMARY KEY,
    province_id INT,
    district_name VARCHAR(255) NOT NULL,
    FOREIGN KEY (province_id) REFERENCES province_table(province_id)
);
[2024-02-01 16:30:13,340] {base.py:68} INFO - Using connection ID 'mysql_data_staging' for task execution.
[2024-02-01 16:30:13,446] {dbapi.py:208} INFO - Running statement: CREATE TABLE IF NOT EXISTS case_table (
    id INT PRIMARY KEY,
    status_name VARCHAR(255) NOT NULL,
    status_detail VARCHAR(255) NOT NULL
);


CREATE TABLE IF NOT EXISTS province_table (
    province_id INT PRIMARY KEY,
    province_name VARCHAR(255) NOT NULL
);

CREATE TABLE IF NOT EXISTS district_table (
    district_id INT PRIMARY KEY,
    province_id INT,
    district_name VARCHAR(255) NOT NULL,
    FOREIGN KEY (province_id) REFERENCES province_table(province_id)
);, parameters: None
[2024-02-01 16:30:13,450] {dbapi.py:216} INFO - Rows affected: 0
[2024-02-01 16:30:13,523] {taskinstance.py:1400} INFO - Marking task as SUCCESS. dag_id=project_6_21, task_id=dim_mysql, execution_date=20240201T162851, start_date=20240201T163012, end_date=20240201T163013
[2024-02-01 16:30:13,591] {local_task_job.py:156} INFO - Task exited with return code 0
[2024-02-01 16:30:13,753] {local_task_job.py:273} INFO - 1 downstream tasks scheduled from follow-on schedule check
