[2024-02-02 08:15:35,352] {taskinstance.py:1159} INFO - Dependencies all met for <TaskInstance: project_6_29.dim_postgres scheduled__2024-02-01T08:15:04.326834+00:00 [queued]>
[2024-02-02 08:15:35,384] {taskinstance.py:1159} INFO - Dependencies all met for <TaskInstance: project_6_29.dim_postgres scheduled__2024-02-01T08:15:04.326834+00:00 [queued]>
[2024-02-02 08:15:35,385] {taskinstance.py:1356} INFO - 
--------------------------------------------------------------------------------
[2024-02-02 08:15:35,385] {taskinstance.py:1357} INFO - Starting attempt 1 of 2
[2024-02-02 08:15:35,385] {taskinstance.py:1358} INFO - 
--------------------------------------------------------------------------------
[2024-02-02 08:15:35,413] {taskinstance.py:1377} INFO - Executing <Task(PostgresOperator): dim_postgres> on 2024-02-01 08:15:04.326834+00:00
[2024-02-02 08:15:35,424] {standard_task_runner.py:52} INFO - Started process 8648 to run task
[2024-02-02 08:15:35,441] {standard_task_runner.py:79} INFO - Running: ['***', 'tasks', 'run', 'project_6_29', 'dim_postgres', 'scheduled__2024-02-01T08:15:04.326834+00:00', '--job-id', '468', '--raw', '--subdir', 'DAGS_FOLDER/main.py', '--cfg-path', '/tmp/tmpc8bwq4kq', '--error-file', '/tmp/tmpfyi9m9zt']
[2024-02-02 08:15:35,444] {standard_task_runner.py:80} INFO - Job 468: Subtask dim_postgres
[2024-02-02 08:15:35,658] {task_command.py:369} INFO - Running <TaskInstance: project_6_29.dim_postgres scheduled__2024-02-01T08:15:04.326834+00:00 [running]> on host 20775c919683
[2024-02-02 08:15:35,925] {taskinstance.py:1571} INFO - Exporting the following env vars:
AIRFLOW_CTX_DAG_OWNER=***
AIRFLOW_CTX_DAG_ID=project_6_29
AIRFLOW_CTX_TASK_ID=dim_postgres
AIRFLOW_CTX_EXECUTION_DATE=2024-02-01T08:15:04.326834+00:00
AIRFLOW_CTX_TRY_NUMBER=1
AIRFLOW_CTX_DAG_RUN_ID=scheduled__2024-02-01T08:15:04.326834+00:00
[2024-02-02 08:15:35,986] {base.py:68} INFO - Using connection ID 'postgres_dwh' for task execution.
[2024-02-02 08:15:36,029] {dbapi.py:208} INFO - Running statement: -- case table
DROP TABLE IF EXISTS case_table;
CREATE TABLE IF NOT EXISTS case_table (
    id INTEGER,
    status_name VARCHAR(255) NOT NULL,
    status_detail VARCHAR(255) NOT NULL
);


-- province TABLE
DROP TABLE IF EXISTS province_table;
CREATE TABLE IF NOT EXISTS province_table (
    province_id INTEGER PRIMARY KEY,
    province_name VARCHAR(255) NOT NULL
);


-- district TABLE
DROP TABLE IF EXISTS district_table;
CREATE TABLE IF NOT EXISTS district_table (
    district_id INTEGER PRIMARY KEY,
    province_id INTEGER,
    district_name VARCHAR(255) NOT NULL
);


-- province daily table
DROP TABLE IF EXISTS daily_province;
CREATE TABLE IF NOT EXISTS daily_province (
    id SERIAL PRIMARY KEY,
    province_id INT,
    case_id INT,
    date DATE,
    total INT
);

-- PROVINCE MONTHLY TABLE
DROP TABLE IF EXISTS monthly_province;
CREATE TABLE IF NOT EXISTS monthly_province (
    id SERIAL PRIMARY KEY,
    province_id INT,
    case_id INT,
    month VARCHAR(255),
    total INT   
);

-- PROVINCE YEARLY TABLE
DROP TABLE IF EXISTS yearly_province;
CREATE TABLE IF NOT EXISTS yearly_province (
    id SERIAL PRIMARY KEY,
    province_id INT,
    case_id INT,
    year VARCHAR(255),
    total INT  
);

-- DISTRICT MONTHLY TABLE
DROP TABLE IF EXISTS monthly_district;
CREATE TABLE IF NOT EXISTS monthly_district (
    id SERIAL PRIMARY KEY,
    district_id INT,
    case_id INT,
    month VARCHAR(255),
    total INT
);

-- DISTRICT YEARLY TABLE
DROP TABLE IF EXISTS yearly_district;
CREATE TABLE IF NOT EXISTS yearly_district (
    id SERIAL PRIMARY KEY,
    district_id INT,
    case_id INT,
    year VARCHAR(255),
    total INT
);

, parameters: None
[2024-02-02 08:15:36,171] {taskinstance.py:1400} INFO - Marking task as SUCCESS. dag_id=project_6_29, task_id=dim_postgres, execution_date=20240201T081504, start_date=20240202T081535, end_date=20240202T081536
[2024-02-02 08:15:36,224] {local_task_job.py:156} INFO - Task exited with return code 0
[2024-02-02 08:15:36,392] {local_task_job.py:273} INFO - 1 downstream tasks scheduled from follow-on schedule check
