[2024-02-01 17:59:31,487] {taskinstance.py:1159} INFO - Dependencies all met for <TaskInstance: project_6_25.api_url_request manual__2024-02-01T17:59:28.972942+00:00 [queued]>
[2024-02-01 17:59:31,515] {taskinstance.py:1159} INFO - Dependencies all met for <TaskInstance: project_6_25.api_url_request manual__2024-02-01T17:59:28.972942+00:00 [queued]>
[2024-02-01 17:59:31,515] {taskinstance.py:1356} INFO - 
--------------------------------------------------------------------------------
[2024-02-01 17:59:31,516] {taskinstance.py:1357} INFO - Starting attempt 1 of 2
[2024-02-01 17:59:31,516] {taskinstance.py:1358} INFO - 
--------------------------------------------------------------------------------
[2024-02-01 17:59:31,553] {taskinstance.py:1377} INFO - Executing <Task(PythonOperator): api_url_request> on 2024-02-01 17:59:28.972942+00:00
[2024-02-01 17:59:31,562] {standard_task_runner.py:52} INFO - Started process 10511 to run task
[2024-02-01 17:59:31,567] {standard_task_runner.py:79} INFO - Running: ['***', 'tasks', 'run', 'project_6_25', 'api_url_request', 'manual__2024-02-01T17:59:28.972942+00:00', '--job-id', '388', '--raw', '--subdir', 'DAGS_FOLDER/main.py', '--cfg-path', '/tmp/tmp0pe9xamo', '--error-file', '/tmp/tmpt54kz6ob']
[2024-02-01 17:59:31,569] {standard_task_runner.py:80} INFO - Job 388: Subtask api_url_request
[2024-02-01 17:59:31,883] {task_command.py:369} INFO - Running <TaskInstance: project_6_25.api_url_request manual__2024-02-01T17:59:28.972942+00:00 [running]> on host 1fafaef2f352
[2024-02-01 17:59:32,445] {taskinstance.py:1571} INFO - Exporting the following env vars:
AIRFLOW_CTX_DAG_OWNER=***
AIRFLOW_CTX_DAG_ID=project_6_25
AIRFLOW_CTX_TASK_ID=api_url_request
AIRFLOW_CTX_EXECUTION_DATE=2024-02-01T17:59:28.972942+00:00
AIRFLOW_CTX_TRY_NUMBER=1
AIRFLOW_CTX_DAG_RUN_ID=manual__2024-02-01T17:59:28.972942+00:00
[2024-02-01 17:59:32,517] {logging_mixin.py:115} INFO - Connect Engine MySQL
[2024-02-01 17:59:32,884] {logging_mixin.py:115} INFO - DataFrame inserted into MySQL
[2024-02-01 17:59:32,885] {python.py:173} INFO - Done. Returned value was: True
[2024-02-01 17:59:33,208] {taskinstance.py:1400} INFO - Marking task as SUCCESS. dag_id=project_6_25, task_id=api_url_request, execution_date=20240201T175928, start_date=20240201T175931, end_date=20240201T175933
[2024-02-01 17:59:33,319] {local_task_job.py:156} INFO - Task exited with return code 0
[2024-02-01 17:59:33,570] {local_task_job.py:273} INFO - 0 downstream tasks scheduled from follow-on schedule check
