[2024-02-01 16:03:20,390] {taskinstance.py:1159} INFO - Dependencies all met for <TaskInstance: project_6_18.api_url_request manual__2024-02-01T16:01:52.354781+00:00 [queued]>
[2024-02-01 16:03:20,402] {taskinstance.py:1159} INFO - Dependencies all met for <TaskInstance: project_6_18.api_url_request manual__2024-02-01T16:01:52.354781+00:00 [queued]>
[2024-02-01 16:03:20,402] {taskinstance.py:1356} INFO - 
--------------------------------------------------------------------------------
[2024-02-01 16:03:20,402] {taskinstance.py:1357} INFO - Starting attempt 2 of 3
[2024-02-01 16:03:20,402] {taskinstance.py:1358} INFO - 
--------------------------------------------------------------------------------
[2024-02-01 16:03:20,424] {taskinstance.py:1377} INFO - Executing <Task(PythonOperator): api_url_request> on 2024-02-01 16:01:52.354781+00:00
[2024-02-01 16:03:20,431] {standard_task_runner.py:52} INFO - Started process 6326 to run task
[2024-02-01 16:03:20,434] {standard_task_runner.py:79} INFO - Running: ['***', 'tasks', 'run', 'project_6_18', 'api_url_request', 'manual__2024-02-01T16:01:52.354781+00:00', '--job-id', '255', '--raw', '--subdir', 'DAGS_FOLDER/main.py', '--cfg-path', '/tmp/tmpnrqw9wad', '--error-file', '/tmp/tmp06aluzto']
[2024-02-01 16:03:20,435] {standard_task_runner.py:80} INFO - Job 255: Subtask api_url_request
[2024-02-01 16:03:20,626] {task_command.py:369} INFO - Running <TaskInstance: project_6_18.api_url_request manual__2024-02-01T16:01:52.354781+00:00 [running]> on host 1fafaef2f352
[2024-02-01 16:03:20,856] {taskinstance.py:1571} INFO - Exporting the following env vars:
AIRFLOW_CTX_DAG_OWNER=***
AIRFLOW_CTX_DAG_ID=project_6_18
AIRFLOW_CTX_TASK_ID=api_url_request
AIRFLOW_CTX_EXECUTION_DATE=2024-02-01T16:01:52.354781+00:00
AIRFLOW_CTX_TRY_NUMBER=2
AIRFLOW_CTX_DAG_RUN_ID=manual__2024-02-01T16:01:52.354781+00:00
[2024-02-01 16:03:20,877] {logging_mixin.py:115} INFO - Connect Engine MySQL
[2024-02-01 16:03:21,110] {logging_mixin.py:115} INFO - DataFrame inserted into MySQL
[2024-02-01 16:03:21,111] {python.py:173} INFO - Done. Returned value was: True
[2024-02-01 16:03:21,240] {taskinstance.py:1400} INFO - Marking task as SUCCESS. dag_id=project_6_18, task_id=api_url_request, execution_date=20240201T160152, start_date=20240201T160320, end_date=20240201T160321
[2024-02-01 16:03:21,307] {local_task_job.py:156} INFO - Task exited with return code 0
[2024-02-01 16:03:21,457] {local_task_job.py:273} INFO - 1 downstream tasks scheduled from follow-on schedule check
