[2024-02-02 08:22:19,373] {taskinstance.py:1159} INFO - Dependencies all met for <TaskInstance: project_6_30.aggregation_prov scheduled__2024-02-01T08:21:31.958417+00:00 [queued]>
[2024-02-02 08:22:19,393] {taskinstance.py:1159} INFO - Dependencies all met for <TaskInstance: project_6_30.aggregation_prov scheduled__2024-02-01T08:21:31.958417+00:00 [queued]>
[2024-02-02 08:22:19,393] {taskinstance.py:1356} INFO - 
--------------------------------------------------------------------------------
[2024-02-02 08:22:19,393] {taskinstance.py:1357} INFO - Starting attempt 2 of 2
[2024-02-02 08:22:19,394] {taskinstance.py:1358} INFO - 
--------------------------------------------------------------------------------
[2024-02-02 08:22:19,421] {taskinstance.py:1377} INFO - Executing <Task(PythonOperator): aggregation_prov> on 2024-02-01 08:21:31.958417+00:00
[2024-02-02 08:22:19,435] {standard_task_runner.py:52} INFO - Started process 8981 to run task
[2024-02-02 08:22:19,440] {standard_task_runner.py:79} INFO - Running: ['***', 'tasks', 'run', 'project_6_30', 'aggregation_prov', 'scheduled__2024-02-01T08:21:31.958417+00:00', '--job-id', '505', '--raw', '--subdir', 'DAGS_FOLDER/main.py', '--cfg-path', '/tmp/tmpwurp0q9_', '--error-file', '/tmp/tmp5xsm0g4h']
[2024-02-02 08:22:19,442] {standard_task_runner.py:80} INFO - Job 505: Subtask aggregation_prov
[2024-02-02 08:22:19,718] {task_command.py:369} INFO - Running <TaskInstance: project_6_30.aggregation_prov scheduled__2024-02-01T08:21:31.958417+00:00 [running]> on host 20775c919683
[2024-02-02 08:22:19,980] {taskinstance.py:1571} INFO - Exporting the following env vars:
AIRFLOW_CTX_DAG_OWNER=***
AIRFLOW_CTX_DAG_ID=project_6_30
AIRFLOW_CTX_TASK_ID=aggregation_prov
AIRFLOW_CTX_EXECUTION_DATE=2024-02-01T08:21:31.958417+00:00
AIRFLOW_CTX_TRY_NUMBER=2
AIRFLOW_CTX_DAG_RUN_ID=scheduled__2024-02-01T08:21:31.958417+00:00
[2024-02-02 08:22:20,126] {logging_mixin.py:115} INFO -    id  kode_prov  case_id     tanggal  total
0   1         32        1  2020-08-05   1815
[2024-02-02 08:22:20,143] {logging_mixin.py:115} INFO -    id  kode_prov  case_id year_month  total
0   1         32        1    2020-08   2507
[2024-02-02 08:22:20,166] {logging_mixin.py:115} INFO -    kode_prov  id  case_id  year  total
0         32  10        1  2020   2507
[2024-02-02 08:22:20,225] {logging_mixin.py:115} INFO - Connect PostgreSQL using psycopg2
[2024-02-02 08:22:20,226] {taskinstance.py:1889} ERROR - Task failed with exception
Traceback (most recent call last):
  File "/home/airflow/.local/lib/python3.7/site-packages/airflow/operators/python.py", line 171, in execute
    return_value = self.execute_callable()
  File "/home/airflow/.local/lib/python3.7/site-packages/airflow/operators/python.py", line 189, in execute_callable
    return self.python_callable(*self.op_args, **self.op_kwargs)
  File "/opt/airflow/dags/main.py", line 209, in aggregation_prov
    insert_into_postgres(conn_postgres, 'daily_province', df_harian_merge, debug=True)
TypeError: insert_into_postgres() got an unexpected keyword argument 'debug'
[2024-02-02 08:22:20,315] {taskinstance.py:1400} INFO - Marking task as FAILED. dag_id=project_6_30, task_id=aggregation_prov, execution_date=20240201T082131, start_date=20240202T082219, end_date=20240202T082220
[2024-02-02 08:22:20,365] {standard_task_runner.py:97} ERROR - Failed to execute job 505 for task aggregation_prov (insert_into_postgres() got an unexpected keyword argument 'debug'; 8981)
[2024-02-02 08:22:20,389] {local_task_job.py:156} INFO - Task exited with return code 1
[2024-02-02 08:22:20,569] {local_task_job.py:273} INFO - 0 downstream tasks scheduled from follow-on schedule check
