[2024-01-31 15:51:00,439] {taskinstance.py:1159} INFO - Dependencies all met for <TaskInstance: project_6_10.dim_case manual__2024-01-31T15:49:07.986872+00:00 [queued]>
[2024-01-31 15:51:00,462] {taskinstance.py:1159} INFO - Dependencies all met for <TaskInstance: project_6_10.dim_case manual__2024-01-31T15:49:07.986872+00:00 [queued]>
[2024-01-31 15:51:00,463] {taskinstance.py:1356} INFO - 
--------------------------------------------------------------------------------
[2024-01-31 15:51:00,463] {taskinstance.py:1357} INFO - Starting attempt 2 of 3
[2024-01-31 15:51:00,463] {taskinstance.py:1358} INFO - 
--------------------------------------------------------------------------------
[2024-01-31 15:51:00,490] {taskinstance.py:1377} INFO - Executing <Task(PostgresOperator): dim_case> on 2024-01-31 15:49:07.986872+00:00
[2024-01-31 15:51:00,499] {standard_task_runner.py:52} INFO - Started process 8390 to run task
[2024-01-31 15:51:00,503] {standard_task_runner.py:79} INFO - Running: ['***', 'tasks', 'run', 'project_6_10', 'dim_case', 'manual__2024-01-31T15:49:07.986872+00:00', '--job-id', '131', '--raw', '--subdir', 'DAGS_FOLDER/main.py', '--cfg-path', '/tmp/tmpbkp5cwnt', '--error-file', '/tmp/tmp20g332np']
[2024-01-31 15:51:00,504] {standard_task_runner.py:80} INFO - Job 131: Subtask dim_case
[2024-01-31 15:51:00,820] {task_command.py:369} INFO - Running <TaskInstance: project_6_10.dim_case manual__2024-01-31T15:49:07.986872+00:00 [running]> on host 8ebb6ccf62d7
[2024-01-31 15:51:01,179] {taskinstance.py:1571} INFO - Exporting the following env vars:
AIRFLOW_CTX_DAG_OWNER=***
AIRFLOW_CTX_DAG_ID=project_6_10
AIRFLOW_CTX_TASK_ID=dim_case
AIRFLOW_CTX_EXECUTION_DATE=2024-01-31T15:49:07.986872+00:00
AIRFLOW_CTX_TRY_NUMBER=2
AIRFLOW_CTX_DAG_RUN_ID=manual__2024-01-31T15:49:07.986872+00:00
[2024-01-31 15:51:01,259] {base.py:68} INFO - Using connection ID 'postgres_dwh' for task execution.
[2024-01-31 15:51:01,328] {dbapi.py:208} INFO - Running statement: CREATE TABLE IF NOT EXISTS case_table (
    id INTEGER PRIMARY KEY,
    status_name VARCHAR(255) NOT NULL,
    status_detail VARCHAR(255) NOT NULL
), parameters: None
[2024-01-31 15:51:01,449] {taskinstance.py:1400} INFO - Marking task as SUCCESS. dag_id=project_6_10, task_id=dim_case, execution_date=20240131T154907, start_date=20240131T155100, end_date=20240131T155101
[2024-01-31 15:51:01,488] {local_task_job.py:156} INFO - Task exited with return code 0
[2024-01-31 15:51:01,692] {local_task_job.py:273} INFO - 0 downstream tasks scheduled from follow-on schedule check
