[2024-01-31 15:49:16,788] {taskinstance.py:1159} INFO - Dependencies all met for <TaskInstance: project_6_10.dim_case manual__2024-01-31T15:49:07.986872+00:00 [queued]>
[2024-01-31 15:49:16,803] {taskinstance.py:1159} INFO - Dependencies all met for <TaskInstance: project_6_10.dim_case manual__2024-01-31T15:49:07.986872+00:00 [queued]>
[2024-01-31 15:49:16,804] {taskinstance.py:1356} INFO - 
--------------------------------------------------------------------------------
[2024-01-31 15:49:16,804] {taskinstance.py:1357} INFO - Starting attempt 1 of 2
[2024-01-31 15:49:16,804] {taskinstance.py:1358} INFO - 
--------------------------------------------------------------------------------
[2024-01-31 15:49:16,829] {taskinstance.py:1377} INFO - Executing <Task(PostgresOperator): dim_case> on 2024-01-31 15:49:07.986872+00:00
[2024-01-31 15:49:16,837] {standard_task_runner.py:52} INFO - Started process 8321 to run task
[2024-01-31 15:49:16,841] {standard_task_runner.py:79} INFO - Running: ['***', 'tasks', 'run', 'project_6_10', 'dim_case', 'manual__2024-01-31T15:49:07.986872+00:00', '--job-id', '126', '--raw', '--subdir', 'DAGS_FOLDER/main.py', '--cfg-path', '/tmp/tmps9852jhr', '--error-file', '/tmp/tmpqdon4gdi']
[2024-01-31 15:49:16,842] {standard_task_runner.py:80} INFO - Job 126: Subtask dim_case
[2024-01-31 15:49:17,096] {task_command.py:369} INFO - Running <TaskInstance: project_6_10.dim_case manual__2024-01-31T15:49:07.986872+00:00 [running]> on host 8ebb6ccf62d7
[2024-01-31 15:49:17,517] {taskinstance.py:1571} INFO - Exporting the following env vars:
AIRFLOW_CTX_DAG_OWNER=***
AIRFLOW_CTX_DAG_ID=project_6_10
AIRFLOW_CTX_TASK_ID=dim_case
AIRFLOW_CTX_EXECUTION_DATE=2024-01-31T15:49:07.986872+00:00
AIRFLOW_CTX_TRY_NUMBER=1
AIRFLOW_CTX_DAG_RUN_ID=manual__2024-01-31T15:49:07.986872+00:00
[2024-01-31 15:49:17,603] {base.py:68} INFO - Using connection ID 'postgres_dwh' for task execution.
[2024-01-31 15:49:17,646] {dbapi.py:208} INFO - Running statement: CREATE TABLE IF NOT EXISTS case_table (
    id INTEGER PRIMARY KEY,
    status_name VARCHAR(255) NOT NULL,
    status_detail VARCHAR(255) NOT NULL
), parameters: None
[2024-01-31 15:49:17,652] {postgres.py:94} INFO - NOTICE:  relation "case_table" already exists, skipping

[2024-01-31 15:49:17,782] {taskinstance.py:1400} INFO - Marking task as SUCCESS. dag_id=project_6_10, task_id=dim_case, execution_date=20240131T154907, start_date=20240131T154916, end_date=20240131T154917
[2024-01-31 15:49:17,830] {local_task_job.py:156} INFO - Task exited with return code 0
[2024-01-31 15:49:18,037] {local_task_job.py:273} INFO - 0 downstream tasks scheduled from follow-on schedule check
