[2024-02-01 15:24:33,899] {taskinstance.py:1159} INFO - Dependencies all met for <TaskInstance: project_6_14.dim_case manual__2024-02-01T15:24:27.664070+00:00 [queued]>
[2024-02-01 15:24:33,919] {taskinstance.py:1159} INFO - Dependencies all met for <TaskInstance: project_6_14.dim_case manual__2024-02-01T15:24:27.664070+00:00 [queued]>
[2024-02-01 15:24:33,920] {taskinstance.py:1356} INFO - 
--------------------------------------------------------------------------------
[2024-02-01 15:24:33,920] {taskinstance.py:1357} INFO - Starting attempt 1 of 2
[2024-02-01 15:24:33,921] {taskinstance.py:1358} INFO - 
--------------------------------------------------------------------------------
[2024-02-01 15:24:33,949] {taskinstance.py:1377} INFO - Executing <Task(PostgresOperator): dim_case> on 2024-02-01 15:24:27.664070+00:00
[2024-02-01 15:24:33,956] {standard_task_runner.py:52} INFO - Started process 4838 to run task
[2024-02-01 15:24:33,959] {standard_task_runner.py:79} INFO - Running: ['***', 'tasks', 'run', 'project_6_14', 'dim_case', 'manual__2024-02-01T15:24:27.664070+00:00', '--job-id', '187', '--raw', '--subdir', 'DAGS_FOLDER/main.py', '--cfg-path', '/tmp/tmpw3j8dbr9', '--error-file', '/tmp/tmpr_rggsmk']
[2024-02-01 15:24:33,961] {standard_task_runner.py:80} INFO - Job 187: Subtask dim_case
[2024-02-01 15:24:34,178] {task_command.py:369} INFO - Running <TaskInstance: project_6_14.dim_case manual__2024-02-01T15:24:27.664070+00:00 [running]> on host 1fafaef2f352
[2024-02-01 15:24:34,442] {taskinstance.py:1571} INFO - Exporting the following env vars:
AIRFLOW_CTX_DAG_OWNER=***
AIRFLOW_CTX_DAG_ID=project_6_14
AIRFLOW_CTX_TASK_ID=dim_case
AIRFLOW_CTX_EXECUTION_DATE=2024-02-01T15:24:27.664070+00:00
AIRFLOW_CTX_TRY_NUMBER=1
AIRFLOW_CTX_DAG_RUN_ID=manual__2024-02-01T15:24:27.664070+00:00
[2024-02-01 15:24:34,500] {base.py:68} INFO - Using connection ID 'postgres_dwh' for task execution.
[2024-02-01 15:24:34,536] {dbapi.py:208} INFO - Running statement: CREATE TABLE IF NOT EXISTS case_table (
    id INTEGER PRIMARY KEY,
    status_name VARCHAR(255) NOT NULL,
    status_detail VARCHAR(255) NOT NULL
), parameters: None
[2024-02-01 15:24:34,541] {postgres.py:94} INFO - NOTICE:  relation "case_table" already exists, skipping

[2024-02-01 15:24:34,606] {taskinstance.py:1400} INFO - Marking task as SUCCESS. dag_id=project_6_14, task_id=dim_case, execution_date=20240201T152427, start_date=20240201T152433, end_date=20240201T152434
[2024-02-01 15:24:34,656] {local_task_job.py:156} INFO - Task exited with return code 0
[2024-02-01 15:24:34,824] {local_task_job.py:273} INFO - 0 downstream tasks scheduled from follow-on schedule check
