[2024-02-01 15:20:06,649] {taskinstance.py:1159} INFO - Dependencies all met for <TaskInstance: project_6_13.generate_data scheduled__2024-01-31T15:19:38.505849+00:00 [queued]>
[2024-02-01 15:20:06,661] {taskinstance.py:1159} INFO - Dependencies all met for <TaskInstance: project_6_13.generate_data scheduled__2024-01-31T15:19:38.505849+00:00 [queued]>
[2024-02-01 15:20:06,661] {taskinstance.py:1356} INFO - 
--------------------------------------------------------------------------------
[2024-02-01 15:20:06,662] {taskinstance.py:1357} INFO - Starting attempt 1 of 2
[2024-02-01 15:20:06,662] {taskinstance.py:1358} INFO - 
--------------------------------------------------------------------------------
[2024-02-01 15:20:06,683] {taskinstance.py:1377} INFO - Executing <Task(PythonOperator): generate_data> on 2024-01-31 15:19:38.505849+00:00
[2024-02-01 15:20:06,689] {standard_task_runner.py:52} INFO - Started process 4614 to run task
[2024-02-01 15:20:06,692] {standard_task_runner.py:79} INFO - Running: ['***', 'tasks', 'run', 'project_6_13', 'generate_data', 'scheduled__2024-01-31T15:19:38.505849+00:00', '--job-id', '168', '--raw', '--subdir', 'DAGS_FOLDER/main.py', '--cfg-path', '/tmp/tmp39q2qqzc', '--error-file', '/tmp/tmpx0fj97t_']
[2024-02-01 15:20:06,693] {standard_task_runner.py:80} INFO - Job 168: Subtask generate_data
[2024-02-01 15:20:06,872] {task_command.py:369} INFO - Running <TaskInstance: project_6_13.generate_data scheduled__2024-01-31T15:19:38.505849+00:00 [running]> on host 1fafaef2f352
[2024-02-01 15:20:07,100] {taskinstance.py:1571} INFO - Exporting the following env vars:
AIRFLOW_CTX_DAG_OWNER=***
AIRFLOW_CTX_DAG_ID=project_6_13
AIRFLOW_CTX_TASK_ID=generate_data
AIRFLOW_CTX_EXECUTION_DATE=2024-01-31T15:19:38.505849+00:00
AIRFLOW_CTX_TRY_NUMBER=1
AIRFLOW_CTX_DAG_RUN_ID=scheduled__2024-01-31T15:19:38.505849+00:00
[2024-02-01 15:20:07,116] {logging_mixin.py:115} INFO - Connect Engine MySQL
[2024-02-01 15:20:07,238] {logging_mixin.py:115} INFO -    CLOSECONTACT  CONFIRMATION  ...  suspect_meninggal     tanggal
0           274             0  ...                  0  2020-08-05
1           534             0  ...                  0  2020-08-05
2          2127             0  ...                  0  2020-08-05
3             0             0  ...                  0  2020-08-05
4          1295             0  ...                  0  2020-08-05

[5 rows x 20 columns]
[2024-02-01 15:20:07,240] {logging_mixin.py:115} INFO - Error executing query: [Errno 2] No such file or directory: 'sql/raw_data.csv'
[2024-02-01 15:20:07,241] {python.py:173} INFO - Done. Returned value was: None
[2024-02-01 15:20:07,301] {taskinstance.py:1400} INFO - Marking task as SUCCESS. dag_id=project_6_13, task_id=generate_data, execution_date=20240131T151938, start_date=20240201T152006, end_date=20240201T152007
[2024-02-01 15:20:07,363] {local_task_job.py:156} INFO - Task exited with return code 0
[2024-02-01 15:20:07,497] {local_task_job.py:273} INFO - 1 downstream tasks scheduled from follow-on schedule check
