[2024-02-01 15:30:35,836] {taskinstance.py:1159} INFO - Dependencies all met for <TaskInstance: project_6_15.api_url_request manual__2024-02-01T15:30:33.313431+00:00 [queued]>
[2024-02-01 15:30:35,848] {taskinstance.py:1159} INFO - Dependencies all met for <TaskInstance: project_6_15.api_url_request manual__2024-02-01T15:30:33.313431+00:00 [queued]>
[2024-02-01 15:30:35,848] {taskinstance.py:1356} INFO - 
--------------------------------------------------------------------------------
[2024-02-01 15:30:35,848] {taskinstance.py:1357} INFO - Starting attempt 1 of 2
[2024-02-01 15:30:35,848] {taskinstance.py:1358} INFO - 
--------------------------------------------------------------------------------
[2024-02-01 15:30:35,870] {taskinstance.py:1377} INFO - Executing <Task(PythonOperator): api_url_request> on 2024-02-01 15:30:33.313431+00:00
[2024-02-01 15:30:35,878] {standard_task_runner.py:52} INFO - Started process 5091 to run task
[2024-02-01 15:30:35,881] {standard_task_runner.py:79} INFO - Running: ['***', 'tasks', 'run', 'project_6_15', 'api_url_request', 'manual__2024-02-01T15:30:33.313431+00:00', '--job-id', '204', '--raw', '--subdir', 'DAGS_FOLDER/main.py', '--cfg-path', '/tmp/tmp8mazlj69', '--error-file', '/tmp/tmpw3s9124f']
[2024-02-01 15:30:35,881] {standard_task_runner.py:80} INFO - Job 204: Subtask api_url_request
[2024-02-01 15:30:36,091] {task_command.py:369} INFO - Running <TaskInstance: project_6_15.api_url_request manual__2024-02-01T15:30:33.313431+00:00 [running]> on host 1fafaef2f352
[2024-02-01 15:30:36,462] {taskinstance.py:1571} INFO - Exporting the following env vars:
AIRFLOW_CTX_DAG_OWNER=***
AIRFLOW_CTX_DAG_ID=project_6_15
AIRFLOW_CTX_TASK_ID=api_url_request
AIRFLOW_CTX_EXECUTION_DATE=2024-02-01T15:30:33.313431+00:00
AIRFLOW_CTX_TRY_NUMBER=1
AIRFLOW_CTX_DAG_RUN_ID=manual__2024-02-01T15:30:33.313431+00:00
[2024-02-01 15:30:36,486] {logging_mixin.py:115} INFO - Connect Engine MySQL
[2024-02-01 15:30:36,979] {logging_mixin.py:115} INFO - DataFrame inserted into MySQL
[2024-02-01 15:30:36,980] {python.py:173} INFO - Done. Returned value was: True
[2024-02-01 15:30:37,311] {taskinstance.py:1400} INFO - Marking task as SUCCESS. dag_id=project_6_15, task_id=api_url_request, execution_date=20240201T153033, start_date=20240201T153035, end_date=20240201T153037
[2024-02-01 15:30:37,418] {local_task_job.py:156} INFO - Task exited with return code 0
[2024-02-01 15:30:37,638] {local_task_job.py:273} INFO - 1 downstream tasks scheduled from follow-on schedule check
