[2024-01-31 15:49:07,247] {taskinstance.py:1159} INFO - Dependencies all met for <TaskInstance: project_6_10.api_url_request scheduled__2024-01-30T15:48:42.677506+00:00 [queued]>
[2024-01-31 15:49:07,262] {taskinstance.py:1159} INFO - Dependencies all met for <TaskInstance: project_6_10.api_url_request scheduled__2024-01-30T15:48:42.677506+00:00 [queued]>
[2024-01-31 15:49:07,262] {taskinstance.py:1356} INFO - 
--------------------------------------------------------------------------------
[2024-01-31 15:49:07,262] {taskinstance.py:1357} INFO - Starting attempt 1 of 2
[2024-01-31 15:49:07,262] {taskinstance.py:1358} INFO - 
--------------------------------------------------------------------------------
[2024-01-31 15:49:07,307] {taskinstance.py:1377} INFO - Executing <Task(PythonOperator): api_url_request> on 2024-01-30 15:48:42.677506+00:00
[2024-01-31 15:49:07,325] {standard_task_runner.py:52} INFO - Started process 8290 to run task
[2024-01-31 15:49:07,330] {standard_task_runner.py:79} INFO - Running: ['***', 'tasks', 'run', 'project_6_10', 'api_url_request', 'scheduled__2024-01-30T15:48:42.677506+00:00', '--job-id', '121', '--raw', '--subdir', 'DAGS_FOLDER/main.py', '--cfg-path', '/tmp/tmpzsz1gqkh', '--error-file', '/tmp/tmp0rhvmdex']
[2024-01-31 15:49:07,331] {standard_task_runner.py:80} INFO - Job 121: Subtask api_url_request
[2024-01-31 15:49:07,559] {task_command.py:369} INFO - Running <TaskInstance: project_6_10.api_url_request scheduled__2024-01-30T15:48:42.677506+00:00 [running]> on host 8ebb6ccf62d7
[2024-01-31 15:49:07,853] {taskinstance.py:1571} INFO - Exporting the following env vars:
AIRFLOW_CTX_DAG_OWNER=***
AIRFLOW_CTX_DAG_ID=project_6_10
AIRFLOW_CTX_TASK_ID=api_url_request
AIRFLOW_CTX_EXECUTION_DATE=2024-01-30T15:48:42.677506+00:00
AIRFLOW_CTX_TRY_NUMBER=1
AIRFLOW_CTX_DAG_RUN_ID=scheduled__2024-01-30T15:48:42.677506+00:00
[2024-01-31 15:49:07,876] {logging_mixin.py:115} INFO - Connect Engine MySQL
[2024-01-31 15:49:08,399] {logging_mixin.py:115} INFO - DataFrame inserted into MySQL
[2024-01-31 15:49:08,400] {python.py:173} INFO - Done. Returned value was: True
[2024-01-31 15:49:08,646] {taskinstance.py:1400} INFO - Marking task as SUCCESS. dag_id=project_6_10, task_id=api_url_request, execution_date=20240130T154842, start_date=20240131T154907, end_date=20240131T154908
[2024-01-31 15:49:08,727] {local_task_job.py:156} INFO - Task exited with return code 0
[2024-01-31 15:49:08,902] {local_task_job.py:273} INFO - 1 downstream tasks scheduled from follow-on schedule check
