[2024-02-02 06:40:06,704] {taskinstance.py:1159} INFO - Dependencies all met for <TaskInstance: project_6_27.aggregation_district scheduled__2024-02-01T06:39:48.259384+00:00 [queued]>
[2024-02-02 06:40:06,732] {taskinstance.py:1159} INFO - Dependencies all met for <TaskInstance: project_6_27.aggregation_district scheduled__2024-02-01T06:39:48.259384+00:00 [queued]>
[2024-02-02 06:40:06,733] {taskinstance.py:1356} INFO - 
--------------------------------------------------------------------------------
[2024-02-02 06:40:06,734] {taskinstance.py:1357} INFO - Starting attempt 1 of 2
[2024-02-02 06:40:06,735] {taskinstance.py:1358} INFO - 
--------------------------------------------------------------------------------
[2024-02-02 06:40:06,776] {taskinstance.py:1377} INFO - Executing <Task(PythonOperator): aggregation_district> on 2024-02-01 06:39:48.259384+00:00
[2024-02-02 06:40:06,785] {standard_task_runner.py:52} INFO - Started process 5403 to run task
[2024-02-02 06:40:06,790] {standard_task_runner.py:79} INFO - Running: ['***', 'tasks', 'run', 'project_6_27', 'aggregation_district', 'scheduled__2024-02-01T06:39:48.259384+00:00', '--job-id', '435', '--raw', '--subdir', 'DAGS_FOLDER/main.py', '--cfg-path', '/tmp/tmpuun72o6x', '--error-file', '/tmp/tmpeppywxmd']
[2024-02-02 06:40:06,791] {standard_task_runner.py:80} INFO - Job 435: Subtask aggregation_district
[2024-02-02 06:40:07,114] {task_command.py:369} INFO - Running <TaskInstance: project_6_27.aggregation_district scheduled__2024-02-01T06:39:48.259384+00:00 [running]> on host 20775c919683
[2024-02-02 06:40:07,370] {taskinstance.py:1571} INFO - Exporting the following env vars:
AIRFLOW_CTX_DAG_OWNER=***
AIRFLOW_CTX_DAG_ID=project_6_27
AIRFLOW_CTX_TASK_ID=aggregation_district
AIRFLOW_CTX_EXECUTION_DATE=2024-02-01T06:39:48.259384+00:00
AIRFLOW_CTX_TRY_NUMBER=1
AIRFLOW_CTX_DAG_RUN_ID=scheduled__2024-02-01T06:39:48.259384+00:00
[2024-02-02 06:40:07,493] {logging_mixin.py:115} INFO -    id  kode_kab  case_id year_month  total
0   1      3201        1    2020-08      0
[2024-02-02 06:40:07,509] {logging_mixin.py:115} INFO -    id  kode_kab  case_id  year  total
0   1      3201        1  2020      0
[2024-02-02 06:40:07,509] {python.py:173} INFO - Done. Returned value was: None
[2024-02-02 06:40:07,572] {taskinstance.py:1400} INFO - Marking task as SUCCESS. dag_id=project_6_27, task_id=aggregation_district, execution_date=20240201T063948, start_date=20240202T064006, end_date=20240202T064007
[2024-02-02 06:40:07,610] {local_task_job.py:156} INFO - Task exited with return code 0
[2024-02-02 06:40:07,802] {local_task_job.py:273} INFO - 0 downstream tasks scheduled from follow-on schedule check
