[2024-02-02 08:15:41,647] {taskinstance.py:1159} INFO - Dependencies all met for <TaskInstance: project_6_29.aggregation_district scheduled__2024-02-01T08:15:04.326834+00:00 [queued]>
[2024-02-02 08:15:41,661] {taskinstance.py:1159} INFO - Dependencies all met for <TaskInstance: project_6_29.aggregation_district scheduled__2024-02-01T08:15:04.326834+00:00 [queued]>
[2024-02-02 08:15:41,661] {taskinstance.py:1356} INFO - 
--------------------------------------------------------------------------------
[2024-02-02 08:15:41,662] {taskinstance.py:1357} INFO - Starting attempt 1 of 2
[2024-02-02 08:15:41,662] {taskinstance.py:1358} INFO - 
--------------------------------------------------------------------------------
[2024-02-02 08:15:41,688] {taskinstance.py:1377} INFO - Executing <Task(PythonOperator): aggregation_district> on 2024-02-01 08:15:04.326834+00:00
[2024-02-02 08:15:41,719] {standard_task_runner.py:52} INFO - Started process 8661 to run task
[2024-02-02 08:15:41,724] {standard_task_runner.py:79} INFO - Running: ['***', 'tasks', 'run', 'project_6_29', 'aggregation_district', 'scheduled__2024-02-01T08:15:04.326834+00:00', '--job-id', '472', '--raw', '--subdir', 'DAGS_FOLDER/main.py', '--cfg-path', '/tmp/tmp_tzs3gue', '--error-file', '/tmp/tmpfkywvx9t']
[2024-02-02 08:15:41,725] {standard_task_runner.py:80} INFO - Job 472: Subtask aggregation_district
[2024-02-02 08:15:41,946] {task_command.py:369} INFO - Running <TaskInstance: project_6_29.aggregation_district scheduled__2024-02-01T08:15:04.326834+00:00 [running]> on host 20775c919683
[2024-02-02 08:15:42,214] {taskinstance.py:1571} INFO - Exporting the following env vars:
AIRFLOW_CTX_DAG_OWNER=***
AIRFLOW_CTX_DAG_ID=project_6_29
AIRFLOW_CTX_TASK_ID=aggregation_district
AIRFLOW_CTX_EXECUTION_DATE=2024-02-01T08:15:04.326834+00:00
AIRFLOW_CTX_TRY_NUMBER=1
AIRFLOW_CTX_DAG_RUN_ID=scheduled__2024-02-01T08:15:04.326834+00:00
[2024-02-02 08:15:42,346] {logging_mixin.py:115} INFO -    id  kode_kab  case_id year_month  total
0   1      3201        1    2020-08      0
[2024-02-02 08:15:42,360] {logging_mixin.py:115} INFO -    id  kode_kab  case_id  year  total
0   1      3201        1  2020      0
[2024-02-02 08:15:42,410] {logging_mixin.py:115} INFO - Connect PostgreSQL using psycopg2
[2024-02-02 08:15:42,503] {python.py:173} INFO - Done. Returned value was: None
[2024-02-02 08:15:42,580] {taskinstance.py:1400} INFO - Marking task as SUCCESS. dag_id=project_6_29, task_id=aggregation_district, execution_date=20240201T081504, start_date=20240202T081541, end_date=20240202T081542
[2024-02-02 08:15:42,630] {local_task_job.py:156} INFO - Task exited with return code 0
[2024-02-02 08:15:42,813] {local_task_job.py:273} INFO - 0 downstream tasks scheduled from follow-on schedule check
