[2024-02-01 15:59:25,404] {taskinstance.py:1159} INFO - Dependencies all met for <TaskInstance: project_6_17.dim_postgres manual__2024-02-01T15:59:19.792827+00:00 [queued]>
[2024-02-01 15:59:25,417] {taskinstance.py:1159} INFO - Dependencies all met for <TaskInstance: project_6_17.dim_postgres manual__2024-02-01T15:59:19.792827+00:00 [queued]>
[2024-02-01 15:59:25,417] {taskinstance.py:1356} INFO - 
--------------------------------------------------------------------------------
[2024-02-01 15:59:25,417] {taskinstance.py:1357} INFO - Starting attempt 1 of 2
[2024-02-01 15:59:25,417] {taskinstance.py:1358} INFO - 
--------------------------------------------------------------------------------
[2024-02-01 15:59:25,440] {taskinstance.py:1377} INFO - Executing <Task(PostgresOperator): dim_postgres> on 2024-02-01 15:59:19.792827+00:00
[2024-02-01 15:59:25,449] {standard_task_runner.py:52} INFO - Started process 6152 to run task
[2024-02-01 15:59:25,455] {standard_task_runner.py:79} INFO - Running: ['***', 'tasks', 'run', 'project_6_17', 'dim_postgres', 'manual__2024-02-01T15:59:19.792827+00:00', '--job-id', '241', '--raw', '--subdir', 'DAGS_FOLDER/main.py', '--cfg-path', '/tmp/tmpjz2_xed7', '--error-file', '/tmp/tmpq1hvcfj3']
[2024-02-01 15:59:25,456] {standard_task_runner.py:80} INFO - Job 241: Subtask dim_postgres
[2024-02-01 15:59:25,686] {task_command.py:369} INFO - Running <TaskInstance: project_6_17.dim_postgres manual__2024-02-01T15:59:19.792827+00:00 [running]> on host 1fafaef2f352
[2024-02-01 15:59:25,945] {taskinstance.py:1571} INFO - Exporting the following env vars:
AIRFLOW_CTX_DAG_OWNER=***
AIRFLOW_CTX_DAG_ID=project_6_17
AIRFLOW_CTX_TASK_ID=dim_postgres
AIRFLOW_CTX_EXECUTION_DATE=2024-02-01T15:59:19.792827+00:00
AIRFLOW_CTX_TRY_NUMBER=1
AIRFLOW_CTX_DAG_RUN_ID=manual__2024-02-01T15:59:19.792827+00:00
[2024-02-01 15:59:25,999] {base.py:68} INFO - Using connection ID 'postgres_dwh' for task execution.
[2024-02-01 15:59:26,059] {dbapi.py:208} INFO - Running statement: CREATE TABLE IF NOT EXISTS case_table (
    id INTEGER PRIMARY KEY,
    status_name VARCHAR(255) NOT NULL,
    status_detail VARCHAR(255) NOT NULL
);

CREATE TABLE IF NOT EXISTS district_table (
    district_id INTEGER PRIMARY KEY,
    province_id INTEGER REFERENCES province_table(province_id),
    district_name VARCHAR(255) NOT NULL
);

CREATE TABLE IF NOT EXISTS province_table (
    province_id INTEGER PRIMARY KEY,
    province_name VARCHAR(255) NOT NULL
);, parameters: None
[2024-02-01 15:59:26,067] {postgres.py:94} INFO - NOTICE:  relation "case_table" already exists, skipping

[2024-02-01 15:59:26,068] {postgres.py:94} INFO - NOTICE:  relation "district_table" already exists, skipping

[2024-02-01 15:59:26,069] {postgres.py:94} INFO - NOTICE:  relation "province_table" already exists, skipping

[2024-02-01 15:59:26,146] {taskinstance.py:1400} INFO - Marking task as SUCCESS. dag_id=project_6_17, task_id=dim_postgres, execution_date=20240201T155919, start_date=20240201T155925, end_date=20240201T155926
[2024-02-01 15:59:26,236] {local_task_job.py:156} INFO - Task exited with return code 0
[2024-02-01 15:59:26,384] {local_task_job.py:273} INFO - 0 downstream tasks scheduled from follow-on schedule check
