[2024-02-01 15:27:04,718] {taskinstance.py:1159} INFO - Dependencies all met for <TaskInstance: project_6_14.api_url_request manual__2024-02-01T15:24:27.664070+00:00 [queued]>
[2024-02-01 15:27:04,729] {taskinstance.py:1159} INFO - Dependencies all met for <TaskInstance: project_6_14.api_url_request manual__2024-02-01T15:24:27.664070+00:00 [queued]>
[2024-02-01 15:27:04,729] {taskinstance.py:1356} INFO - 
--------------------------------------------------------------------------------
[2024-02-01 15:27:04,730] {taskinstance.py:1357} INFO - Starting attempt 2 of 3
[2024-02-01 15:27:04,730] {taskinstance.py:1358} INFO - 
--------------------------------------------------------------------------------
[2024-02-01 15:27:04,751] {taskinstance.py:1377} INFO - Executing <Task(PythonOperator): api_url_request> on 2024-02-01 15:24:27.664070+00:00
[2024-02-01 15:27:04,757] {standard_task_runner.py:52} INFO - Started process 4951 to run task
[2024-02-01 15:27:04,760] {standard_task_runner.py:79} INFO - Running: ['***', 'tasks', 'run', 'project_6_14', 'api_url_request', 'manual__2024-02-01T15:24:27.664070+00:00', '--job-id', '197', '--raw', '--subdir', 'DAGS_FOLDER/main.py', '--cfg-path', '/tmp/tmpc3ecz8mo', '--error-file', '/tmp/tmphh5eqf_5']
[2024-02-01 15:27:04,761] {standard_task_runner.py:80} INFO - Job 197: Subtask api_url_request
[2024-02-01 15:27:04,983] {task_command.py:369} INFO - Running <TaskInstance: project_6_14.api_url_request manual__2024-02-01T15:24:27.664070+00:00 [running]> on host 1fafaef2f352
[2024-02-01 15:27:05,243] {taskinstance.py:1571} INFO - Exporting the following env vars:
AIRFLOW_CTX_DAG_OWNER=***
AIRFLOW_CTX_DAG_ID=project_6_14
AIRFLOW_CTX_TASK_ID=api_url_request
AIRFLOW_CTX_EXECUTION_DATE=2024-02-01T15:24:27.664070+00:00
AIRFLOW_CTX_TRY_NUMBER=2
AIRFLOW_CTX_DAG_RUN_ID=manual__2024-02-01T15:24:27.664070+00:00
[2024-02-01 15:27:05,290] {logging_mixin.py:115} INFO - Connect Engine MySQL
[2024-02-01 15:27:05,532] {logging_mixin.py:115} INFO - DataFrame inserted into MySQL
[2024-02-01 15:27:05,533] {python.py:173} INFO - Done. Returned value was: True
[2024-02-01 15:27:05,674] {taskinstance.py:1400} INFO - Marking task as SUCCESS. dag_id=project_6_14, task_id=api_url_request, execution_date=20240201T152427, start_date=20240201T152704, end_date=20240201T152705
[2024-02-01 15:27:05,710] {local_task_job.py:156} INFO - Task exited with return code 0
[2024-02-01 15:27:05,861] {local_task_job.py:273} INFO - 1 downstream tasks scheduled from follow-on schedule check
