[2024-02-02 08:15:41,717] {taskinstance.py:1159} INFO - Dependencies all met for <TaskInstance: project_6_29.aggregation_prov scheduled__2024-02-01T08:15:04.326834+00:00 [queued]>
[2024-02-02 08:15:41,737] {taskinstance.py:1159} INFO - Dependencies all met for <TaskInstance: project_6_29.aggregation_prov scheduled__2024-02-01T08:15:04.326834+00:00 [queued]>
[2024-02-02 08:15:41,738] {taskinstance.py:1356} INFO - 
--------------------------------------------------------------------------------
[2024-02-02 08:15:41,738] {taskinstance.py:1357} INFO - Starting attempt 1 of 2
[2024-02-02 08:15:41,738] {taskinstance.py:1358} INFO - 
--------------------------------------------------------------------------------
[2024-02-02 08:15:41,765] {taskinstance.py:1377} INFO - Executing <Task(PythonOperator): aggregation_prov> on 2024-02-01 08:15:04.326834+00:00
[2024-02-02 08:15:41,777] {standard_task_runner.py:52} INFO - Started process 8662 to run task
[2024-02-02 08:15:41,787] {standard_task_runner.py:79} INFO - Running: ['***', 'tasks', 'run', 'project_6_29', 'aggregation_prov', 'scheduled__2024-02-01T08:15:04.326834+00:00', '--job-id', '473', '--raw', '--subdir', 'DAGS_FOLDER/main.py', '--cfg-path', '/tmp/tmp0ikn38l8', '--error-file', '/tmp/tmptuk1dpx8']
[2024-02-02 08:15:41,789] {standard_task_runner.py:80} INFO - Job 473: Subtask aggregation_prov
[2024-02-02 08:15:41,999] {task_command.py:369} INFO - Running <TaskInstance: project_6_29.aggregation_prov scheduled__2024-02-01T08:15:04.326834+00:00 [running]> on host 20775c919683
[2024-02-02 08:15:42,258] {taskinstance.py:1571} INFO - Exporting the following env vars:
AIRFLOW_CTX_DAG_OWNER=***
AIRFLOW_CTX_DAG_ID=project_6_29
AIRFLOW_CTX_TASK_ID=aggregation_prov
AIRFLOW_CTX_EXECUTION_DATE=2024-02-01T08:15:04.326834+00:00
AIRFLOW_CTX_TRY_NUMBER=1
AIRFLOW_CTX_DAG_RUN_ID=scheduled__2024-02-01T08:15:04.326834+00:00
[2024-02-02 08:15:42,385] {logging_mixin.py:115} INFO -    id  kode_prov  case_id     tanggal  total
0   1         32        1  2020-08-05   1815
[2024-02-02 08:15:42,402] {logging_mixin.py:115} INFO -    id  kode_prov  case_id year_month  total
0   1         32        1    2020-08   2507
[2024-02-02 08:15:42,417] {logging_mixin.py:115} INFO -    kode_prov  id  case_id  year  total
0         32  10        1  2020   2507
[2024-02-02 08:15:42,448] {logging_mixin.py:115} INFO - Connect PostgreSQL using psycopg2
[2024-02-02 08:15:42,487] {python.py:173} INFO - Done. Returned value was: None
[2024-02-02 08:15:42,551] {taskinstance.py:1400} INFO - Marking task as SUCCESS. dag_id=project_6_29, task_id=aggregation_prov, execution_date=20240201T081504, start_date=20240202T081541, end_date=20240202T081542
[2024-02-02 08:15:42,610] {local_task_job.py:156} INFO - Task exited with return code 0
[2024-02-02 08:15:42,788] {local_task_job.py:273} INFO - 0 downstream tasks scheduled from follow-on schedule check
