[2024-01-31 14:42:50,381] {taskinstance.py:1159} INFO - Dependencies all met for <TaskInstance: project_6_8.api_url_request scheduled__2024-01-30T14:42:39.363284+00:00 [queued]>
[2024-01-31 14:42:50,401] {taskinstance.py:1159} INFO - Dependencies all met for <TaskInstance: project_6_8.api_url_request scheduled__2024-01-30T14:42:39.363284+00:00 [queued]>
[2024-01-31 14:42:50,402] {taskinstance.py:1356} INFO - 
--------------------------------------------------------------------------------
[2024-01-31 14:42:50,402] {taskinstance.py:1357} INFO - Starting attempt 1 of 2
[2024-01-31 14:42:50,403] {taskinstance.py:1358} INFO - 
--------------------------------------------------------------------------------
[2024-01-31 14:42:50,439] {taskinstance.py:1377} INFO - Executing <Task(PythonOperator): api_url_request> on 2024-01-30 14:42:39.363284+00:00
[2024-01-31 14:42:50,450] {standard_task_runner.py:52} INFO - Started process 6099 to run task
[2024-01-31 14:42:50,457] {standard_task_runner.py:79} INFO - Running: ['***', 'tasks', 'run', 'project_6_8', 'api_url_request', 'scheduled__2024-01-30T14:42:39.363284+00:00', '--job-id', '109', '--raw', '--subdir', 'DAGS_FOLDER/main.py', '--cfg-path', '/tmp/tmpbx898grm', '--error-file', '/tmp/tmpcuh91p4x']
[2024-01-31 14:42:50,458] {standard_task_runner.py:80} INFO - Job 109: Subtask api_url_request
[2024-01-31 14:42:50,751] {task_command.py:369} INFO - Running <TaskInstance: project_6_8.api_url_request scheduled__2024-01-30T14:42:39.363284+00:00 [running]> on host 8ebb6ccf62d7
[2024-01-31 14:42:51,139] {taskinstance.py:1571} INFO - Exporting the following env vars:
AIRFLOW_CTX_DAG_OWNER=***
AIRFLOW_CTX_DAG_ID=project_6_8
AIRFLOW_CTX_TASK_ID=api_url_request
AIRFLOW_CTX_EXECUTION_DATE=2024-01-30T14:42:39.363284+00:00
AIRFLOW_CTX_TRY_NUMBER=1
AIRFLOW_CTX_DAG_RUN_ID=scheduled__2024-01-30T14:42:39.363284+00:00
[2024-01-31 14:42:51,163] {logging_mixin.py:115} INFO - Connect Engine MySQL
[2024-01-31 14:42:51,510] {logging_mixin.py:115} INFO - DataFrame inserted into MySQL
[2024-01-31 14:42:51,512] {python.py:173} INFO - Done. Returned value was: True
[2024-01-31 14:42:51,781] {taskinstance.py:1400} INFO - Marking task as SUCCESS. dag_id=project_6_8, task_id=api_url_request, execution_date=20240130T144239, start_date=20240131T144250, end_date=20240131T144251
[2024-01-31 14:42:51,850] {local_task_job.py:156} INFO - Task exited with return code 0
[2024-01-31 14:42:52,073] {local_task_job.py:273} INFO - 1 downstream tasks scheduled from follow-on schedule check
