[2024-02-01 15:21:12,820] {taskinstance.py:1159} INFO - Dependencies all met for <TaskInstance: project_6_13.dim_prov manual__2024-02-01T15:19:47.875741+00:00 [queued]>
[2024-02-01 15:21:12,850] {taskinstance.py:1159} INFO - Dependencies all met for <TaskInstance: project_6_13.dim_prov manual__2024-02-01T15:19:47.875741+00:00 [queued]>
[2024-02-01 15:21:12,850] {taskinstance.py:1356} INFO - 
--------------------------------------------------------------------------------
[2024-02-01 15:21:12,851] {taskinstance.py:1357} INFO - Starting attempt 4 of 5
[2024-02-01 15:21:12,851] {taskinstance.py:1358} INFO - 
--------------------------------------------------------------------------------
[2024-02-01 15:21:12,878] {taskinstance.py:1377} INFO - Executing <Task(PostgresOperator): dim_prov> on 2024-02-01 15:19:47.875741+00:00
[2024-02-01 15:21:12,884] {standard_task_runner.py:52} INFO - Started process 4698 to run task
[2024-02-01 15:21:12,890] {standard_task_runner.py:79} INFO - Running: ['***', 'tasks', 'run', 'project_6_13', 'dim_prov', 'manual__2024-02-01T15:19:47.875741+00:00', '--job-id', '177', '--raw', '--subdir', 'DAGS_FOLDER/main.py', '--cfg-path', '/tmp/tmpugpd7al5', '--error-file', '/tmp/tmpxyvkx8hn']
[2024-02-01 15:21:12,891] {standard_task_runner.py:80} INFO - Job 177: Subtask dim_prov
[2024-02-01 15:21:13,123] {task_command.py:369} INFO - Running <TaskInstance: project_6_13.dim_prov manual__2024-02-01T15:19:47.875741+00:00 [running]> on host 1fafaef2f352
[2024-02-01 15:21:13,410] {taskinstance.py:1571} INFO - Exporting the following env vars:
AIRFLOW_CTX_DAG_OWNER=***
AIRFLOW_CTX_DAG_ID=project_6_13
AIRFLOW_CTX_TASK_ID=dim_prov
AIRFLOW_CTX_EXECUTION_DATE=2024-02-01T15:19:47.875741+00:00
AIRFLOW_CTX_TRY_NUMBER=4
AIRFLOW_CTX_DAG_RUN_ID=manual__2024-02-01T15:19:47.875741+00:00
[2024-02-01 15:21:13,469] {base.py:68} INFO - Using connection ID 'postgres_dwh' for task execution.
[2024-02-01 15:21:13,503] {dbapi.py:208} INFO - Running statement: CREATE TABLE IF NOT EXISTS province_table (
    province_id SERIAL PRIMARY KEY,
    province_name VARCHAR(255) NOT NULL
);, parameters: None
[2024-02-01 15:21:13,510] {postgres.py:94} INFO - NOTICE:  relation "province_table" already exists, skipping

[2024-02-01 15:21:13,578] {taskinstance.py:1400} INFO - Marking task as SUCCESS. dag_id=project_6_13, task_id=dim_prov, execution_date=20240201T151947, start_date=20240201T152112, end_date=20240201T152113
[2024-02-01 15:21:13,628] {local_task_job.py:156} INFO - Task exited with return code 0
[2024-02-01 15:21:13,923] {local_task_job.py:273} INFO - 0 downstream tasks scheduled from follow-on schedule check
