[2024-02-02 08:19:09,018] {taskinstance.py:1159} INFO - Dependencies all met for <TaskInstance: project_6_29.dim_postgres manual__2024-02-02T08:15:18.483577+00:00 [queued]>
[2024-02-02 08:19:09,034] {taskinstance.py:1159} INFO - Dependencies all met for <TaskInstance: project_6_29.dim_postgres manual__2024-02-02T08:15:18.483577+00:00 [queued]>
[2024-02-02 08:19:09,034] {taskinstance.py:1356} INFO - 
--------------------------------------------------------------------------------
[2024-02-02 08:19:09,034] {taskinstance.py:1357} INFO - Starting attempt 3 of 4
[2024-02-02 08:19:09,034] {taskinstance.py:1358} INFO - 
--------------------------------------------------------------------------------
[2024-02-02 08:19:09,066] {taskinstance.py:1377} INFO - Executing <Task(PostgresOperator): dim_postgres> on 2024-02-02 08:15:18.483577+00:00
[2024-02-02 08:19:09,077] {standard_task_runner.py:52} INFO - Started process 8811 to run task
[2024-02-02 08:19:09,083] {standard_task_runner.py:79} INFO - Running: ['***', 'tasks', 'run', 'project_6_29', 'dim_postgres', 'manual__2024-02-02T08:15:18.483577+00:00', '--job-id', '482', '--raw', '--subdir', 'DAGS_FOLDER/main.py', '--cfg-path', '/tmp/tmpivc5_y3v', '--error-file', '/tmp/tmpmb1wmx0q']
[2024-02-02 08:19:09,084] {standard_task_runner.py:80} INFO - Job 482: Subtask dim_postgres
[2024-02-02 08:19:09,321] {task_command.py:369} INFO - Running <TaskInstance: project_6_29.dim_postgres manual__2024-02-02T08:15:18.483577+00:00 [running]> on host 20775c919683
[2024-02-02 08:19:09,562] {taskinstance.py:1571} INFO - Exporting the following env vars:
AIRFLOW_CTX_DAG_OWNER=***
AIRFLOW_CTX_DAG_ID=project_6_29
AIRFLOW_CTX_TASK_ID=dim_postgres
AIRFLOW_CTX_EXECUTION_DATE=2024-02-02T08:15:18.483577+00:00
AIRFLOW_CTX_TRY_NUMBER=3
AIRFLOW_CTX_DAG_RUN_ID=manual__2024-02-02T08:15:18.483577+00:00
[2024-02-02 08:19:09,633] {base.py:68} INFO - Using connection ID 'postgres_dwh' for task execution.
[2024-02-02 08:19:09,732] {dbapi.py:208} INFO - Running statement: -- case table
DROP TABLE IF EXISTS case_table;
CREATE TABLE IF NOT EXISTS case_table (
    id INTEGER,
    status_name VARCHAR(255) NOT NULL,
    status_detail VARCHAR(255) NOT NULL
);


-- province TABLE
DROP TABLE IF EXISTS province_table;
CREATE TABLE IF NOT EXISTS province_table (
    province_id INTEGER PRIMARY KEY,
    province_name VARCHAR(255) NOT NULL
);


-- district TABLE
DROP TABLE IF EXISTS district_table;
CREATE TABLE IF NOT EXISTS district_table (
    district_id INTEGER PRIMARY KEY,
    province_id INTEGER,
    district_name VARCHAR(255) NOT NULL
);


-- province daily table
DROP TABLE IF EXISTS daily_province;
CREATE TABLE IF NOT EXISTS daily_province (
    id SERIAL PRIMARY KEY,
    province_id INT,
    case_id INT,
    date DATE,
    total INT
);

-- PROVINCE MONTHLY TABLE
DROP TABLE IF EXISTS monthly_province;
CREATE TABLE IF NOT EXISTS monthly_province (
    id SERIAL PRIMARY KEY,
    province_id INT,
    case_id INT,
    month VARCHAR(255),
    total INT   
);

-- PROVINCE YEARLY TABLE
DROP TABLE IF EXISTS yearly_province;
CREATE TABLE IF NOT EXISTS yearly_province (
    id SERIAL PRIMARY KEY,
    province_id INT,
    case_id INT,
    year VARCHAR(255),
    total INT  
);

-- DISTRICT MONTHLY TABLE
DROP TABLE IF EXISTS monthly_district;
CREATE TABLE IF NOT EXISTS monthly_district (
    id SERIAL PRIMARY KEY,
    district_id INT,
    case_id INT,
    month VARCHAR(255),
    total INT
);

-- DISTRICT YEARLY TABLE
DROP TABLE IF EXISTS yearly_district;
CREATE TABLE IF NOT EXISTS yearly_district (
    id SERIAL PRIMARY KEY,
    district_id INT,
    case_id INT,
    year VARCHAR(255),
    total INT
);

, parameters: None
[2024-02-02 08:19:10,032] {taskinstance.py:1400} INFO - Marking task as SUCCESS. dag_id=project_6_29, task_id=dim_postgres, execution_date=20240202T081518, start_date=20240202T081909, end_date=20240202T081910
[2024-02-02 08:19:10,113] {local_task_job.py:156} INFO - Task exited with return code 0
[2024-02-02 08:19:10,285] {local_task_job.py:273} INFO - 1 downstream tasks scheduled from follow-on schedule check
