[2024-02-02 06:20:13,600] {taskinstance.py:1159} INFO - Dependencies all met for <TaskInstance: project_6_26.generate_data scheduled__2024-02-01T06:19:57.633868+00:00 [queued]>
[2024-02-02 06:20:13,617] {taskinstance.py:1159} INFO - Dependencies all met for <TaskInstance: project_6_26.generate_data scheduled__2024-02-01T06:19:57.633868+00:00 [queued]>
[2024-02-02 06:20:13,617] {taskinstance.py:1356} INFO - 
--------------------------------------------------------------------------------
[2024-02-02 06:20:13,617] {taskinstance.py:1357} INFO - Starting attempt 1 of 2
[2024-02-02 06:20:13,617] {taskinstance.py:1358} INFO - 
--------------------------------------------------------------------------------
[2024-02-02 06:20:13,644] {taskinstance.py:1377} INFO - Executing <Task(PythonOperator): generate_data> on 2024-02-01 06:19:57.633868+00:00
[2024-02-02 06:20:13,658] {standard_task_runner.py:52} INFO - Started process 4650 to run task
[2024-02-02 06:20:13,663] {standard_task_runner.py:79} INFO - Running: ['***', 'tasks', 'run', 'project_6_26', 'generate_data', 'scheduled__2024-02-01T06:19:57.633868+00:00', '--job-id', '402', '--raw', '--subdir', 'DAGS_FOLDER/main.py', '--cfg-path', '/tmp/tmpzltgxisa', '--error-file', '/tmp/tmp742ouvyn']
[2024-02-02 06:20:13,665] {standard_task_runner.py:80} INFO - Job 402: Subtask generate_data
[2024-02-02 06:20:13,858] {task_command.py:369} INFO - Running <TaskInstance: project_6_26.generate_data scheduled__2024-02-01T06:19:57.633868+00:00 [running]> on host 20775c919683
[2024-02-02 06:20:14,109] {taskinstance.py:1571} INFO - Exporting the following env vars:
AIRFLOW_CTX_DAG_OWNER=***
AIRFLOW_CTX_DAG_ID=project_6_26
AIRFLOW_CTX_TASK_ID=generate_data
AIRFLOW_CTX_EXECUTION_DATE=2024-02-01T06:19:57.633868+00:00
AIRFLOW_CTX_TRY_NUMBER=1
AIRFLOW_CTX_DAG_RUN_ID=scheduled__2024-02-01T06:19:57.633868+00:00
[2024-02-02 06:20:14,131] {logging_mixin.py:115} INFO - Connect Engine MySQL
[2024-02-02 06:20:14,379] {logging_mixin.py:115} INFO -    CLOSECONTACT  CONFIRMATION  ...  suspect_meninggal     tanggal
0           274             0  ...                  0  2020-08-05
1           534             0  ...                  0  2020-08-05
2          2127             0  ...                  0  2020-08-05
3             0             0  ...                  0  2020-08-05
4          1295             0  ...                  0  2020-08-05

[5 rows x 20 columns]
[2024-02-02 06:20:14,395] {python.py:173} INFO - Done. Returned value was: True
[2024-02-02 06:20:14,590] {taskinstance.py:1400} INFO - Marking task as SUCCESS. dag_id=project_6_26, task_id=generate_data, execution_date=20240201T061957, start_date=20240202T062013, end_date=20240202T062014
[2024-02-02 06:20:14,688] {local_task_job.py:156} INFO - Task exited with return code 0
[2024-02-02 06:20:14,968] {local_task_job.py:273} INFO - 1 downstream tasks scheduled from follow-on schedule check
