[2024-02-01 16:03:28,569] {taskinstance.py:1159} INFO - Dependencies all met for <TaskInstance: project_6_18.dim_mysql manual__2024-02-01T16:03:21.684279+00:00 [queued]>
[2024-02-01 16:03:28,581] {taskinstance.py:1159} INFO - Dependencies all met for <TaskInstance: project_6_18.dim_mysql manual__2024-02-01T16:03:21.684279+00:00 [queued]>
[2024-02-01 16:03:28,581] {taskinstance.py:1356} INFO - 
--------------------------------------------------------------------------------
[2024-02-01 16:03:28,581] {taskinstance.py:1357} INFO - Starting attempt 1 of 2
[2024-02-01 16:03:28,581] {taskinstance.py:1358} INFO - 
--------------------------------------------------------------------------------
[2024-02-01 16:03:28,604] {taskinstance.py:1377} INFO - Executing <Task(MySqlOperator): dim_mysql> on 2024-02-01 16:03:21.684279+00:00
[2024-02-01 16:03:28,612] {standard_task_runner.py:52} INFO - Started process 6352 to run task
[2024-02-01 16:03:28,615] {standard_task_runner.py:79} INFO - Running: ['***', 'tasks', 'run', 'project_6_18', 'dim_mysql', 'manual__2024-02-01T16:03:21.684279+00:00', '--job-id', '263', '--raw', '--subdir', 'DAGS_FOLDER/main.py', '--cfg-path', '/tmp/tmplo0_gu99', '--error-file', '/tmp/tmp70dkixhm']
[2024-02-01 16:03:28,616] {standard_task_runner.py:80} INFO - Job 263: Subtask dim_mysql
[2024-02-01 16:03:28,844] {task_command.py:369} INFO - Running <TaskInstance: project_6_18.dim_mysql manual__2024-02-01T16:03:21.684279+00:00 [running]> on host 1fafaef2f352
[2024-02-01 16:03:29,104] {taskinstance.py:1571} INFO - Exporting the following env vars:
AIRFLOW_CTX_DAG_OWNER=***
AIRFLOW_CTX_DAG_ID=project_6_18
AIRFLOW_CTX_TASK_ID=dim_mysql
AIRFLOW_CTX_EXECUTION_DATE=2024-02-01T16:03:21.684279+00:00
AIRFLOW_CTX_TRY_NUMBER=1
AIRFLOW_CTX_DAG_RUN_ID=manual__2024-02-01T16:03:21.684279+00:00
[2024-02-01 16:03:29,105] {mysql.py:82} INFO - Executing: CREATE TABLE IF NOT EXISTS case_table (
    id INT PRIMARY KEY,
    status_name VARCHAR(255) NOT NULL,
    status_detail VARCHAR(255) NOT NULL
);


CREATE TABLE IF NOT EXISTS province_table (
    province_id INT PRIMARY KEY,
    province_name VARCHAR(255) NOT NULL
);

CREATE TABLE IF NOT EXISTS district_table (
    district_id INT PRIMARY KEY,
    province_id INT,
    district_name VARCHAR(255) NOT NULL,
    FOREIGN KEY (province_id) REFERENCES province_table(province_id)
);
[2024-02-01 16:03:29,161] {base.py:68} INFO - Using connection ID 'mysql_data_staging' for task execution.
[2024-02-01 16:03:29,243] {dbapi.py:208} INFO - Running statement: CREATE TABLE IF NOT EXISTS case_table (
    id INT PRIMARY KEY,
    status_name VARCHAR(255) NOT NULL,
    status_detail VARCHAR(255) NOT NULL
);


CREATE TABLE IF NOT EXISTS province_table (
    province_id INT PRIMARY KEY,
    province_name VARCHAR(255) NOT NULL
);

CREATE TABLE IF NOT EXISTS district_table (
    district_id INT PRIMARY KEY,
    province_id INT,
    district_name VARCHAR(255) NOT NULL,
    FOREIGN KEY (province_id) REFERENCES province_table(province_id)
);, parameters: None
[2024-02-01 16:03:29,249] {dbapi.py:216} INFO - Rows affected: 0
[2024-02-01 16:03:29,339] {taskinstance.py:1400} INFO - Marking task as SUCCESS. dag_id=project_6_18, task_id=dim_mysql, execution_date=20240201T160321, start_date=20240201T160328, end_date=20240201T160329
[2024-02-01 16:03:29,397] {local_task_job.py:156} INFO - Task exited with return code 0
[2024-02-01 16:03:29,550] {local_task_job.py:273} INFO - 0 downstream tasks scheduled from follow-on schedule check
