[2024-02-01 15:42:05,029] {taskinstance.py:1159} INFO - Dependencies all met for <TaskInstance: project_6_16.api_url_request scheduled__2024-01-31T15:41:48.123007+00:00 [queued]>
[2024-02-01 15:42:05,042] {taskinstance.py:1159} INFO - Dependencies all met for <TaskInstance: project_6_16.api_url_request scheduled__2024-01-31T15:41:48.123007+00:00 [queued]>
[2024-02-01 15:42:05,042] {taskinstance.py:1356} INFO - 
--------------------------------------------------------------------------------
[2024-02-01 15:42:05,042] {taskinstance.py:1357} INFO - Starting attempt 1 of 2
[2024-02-01 15:42:05,042] {taskinstance.py:1358} INFO - 
--------------------------------------------------------------------------------
[2024-02-01 15:42:05,065] {taskinstance.py:1377} INFO - Executing <Task(PythonOperator): api_url_request> on 2024-01-31 15:41:48.123007+00:00
[2024-02-01 15:42:05,072] {standard_task_runner.py:52} INFO - Started process 5522 to run task
[2024-02-01 15:42:05,077] {standard_task_runner.py:79} INFO - Running: ['***', 'tasks', 'run', 'project_6_16', 'api_url_request', 'scheduled__2024-01-31T15:41:48.123007+00:00', '--job-id', '223', '--raw', '--subdir', 'DAGS_FOLDER/main.py', '--cfg-path', '/tmp/tmpnunfby2y', '--error-file', '/tmp/tmpuw_etg7q']
[2024-02-01 15:42:05,078] {standard_task_runner.py:80} INFO - Job 223: Subtask api_url_request
[2024-02-01 15:42:05,281] {task_command.py:369} INFO - Running <TaskInstance: project_6_16.api_url_request scheduled__2024-01-31T15:41:48.123007+00:00 [running]> on host 1fafaef2f352
[2024-02-01 15:42:05,529] {taskinstance.py:1571} INFO - Exporting the following env vars:
AIRFLOW_CTX_DAG_OWNER=***
AIRFLOW_CTX_DAG_ID=project_6_16
AIRFLOW_CTX_TASK_ID=api_url_request
AIRFLOW_CTX_EXECUTION_DATE=2024-01-31T15:41:48.123007+00:00
AIRFLOW_CTX_TRY_NUMBER=1
AIRFLOW_CTX_DAG_RUN_ID=scheduled__2024-01-31T15:41:48.123007+00:00
[2024-02-01 15:42:05,549] {logging_mixin.py:115} INFO - Connect Engine MySQL
[2024-02-01 15:42:05,817] {logging_mixin.py:115} INFO - DataFrame inserted into MySQL
[2024-02-01 15:42:05,818] {python.py:173} INFO - Done. Returned value was: True
[2024-02-01 15:42:05,949] {taskinstance.py:1400} INFO - Marking task as SUCCESS. dag_id=project_6_16, task_id=api_url_request, execution_date=20240131T154148, start_date=20240201T154205, end_date=20240201T154205
[2024-02-01 15:42:05,979] {local_task_job.py:156} INFO - Task exited with return code 0
[2024-02-01 15:42:06,118] {local_task_job.py:273} INFO - 1 downstream tasks scheduled from follow-on schedule check
