[2024-02-02 06:40:09,162] {taskinstance.py:1159} INFO - Dependencies all met for <TaskInstance: project_6_27.aggregation_district manual__2024-02-02T06:39:57.544086+00:00 [queued]>
[2024-02-02 06:40:09,181] {taskinstance.py:1159} INFO - Dependencies all met for <TaskInstance: project_6_27.aggregation_district manual__2024-02-02T06:39:57.544086+00:00 [queued]>
[2024-02-02 06:40:09,182] {taskinstance.py:1356} INFO - 
--------------------------------------------------------------------------------
[2024-02-02 06:40:09,182] {taskinstance.py:1357} INFO - Starting attempt 1 of 2
[2024-02-02 06:40:09,182] {taskinstance.py:1358} INFO - 
--------------------------------------------------------------------------------
[2024-02-02 06:40:09,208] {taskinstance.py:1377} INFO - Executing <Task(PythonOperator): aggregation_district> on 2024-02-02 06:39:57.544086+00:00
[2024-02-02 06:40:09,220] {standard_task_runner.py:52} INFO - Started process 5408 to run task
[2024-02-02 06:40:09,227] {standard_task_runner.py:79} INFO - Running: ['***', 'tasks', 'run', 'project_6_27', 'aggregation_district', 'manual__2024-02-02T06:39:57.544086+00:00', '--job-id', '436', '--raw', '--subdir', 'DAGS_FOLDER/main.py', '--cfg-path', '/tmp/tmpu9sztjl9', '--error-file', '/tmp/tmpjemhix5p']
[2024-02-02 06:40:09,228] {standard_task_runner.py:80} INFO - Job 436: Subtask aggregation_district
[2024-02-02 06:40:09,472] {task_command.py:369} INFO - Running <TaskInstance: project_6_27.aggregation_district manual__2024-02-02T06:39:57.544086+00:00 [running]> on host 20775c919683
[2024-02-02 06:40:09,748] {taskinstance.py:1571} INFO - Exporting the following env vars:
AIRFLOW_CTX_DAG_OWNER=***
AIRFLOW_CTX_DAG_ID=project_6_27
AIRFLOW_CTX_TASK_ID=aggregation_district
AIRFLOW_CTX_EXECUTION_DATE=2024-02-02T06:39:57.544086+00:00
AIRFLOW_CTX_TRY_NUMBER=1
AIRFLOW_CTX_DAG_RUN_ID=manual__2024-02-02T06:39:57.544086+00:00
[2024-02-02 06:40:09,911] {logging_mixin.py:115} INFO -    id  kode_kab  case_id year_month  total
0   1      3201        1    2020-08      0
[2024-02-02 06:40:09,942] {logging_mixin.py:115} INFO -    id  kode_kab  case_id  year  total
0   1      3201        1  2020      0
[2024-02-02 06:40:09,943] {python.py:173} INFO - Done. Returned value was: None
[2024-02-02 06:40:10,026] {taskinstance.py:1400} INFO - Marking task as SUCCESS. dag_id=project_6_27, task_id=aggregation_district, execution_date=20240202T063957, start_date=20240202T064009, end_date=20240202T064010
[2024-02-02 06:40:10,090] {local_task_job.py:156} INFO - Task exited with return code 0
[2024-02-02 06:40:10,277] {local_task_job.py:273} INFO - 1 downstream tasks scheduled from follow-on schedule check
