[2024-02-01 13:49:52,998] {taskinstance.py:1159} INFO - Dependencies all met for <TaskInstance: project_6_12.dim_prov manual__2024-02-01T13:49:09.778269+00:00 [queued]>
[2024-02-01 13:49:53,011] {taskinstance.py:1159} INFO - Dependencies all met for <TaskInstance: project_6_12.dim_prov manual__2024-02-01T13:49:09.778269+00:00 [queued]>
[2024-02-01 13:49:53,011] {taskinstance.py:1356} INFO - 
--------------------------------------------------------------------------------
[2024-02-01 13:49:53,011] {taskinstance.py:1357} INFO - Starting attempt 1 of 2
[2024-02-01 13:49:53,012] {taskinstance.py:1358} INFO - 
--------------------------------------------------------------------------------
[2024-02-01 13:49:53,035] {taskinstance.py:1377} INFO - Executing <Task(PostgresOperator): dim_prov> on 2024-02-01 13:49:09.778269+00:00
[2024-02-01 13:49:53,042] {standard_task_runner.py:52} INFO - Started process 1631 to run task
[2024-02-01 13:49:53,047] {standard_task_runner.py:79} INFO - Running: ['***', 'tasks', 'run', 'project_6_12', 'dim_prov', 'manual__2024-02-01T13:49:09.778269+00:00', '--job-id', '156', '--raw', '--subdir', 'DAGS_FOLDER/main.py', '--cfg-path', '/tmp/tmpw4rarw6l', '--error-file', '/tmp/tmpht0niq23']
[2024-02-01 13:49:53,048] {standard_task_runner.py:80} INFO - Job 156: Subtask dim_prov
[2024-02-01 13:49:53,260] {task_command.py:369} INFO - Running <TaskInstance: project_6_12.dim_prov manual__2024-02-01T13:49:09.778269+00:00 [running]> on host 1fafaef2f352
[2024-02-01 13:49:53,628] {taskinstance.py:1571} INFO - Exporting the following env vars:
AIRFLOW_CTX_DAG_OWNER=***
AIRFLOW_CTX_DAG_ID=project_6_12
AIRFLOW_CTX_TASK_ID=dim_prov
AIRFLOW_CTX_EXECUTION_DATE=2024-02-01T13:49:09.778269+00:00
AIRFLOW_CTX_TRY_NUMBER=1
AIRFLOW_CTX_DAG_RUN_ID=manual__2024-02-01T13:49:09.778269+00:00
[2024-02-01 13:49:53,815] {base.py:68} INFO - Using connection ID 'postgres_dwh' for task execution.
[2024-02-01 13:49:53,875] {dbapi.py:208} INFO - Running statement: CREATE TABLE IF NOT EXISTS province_table (
    province_id SERIAL PRIMARY KEY,
    province_name VARCHAR(255) NOT NULL
);, parameters: None
[2024-02-01 13:49:53,887] {postgres.py:94} INFO - NOTICE:  relation "province_table" already exists, skipping

[2024-02-01 13:49:53,958] {taskinstance.py:1400} INFO - Marking task as SUCCESS. dag_id=project_6_12, task_id=dim_prov, execution_date=20240201T134909, start_date=20240201T134952, end_date=20240201T134953
[2024-02-01 13:49:54,028] {local_task_job.py:156} INFO - Task exited with return code 0
[2024-02-01 13:49:54,176] {local_task_job.py:273} INFO - 0 downstream tasks scheduled from follow-on schedule check
