[2024-02-01 17:55:03,492] {taskinstance.py:1159} INFO - Dependencies all met for <TaskInstance: project_6_24.dim_table_creation scheduled__2024-01-31T17:54:45.620508+00:00 [queued]>
[2024-02-01 17:55:03,523] {taskinstance.py:1159} INFO - Dependencies all met for <TaskInstance: project_6_24.dim_table_creation scheduled__2024-01-31T17:54:45.620508+00:00 [queued]>
[2024-02-01 17:55:03,523] {taskinstance.py:1356} INFO - 
--------------------------------------------------------------------------------
[2024-02-01 17:55:03,523] {taskinstance.py:1357} INFO - Starting attempt 1 of 2
[2024-02-01 17:55:03,524] {taskinstance.py:1358} INFO - 
--------------------------------------------------------------------------------
[2024-02-01 17:55:03,567] {taskinstance.py:1377} INFO - Executing <Task(PythonOperator): dim_table_creation> on 2024-01-31 17:54:45.620508+00:00
[2024-02-01 17:55:03,581] {standard_task_runner.py:52} INFO - Started process 10345 to run task
[2024-02-01 17:55:03,588] {standard_task_runner.py:79} INFO - Running: ['***', 'tasks', 'run', 'project_6_24', 'dim_table_creation', 'scheduled__2024-01-31T17:54:45.620508+00:00', '--job-id', '381', '--raw', '--subdir', 'DAGS_FOLDER/main.py', '--cfg-path', '/tmp/tmpg6xjlnrg', '--error-file', '/tmp/tmpk6wjq_xx']
[2024-02-01 17:55:03,589] {standard_task_runner.py:80} INFO - Job 381: Subtask dim_table_creation
[2024-02-01 17:55:03,986] {task_command.py:369} INFO - Running <TaskInstance: project_6_24.dim_table_creation scheduled__2024-01-31T17:54:45.620508+00:00 [running]> on host 1fafaef2f352
[2024-02-01 17:55:04,519] {taskinstance.py:1571} INFO - Exporting the following env vars:
AIRFLOW_CTX_DAG_OWNER=***
AIRFLOW_CTX_DAG_ID=project_6_24
AIRFLOW_CTX_TASK_ID=dim_table_creation
AIRFLOW_CTX_EXECUTION_DATE=2024-01-31T17:54:45.620508+00:00
AIRFLOW_CTX_TRY_NUMBER=1
AIRFLOW_CTX_DAG_RUN_ID=scheduled__2024-01-31T17:54:45.620508+00:00
[2024-02-01 17:55:04,701] {logging_mixin.py:115} INFO -    kode_prov   nama_prov
0         32  Jawa Barat
[2024-02-01 17:55:04,714] {logging_mixin.py:115} INFO -    kode_kab  kode_prov         nama_kab
0      3201         32  Kabupaten Bogor
[2024-02-01 17:55:04,740] {logging_mixin.py:115} INFO -    case_id   status_name             status_detail
0        1  closecontact  closecontact_dikarantina
1        2  closecontact    closecontact_discarded
2        3  closecontact    closecontact_meninggal
3        4      probable        probable_diisolasi
4        5      probable        probable_discarded
[2024-02-01 17:55:04,882] {logging_mixin.py:115} INFO - Connect PostgreSQL using psycopg2
[2024-02-01 17:55:05,048] {logging_mixin.py:115} INFO - Connect Engine MySQL
[2024-02-01 17:55:05,207] {python.py:173} INFO - Done. Returned value was: None
[2024-02-01 17:55:05,363] {taskinstance.py:1400} INFO - Marking task as SUCCESS. dag_id=project_6_24, task_id=dim_table_creation, execution_date=20240131T175445, start_date=20240201T175503, end_date=20240201T175505
[2024-02-01 17:55:05,467] {local_task_job.py:156} INFO - Task exited with return code 0
[2024-02-01 17:55:05,845] {local_task_job.py:273} INFO - 0 downstream tasks scheduled from follow-on schedule check
