[2024-02-02 08:18:22,546] {taskinstance.py:1159} INFO - Dependencies all met for <TaskInstance: project_6_29.api_url_request manual__2024-02-02T08:15:18.483577+00:00 [queued]>
[2024-02-02 08:18:22,558] {taskinstance.py:1159} INFO - Dependencies all met for <TaskInstance: project_6_29.api_url_request manual__2024-02-02T08:15:18.483577+00:00 [queued]>
[2024-02-02 08:18:22,558] {taskinstance.py:1356} INFO - 
--------------------------------------------------------------------------------
[2024-02-02 08:18:22,558] {taskinstance.py:1357} INFO - Starting attempt 2 of 3
[2024-02-02 08:18:22,558] {taskinstance.py:1358} INFO - 
--------------------------------------------------------------------------------
[2024-02-02 08:18:22,581] {taskinstance.py:1377} INFO - Executing <Task(PythonOperator): api_url_request> on 2024-02-02 08:15:18.483577+00:00
[2024-02-02 08:18:22,587] {standard_task_runner.py:52} INFO - Started process 8750 to run task
[2024-02-02 08:18:22,601] {standard_task_runner.py:79} INFO - Running: ['***', 'tasks', 'run', 'project_6_29', 'api_url_request', 'manual__2024-02-02T08:15:18.483577+00:00', '--job-id', '474', '--raw', '--subdir', 'DAGS_FOLDER/main.py', '--cfg-path', '/tmp/tmpcgcjdx83', '--error-file', '/tmp/tmpr6tjwnbw']
[2024-02-02 08:18:22,602] {standard_task_runner.py:80} INFO - Job 474: Subtask api_url_request
[2024-02-02 08:18:22,788] {task_command.py:369} INFO - Running <TaskInstance: project_6_29.api_url_request manual__2024-02-02T08:15:18.483577+00:00 [running]> on host 20775c919683
[2024-02-02 08:18:23,058] {taskinstance.py:1571} INFO - Exporting the following env vars:
AIRFLOW_CTX_DAG_OWNER=***
AIRFLOW_CTX_DAG_ID=project_6_29
AIRFLOW_CTX_TASK_ID=api_url_request
AIRFLOW_CTX_EXECUTION_DATE=2024-02-02T08:15:18.483577+00:00
AIRFLOW_CTX_TRY_NUMBER=2
AIRFLOW_CTX_DAG_RUN_ID=manual__2024-02-02T08:15:18.483577+00:00
[2024-02-02 08:18:23,076] {logging_mixin.py:115} INFO - Connect Engine MySQL
[2024-02-02 08:18:23,450] {logging_mixin.py:115} INFO - DataFrame inserted into MySQL
[2024-02-02 08:18:23,451] {python.py:173} INFO - Done. Returned value was: True
[2024-02-02 08:18:23,583] {taskinstance.py:1400} INFO - Marking task as SUCCESS. dag_id=project_6_29, task_id=api_url_request, execution_date=20240202T081518, start_date=20240202T081822, end_date=20240202T081823
[2024-02-02 08:18:23,642] {local_task_job.py:156} INFO - Task exited with return code 0
[2024-02-02 08:18:23,779] {local_task_job.py:273} INFO - 1 downstream tasks scheduled from follow-on schedule check
