[2024-02-02 08:19:06,460] {taskinstance.py:1159} INFO - Dependencies all met for <TaskInstance: project_6_29.api_url_request manual__2024-02-02T08:15:18.483577+00:00 [queued]>
[2024-02-02 08:19:06,471] {taskinstance.py:1159} INFO - Dependencies all met for <TaskInstance: project_6_29.api_url_request manual__2024-02-02T08:15:18.483577+00:00 [queued]>
[2024-02-02 08:19:06,471] {taskinstance.py:1356} INFO - 
--------------------------------------------------------------------------------
[2024-02-02 08:19:06,472] {taskinstance.py:1357} INFO - Starting attempt 3 of 4
[2024-02-02 08:19:06,472] {taskinstance.py:1358} INFO - 
--------------------------------------------------------------------------------
[2024-02-02 08:19:06,493] {taskinstance.py:1377} INFO - Executing <Task(PythonOperator): api_url_request> on 2024-02-02 08:15:18.483577+00:00
[2024-02-02 08:19:06,499] {standard_task_runner.py:52} INFO - Started process 8805 to run task
[2024-02-02 08:19:06,503] {standard_task_runner.py:79} INFO - Running: ['***', 'tasks', 'run', 'project_6_29', 'api_url_request', 'manual__2024-02-02T08:15:18.483577+00:00', '--job-id', '481', '--raw', '--subdir', 'DAGS_FOLDER/main.py', '--cfg-path', '/tmp/tmppd3hrpw1', '--error-file', '/tmp/tmpswc3r4yv']
[2024-02-02 08:19:06,504] {standard_task_runner.py:80} INFO - Job 481: Subtask api_url_request
[2024-02-02 08:19:06,708] {task_command.py:369} INFO - Running <TaskInstance: project_6_29.api_url_request manual__2024-02-02T08:15:18.483577+00:00 [running]> on host 20775c919683
[2024-02-02 08:19:06,968] {taskinstance.py:1571} INFO - Exporting the following env vars:
AIRFLOW_CTX_DAG_OWNER=***
AIRFLOW_CTX_DAG_ID=project_6_29
AIRFLOW_CTX_TASK_ID=api_url_request
AIRFLOW_CTX_EXECUTION_DATE=2024-02-02T08:15:18.483577+00:00
AIRFLOW_CTX_TRY_NUMBER=3
AIRFLOW_CTX_DAG_RUN_ID=manual__2024-02-02T08:15:18.483577+00:00
[2024-02-02 08:19:06,987] {logging_mixin.py:115} INFO - Connect Engine MySQL
[2024-02-02 08:19:07,288] {logging_mixin.py:115} INFO - DataFrame inserted into MySQL
[2024-02-02 08:19:07,289] {python.py:173} INFO - Done. Returned value was: True
[2024-02-02 08:19:07,413] {taskinstance.py:1400} INFO - Marking task as SUCCESS. dag_id=project_6_29, task_id=api_url_request, execution_date=20240202T081518, start_date=20240202T081906, end_date=20240202T081907
[2024-02-02 08:19:07,471] {local_task_job.py:156} INFO - Task exited with return code 0
[2024-02-02 08:19:07,627] {local_task_job.py:273} INFO - 1 downstream tasks scheduled from follow-on schedule check
