[2024-02-01 15:21:12,760] {taskinstance.py:1159} INFO - Dependencies all met for <TaskInstance: project_6_13.dim_district manual__2024-02-01T15:19:47.875741+00:00 [queued]>
[2024-02-01 15:21:12,776] {taskinstance.py:1159} INFO - Dependencies all met for <TaskInstance: project_6_13.dim_district manual__2024-02-01T15:19:47.875741+00:00 [queued]>
[2024-02-01 15:21:12,777] {taskinstance.py:1356} INFO - 
--------------------------------------------------------------------------------
[2024-02-01 15:21:12,777] {taskinstance.py:1357} INFO - Starting attempt 3 of 4
[2024-02-01 15:21:12,777] {taskinstance.py:1358} INFO - 
--------------------------------------------------------------------------------
[2024-02-01 15:21:12,803] {taskinstance.py:1377} INFO - Executing <Task(PostgresOperator): dim_district> on 2024-02-01 15:19:47.875741+00:00
[2024-02-01 15:21:12,811] {standard_task_runner.py:52} INFO - Started process 4697 to run task
[2024-02-01 15:21:12,818] {standard_task_runner.py:79} INFO - Running: ['***', 'tasks', 'run', 'project_6_13', 'dim_district', 'manual__2024-02-01T15:19:47.875741+00:00', '--job-id', '175', '--raw', '--subdir', 'DAGS_FOLDER/main.py', '--cfg-path', '/tmp/tmp2suj7jhz', '--error-file', '/tmp/tmp67kip3vq']
[2024-02-01 15:21:12,819] {standard_task_runner.py:80} INFO - Job 175: Subtask dim_district
[2024-02-01 15:21:13,051] {task_command.py:369} INFO - Running <TaskInstance: project_6_13.dim_district manual__2024-02-01T15:19:47.875741+00:00 [running]> on host 1fafaef2f352
[2024-02-01 15:21:13,377] {taskinstance.py:1571} INFO - Exporting the following env vars:
AIRFLOW_CTX_DAG_OWNER=***
AIRFLOW_CTX_DAG_ID=project_6_13
AIRFLOW_CTX_TASK_ID=dim_district
AIRFLOW_CTX_EXECUTION_DATE=2024-02-01T15:19:47.875741+00:00
AIRFLOW_CTX_TRY_NUMBER=3
AIRFLOW_CTX_DAG_RUN_ID=manual__2024-02-01T15:19:47.875741+00:00
[2024-02-01 15:21:13,437] {base.py:68} INFO - Using connection ID 'postgres_dwh' for task execution.
[2024-02-01 15:21:13,472] {dbapi.py:208} INFO - Running statement: CREATE TABLE IF NOT EXISTS district_table (
    district_id SERIAL PRIMARY KEY,
    province_id INTEGER REFERENCES province_table(province_id),
    district_name VARCHAR(255) NOT NULL
);, parameters: None
[2024-02-01 15:21:13,479] {postgres.py:94} INFO - NOTICE:  relation "district_table" already exists, skipping

[2024-02-01 15:21:13,546] {taskinstance.py:1400} INFO - Marking task as SUCCESS. dag_id=project_6_13, task_id=dim_district, execution_date=20240201T151947, start_date=20240201T152112, end_date=20240201T152113
[2024-02-01 15:21:13,593] {local_task_job.py:156} INFO - Task exited with return code 0
[2024-02-01 15:21:13,853] {local_task_job.py:273} INFO - 0 downstream tasks scheduled from follow-on schedule check
