[2024-02-01 15:59:28,540] {taskinstance.py:1159} INFO - Dependencies all met for <TaskInstance: project_6_17.dim_table_creation manual__2024-02-01T15:59:19.792827+00:00 [queued]>
[2024-02-01 15:59:28,552] {taskinstance.py:1159} INFO - Dependencies all met for <TaskInstance: project_6_17.dim_table_creation manual__2024-02-01T15:59:19.792827+00:00 [queued]>
[2024-02-01 15:59:28,552] {taskinstance.py:1356} INFO - 
--------------------------------------------------------------------------------
[2024-02-01 15:59:28,552] {taskinstance.py:1357} INFO - Starting attempt 1 of 2
[2024-02-01 15:59:28,553] {taskinstance.py:1358} INFO - 
--------------------------------------------------------------------------------
[2024-02-01 15:59:28,578] {taskinstance.py:1377} INFO - Executing <Task(PythonOperator): dim_table_creation> on 2024-02-01 15:59:19.792827+00:00
[2024-02-01 15:59:28,585] {standard_task_runner.py:52} INFO - Started process 6156 to run task
[2024-02-01 15:59:28,589] {standard_task_runner.py:79} INFO - Running: ['***', 'tasks', 'run', 'project_6_17', 'dim_table_creation', 'manual__2024-02-01T15:59:19.792827+00:00', '--job-id', '242', '--raw', '--subdir', 'DAGS_FOLDER/main.py', '--cfg-path', '/tmp/tmpf6gf4g_l', '--error-file', '/tmp/tmpnrqxjmcf']
[2024-02-01 15:59:28,590] {standard_task_runner.py:80} INFO - Job 242: Subtask dim_table_creation
[2024-02-01 15:59:28,776] {task_command.py:369} INFO - Running <TaskInstance: project_6_17.dim_table_creation manual__2024-02-01T15:59:19.792827+00:00 [running]> on host 1fafaef2f352
[2024-02-01 15:59:29,015] {taskinstance.py:1571} INFO - Exporting the following env vars:
AIRFLOW_CTX_DAG_OWNER=***
AIRFLOW_CTX_DAG_ID=project_6_17
AIRFLOW_CTX_TASK_ID=dim_table_creation
AIRFLOW_CTX_EXECUTION_DATE=2024-02-01T15:59:19.792827+00:00
AIRFLOW_CTX_TRY_NUMBER=1
AIRFLOW_CTX_DAG_RUN_ID=manual__2024-02-01T15:59:19.792827+00:00
[2024-02-01 15:59:29,088] {logging_mixin.py:115} INFO -    province_id   nama_prov
0            1  Jawa Barat
[2024-02-01 15:59:29,096] {logging_mixin.py:115} INFO -    district_id  province_id           nama_kab
0            1            1  Kabupaten Bandung
[2024-02-01 15:59:29,105] {logging_mixin.py:115} INFO -    case_id   status_name status_detail
0        1  closecontact   dikarantina
1        2  closecontact     discarded
2        3  closecontact     meninggal
3        4      probable     diisolasi
4        5      probable     discarded
[2024-02-01 15:59:29,105] {python.py:173} INFO - Done. Returned value was: None
[2024-02-01 15:59:29,171] {taskinstance.py:1400} INFO - Marking task as SUCCESS. dag_id=project_6_17, task_id=dim_table_creation, execution_date=20240201T155919, start_date=20240201T155928, end_date=20240201T155929
[2024-02-01 15:59:29,212] {local_task_job.py:156} INFO - Task exited with return code 0
[2024-02-01 15:59:29,350] {local_task_job.py:273} INFO - 1 downstream tasks scheduled from follow-on schedule check
