[2024-02-01 13:49:53,049] {taskinstance.py:1159} INFO - Dependencies all met for <TaskInstance: project_6_12.dim_district manual__2024-02-01T13:49:09.778269+00:00 [queued]>
[2024-02-01 13:49:53,069] {taskinstance.py:1159} INFO - Dependencies all met for <TaskInstance: project_6_12.dim_district manual__2024-02-01T13:49:09.778269+00:00 [queued]>
[2024-02-01 13:49:53,070] {taskinstance.py:1356} INFO - 
--------------------------------------------------------------------------------
[2024-02-01 13:49:53,070] {taskinstance.py:1357} INFO - Starting attempt 1 of 2
[2024-02-01 13:49:53,070] {taskinstance.py:1358} INFO - 
--------------------------------------------------------------------------------
[2024-02-01 13:49:53,101] {taskinstance.py:1377} INFO - Executing <Task(PostgresOperator): dim_district> on 2024-02-01 13:49:09.778269+00:00
[2024-02-01 13:49:53,109] {standard_task_runner.py:52} INFO - Started process 1632 to run task
[2024-02-01 13:49:53,113] {standard_task_runner.py:79} INFO - Running: ['***', 'tasks', 'run', 'project_6_12', 'dim_district', 'manual__2024-02-01T13:49:09.778269+00:00', '--job-id', '154', '--raw', '--subdir', 'DAGS_FOLDER/main.py', '--cfg-path', '/tmp/tmp7kcevnsd', '--error-file', '/tmp/tmpie7bmb29']
[2024-02-01 13:49:53,114] {standard_task_runner.py:80} INFO - Job 154: Subtask dim_district
[2024-02-01 13:49:53,329] {task_command.py:369} INFO - Running <TaskInstance: project_6_12.dim_district manual__2024-02-01T13:49:09.778269+00:00 [running]> on host 1fafaef2f352
[2024-02-01 13:49:53,826] {taskinstance.py:1571} INFO - Exporting the following env vars:
AIRFLOW_CTX_DAG_OWNER=***
AIRFLOW_CTX_DAG_ID=project_6_12
AIRFLOW_CTX_TASK_ID=dim_district
AIRFLOW_CTX_EXECUTION_DATE=2024-02-01T13:49:09.778269+00:00
AIRFLOW_CTX_TRY_NUMBER=1
AIRFLOW_CTX_DAG_RUN_ID=manual__2024-02-01T13:49:09.778269+00:00
[2024-02-01 13:49:53,913] {base.py:68} INFO - Using connection ID 'postgres_dwh' for task execution.
[2024-02-01 13:49:53,947] {dbapi.py:208} INFO - Running statement: CREATE TABLE IF NOT EXISTS district_table (
    district_id SERIAL PRIMARY KEY,
    province_id INTEGER REFERENCES province_table(province_id),
    district_name VARCHAR(255) NOT NULL
);, parameters: None
[2024-02-01 13:49:53,954] {postgres.py:94} INFO - NOTICE:  relation "district_table" already exists, skipping

[2024-02-01 13:49:54,019] {taskinstance.py:1400} INFO - Marking task as SUCCESS. dag_id=project_6_12, task_id=dim_district, execution_date=20240201T134909, start_date=20240201T134953, end_date=20240201T134954
[2024-02-01 13:49:54,055] {local_task_job.py:156} INFO - Task exited with return code 0
[2024-02-01 13:49:54,208] {local_task_job.py:273} INFO - 0 downstream tasks scheduled from follow-on schedule check
