[2024-02-01 16:03:23,859] {taskinstance.py:1159} INFO - Dependencies all met for <TaskInstance: project_6_18.api_url_request manual__2024-02-01T16:03:21.684279+00:00 [queued]>
[2024-02-01 16:03:23,871] {taskinstance.py:1159} INFO - Dependencies all met for <TaskInstance: project_6_18.api_url_request manual__2024-02-01T16:03:21.684279+00:00 [queued]>
[2024-02-01 16:03:23,871] {taskinstance.py:1356} INFO - 
--------------------------------------------------------------------------------
[2024-02-01 16:03:23,871] {taskinstance.py:1357} INFO - Starting attempt 1 of 2
[2024-02-01 16:03:23,871] {taskinstance.py:1358} INFO - 
--------------------------------------------------------------------------------
[2024-02-01 16:03:23,893] {taskinstance.py:1377} INFO - Executing <Task(PythonOperator): api_url_request> on 2024-02-01 16:03:21.684279+00:00
[2024-02-01 16:03:23,899] {standard_task_runner.py:52} INFO - Started process 6335 to run task
[2024-02-01 16:03:23,903] {standard_task_runner.py:79} INFO - Running: ['***', 'tasks', 'run', 'project_6_18', 'api_url_request', 'manual__2024-02-01T16:03:21.684279+00:00', '--job-id', '258', '--raw', '--subdir', 'DAGS_FOLDER/main.py', '--cfg-path', '/tmp/tmpw49utn5e', '--error-file', '/tmp/tmp4ur0ejtk']
[2024-02-01 16:03:23,903] {standard_task_runner.py:80} INFO - Job 258: Subtask api_url_request
[2024-02-01 16:03:24,137] {task_command.py:369} INFO - Running <TaskInstance: project_6_18.api_url_request manual__2024-02-01T16:03:21.684279+00:00 [running]> on host 1fafaef2f352
[2024-02-01 16:03:24,428] {taskinstance.py:1571} INFO - Exporting the following env vars:
AIRFLOW_CTX_DAG_OWNER=***
AIRFLOW_CTX_DAG_ID=project_6_18
AIRFLOW_CTX_TASK_ID=api_url_request
AIRFLOW_CTX_EXECUTION_DATE=2024-02-01T16:03:21.684279+00:00
AIRFLOW_CTX_TRY_NUMBER=1
AIRFLOW_CTX_DAG_RUN_ID=manual__2024-02-01T16:03:21.684279+00:00
[2024-02-01 16:03:24,446] {logging_mixin.py:115} INFO - Connect Engine MySQL
[2024-02-01 16:03:24,710] {logging_mixin.py:115} INFO - DataFrame inserted into MySQL
[2024-02-01 16:03:24,711] {python.py:173} INFO - Done. Returned value was: True
[2024-02-01 16:03:24,853] {taskinstance.py:1400} INFO - Marking task as SUCCESS. dag_id=project_6_18, task_id=api_url_request, execution_date=20240201T160321, start_date=20240201T160323, end_date=20240201T160324
[2024-02-01 16:03:24,898] {local_task_job.py:156} INFO - Task exited with return code 0
[2024-02-01 16:03:25,088] {local_task_job.py:273} INFO - 1 downstream tasks scheduled from follow-on schedule check
