[2024-01-31 15:38:04,640] {taskinstance.py:1159} INFO - Dependencies all met for <TaskInstance: project_6_9.api_url_request scheduled__2024-01-30T15:37:55.232349+00:00 [queued]>
[2024-01-31 15:38:04,657] {taskinstance.py:1159} INFO - Dependencies all met for <TaskInstance: project_6_9.api_url_request scheduled__2024-01-30T15:37:55.232349+00:00 [queued]>
[2024-01-31 15:38:04,658] {taskinstance.py:1356} INFO - 
--------------------------------------------------------------------------------
[2024-01-31 15:38:04,658] {taskinstance.py:1357} INFO - Starting attempt 1 of 2
[2024-01-31 15:38:04,658] {taskinstance.py:1358} INFO - 
--------------------------------------------------------------------------------
[2024-01-31 15:38:04,692] {taskinstance.py:1377} INFO - Executing <Task(PythonOperator): api_url_request> on 2024-01-30 15:37:55.232349+00:00
[2024-01-31 15:38:04,711] {standard_task_runner.py:52} INFO - Started process 7908 to run task
[2024-01-31 15:38:04,724] {standard_task_runner.py:79} INFO - Running: ['***', 'tasks', 'run', 'project_6_9', 'api_url_request', 'scheduled__2024-01-30T15:37:55.232349+00:00', '--job-id', '112', '--raw', '--subdir', 'DAGS_FOLDER/main.py', '--cfg-path', '/tmp/tmpv1vqe4sq', '--error-file', '/tmp/tmpgiillomv']
[2024-01-31 15:38:04,726] {standard_task_runner.py:80} INFO - Job 112: Subtask api_url_request
[2024-01-31 15:38:04,973] {task_command.py:369} INFO - Running <TaskInstance: project_6_9.api_url_request scheduled__2024-01-30T15:37:55.232349+00:00 [running]> on host 8ebb6ccf62d7
[2024-01-31 15:38:05,360] {taskinstance.py:1571} INFO - Exporting the following env vars:
AIRFLOW_CTX_DAG_OWNER=***
AIRFLOW_CTX_DAG_ID=project_6_9
AIRFLOW_CTX_TASK_ID=api_url_request
AIRFLOW_CTX_EXECUTION_DATE=2024-01-30T15:37:55.232349+00:00
AIRFLOW_CTX_TRY_NUMBER=1
AIRFLOW_CTX_DAG_RUN_ID=scheduled__2024-01-30T15:37:55.232349+00:00
[2024-01-31 15:38:05,491] {logging_mixin.py:115} INFO - Connect Engine MySQL
[2024-01-31 15:38:06,041] {logging_mixin.py:115} INFO - DataFrame inserted into MySQL
[2024-01-31 15:38:06,045] {python.py:173} INFO - Done. Returned value was: True
[2024-01-31 15:38:06,252] {taskinstance.py:1400} INFO - Marking task as SUCCESS. dag_id=project_6_9, task_id=api_url_request, execution_date=20240130T153755, start_date=20240131T153804, end_date=20240131T153806
[2024-01-31 15:38:06,320] {local_task_job.py:156} INFO - Task exited with return code 0
[2024-01-31 15:38:06,489] {local_task_job.py:273} INFO - 1 downstream tasks scheduled from follow-on schedule check
