[2024-02-02 06:43:10,530] {taskinstance.py:1159} INFO - Dependencies all met for <TaskInstance: project_6_28.generate_data scheduled__2024-02-01T06:42:45.442031+00:00 [queued]>
[2024-02-02 06:43:10,543] {taskinstance.py:1159} INFO - Dependencies all met for <TaskInstance: project_6_28.generate_data scheduled__2024-02-01T06:42:45.442031+00:00 [queued]>
[2024-02-02 06:43:10,544] {taskinstance.py:1356} INFO - 
--------------------------------------------------------------------------------
[2024-02-02 06:43:10,544] {taskinstance.py:1357} INFO - Starting attempt 1 of 2
[2024-02-02 06:43:10,544] {taskinstance.py:1358} INFO - 
--------------------------------------------------------------------------------
[2024-02-02 06:43:10,571] {taskinstance.py:1377} INFO - Executing <Task(PythonOperator): generate_data> on 2024-02-01 06:42:45.442031+00:00
[2024-02-02 06:43:10,582] {standard_task_runner.py:52} INFO - Started process 5521 to run task
[2024-02-02 06:43:10,586] {standard_task_runner.py:79} INFO - Running: ['***', 'tasks', 'run', 'project_6_28', 'generate_data', 'scheduled__2024-02-01T06:42:45.442031+00:00', '--job-id', '440', '--raw', '--subdir', 'DAGS_FOLDER/main.py', '--cfg-path', '/tmp/tmprtv6m8ki', '--error-file', '/tmp/tmpxn6nh362']
[2024-02-02 06:43:10,587] {standard_task_runner.py:80} INFO - Job 440: Subtask generate_data
[2024-02-02 06:43:10,817] {task_command.py:369} INFO - Running <TaskInstance: project_6_28.generate_data scheduled__2024-02-01T06:42:45.442031+00:00 [running]> on host 20775c919683
[2024-02-02 06:43:11,136] {taskinstance.py:1571} INFO - Exporting the following env vars:
AIRFLOW_CTX_DAG_OWNER=***
AIRFLOW_CTX_DAG_ID=project_6_28
AIRFLOW_CTX_TASK_ID=generate_data
AIRFLOW_CTX_EXECUTION_DATE=2024-02-01T06:42:45.442031+00:00
AIRFLOW_CTX_TRY_NUMBER=1
AIRFLOW_CTX_DAG_RUN_ID=scheduled__2024-02-01T06:42:45.442031+00:00
[2024-02-02 06:43:11,172] {logging_mixin.py:115} INFO - Connect Engine MySQL
[2024-02-02 06:43:11,315] {logging_mixin.py:115} INFO -    CLOSECONTACT  CONFIRMATION  ...  suspect_meninggal     tanggal
0           274             0  ...                  0  2020-08-05
1           534             0  ...                  0  2020-08-05
2          2127             0  ...                  0  2020-08-05
3             0             0  ...                  0  2020-08-05
4          1295             0  ...                  0  2020-08-05

[5 rows x 20 columns]
[2024-02-02 06:43:11,324] {python.py:173} INFO - Done. Returned value was: True
[2024-02-02 06:43:11,477] {taskinstance.py:1400} INFO - Marking task as SUCCESS. dag_id=project_6_28, task_id=generate_data, execution_date=20240201T064245, start_date=20240202T064310, end_date=20240202T064311
[2024-02-02 06:43:11,527] {local_task_job.py:156} INFO - Task exited with return code 0
[2024-02-02 06:43:11,764] {local_task_job.py:273} INFO - 0 downstream tasks scheduled from follow-on schedule check
