[2024-02-02 08:09:55,575] {taskinstance.py:1159} INFO - Dependencies all met for <TaskInstance: project_6_28.dim_postgres manual__2024-02-02T06:43:07.744045+00:00 [queued]>
[2024-02-02 08:09:55,590] {taskinstance.py:1159} INFO - Dependencies all met for <TaskInstance: project_6_28.dim_postgres manual__2024-02-02T06:43:07.744045+00:00 [queued]>
[2024-02-02 08:09:55,590] {taskinstance.py:1356} INFO - 
--------------------------------------------------------------------------------
[2024-02-02 08:09:55,590] {taskinstance.py:1357} INFO - Starting attempt 2 of 3
[2024-02-02 08:09:55,590] {taskinstance.py:1358} INFO - 
--------------------------------------------------------------------------------
[2024-02-02 08:09:55,620] {taskinstance.py:1377} INFO - Executing <Task(PostgresOperator): dim_postgres> on 2024-02-02 06:43:07.744045+00:00
[2024-02-02 08:09:55,634] {standard_task_runner.py:52} INFO - Started process 8406 to run task
[2024-02-02 08:09:55,643] {standard_task_runner.py:79} INFO - Running: ['***', 'tasks', 'run', 'project_6_28', 'dim_postgres', 'manual__2024-02-02T06:43:07.744045+00:00', '--job-id', '454', '--raw', '--subdir', 'DAGS_FOLDER/main.py', '--cfg-path', '/tmp/tmpe8fthpx1', '--error-file', '/tmp/tmpvfirsj8f']
[2024-02-02 08:09:55,646] {standard_task_runner.py:80} INFO - Job 454: Subtask dim_postgres
[2024-02-02 08:09:55,894] {task_command.py:369} INFO - Running <TaskInstance: project_6_28.dim_postgres manual__2024-02-02T06:43:07.744045+00:00 [running]> on host 20775c919683
[2024-02-02 08:09:56,142] {taskinstance.py:1571} INFO - Exporting the following env vars:
AIRFLOW_CTX_DAG_OWNER=***
AIRFLOW_CTX_DAG_ID=project_6_28
AIRFLOW_CTX_TASK_ID=dim_postgres
AIRFLOW_CTX_EXECUTION_DATE=2024-02-02T06:43:07.744045+00:00
AIRFLOW_CTX_TRY_NUMBER=2
AIRFLOW_CTX_DAG_RUN_ID=manual__2024-02-02T06:43:07.744045+00:00
[2024-02-02 08:09:56,226] {base.py:68} INFO - Using connection ID 'postgres_dwh' for task execution.
[2024-02-02 08:09:56,302] {dbapi.py:208} INFO - Running statement: -- case table
DROP TABLE IF EXISTS case_table;
CREATE TABLE IF NOT EXISTS case_table (
    id INTEGER,
    status_name VARCHAR(255) NOT NULL,
    status_detail VARCHAR(255) NOT NULL
);


-- province TABLE
DROP TABLE IF EXISTS province_table;
CREATE TABLE IF NOT EXISTS province_table (
    province_id INTEGER PRIMARY KEY,
    province_name VARCHAR(255) NOT NULL
);


-- district TABLE
DROP TABLE IF EXISTS district_table;
CREATE TABLE IF NOT EXISTS district_table (
    district_id INTEGER PRIMARY KEY,
    province_id INTEGER,
    district_name VARCHAR(255) NOT NULL
);


-- province daily table
DROP TABLE IF EXISTS daily_province;
CREATE TABLE IF NOT EXISTS daily_province (
    id SERIAL PRIMARY KEY,
    province_id INT,
    case_id INT,
    date DATE,
    total INT
);

-- PROVINCE MONTHLY TABLE
DROP TABLE IF EXISTS monthly_province;
CREATE TABLE IF NOT EXISTS monthly_province (
    id SERIAL PRIMARY KEY,
    province_id INT,
    case_id INT,
    month VARCHAR(255),
    total INT   
);

-- PROVINCE YEARLY TABLE
DROP TABLE IF EXISTS yearly_province;
CREATE TABLE IF NOT EXISTS yearly_province (
    id SERIAL PRIMARY KEY,
    province_id INT,
    case_id INT,
    year VARCHAR(255),
    total INT  
);

-- DISTRICT MONTHLY TABLE
DROP TABLE IF EXISTS monthly_district;
CREATE TABLE IF NOT EXISTS monthly_district (
    id SERIAL PRIMARY KEY,
    district_id INT,
    case_id INT,
    month VARCHAR(255),
    total INT
);

-- DISTRICT YEARLY TABLE
DROP TABLE IF EXISTS yearly_district;
CREATE TABLE IF NOT EXISTS yearly_district (
    id SERIAL PRIMARY KEY,
    district_id INT,
    case_id INT,
    year VARCHAR(255),
    total INT
);

, parameters: None
[2024-02-02 08:09:56,439] {postgres.py:94} INFO - NOTICE:  table "daily_province" does not exist, skipping

[2024-02-02 08:09:56,439] {postgres.py:94} INFO - NOTICE:  table "monthly_province" does not exist, skipping

[2024-02-02 08:09:56,440] {postgres.py:94} INFO - NOTICE:  table "yearly_province" does not exist, skipping

[2024-02-02 08:09:56,440] {postgres.py:94} INFO - NOTICE:  table "monthly_district" does not exist, skipping

[2024-02-02 08:09:56,440] {postgres.py:94} INFO - NOTICE:  table "yearly_district" does not exist, skipping

[2024-02-02 08:09:56,512] {taskinstance.py:1400} INFO - Marking task as SUCCESS. dag_id=project_6_28, task_id=dim_postgres, execution_date=20240202T064307, start_date=20240202T080955, end_date=20240202T080956
[2024-02-02 08:09:56,588] {local_task_job.py:156} INFO - Task exited with return code 0
[2024-02-02 08:09:56,756] {local_task_job.py:273} INFO - 1 downstream tasks scheduled from follow-on schedule check
