[2024-02-02 08:27:01,217] {taskinstance.py:1159} INFO - Dependencies all met for <TaskInstance: project_6_30.aggregation_prov manual__2024-02-02T08:21:42.184126+00:00 [queued]>
[2024-02-02 08:27:01,234] {taskinstance.py:1159} INFO - Dependencies all met for <TaskInstance: project_6_30.aggregation_prov manual__2024-02-02T08:21:42.184126+00:00 [queued]>
[2024-02-02 08:27:01,234] {taskinstance.py:1356} INFO - 
--------------------------------------------------------------------------------
[2024-02-02 08:27:01,234] {taskinstance.py:1357} INFO - Starting attempt 5 of 6
[2024-02-02 08:27:01,234] {taskinstance.py:1358} INFO - 
--------------------------------------------------------------------------------
[2024-02-02 08:27:01,261] {taskinstance.py:1377} INFO - Executing <Task(PythonOperator): aggregation_prov> on 2024-02-02 08:21:42.184126+00:00
[2024-02-02 08:27:01,282] {standard_task_runner.py:52} INFO - Started process 9195 to run task
[2024-02-02 08:27:01,292] {standard_task_runner.py:79} INFO - Running: ['***', 'tasks', 'run', 'project_6_30', 'aggregation_prov', 'manual__2024-02-02T08:21:42.184126+00:00', '--job-id', '525', '--raw', '--subdir', 'DAGS_FOLDER/main.py', '--cfg-path', '/tmp/tmp2iwmgik6', '--error-file', '/tmp/tmpv05jp74b']
[2024-02-02 08:27:01,293] {standard_task_runner.py:80} INFO - Job 525: Subtask aggregation_prov
[2024-02-02 08:27:01,532] {task_command.py:369} INFO - Running <TaskInstance: project_6_30.aggregation_prov manual__2024-02-02T08:21:42.184126+00:00 [running]> on host 20775c919683
[2024-02-02 08:27:01,803] {taskinstance.py:1571} INFO - Exporting the following env vars:
AIRFLOW_CTX_DAG_OWNER=***
AIRFLOW_CTX_DAG_ID=project_6_30
AIRFLOW_CTX_TASK_ID=aggregation_prov
AIRFLOW_CTX_EXECUTION_DATE=2024-02-02T08:21:42.184126+00:00
AIRFLOW_CTX_TRY_NUMBER=5
AIRFLOW_CTX_DAG_RUN_ID=manual__2024-02-02T08:21:42.184126+00:00
[2024-02-02 08:27:01,947] {logging_mixin.py:115} INFO -    id  kode_prov  case_id     tanggal  total
0   1         32        1  2020-08-05   1815
[2024-02-02 08:27:01,965] {logging_mixin.py:115} INFO -    id  kode_prov  case_id year_month  total
0   1         32        1    2020-08   2507
[2024-02-02 08:27:01,990] {logging_mixin.py:115} INFO -    kode_prov  id  case_id  year  total
0         32  10        1  2020   2507
[2024-02-02 08:27:02,032] {logging_mixin.py:115} INFO - Connect PostgreSQL using psycopg2
[2024-02-02 08:27:02,078] {python.py:173} INFO - Done. Returned value was: None
[2024-02-02 08:27:02,152] {taskinstance.py:1400} INFO - Marking task as SUCCESS. dag_id=project_6_30, task_id=aggregation_prov, execution_date=20240202T082142, start_date=20240202T082701, end_date=20240202T082702
[2024-02-02 08:27:02,193] {local_task_job.py:156} INFO - Task exited with return code 0
[2024-02-02 08:27:02,374] {local_task_job.py:273} INFO - 1 downstream tasks scheduled from follow-on schedule check
