[2024-02-02 08:26:37,730] {taskinstance.py:1159} INFO - Dependencies all met for <TaskInstance: project_6_30.aggregation_prov manual__2024-02-02T08:21:42.184126+00:00 [queued]>
[2024-02-02 08:26:37,745] {taskinstance.py:1159} INFO - Dependencies all met for <TaskInstance: project_6_30.aggregation_prov manual__2024-02-02T08:21:42.184126+00:00 [queued]>
[2024-02-02 08:26:37,745] {taskinstance.py:1356} INFO - 
--------------------------------------------------------------------------------
[2024-02-02 08:26:37,745] {taskinstance.py:1357} INFO - Starting attempt 4 of 4
[2024-02-02 08:26:37,745] {taskinstance.py:1358} INFO - 
--------------------------------------------------------------------------------
[2024-02-02 08:26:37,790] {taskinstance.py:1377} INFO - Executing <Task(PythonOperator): aggregation_prov> on 2024-02-02 08:21:42.184126+00:00
[2024-02-02 08:26:37,813] {standard_task_runner.py:52} INFO - Started process 9144 to run task
[2024-02-02 08:26:37,839] {standard_task_runner.py:79} INFO - Running: ['***', 'tasks', 'run', 'project_6_30', 'aggregation_prov', 'manual__2024-02-02T08:21:42.184126+00:00', '--job-id', '515', '--raw', '--subdir', 'DAGS_FOLDER/main.py', '--cfg-path', '/tmp/tmp8q6frctt', '--error-file', '/tmp/tmpr2y07mys']
[2024-02-02 08:26:37,843] {standard_task_runner.py:80} INFO - Job 515: Subtask aggregation_prov
[2024-02-02 08:26:38,098] {task_command.py:369} INFO - Running <TaskInstance: project_6_30.aggregation_prov manual__2024-02-02T08:21:42.184126+00:00 [running]> on host 20775c919683
[2024-02-02 08:26:38,384] {taskinstance.py:1571} INFO - Exporting the following env vars:
AIRFLOW_CTX_DAG_OWNER=***
AIRFLOW_CTX_DAG_ID=project_6_30
AIRFLOW_CTX_TASK_ID=aggregation_prov
AIRFLOW_CTX_EXECUTION_DATE=2024-02-02T08:21:42.184126+00:00
AIRFLOW_CTX_TRY_NUMBER=4
AIRFLOW_CTX_DAG_RUN_ID=manual__2024-02-02T08:21:42.184126+00:00
[2024-02-02 08:26:38,534] {logging_mixin.py:115} INFO -    id  kode_prov  case_id     tanggal  total
0   1         32        1  2020-08-05   1815
[2024-02-02 08:26:38,554] {logging_mixin.py:115} INFO -    id  kode_prov  case_id year_month  total
0   1         32        1    2020-08   2507
[2024-02-02 08:26:38,570] {logging_mixin.py:115} INFO -    kode_prov  id  case_id  year  total
0         32  10        1  2020   2507
[2024-02-02 08:26:38,612] {logging_mixin.py:115} INFO - Connect PostgreSQL using psycopg2
[2024-02-02 08:26:38,614] {taskinstance.py:1889} ERROR - Task failed with exception
Traceback (most recent call last):
  File "/home/airflow/.local/lib/python3.7/site-packages/airflow/operators/python.py", line 171, in execute
    return_value = self.execute_callable()
  File "/home/airflow/.local/lib/python3.7/site-packages/airflow/operators/python.py", line 189, in execute_callable
    return self.python_callable(*self.op_args, **self.op_kwargs)
  File "/opt/airflow/dags/main.py", line 209, in aggregation_prov
    insert_into_postgres(conn_postgres, 'daily_province', df_harian_merge)
TypeError: insert_into_postgres() got an unexpected keyword argument 'debug'
[2024-02-02 08:26:38,710] {taskinstance.py:1400} INFO - Marking task as FAILED. dag_id=project_6_30, task_id=aggregation_prov, execution_date=20240202T082142, start_date=20240202T082637, end_date=20240202T082638
[2024-02-02 08:26:38,743] {standard_task_runner.py:97} ERROR - Failed to execute job 515 for task aggregation_prov (insert_into_postgres() got an unexpected keyword argument 'debug'; 9144)
[2024-02-02 08:26:38,783] {local_task_job.py:156} INFO - Task exited with return code 1
[2024-02-02 08:26:38,942] {local_task_job.py:273} INFO - 0 downstream tasks scheduled from follow-on schedule check
