[2024-02-01 15:31:44,631] {taskinstance.py:1159} INFO - Dependencies all met for <TaskInstance: project_6_15.insert_data_dim_table manual__2024-02-01T15:30:33.313431+00:00 [queued]>
[2024-02-01 15:31:44,643] {taskinstance.py:1159} INFO - Dependencies all met for <TaskInstance: project_6_15.insert_data_dim_table manual__2024-02-01T15:30:33.313431+00:00 [queued]>
[2024-02-01 15:31:44,643] {taskinstance.py:1356} INFO - 
--------------------------------------------------------------------------------
[2024-02-01 15:31:44,643] {taskinstance.py:1357} INFO - Starting attempt 3 of 4
[2024-02-01 15:31:44,643] {taskinstance.py:1358} INFO - 
--------------------------------------------------------------------------------
[2024-02-01 15:31:44,667] {taskinstance.py:1377} INFO - Executing <Task(PythonOperator): insert_data_dim_table> on 2024-02-01 15:30:33.313431+00:00
[2024-02-01 15:31:44,675] {standard_task_runner.py:52} INFO - Started process 5179 to run task
[2024-02-01 15:31:44,679] {standard_task_runner.py:79} INFO - Running: ['***', 'tasks', 'run', 'project_6_15', 'insert_data_dim_table', 'manual__2024-02-01T15:30:33.313431+00:00', '--job-id', '222', '--raw', '--subdir', 'DAGS_FOLDER/main.py', '--cfg-path', '/tmp/tmpa2h171ak', '--error-file', '/tmp/tmp3weosqe1']
[2024-02-01 15:31:44,679] {standard_task_runner.py:80} INFO - Job 222: Subtask insert_data_dim_table
[2024-02-01 15:31:44,870] {task_command.py:369} INFO - Running <TaskInstance: project_6_15.insert_data_dim_table manual__2024-02-01T15:30:33.313431+00:00 [running]> on host 1fafaef2f352
[2024-02-01 15:31:45,109] {taskinstance.py:1571} INFO - Exporting the following env vars:
AIRFLOW_CTX_DAG_OWNER=***
AIRFLOW_CTX_DAG_ID=project_6_15
AIRFLOW_CTX_TASK_ID=insert_data_dim_table
AIRFLOW_CTX_EXECUTION_DATE=2024-02-01T15:30:33.313431+00:00
AIRFLOW_CTX_TRY_NUMBER=3
AIRFLOW_CTX_DAG_RUN_ID=manual__2024-02-01T15:30:33.313431+00:00
[2024-02-01 15:31:45,166] {logging_mixin.py:115} INFO -    province_id   nama_prov
0            1  Jawa Barat
[2024-02-01 15:31:45,172] {logging_mixin.py:115} INFO -    district_id  province_id           nama_kab
0            1            1  Kabupaten Bandung
[2024-02-01 15:31:45,177] {logging_mixin.py:115} INFO -    case_id   status_name status_detail
0        1  closecontact   dikarantina
1        2  closecontact     discarded
2        3  closecontact     meninggal
3        4      probable     diisolasi
4        5      probable     discarded
[2024-02-01 15:31:45,178] {python.py:173} INFO - Done. Returned value was: None
[2024-02-01 15:31:45,240] {taskinstance.py:1400} INFO - Marking task as SUCCESS. dag_id=project_6_15, task_id=insert_data_dim_table, execution_date=20240201T153033, start_date=20240201T153144, end_date=20240201T153145
[2024-02-01 15:31:45,269] {local_task_job.py:156} INFO - Task exited with return code 0
[2024-02-01 15:31:45,403] {local_task_job.py:273} INFO - 1 downstream tasks scheduled from follow-on schedule check
