[2024-01-31 14:41:22,861] {taskinstance.py:1159} INFO - Dependencies all met for <TaskInstance: project_6_7.api_url_request manual__2024-01-31T14:41:07.037045+00:00 [queued]>
[2024-01-31 14:41:22,880] {taskinstance.py:1159} INFO - Dependencies all met for <TaskInstance: project_6_7.api_url_request manual__2024-01-31T14:41:07.037045+00:00 [queued]>
[2024-01-31 14:41:22,881] {taskinstance.py:1356} INFO - 
--------------------------------------------------------------------------------
[2024-01-31 14:41:22,881] {taskinstance.py:1357} INFO - Starting attempt 2 of 2
[2024-01-31 14:41:22,881] {taskinstance.py:1358} INFO - 
--------------------------------------------------------------------------------
[2024-01-31 14:41:22,915] {taskinstance.py:1377} INFO - Executing <Task(PythonOperator): api_url_request> on 2024-01-31 14:41:07.037045+00:00
[2024-01-31 14:41:22,924] {standard_task_runner.py:52} INFO - Started process 6031 to run task
[2024-01-31 14:41:22,929] {standard_task_runner.py:79} INFO - Running: ['***', 'tasks', 'run', 'project_6_7', 'api_url_request', 'manual__2024-01-31T14:41:07.037045+00:00', '--job-id', '108', '--raw', '--subdir', 'DAGS_FOLDER/main.py', '--cfg-path', '/tmp/tmpphiof682', '--error-file', '/tmp/tmpk06e4mgn']
[2024-01-31 14:41:22,930] {standard_task_runner.py:80} INFO - Job 108: Subtask api_url_request
[2024-01-31 14:41:23,237] {task_command.py:369} INFO - Running <TaskInstance: project_6_7.api_url_request manual__2024-01-31T14:41:07.037045+00:00 [running]> on host 8ebb6ccf62d7
[2024-01-31 14:41:23,616] {taskinstance.py:1571} INFO - Exporting the following env vars:
AIRFLOW_CTX_DAG_OWNER=***
AIRFLOW_CTX_DAG_ID=project_6_7
AIRFLOW_CTX_TASK_ID=api_url_request
AIRFLOW_CTX_EXECUTION_DATE=2024-01-31T14:41:07.037045+00:00
AIRFLOW_CTX_TRY_NUMBER=2
AIRFLOW_CTX_DAG_RUN_ID=manual__2024-01-31T14:41:07.037045+00:00
[2024-01-31 14:41:23,643] {logging_mixin.py:115} INFO - Connect Engine MySQL
[2024-01-31 14:41:23,933] {logging_mixin.py:115} INFO - DataFrame inserted into MySQL
[2024-01-31 14:41:23,934] {python.py:173} INFO - Done. Returned value was: True
[2024-01-31 14:41:24,142] {taskinstance.py:1400} INFO - Marking task as SUCCESS. dag_id=project_6_7, task_id=api_url_request, execution_date=20240131T144107, start_date=20240131T144122, end_date=20240131T144124
[2024-01-31 14:41:24,202] {local_task_job.py:156} INFO - Task exited with return code 0
[2024-01-31 14:41:24,435] {local_task_job.py:273} INFO - 1 downstream tasks scheduled from follow-on schedule check
