[2024-02-01 15:20:29,033] {taskinstance.py:1159} INFO - Dependencies all met for <TaskInstance: project_6_13.dim_case manual__2024-02-01T15:19:47.875741+00:00 [queued]>
[2024-02-01 15:20:29,047] {taskinstance.py:1159} INFO - Dependencies all met for <TaskInstance: project_6_13.dim_case manual__2024-02-01T15:19:47.875741+00:00 [queued]>
[2024-02-01 15:20:29,047] {taskinstance.py:1356} INFO - 
--------------------------------------------------------------------------------
[2024-02-01 15:20:29,047] {taskinstance.py:1357} INFO - Starting attempt 2 of 3
[2024-02-01 15:20:29,048] {taskinstance.py:1358} INFO - 
--------------------------------------------------------------------------------
[2024-02-01 15:20:29,075] {taskinstance.py:1377} INFO - Executing <Task(PostgresOperator): dim_case> on 2024-02-01 15:19:47.875741+00:00
[2024-02-01 15:20:29,082] {standard_task_runner.py:52} INFO - Started process 4648 to run task
[2024-02-01 15:20:29,085] {standard_task_runner.py:79} INFO - Running: ['***', 'tasks', 'run', 'project_6_13', 'dim_case', 'manual__2024-02-01T15:19:47.875741+00:00', '--job-id', '170', '--raw', '--subdir', 'DAGS_FOLDER/main.py', '--cfg-path', '/tmp/tmph9n45sdf', '--error-file', '/tmp/tmpdwo2bhvw']
[2024-02-01 15:20:29,086] {standard_task_runner.py:80} INFO - Job 170: Subtask dim_case
[2024-02-01 15:20:29,309] {task_command.py:369} INFO - Running <TaskInstance: project_6_13.dim_case manual__2024-02-01T15:19:47.875741+00:00 [running]> on host 1fafaef2f352
[2024-02-01 15:20:29,613] {taskinstance.py:1571} INFO - Exporting the following env vars:
AIRFLOW_CTX_DAG_OWNER=***
AIRFLOW_CTX_DAG_ID=project_6_13
AIRFLOW_CTX_TASK_ID=dim_case
AIRFLOW_CTX_EXECUTION_DATE=2024-02-01T15:19:47.875741+00:00
AIRFLOW_CTX_TRY_NUMBER=2
AIRFLOW_CTX_DAG_RUN_ID=manual__2024-02-01T15:19:47.875741+00:00
[2024-02-01 15:20:29,671] {base.py:68} INFO - Using connection ID 'postgres_dwh' for task execution.
[2024-02-01 15:20:29,715] {dbapi.py:208} INFO - Running statement: CREATE TABLE IF NOT EXISTS case_table (
    id INTEGER PRIMARY KEY,
    status_name VARCHAR(255) NOT NULL,
    status_detail VARCHAR(255) NOT NULL
), parameters: None
[2024-02-01 15:20:29,721] {postgres.py:94} INFO - NOTICE:  relation "case_table" already exists, skipping

[2024-02-01 15:20:29,785] {taskinstance.py:1400} INFO - Marking task as SUCCESS. dag_id=project_6_13, task_id=dim_case, execution_date=20240201T151947, start_date=20240201T152029, end_date=20240201T152029
[2024-02-01 15:20:29,823] {local_task_job.py:156} INFO - Task exited with return code 0
[2024-02-01 15:20:29,975] {local_task_job.py:273} INFO - 0 downstream tasks scheduled from follow-on schedule check
