[2024-01-31 13:41:47,036] {taskinstance.py:1159} INFO - Dependencies all met for <TaskInstance: project_6_4.create_agg_table manual__2024-01-31T13:41:43.400131+00:00 [queued]>
[2024-01-31 13:41:47,065] {taskinstance.py:1159} INFO - Dependencies all met for <TaskInstance: project_6_4.create_agg_table manual__2024-01-31T13:41:43.400131+00:00 [queued]>
[2024-01-31 13:41:47,065] {taskinstance.py:1356} INFO - 
--------------------------------------------------------------------------------
[2024-01-31 13:41:47,066] {taskinstance.py:1357} INFO - Starting attempt 1 of 2
[2024-01-31 13:41:47,066] {taskinstance.py:1358} INFO - 
--------------------------------------------------------------------------------
[2024-01-31 13:41:47,106] {taskinstance.py:1377} INFO - Executing <Task(PostgresOperator): create_agg_table> on 2024-01-31 13:41:43.400131+00:00
[2024-01-31 13:41:47,146] {standard_task_runner.py:52} INFO - Started process 4004 to run task
[2024-01-31 13:41:47,154] {standard_task_runner.py:79} INFO - Running: ['***', 'tasks', 'run', 'project_6_4', 'create_agg_table', 'manual__2024-01-31T13:41:43.400131+00:00', '--job-id', '81', '--raw', '--subdir', 'DAGS_FOLDER/main.py', '--cfg-path', '/tmp/tmpy0ig6u4w', '--error-file', '/tmp/tmprsojwq5b']
[2024-01-31 13:41:47,165] {standard_task_runner.py:80} INFO - Job 81: Subtask create_agg_table
[2024-01-31 13:41:47,758] {task_command.py:369} INFO - Running <TaskInstance: project_6_4.create_agg_table manual__2024-01-31T13:41:43.400131+00:00 [running]> on host 8ebb6ccf62d7
[2024-01-31 13:41:48,209] {taskinstance.py:1571} INFO - Exporting the following env vars:
AIRFLOW_CTX_DAG_OWNER=***
AIRFLOW_CTX_DAG_ID=project_6_4
AIRFLOW_CTX_TASK_ID=create_agg_table
AIRFLOW_CTX_EXECUTION_DATE=2024-01-31T13:41:43.400131+00:00
AIRFLOW_CTX_TRY_NUMBER=1
AIRFLOW_CTX_DAG_RUN_ID=manual__2024-01-31T13:41:43.400131+00:00
[2024-01-31 13:41:48,303] {base.py:68} INFO - Using connection ID 'postgres_dwh' for task execution.
[2024-01-31 13:41:48,386] {dbapi.py:208} INFO - Running statement: 
                create table if not exists test_1 (
                dt date,
                dag_id character varying,
                primary key (dt, dag_id)
                )
        , parameters: None
[2024-01-31 13:41:48,400] {postgres.py:94} INFO - NOTICE:  relation "test_1" already exists, skipping

[2024-01-31 13:41:48,500] {taskinstance.py:1400} INFO - Marking task as SUCCESS. dag_id=project_6_4, task_id=create_agg_table, execution_date=20240131T134143, start_date=20240131T134147, end_date=20240131T134148
[2024-01-31 13:41:48,563] {local_task_job.py:156} INFO - Task exited with return code 0
[2024-01-31 13:41:48,838] {local_task_job.py:273} INFO - 0 downstream tasks scheduled from follow-on schedule check
