[2024-02-01 15:30:40,318] {taskinstance.py:1159} INFO - Dependencies all met for <TaskInstance: project_6_15.dim_district manual__2024-02-01T15:30:33.313431+00:00 [queued]>
[2024-02-01 15:30:40,337] {taskinstance.py:1159} INFO - Dependencies all met for <TaskInstance: project_6_15.dim_district manual__2024-02-01T15:30:33.313431+00:00 [queued]>
[2024-02-01 15:30:40,338] {taskinstance.py:1356} INFO - 
--------------------------------------------------------------------------------
[2024-02-01 15:30:40,338] {taskinstance.py:1357} INFO - Starting attempt 1 of 2
[2024-02-01 15:30:40,338] {taskinstance.py:1358} INFO - 
--------------------------------------------------------------------------------
[2024-02-01 15:30:40,363] {taskinstance.py:1377} INFO - Executing <Task(PostgresOperator): dim_district> on 2024-02-01 15:30:33.313431+00:00
[2024-02-01 15:30:40,371] {standard_task_runner.py:52} INFO - Started process 5111 to run task
[2024-02-01 15:30:40,380] {standard_task_runner.py:79} INFO - Running: ['***', 'tasks', 'run', 'project_6_15', 'dim_district', 'manual__2024-02-01T15:30:33.313431+00:00', '--job-id', '210', '--raw', '--subdir', 'DAGS_FOLDER/main.py', '--cfg-path', '/tmp/tmpfgi36_di', '--error-file', '/tmp/tmp8zjky1m5']
[2024-02-01 15:30:40,381] {standard_task_runner.py:80} INFO - Job 210: Subtask dim_district
[2024-02-01 15:30:40,615] {task_command.py:369} INFO - Running <TaskInstance: project_6_15.dim_district manual__2024-02-01T15:30:33.313431+00:00 [running]> on host 1fafaef2f352
[2024-02-01 15:30:40,941] {taskinstance.py:1571} INFO - Exporting the following env vars:
AIRFLOW_CTX_DAG_OWNER=***
AIRFLOW_CTX_DAG_ID=project_6_15
AIRFLOW_CTX_TASK_ID=dim_district
AIRFLOW_CTX_EXECUTION_DATE=2024-02-01T15:30:33.313431+00:00
AIRFLOW_CTX_TRY_NUMBER=1
AIRFLOW_CTX_DAG_RUN_ID=manual__2024-02-01T15:30:33.313431+00:00
[2024-02-01 15:30:41,059] {base.py:68} INFO - Using connection ID 'postgres_dwh' for task execution.
[2024-02-01 15:30:41,104] {dbapi.py:208} INFO - Running statement: CREATE TABLE IF NOT EXISTS district_table (
    district_id INTEGER PRIMARY KEY,
    province_id INTEGER REFERENCES province_table(province_id),
    district_name VARCHAR(255) NOT NULL
);, parameters: None
[2024-02-01 15:30:41,112] {postgres.py:94} INFO - NOTICE:  relation "district_table" already exists, skipping

[2024-02-01 15:30:41,199] {taskinstance.py:1400} INFO - Marking task as SUCCESS. dag_id=project_6_15, task_id=dim_district, execution_date=20240201T153033, start_date=20240201T153040, end_date=20240201T153041
[2024-02-01 15:30:41,275] {local_task_job.py:156} INFO - Task exited with return code 0
[2024-02-01 15:30:41,451] {local_task_job.py:273} INFO - 0 downstream tasks scheduled from follow-on schedule check
