[2024-02-01 16:12:09,728] {taskinstance.py:1159} INFO - Dependencies all met for <TaskInstance: project_6_19.dim_mysql scheduled__2024-01-31T16:11:41.938542+00:00 [queued]>
[2024-02-01 16:12:09,752] {taskinstance.py:1159} INFO - Dependencies all met for <TaskInstance: project_6_19.dim_mysql scheduled__2024-01-31T16:11:41.938542+00:00 [queued]>
[2024-02-01 16:12:09,753] {taskinstance.py:1356} INFO - 
--------------------------------------------------------------------------------
[2024-02-01 16:12:09,753] {taskinstance.py:1357} INFO - Starting attempt 1 of 2
[2024-02-01 16:12:09,753] {taskinstance.py:1358} INFO - 
--------------------------------------------------------------------------------
[2024-02-01 16:12:09,785] {taskinstance.py:1377} INFO - Executing <Task(MySqlOperator): dim_mysql> on 2024-01-31 16:11:41.938542+00:00
[2024-02-01 16:12:09,796] {standard_task_runner.py:52} INFO - Started process 6666 to run task
[2024-02-01 16:12:09,799] {standard_task_runner.py:79} INFO - Running: ['***', 'tasks', 'run', 'project_6_19', 'dim_mysql', 'scheduled__2024-01-31T16:11:41.938542+00:00', '--job-id', '270', '--raw', '--subdir', 'DAGS_FOLDER/main.py', '--cfg-path', '/tmp/tmpkvjd6pn_', '--error-file', '/tmp/tmphu5s1wa3']
[2024-02-01 16:12:09,801] {standard_task_runner.py:80} INFO - Job 270: Subtask dim_mysql
[2024-02-01 16:12:10,206] {task_command.py:369} INFO - Running <TaskInstance: project_6_19.dim_mysql scheduled__2024-01-31T16:11:41.938542+00:00 [running]> on host 1fafaef2f352
[2024-02-01 16:12:10,814] {taskinstance.py:1571} INFO - Exporting the following env vars:
AIRFLOW_CTX_DAG_OWNER=***
AIRFLOW_CTX_DAG_ID=project_6_19
AIRFLOW_CTX_TASK_ID=dim_mysql
AIRFLOW_CTX_EXECUTION_DATE=2024-01-31T16:11:41.938542+00:00
AIRFLOW_CTX_TRY_NUMBER=1
AIRFLOW_CTX_DAG_RUN_ID=scheduled__2024-01-31T16:11:41.938542+00:00
[2024-02-01 16:12:10,816] {mysql.py:82} INFO - Executing: CREATE TABLE IF NOT EXISTS case_table (
    id INT PRIMARY KEY,
    status_name VARCHAR(255) NOT NULL,
    status_detail VARCHAR(255) NOT NULL
);


CREATE TABLE IF NOT EXISTS province_table (
    province_id INT PRIMARY KEY,
    province_name VARCHAR(255) NOT NULL
);

CREATE TABLE IF NOT EXISTS district_table (
    district_id INT PRIMARY KEY,
    province_id INT,
    district_name VARCHAR(255) NOT NULL,
    FOREIGN KEY (province_id) REFERENCES province_table(province_id)
);
[2024-02-01 16:12:10,895] {base.py:68} INFO - Using connection ID 'mysql_data_staging' for task execution.
[2024-02-01 16:12:11,006] {dbapi.py:208} INFO - Running statement: CREATE TABLE IF NOT EXISTS case_table (
    id INT PRIMARY KEY,
    status_name VARCHAR(255) NOT NULL,
    status_detail VARCHAR(255) NOT NULL
);


CREATE TABLE IF NOT EXISTS province_table (
    province_id INT PRIMARY KEY,
    province_name VARCHAR(255) NOT NULL
);

CREATE TABLE IF NOT EXISTS district_table (
    district_id INT PRIMARY KEY,
    province_id INT,
    district_name VARCHAR(255) NOT NULL,
    FOREIGN KEY (province_id) REFERENCES province_table(province_id)
);, parameters: None
[2024-02-01 16:12:11,011] {dbapi.py:216} INFO - Rows affected: 0
[2024-02-01 16:12:11,123] {taskinstance.py:1400} INFO - Marking task as SUCCESS. dag_id=project_6_19, task_id=dim_mysql, execution_date=20240131T161141, start_date=20240201T161209, end_date=20240201T161211
[2024-02-01 16:12:11,196] {local_task_job.py:156} INFO - Task exited with return code 0
[2024-02-01 16:12:11,473] {local_task_job.py:273} INFO - 0 downstream tasks scheduled from follow-on schedule check
