[2024-02-01 16:35:54,700] {taskinstance.py:1159} INFO - Dependencies all met for <TaskInstance: project_6_21.api_url_request manual__2024-02-01T16:29:53.727571+00:00 [queued]>
[2024-02-01 16:35:54,714] {taskinstance.py:1159} INFO - Dependencies all met for <TaskInstance: project_6_21.api_url_request manual__2024-02-01T16:29:53.727571+00:00 [queued]>
[2024-02-01 16:35:54,714] {taskinstance.py:1356} INFO - 
--------------------------------------------------------------------------------
[2024-02-01 16:35:54,714] {taskinstance.py:1357} INFO - Starting attempt 2 of 3
[2024-02-01 16:35:54,714] {taskinstance.py:1358} INFO - 
--------------------------------------------------------------------------------
[2024-02-01 16:35:54,738] {taskinstance.py:1377} INFO - Executing <Task(PythonOperator): api_url_request> on 2024-02-01 16:29:53.727571+00:00
[2024-02-01 16:35:54,747] {standard_task_runner.py:52} INFO - Started process 7648 to run task
[2024-02-01 16:35:54,752] {standard_task_runner.py:79} INFO - Running: ['***', 'tasks', 'run', 'project_6_21', 'api_url_request', 'manual__2024-02-01T16:29:53.727571+00:00', '--job-id', '337', '--raw', '--subdir', 'DAGS_FOLDER/main.py', '--cfg-path', '/tmp/tmp6m9drfwc', '--error-file', '/tmp/tmpbfe87fy8']
[2024-02-01 16:35:54,753] {standard_task_runner.py:80} INFO - Job 337: Subtask api_url_request
[2024-02-01 16:35:54,964] {task_command.py:369} INFO - Running <TaskInstance: project_6_21.api_url_request manual__2024-02-01T16:29:53.727571+00:00 [running]> on host 1fafaef2f352
[2024-02-01 16:35:55,239] {taskinstance.py:1571} INFO - Exporting the following env vars:
AIRFLOW_CTX_DAG_OWNER=***
AIRFLOW_CTX_DAG_ID=project_6_21
AIRFLOW_CTX_TASK_ID=api_url_request
AIRFLOW_CTX_EXECUTION_DATE=2024-02-01T16:29:53.727571+00:00
AIRFLOW_CTX_TRY_NUMBER=2
AIRFLOW_CTX_DAG_RUN_ID=manual__2024-02-01T16:29:53.727571+00:00
[2024-02-01 16:35:55,261] {logging_mixin.py:115} INFO - Connect Engine MySQL
[2024-02-01 16:35:55,490] {logging_mixin.py:115} INFO - DataFrame inserted into MySQL
[2024-02-01 16:35:55,491] {python.py:173} INFO - Done. Returned value was: True
[2024-02-01 16:35:55,618] {taskinstance.py:1400} INFO - Marking task as SUCCESS. dag_id=project_6_21, task_id=api_url_request, execution_date=20240201T162953, start_date=20240201T163554, end_date=20240201T163555
[2024-02-01 16:35:55,662] {local_task_job.py:156} INFO - Task exited with return code 0
[2024-02-01 16:35:55,805] {local_task_job.py:273} INFO - 1 downstream tasks scheduled from follow-on schedule check
