[2024-02-01 16:29:55,635] {taskinstance.py:1159} INFO - Dependencies all met for <TaskInstance: project_6_21.api_url_request manual__2024-02-01T16:29:53.727571+00:00 [queued]>
[2024-02-01 16:29:55,649] {taskinstance.py:1159} INFO - Dependencies all met for <TaskInstance: project_6_21.api_url_request manual__2024-02-01T16:29:53.727571+00:00 [queued]>
[2024-02-01 16:29:55,649] {taskinstance.py:1356} INFO - 
--------------------------------------------------------------------------------
[2024-02-01 16:29:55,649] {taskinstance.py:1357} INFO - Starting attempt 1 of 2
[2024-02-01 16:29:55,649] {taskinstance.py:1358} INFO - 
--------------------------------------------------------------------------------
[2024-02-01 16:29:55,674] {taskinstance.py:1377} INFO - Executing <Task(PythonOperator): api_url_request> on 2024-02-01 16:29:53.727571+00:00
[2024-02-01 16:29:55,682] {standard_task_runner.py:52} INFO - Started process 7423 to run task
[2024-02-01 16:29:55,686] {standard_task_runner.py:79} INFO - Running: ['***', 'tasks', 'run', 'project_6_21', 'api_url_request', 'manual__2024-02-01T16:29:53.727571+00:00', '--job-id', '326', '--raw', '--subdir', 'DAGS_FOLDER/main.py', '--cfg-path', '/tmp/tmpde5w4m5f', '--error-file', '/tmp/tmp4uxpbs7e']
[2024-02-01 16:29:55,687] {standard_task_runner.py:80} INFO - Job 326: Subtask api_url_request
[2024-02-01 16:29:55,885] {task_command.py:369} INFO - Running <TaskInstance: project_6_21.api_url_request manual__2024-02-01T16:29:53.727571+00:00 [running]> on host 1fafaef2f352
[2024-02-01 16:29:56,120] {taskinstance.py:1571} INFO - Exporting the following env vars:
AIRFLOW_CTX_DAG_OWNER=***
AIRFLOW_CTX_DAG_ID=project_6_21
AIRFLOW_CTX_TASK_ID=api_url_request
AIRFLOW_CTX_EXECUTION_DATE=2024-02-01T16:29:53.727571+00:00
AIRFLOW_CTX_TRY_NUMBER=1
AIRFLOW_CTX_DAG_RUN_ID=manual__2024-02-01T16:29:53.727571+00:00
[2024-02-01 16:29:56,140] {logging_mixin.py:115} INFO - Connect Engine MySQL
[2024-02-01 16:29:56,329] {logging_mixin.py:115} INFO - DataFrame inserted into MySQL
[2024-02-01 16:29:56,329] {python.py:173} INFO - Done. Returned value was: True
[2024-02-01 16:29:56,455] {taskinstance.py:1400} INFO - Marking task as SUCCESS. dag_id=project_6_21, task_id=api_url_request, execution_date=20240201T162953, start_date=20240201T162955, end_date=20240201T162956
[2024-02-01 16:29:56,482] {local_task_job.py:156} INFO - Task exited with return code 0
[2024-02-01 16:29:56,624] {local_task_job.py:273} INFO - 1 downstream tasks scheduled from follow-on schedule check
