[2024-02-01 17:17:41,016] {taskinstance.py:1159} INFO - Dependencies all met for <TaskInstance: project_6_22.api_url_request scheduled__2024-01-31T17:17:13.099259+00:00 [queued]>
[2024-02-01 17:17:41,035] {taskinstance.py:1159} INFO - Dependencies all met for <TaskInstance: project_6_22.api_url_request scheduled__2024-01-31T17:17:13.099259+00:00 [queued]>
[2024-02-01 17:17:41,036] {taskinstance.py:1356} INFO - 
--------------------------------------------------------------------------------
[2024-02-01 17:17:41,036] {taskinstance.py:1357} INFO - Starting attempt 2 of 2
[2024-02-01 17:17:41,036] {taskinstance.py:1358} INFO - 
--------------------------------------------------------------------------------
[2024-02-01 17:17:41,080] {taskinstance.py:1377} INFO - Executing <Task(PythonOperator): api_url_request> on 2024-01-31 17:17:13.099259+00:00
[2024-02-01 17:17:41,098] {standard_task_runner.py:52} INFO - Started process 9020 to run task
[2024-02-01 17:17:41,104] {standard_task_runner.py:79} INFO - Running: ['***', 'tasks', 'run', 'project_6_22', 'api_url_request', 'scheduled__2024-01-31T17:17:13.099259+00:00', '--job-id', '348', '--raw', '--subdir', 'DAGS_FOLDER/main.py', '--cfg-path', '/tmp/tmpts37ayc4', '--error-file', '/tmp/tmpym5um6ll']
[2024-02-01 17:17:41,105] {standard_task_runner.py:80} INFO - Job 348: Subtask api_url_request
[2024-02-01 17:17:41,469] {task_command.py:369} INFO - Running <TaskInstance: project_6_22.api_url_request scheduled__2024-01-31T17:17:13.099259+00:00 [running]> on host 1fafaef2f352
[2024-02-01 17:17:41,926] {taskinstance.py:1571} INFO - Exporting the following env vars:
AIRFLOW_CTX_DAG_OWNER=***
AIRFLOW_CTX_DAG_ID=project_6_22
AIRFLOW_CTX_TASK_ID=api_url_request
AIRFLOW_CTX_EXECUTION_DATE=2024-01-31T17:17:13.099259+00:00
AIRFLOW_CTX_TRY_NUMBER=2
AIRFLOW_CTX_DAG_RUN_ID=scheduled__2024-01-31T17:17:13.099259+00:00
[2024-02-01 17:17:41,960] {logging_mixin.py:115} INFO - Connect Engine MySQL
[2024-02-01 17:17:42,436] {logging_mixin.py:115} INFO - DataFrame inserted into MySQL
[2024-02-01 17:17:42,438] {python.py:173} INFO - Done. Returned value was: True
[2024-02-01 17:17:42,767] {taskinstance.py:1400} INFO - Marking task as SUCCESS. dag_id=project_6_22, task_id=api_url_request, execution_date=20240131T171713, start_date=20240201T171741, end_date=20240201T171742
[2024-02-01 17:17:42,860] {local_task_job.py:156} INFO - Task exited with return code 0
[2024-02-01 17:17:43,170] {local_task_job.py:273} INFO - 1 downstream tasks scheduled from follow-on schedule check
