[2024-02-01 17:17:36,250] {taskinstance.py:1159} INFO - Dependencies all met for <TaskInstance: project_6_22.dim_table_creation manual__2024-02-01T17:17:23.109058+00:00 [queued]>
[2024-02-01 17:17:36,275] {taskinstance.py:1159} INFO - Dependencies all met for <TaskInstance: project_6_22.dim_table_creation manual__2024-02-01T17:17:23.109058+00:00 [queued]>
[2024-02-01 17:17:36,276] {taskinstance.py:1356} INFO - 
--------------------------------------------------------------------------------
[2024-02-01 17:17:36,276] {taskinstance.py:1357} INFO - Starting attempt 1 of 2
[2024-02-01 17:17:36,276] {taskinstance.py:1358} INFO - 
--------------------------------------------------------------------------------
[2024-02-01 17:17:36,313] {taskinstance.py:1377} INFO - Executing <Task(PythonOperator): dim_table_creation> on 2024-02-01 17:17:23.109058+00:00
[2024-02-01 17:17:36,322] {standard_task_runner.py:52} INFO - Started process 9017 to run task
[2024-02-01 17:17:36,328] {standard_task_runner.py:79} INFO - Running: ['***', 'tasks', 'run', 'project_6_22', 'dim_table_creation', 'manual__2024-02-01T17:17:23.109058+00:00', '--job-id', '347', '--raw', '--subdir', 'DAGS_FOLDER/main.py', '--cfg-path', '/tmp/tmpkgo44fw1', '--error-file', '/tmp/tmpu3_7m59u']
[2024-02-01 17:17:36,329] {standard_task_runner.py:80} INFO - Job 347: Subtask dim_table_creation
[2024-02-01 17:17:36,653] {task_command.py:369} INFO - Running <TaskInstance: project_6_22.dim_table_creation manual__2024-02-01T17:17:23.109058+00:00 [running]> on host 1fafaef2f352
[2024-02-01 17:17:37,066] {taskinstance.py:1571} INFO - Exporting the following env vars:
AIRFLOW_CTX_DAG_OWNER=***
AIRFLOW_CTX_DAG_ID=project_6_22
AIRFLOW_CTX_TASK_ID=dim_table_creation
AIRFLOW_CTX_EXECUTION_DATE=2024-02-01T17:17:23.109058+00:00
AIRFLOW_CTX_TRY_NUMBER=1
AIRFLOW_CTX_DAG_RUN_ID=manual__2024-02-01T17:17:23.109058+00:00
[2024-02-01 17:17:37,182] {logging_mixin.py:115} INFO -    kode_prov   nama_prov
0         32  Jawa Barat
[2024-02-01 17:17:37,194] {logging_mixin.py:115} INFO -    kode_kab  kode_prov         nama_kab
0      3201         32  Kabupaten Bogor
[2024-02-01 17:17:37,214] {logging_mixin.py:115} INFO -    case_id   status_name             status_detail
0        1  closecontact  closecontact_dikarantina
1        2  closecontact    closecontact_discarded
2        3  closecontact    closecontact_meninggal
3        4      probable        probable_diisolasi
4        5      probable        probable_discarded
[2024-02-01 17:17:37,283] {logging_mixin.py:115} INFO - Connect PostgreSQL using psycopg2
[2024-02-01 17:17:37,406] {logging_mixin.py:115} INFO - Connect Engine MySQL
[2024-02-01 17:17:37,535] {python.py:173} INFO - Done. Returned value was: None
[2024-02-01 17:17:37,641] {taskinstance.py:1400} INFO - Marking task as SUCCESS. dag_id=project_6_22, task_id=dim_table_creation, execution_date=20240201T171723, start_date=20240201T171736, end_date=20240201T171737
[2024-02-01 17:17:37,716] {local_task_job.py:156} INFO - Task exited with return code 0
[2024-02-01 17:17:37,933] {local_task_job.py:273} INFO - 0 downstream tasks scheduled from follow-on schedule check
