[2024-02-01 17:49:43,984] {taskinstance.py:1159} INFO - Dependencies all met for <TaskInstance: project_6_23.generate_data manual__2024-02-01T17:46:53.127611+00:00 [queued]>
[2024-02-01 17:49:44,026] {taskinstance.py:1159} INFO - Dependencies all met for <TaskInstance: project_6_23.generate_data manual__2024-02-01T17:46:53.127611+00:00 [queued]>
[2024-02-01 17:49:44,027] {taskinstance.py:1356} INFO - 
--------------------------------------------------------------------------------
[2024-02-01 17:49:44,027] {taskinstance.py:1357} INFO - Starting attempt 2 of 3
[2024-02-01 17:49:44,027] {taskinstance.py:1358} INFO - 
--------------------------------------------------------------------------------
[2024-02-01 17:49:44,067] {taskinstance.py:1377} INFO - Executing <Task(PythonOperator): generate_data> on 2024-02-01 17:46:53.127611+00:00
[2024-02-01 17:49:44,078] {standard_task_runner.py:52} INFO - Started process 10125 to run task
[2024-02-01 17:49:44,083] {standard_task_runner.py:79} INFO - Running: ['***', 'tasks', 'run', 'project_6_23', 'generate_data', 'manual__2024-02-01T17:46:53.127611+00:00', '--job-id', '368', '--raw', '--subdir', 'DAGS_FOLDER/main.py', '--cfg-path', '/tmp/tmp5tn6jnzh', '--error-file', '/tmp/tmps13tqdk4']
[2024-02-01 17:49:44,084] {standard_task_runner.py:80} INFO - Job 368: Subtask generate_data
[2024-02-01 17:49:44,486] {task_command.py:369} INFO - Running <TaskInstance: project_6_23.generate_data manual__2024-02-01T17:46:53.127611+00:00 [running]> on host 1fafaef2f352
[2024-02-01 17:49:45,062] {taskinstance.py:1571} INFO - Exporting the following env vars:
AIRFLOW_CTX_DAG_OWNER=***
AIRFLOW_CTX_DAG_ID=project_6_23
AIRFLOW_CTX_TASK_ID=generate_data
AIRFLOW_CTX_EXECUTION_DATE=2024-02-01T17:46:53.127611+00:00
AIRFLOW_CTX_TRY_NUMBER=2
AIRFLOW_CTX_DAG_RUN_ID=manual__2024-02-01T17:46:53.127611+00:00
[2024-02-01 17:49:45,108] {logging_mixin.py:115} INFO - Connect Engine MySQL
[2024-02-01 17:49:45,327] {logging_mixin.py:115} INFO -    CLOSECONTACT  CONFIRMATION  ...  suspect_meninggal     tanggal
0           274             0  ...                  0  2020-08-05
1           534             0  ...                  0  2020-08-05
2          2127             0  ...                  0  2020-08-05
3             0             0  ...                  0  2020-08-05
4          1295             0  ...                  0  2020-08-05

[5 rows x 20 columns]
[2024-02-01 17:49:45,338] {python.py:173} INFO - Done. Returned value was: True
[2024-02-01 17:49:45,564] {taskinstance.py:1400} INFO - Marking task as SUCCESS. dag_id=project_6_23, task_id=generate_data, execution_date=20240201T174653, start_date=20240201T174943, end_date=20240201T174945
[2024-02-01 17:49:45,667] {local_task_job.py:156} INFO - Task exited with return code 0
[2024-02-01 17:49:46,034] {local_task_job.py:273} INFO - 1 downstream tasks scheduled from follow-on schedule check
