[2024-02-01 16:12:09,724] {taskinstance.py:1159} INFO - Dependencies all met for <TaskInstance: project_6_19.dim_postgres manual__2024-02-01T16:12:03.477767+00:00 [queued]>
[2024-02-01 16:12:09,748] {taskinstance.py:1159} INFO - Dependencies all met for <TaskInstance: project_6_19.dim_postgres manual__2024-02-01T16:12:03.477767+00:00 [queued]>
[2024-02-01 16:12:09,749] {taskinstance.py:1356} INFO - 
--------------------------------------------------------------------------------
[2024-02-01 16:12:09,750] {taskinstance.py:1357} INFO - Starting attempt 1 of 2
[2024-02-01 16:12:09,750] {taskinstance.py:1358} INFO - 
--------------------------------------------------------------------------------
[2024-02-01 16:12:09,778] {taskinstance.py:1377} INFO - Executing <Task(PostgresOperator): dim_postgres> on 2024-02-01 16:12:03.477767+00:00
[2024-02-01 16:12:09,786] {standard_task_runner.py:52} INFO - Started process 6665 to run task
[2024-02-01 16:12:09,790] {standard_task_runner.py:79} INFO - Running: ['***', 'tasks', 'run', 'project_6_19', 'dim_postgres', 'manual__2024-02-01T16:12:03.477767+00:00', '--job-id', '272', '--raw', '--subdir', 'DAGS_FOLDER/main.py', '--cfg-path', '/tmp/tmp_xz1upng', '--error-file', '/tmp/tmpo6yp26n1']
[2024-02-01 16:12:09,791] {standard_task_runner.py:80} INFO - Job 272: Subtask dim_postgres
[2024-02-01 16:12:10,196] {task_command.py:369} INFO - Running <TaskInstance: project_6_19.dim_postgres manual__2024-02-01T16:12:03.477767+00:00 [running]> on host 1fafaef2f352
[2024-02-01 16:12:10,836] {taskinstance.py:1571} INFO - Exporting the following env vars:
AIRFLOW_CTX_DAG_OWNER=***
AIRFLOW_CTX_DAG_ID=project_6_19
AIRFLOW_CTX_TASK_ID=dim_postgres
AIRFLOW_CTX_EXECUTION_DATE=2024-02-01T16:12:03.477767+00:00
AIRFLOW_CTX_TRY_NUMBER=1
AIRFLOW_CTX_DAG_RUN_ID=manual__2024-02-01T16:12:03.477767+00:00
[2024-02-01 16:12:10,931] {base.py:68} INFO - Using connection ID 'postgres_dwh' for task execution.
[2024-02-01 16:12:10,988] {dbapi.py:208} INFO - Running statement: CREATE TABLE IF NOT EXISTS case_table (
    id INTEGER PRIMARY KEY,
    status_name VARCHAR(255) NOT NULL,
    status_detail VARCHAR(255) NOT NULL
);

CREATE TABLE IF NOT EXISTS district_table (
    district_id INTEGER PRIMARY KEY,
    province_id INTEGER REFERENCES province_table(province_id),
    district_name VARCHAR(255) NOT NULL
);

CREATE TABLE IF NOT EXISTS province_table (
    province_id INTEGER PRIMARY KEY,
    province_name VARCHAR(255) NOT NULL
);, parameters: None
[2024-02-01 16:12:10,998] {postgres.py:94} INFO - NOTICE:  relation "case_table" already exists, skipping

[2024-02-01 16:12:10,999] {postgres.py:94} INFO - NOTICE:  relation "district_table" already exists, skipping

[2024-02-01 16:12:11,000] {postgres.py:94} INFO - NOTICE:  relation "province_table" already exists, skipping

[2024-02-01 16:12:11,116] {taskinstance.py:1400} INFO - Marking task as SUCCESS. dag_id=project_6_19, task_id=dim_postgres, execution_date=20240201T161203, start_date=20240201T161209, end_date=20240201T161211
[2024-02-01 16:12:11,186] {local_task_job.py:156} INFO - Task exited with return code 0
[2024-02-01 16:12:11,473] {local_task_job.py:273} INFO - 1 downstream tasks scheduled from follow-on schedule check
