[2024-02-01 13:49:50,344] {taskinstance.py:1159} INFO - Dependencies all met for <TaskInstance: project_6_12.api_url_request manual__2024-02-01T13:49:09.778269+00:00 [queued]>
[2024-02-01 13:49:50,356] {taskinstance.py:1159} INFO - Dependencies all met for <TaskInstance: project_6_12.api_url_request manual__2024-02-01T13:49:09.778269+00:00 [queued]>
[2024-02-01 13:49:50,356] {taskinstance.py:1356} INFO - 
--------------------------------------------------------------------------------
[2024-02-01 13:49:50,356] {taskinstance.py:1357} INFO - Starting attempt 3 of 4
[2024-02-01 13:49:50,356] {taskinstance.py:1358} INFO - 
--------------------------------------------------------------------------------
[2024-02-01 13:49:50,378] {taskinstance.py:1377} INFO - Executing <Task(PythonOperator): api_url_request> on 2024-02-01 13:49:09.778269+00:00
[2024-02-01 13:49:50,385] {standard_task_runner.py:52} INFO - Started process 1623 to run task
[2024-02-01 13:49:50,389] {standard_task_runner.py:79} INFO - Running: ['***', 'tasks', 'run', 'project_6_12', 'api_url_request', 'manual__2024-02-01T13:49:09.778269+00:00', '--job-id', '153', '--raw', '--subdir', 'DAGS_FOLDER/main.py', '--cfg-path', '/tmp/tmpoxf3j5hb', '--error-file', '/tmp/tmpgfodn4ik']
[2024-02-01 13:49:50,390] {standard_task_runner.py:80} INFO - Job 153: Subtask api_url_request
[2024-02-01 13:49:50,568] {task_command.py:369} INFO - Running <TaskInstance: project_6_12.api_url_request manual__2024-02-01T13:49:09.778269+00:00 [running]> on host 1fafaef2f352
[2024-02-01 13:49:50,793] {taskinstance.py:1571} INFO - Exporting the following env vars:
AIRFLOW_CTX_DAG_OWNER=***
AIRFLOW_CTX_DAG_ID=project_6_12
AIRFLOW_CTX_TASK_ID=api_url_request
AIRFLOW_CTX_EXECUTION_DATE=2024-02-01T13:49:09.778269+00:00
AIRFLOW_CTX_TRY_NUMBER=3
AIRFLOW_CTX_DAG_RUN_ID=manual__2024-02-01T13:49:09.778269+00:00
[2024-02-01 13:49:50,810] {logging_mixin.py:115} INFO - Connect Engine MySQL
[2024-02-01 13:49:51,057] {logging_mixin.py:115} INFO - DataFrame inserted into MySQL
[2024-02-01 13:49:51,057] {python.py:173} INFO - Done. Returned value was: True
[2024-02-01 13:49:51,187] {taskinstance.py:1400} INFO - Marking task as SUCCESS. dag_id=project_6_12, task_id=api_url_request, execution_date=20240201T134909, start_date=20240201T134950, end_date=20240201T134951
[2024-02-01 13:49:51,233] {local_task_job.py:156} INFO - Task exited with return code 0
[2024-02-01 13:49:51,380] {local_task_job.py:273} INFO - 1 downstream tasks scheduled from follow-on schedule check
