[2024-02-02 08:18:29,657] {taskinstance.py:1159} INFO - Dependencies all met for <TaskInstance: project_6_29.aggregation_prov manual__2024-02-02T08:15:18.483577+00:00 [queued]>
[2024-02-02 08:18:29,674] {taskinstance.py:1159} INFO - Dependencies all met for <TaskInstance: project_6_29.aggregation_prov manual__2024-02-02T08:15:18.483577+00:00 [queued]>
[2024-02-02 08:18:29,674] {taskinstance.py:1356} INFO - 
--------------------------------------------------------------------------------
[2024-02-02 08:18:29,674] {taskinstance.py:1357} INFO - Starting attempt 2 of 3
[2024-02-02 08:18:29,674] {taskinstance.py:1358} INFO - 
--------------------------------------------------------------------------------
[2024-02-02 08:18:29,699] {taskinstance.py:1377} INFO - Executing <Task(PythonOperator): aggregation_prov> on 2024-02-02 08:15:18.483577+00:00
[2024-02-02 08:18:29,706] {standard_task_runner.py:52} INFO - Started process 8768 to run task
[2024-02-02 08:18:29,709] {standard_task_runner.py:79} INFO - Running: ['***', 'tasks', 'run', 'project_6_29', 'aggregation_prov', 'manual__2024-02-02T08:15:18.483577+00:00', '--job-id', '479', '--raw', '--subdir', 'DAGS_FOLDER/main.py', '--cfg-path', '/tmp/tmpl8jvlkd7', '--error-file', '/tmp/tmphoe1qppd']
[2024-02-02 08:18:29,710] {standard_task_runner.py:80} INFO - Job 479: Subtask aggregation_prov
[2024-02-02 08:18:29,931] {task_command.py:369} INFO - Running <TaskInstance: project_6_29.aggregation_prov manual__2024-02-02T08:15:18.483577+00:00 [running]> on host 20775c919683
[2024-02-02 08:18:30,174] {taskinstance.py:1571} INFO - Exporting the following env vars:
AIRFLOW_CTX_DAG_OWNER=***
AIRFLOW_CTX_DAG_ID=project_6_29
AIRFLOW_CTX_TASK_ID=aggregation_prov
AIRFLOW_CTX_EXECUTION_DATE=2024-02-02T08:15:18.483577+00:00
AIRFLOW_CTX_TRY_NUMBER=2
AIRFLOW_CTX_DAG_RUN_ID=manual__2024-02-02T08:15:18.483577+00:00
[2024-02-02 08:18:30,285] {logging_mixin.py:115} INFO -    id  kode_prov  case_id     tanggal  total
0   1         32        1  2020-08-05   1815
[2024-02-02 08:18:30,298] {logging_mixin.py:115} INFO -    id  kode_prov  case_id year_month  total
0   1         32        1    2020-08   2507
[2024-02-02 08:18:30,312] {logging_mixin.py:115} INFO -    kode_prov  id  case_id  year  total
0         32  10        1  2020   2507
[2024-02-02 08:18:30,342] {logging_mixin.py:115} INFO - Connect PostgreSQL using psycopg2
[2024-02-02 08:18:30,379] {python.py:173} INFO - Done. Returned value was: None
[2024-02-02 08:18:30,440] {taskinstance.py:1400} INFO - Marking task as SUCCESS. dag_id=project_6_29, task_id=aggregation_prov, execution_date=20240202T081518, start_date=20240202T081829, end_date=20240202T081830
[2024-02-02 08:18:30,486] {local_task_job.py:156} INFO - Task exited with return code 0
[2024-02-02 08:18:30,618] {local_task_job.py:273} INFO - 0 downstream tasks scheduled from follow-on schedule check
